torch.Size([1, 3, 127, 127])
torch.Size([1, 3, 127, 127])
torch.Size([1, 3, 127, 127])
torch.Size([1, 3, 127, 127])
merged size without overlap : 14 14 192
Merged: torch.Size([1, 192, 14, 14])
torch.Size([1, 192, 8, 8])
torch.Size([1, 192, 8, 8])
torch.Size([1, 192, 8, 8])
torch.Size([1, 192, 8, 8])
merged size without overlap : 6 6 256
Merged: torch.Size([1, 256, 6, 6])
torch.Size([1, 1000])
Poll Time: 1.0749314639997465
Layer Times: [0.07033408500001315, 0.12291880199973093, 0.8816785770000024]
Store Push Time: 0.5083463229998415
Store Pull Time: 1.0729244849985662
Merge Time: 0.0008094549998531875
Split Time: 0.00023388399995383224
Time: 4.786340511000162
