torch.Size([1, 3, 127, 127])
torch.Size([1, 3, 127, 127])
torch.Size([1, 3, 127, 127])
torch.Size([1, 3, 127, 127])
merged size without overlap : 14 14 192
Merged: torch.Size([1, 192, 14, 14])
torch.Size([1, 192, 8, 8])
torch.Size([1, 192, 8, 8])
torch.Size([1, 192, 8, 8])
torch.Size([1, 192, 8, 8])
merged size without overlap : 6 6 256
Merged: torch.Size([1, 256, 6, 6])
torch.Size([1, 1000])
Poll Time: 1.0263280320004924
Layer Times: [0.13831011699994633, 0.09520224200014127, 0.7928156730004048]
Store Push Time: 0.38856205000001864
Store Pull Time: 1.0240768989979188
Merge Time: 0.0008100469999590132
Split Time: 0.00023840799985919148
Time: 3.763160803000119
