torch.Size([1, 3, 127, 127])
torch.Size([1, 3, 127, 127])
torch.Size([1, 3, 127, 127])
torch.Size([1, 3, 127, 127])
merged size without overlap : 14 14 192
Merged: torch.Size([1, 192, 14, 14])
torch.Size([1, 192, 8, 8])
torch.Size([1, 192, 8, 8])
torch.Size([1, 192, 8, 8])
torch.Size([1, 192, 8, 8])
merged size without overlap : 6 6 256
Merged: torch.Size([1, 256, 6, 6])
torch.Size([1, 1000])
Poll Time: 0.9720890010003131
Layer Times: [0.06603733600013584, 0.08276186400007646, 0.8232898010001009]
Store Push Time: 0.34568173699926774
Store Pull Time: 0.9701772039979915
Merge Time: 0.0008273990001725906
Split Time: 0.00023852200001783785
Time: 3.762092421000034
