torch.Size([1, 3, 127, 127])
torch.Size([1, 3, 127, 127])
torch.Size([1, 3, 127, 127])
torch.Size([1, 3, 127, 127])
merged size without overlap : 14 14 192
Merged: torch.Size([1, 192, 14, 14])
torch.Size([1, 192, 8, 8])
torch.Size([1, 192, 8, 8])
torch.Size([1, 192, 8, 8])
torch.Size([1, 192, 8, 8])
merged size without overlap : 6 6 256
Merged: torch.Size([1, 256, 6, 6])
torch.Size([1, 1000])
Poll Time: 1.104971399999613
Layer Times: [0.14531203799970172, 0.13330778499994267, 0.8263515769999685]
Store Push Time: 0.5197280950001186
Store Pull Time: 1.103366831004223
Merge Time: 0.0012501230003181263
Split Time: 0.00022965800008023507
Time: 4.630537123000067
