torch.Size([1, 3, 127, 127])
torch.Size([1, 3, 127, 127])
torch.Size([1, 3, 127, 127])
torch.Size([1, 3, 127, 127])
merged size without overlap : 14 14 192
Merged: torch.Size([1, 192, 14, 14])
torch.Size([1, 192, 8, 8])
torch.Size([1, 192, 8, 8])
torch.Size([1, 192, 8, 8])
torch.Size([1, 192, 8, 8])
merged size without overlap : 6 6 256
Merged: torch.Size([1, 256, 6, 6])
torch.Size([1, 1000])
Poll Time: 1.0059742759999608
Layer Times: [0.0951207949997297, 0.13600308100012626, 0.7748504000001049]
Store Push Time: 0.515087675000359
Store Pull Time: 1.0040165550012716
Merge Time: 0.0008294079998449888
Split Time: 0.00023437700019712793
Time: 4.245922507000159
