torch.Size([1, 3, 127, 127])
torch.Size([1, 3, 127, 127])
torch.Size([1, 3, 127, 127])
torch.Size([1, 3, 127, 127])
merged size without overlap : 14 14 192
Merged: torch.Size([1, 192, 14, 14])
torch.Size([1, 192, 8, 8])
torch.Size([1, 192, 8, 8])
torch.Size([1, 192, 8, 8])
torch.Size([1, 192, 8, 8])
merged size without overlap : 6 6 256
Merged: torch.Size([1, 256, 6, 6])
torch.Size([1, 1000])
Poll Time: 13.122618785000213
Layer Times: [0.0892430690000765, 0.13399944699995103, 12.899376269000186]
Store Push Time: 0.40222226499963654
Store Pull Time: 13.093271180999636
Merge Time: 0.0007710270001552999
Split Time: 0.00023400899954140186
Time: 16.200575673999992
