torch.Size([1, 3, 127, 127])
torch.Size([1, 3, 127, 127])
torch.Size([1, 3, 127, 127])
torch.Size([1, 3, 127, 127])
merged size without overlap : 14 14 192
Merged: torch.Size([1, 192, 14, 14])
torch.Size([1, 192, 8, 8])
torch.Size([1, 192, 8, 8])
torch.Size([1, 192, 8, 8])
torch.Size([1, 192, 8, 8])
merged size without overlap : 6 6 256
Merged: torch.Size([1, 256, 6, 6])
torch.Size([1, 1000])
Poll Time: 0.9918748820000474
Layer Times: [0.11237896900001942, 0.10010172100010095, 0.779394191999927]
Store Push Time: 0.3500622229998953
Store Pull Time: 0.9901281119991836
Merge Time: 0.01050641000028918
Split Time: 0.00026922600000034436
Time: 4.025950065000416
