torch.Size([1, 3, 127, 127])
torch.Size([1, 3, 127, 127])
torch.Size([1, 3, 127, 127])
torch.Size([1, 3, 127, 127])
merged size without overlap : 14 14 192
Merged: torch.Size([1, 192, 14, 14])
torch.Size([1, 192, 8, 8])
torch.Size([1, 192, 8, 8])
torch.Size([1, 192, 8, 8])
torch.Size([1, 192, 8, 8])
merged size without overlap : 6 6 256
Merged: torch.Size([1, 256, 6, 6])
torch.Size([1, 1000])
Poll Time: 0.9212487750000946
Layer Times: [0.07734879100007674, 0.06461093400002937, 0.7792890499999885]
Store Push Time: 0.4155391819995202
Store Pull Time: 0.9189756320029119
Merge Time: 0.0008005830000001879
Split Time: 0.00023146599960455205
Time: 3.7423367329997745
