torch.Size([1, 3, 127, 127])
torch.Size([1, 3, 127, 127])
torch.Size([1, 3, 127, 127])
torch.Size([1, 3, 127, 127])
merged size without overlap : 14 14 192
Merged: torch.Size([1, 192, 14, 14])
torch.Size([1, 192, 8, 8])
torch.Size([1, 192, 8, 8])
torch.Size([1, 192, 8, 8])
torch.Size([1, 192, 8, 8])
merged size without overlap : 6 6 256
Merged: torch.Size([1, 256, 6, 6])
torch.Size([1, 1000])
Poll Time: 1.0137982579999516
Layer Times: [0.08273775899988323, 0.14110481399984565, 0.7899556850002227]
Store Push Time: 0.4316729780002788
Store Pull Time: 1.011425778006469
Merge Time: 0.0008125250001285167
Split Time: 0.00021461499954966712
Time: 3.9299091549996774
