torch.Size([1, 3, 127, 127])
torch.Size([1, 3, 127, 127])
torch.Size([1, 3, 127, 127])
torch.Size([1, 3, 127, 127])
merged size without overlap : 14 14 192
Merged: torch.Size([1, 192, 14, 14])
torch.Size([1, 192, 8, 8])
torch.Size([1, 192, 8, 8])
torch.Size([1, 192, 8, 8])
torch.Size([1, 192, 8, 8])
merged size without overlap : 6 6 256
Merged: torch.Size([1, 256, 6, 6])
torch.Size([1, 1000])
Poll Time: 0.9946994299998551
Layer Times: [0.10571861500011437, 0.12121559499973955, 0.7677652200000011]
Store Push Time: 0.3333803100008481
Store Pull Time: 0.9929414329944848
Merge Time: 0.0008901350001906394
Split Time: 0.00022081400038587162
Time: 3.27983202500036
