torch.Size([1, 3, 127, 127])
torch.Size([1, 3, 127, 127])
torch.Size([1, 3, 127, 127])
torch.Size([1, 3, 127, 127])
merged size without overlap : 14 14 192
Merged: torch.Size([1, 192, 14, 14])
torch.Size([1, 192, 8, 8])
torch.Size([1, 192, 8, 8])
torch.Size([1, 192, 8, 8])
torch.Size([1, 192, 8, 8])
merged size without overlap : 6 6 256
Merged: torch.Size([1, 256, 6, 6])
torch.Size([1, 1000])
Poll Time: 1.382048283000131
Layer Times: [0.10019869899997502, 0.11981360200024938, 1.1620359819999067]
Store Push Time: 0.17980503399940062
Store Pull Time: 1.379686241004947
Merge Time: 0.001211225999668386
Split Time: 0.00023277499985852046
Time: 3.1505808110000544
