torch.Size([1, 3, 127, 127])
torch.Size([1, 3, 127, 127])
torch.Size([1, 3, 127, 127])
torch.Size([1, 3, 127, 127])
merged size without overlap : 14 14 192
Merged: torch.Size([1, 192, 14, 14])
torch.Size([1, 192, 8, 8])
torch.Size([1, 192, 8, 8])
torch.Size([1, 192, 8, 8])
torch.Size([1, 192, 8, 8])
merged size without overlap : 6 6 256
Merged: torch.Size([1, 256, 6, 6])
torch.Size([1, 1000])
Poll Time: 1.0849790910001502
Layer Times: [0.08967698800006474, 0.09472257100014758, 0.9005795319999379]
Store Push Time: 0.4322276449997844
Store Pull Time: 1.0826764619996538
Merge Time: 0.0008004379997146316
Split Time: 0.0002448430004733382
Time: 3.9222781520002172
