torch.Size([1, 3, 127, 127])
torch.Size([1, 3, 127, 127])
torch.Size([1, 3, 127, 127])
torch.Size([1, 3, 127, 127])
merged size without overlap : 14 14 192
Merged: torch.Size([1, 192, 14, 14])
torch.Size([1, 192, 8, 8])
torch.Size([1, 192, 8, 8])
torch.Size([1, 192, 8, 8])
torch.Size([1, 192, 8, 8])
merged size without overlap : 6 6 256
Merged: torch.Size([1, 256, 6, 6])
torch.Size([1, 1000])
Poll Time: 1.109211834999769
Layer Times: [0.08346698200011815, 0.09417177599971183, 0.9315730769999391]
Store Push Time: 0.4702317060000496
Store Pull Time: 1.1074394409965862
Merge Time: 0.0008154860001923225
Split Time: 0.00023462100034521427
Time: 4.189196532000096
