torch.Size([1, 3, 127, 127])
torch.Size([1, 3, 127, 127])
torch.Size([1, 3, 127, 127])
torch.Size([1, 3, 127, 127])
merged size without overlap : 14 14 192
Merged: torch.Size([1, 192, 14, 14])
torch.Size([1, 192, 8, 8])
torch.Size([1, 192, 8, 8])
torch.Size([1, 192, 8, 8])
torch.Size([1, 192, 8, 8])
merged size without overlap : 6 6 256
Merged: torch.Size([1, 256, 6, 6])
torch.Size([1, 1000])
Poll Time: 1.1487893319999785
Layer Times: [0.07822752099991703, 0.13386795699989307, 0.9366938540001684]
Store Push Time: 0.39697393100004774
Store Pull Time: 1.1446350460000758
Merge Time: 0.0007984999997461273
Split Time: 0.00022415500006900402
Time: 4.10856393999984
