torch.Size([1, 3, 127, 127])
torch.Size([1, 3, 127, 127])
torch.Size([1, 3, 127, 127])
torch.Size([1, 3, 127, 127])
merged size without overlap : 14 14 192
Merged: torch.Size([1, 192, 14, 14])
torch.Size([1, 192, 8, 8])
torch.Size([1, 192, 8, 8])
torch.Size([1, 192, 8, 8])
torch.Size([1, 192, 8, 8])
merged size without overlap : 6 6 256
Merged: torch.Size([1, 256, 6, 6])
torch.Size([1, 1000])
Poll Time: 1.0897109930006081
Layer Times: [0.07919899200032887, 0.10893607700018038, 0.9015759240000989]
Store Push Time: 0.3332400510007574
Store Pull Time: 1.0875596360046984
Merge Time: 0.0007697800001551514
Split Time: 0.0002714510001169401
Time: 4.062935023000136
