torch.Size([1, 3, 127, 127])
torch.Size([1, 3, 127, 127])
torch.Size([1, 3, 127, 127])
torch.Size([1, 3, 127, 127])
merged size without overlap : 14 14 192
Merged: torch.Size([1, 192, 14, 14])
torch.Size([1, 192, 8, 8])
torch.Size([1, 192, 8, 8])
torch.Size([1, 192, 8, 8])
torch.Size([1, 192, 8, 8])
merged size without overlap : 6 6 256
Merged: torch.Size([1, 256, 6, 6])
torch.Size([1, 1000])
Poll Time: 1.118793435999578
Layer Times: [0.13167833099987547, 0.0833860369998547, 0.9037290679998478]
Store Push Time: 0.49912791000087964
Store Pull Time: 1.1164065930033757
Merge Time: 0.0008227180001085799
Split Time: 0.00029062800012980006
Time: 4.253308874999675
