torch.Size([1, 3, 127, 127])
torch.Size([1, 3, 127, 127])
torch.Size([1, 3, 127, 127])
torch.Size([1, 3, 127, 127])
merged size without overlap : 14 14 192
Merged: torch.Size([1, 192, 14, 14])
torch.Size([1, 192, 8, 8])
torch.Size([1, 192, 8, 8])
torch.Size([1, 192, 8, 8])
torch.Size([1, 192, 8, 8])
merged size without overlap : 6 6 256
Merged: torch.Size([1, 256, 6, 6])
torch.Size([1, 1000])
Poll Time: 1.2932573960006266
Layer Times: [0.10626575500009494, 0.07888626200019644, 1.1081053790003352]
Store Push Time: 0.31725459799963573
Store Pull Time: 1.2901100529993528
Merge Time: 0.0008348299998033326
Split Time: 0.00023029099975246936
Time: 4.11495584100021
