torch.Size([1, 3, 127, 127])
torch.Size([1, 3, 127, 127])
torch.Size([1, 3, 127, 127])
torch.Size([1, 3, 127, 127])
merged size without overlap : 14 14 192
Merged: torch.Size([1, 192, 14, 14])
torch.Size([1, 192, 8, 8])
torch.Size([1, 192, 8, 8])
torch.Size([1, 192, 8, 8])
torch.Size([1, 192, 8, 8])
merged size without overlap : 6 6 256
Merged: torch.Size([1, 256, 6, 6])
torch.Size([1, 1000])
Poll Time: 1.0426474950004376
Layer Times: [0.08152832900032081, 0.13252560199998697, 0.8285935640001298]
Store Push Time: 0.43877841500034265
Store Pull Time: 1.0405183490042873
Merge Time: 0.0008020750001378474
Split Time: 0.00023414300039803493
Time: 3.8224865070001215
