torch.Size([1, 3, 127, 127])
torch.Size([1, 3, 127, 127])
torch.Size([1, 3, 127, 127])
torch.Size([1, 3, 127, 127])
merged size without overlap : 14 14 192
Merged: torch.Size([1, 192, 14, 14])
torch.Size([1, 192, 8, 8])
torch.Size([1, 192, 8, 8])
torch.Size([1, 192, 8, 8])
torch.Size([1, 192, 8, 8])
merged size without overlap : 6 6 256
Merged: torch.Size([1, 256, 6, 6])
torch.Size([1, 1000])
Poll Time: 1.1172380279999743
Layer Times: [0.11003392900011022, 0.09180327700005364, 0.9154008219998104]
Store Push Time: 0.4146344079995288
Store Pull Time: 1.114357867003946
Merge Time: 0.0011880079996444692
Split Time: 0.0002720679999583808
Time: 4.149162960000012
