torch.Size([1, 3, 127, 127])
torch.Size([1, 3, 127, 127])
torch.Size([1, 3, 127, 127])
torch.Size([1, 3, 127, 127])
merged size without overlap : 14 14 192
Merged: torch.Size([1, 192, 14, 14])
torch.Size([1, 192, 8, 8])
torch.Size([1, 192, 8, 8])
torch.Size([1, 192, 8, 8])
torch.Size([1, 192, 8, 8])
merged size without overlap : 6 6 256
Merged: torch.Size([1, 256, 6, 6])
torch.Size([1, 1000])
Poll Time: 1.1888836530001754
Layer Times: [0.08526796099977219, 0.13059319200010577, 0.9730225000002974]
Store Push Time: 0.40472568900031547
Store Pull Time: 1.186537378999219
Merge Time: 0.0008123119996525929
Split Time: 0.0002376909997110488
Time: 4.370595253999909
