torch.Size([1, 3, 127, 127])
torch.Size([1, 3, 127, 127])
torch.Size([1, 3, 127, 127])
torch.Size([1, 3, 127, 127])
merged size without overlap : 14 14 192
Merged: torch.Size([1, 192, 14, 14])
torch.Size([1, 192, 8, 8])
torch.Size([1, 192, 8, 8])
torch.Size([1, 192, 8, 8])
torch.Size([1, 192, 8, 8])
merged size without overlap : 6 6 256
Merged: torch.Size([1, 256, 6, 6])
torch.Size([1, 1000])
Poll Time: 1.0559928100001343
Layer Times: [0.11242696299996169, 0.12424440099994172, 0.8193214460002309]
Store Push Time: 0.42181050400040476
Store Pull Time: 1.0538064450001912
Merge Time: 0.0007980609998412547
Split Time: 0.00022448599975177785
Time: 4.232923241000208
