torch.Size([1, 3, 127, 127])
torch.Size([1, 3, 127, 127])
torch.Size([1, 3, 127, 127])
torch.Size([1, 3, 127, 127])
merged size without overlap : 14 14 192
Merged: torch.Size([1, 192, 14, 14])
torch.Size([1, 192, 8, 8])
torch.Size([1, 192, 8, 8])
torch.Size([1, 192, 8, 8])
torch.Size([1, 192, 8, 8])
merged size without overlap : 6 6 256
Merged: torch.Size([1, 256, 6, 6])
torch.Size([1, 1000])
Poll Time: 0.9974675979997301
Layer Times: [0.11557964599978732, 0.1095519499999682, 0.7723360019999745]
Store Push Time: 0.5878190199991877
Store Pull Time: 0.9589559879959779
Merge Time: 0.0007688860000598652
Split Time: 0.00022580799986826605
Time: 4.459983518999707
