torch.Size([1, 3, 127, 127])
torch.Size([1, 3, 127, 127])
torch.Size([1, 3, 127, 127])
torch.Size([1, 3, 127, 127])
merged size without overlap : 14 14 192
Merged: torch.Size([1, 192, 14, 14])
torch.Size([1, 192, 8, 8])
torch.Size([1, 192, 8, 8])
torch.Size([1, 192, 8, 8])
torch.Size([1, 192, 8, 8])
merged size without overlap : 6 6 256
Merged: torch.Size([1, 256, 6, 6])
torch.Size([1, 1000])
Poll Time: 0.9768933549999019
Layer Times: [0.08500078999986727, 0.1018099309999343, 0.7900826340001004]
Store Push Time: 0.41851170699965223
Store Pull Time: 0.9746567640004287
Merge Time: 0.0008349370000360068
Split Time: 0.00024207099932027631
Time: 3.739238978999765
