torch.Size([1, 3, 127, 127])
torch.Size([1, 3, 127, 127])
torch.Size([1, 3, 127, 127])
torch.Size([1, 3, 127, 127])
merged size without overlap : 14 14 192
Merged: torch.Size([1, 192, 14, 14])
torch.Size([1, 192, 8, 8])
torch.Size([1, 192, 8, 8])
torch.Size([1, 192, 8, 8])
torch.Size([1, 192, 8, 8])
merged size without overlap : 6 6 256
Merged: torch.Size([1, 256, 6, 6])
torch.Size([1, 1000])
Poll Time: 0.9588631269998587
Layer Times: [0.09396103300014147, 0.09163889599994945, 0.7732631979997677]
Store Push Time: 0.41495556200106876
Store Pull Time: 0.9565964149996944
Merge Time: 0.0008138870002767362
Split Time: 0.00023731700048301718
Time: 3.784107777999907
