torch.Size([1, 3, 127, 127])
torch.Size([1, 3, 127, 127])
torch.Size([1, 3, 127, 127])
torch.Size([1, 3, 127, 127])
merged size without overlap : 14 14 192
Merged: torch.Size([1, 192, 14, 14])
torch.Size([1, 192, 8, 8])
torch.Size([1, 192, 8, 8])
torch.Size([1, 192, 8, 8])
torch.Size([1, 192, 8, 8])
merged size without overlap : 6 6 256
Merged: torch.Size([1, 256, 6, 6])
torch.Size([1, 1000])
Poll Time: 1.0701648780004689
Layer Times: [0.09618655900021622, 0.09930208800005857, 0.8746762310001941]
Store Push Time: 0.4709781249998741
Store Pull Time: 1.0682449790042483
Merge Time: 0.0007928320001155953
Split Time: 0.0002355199999328761
Time: 4.574878932000047
