torch.Size([1, 3, 127, 127])
torch.Size([1, 3, 127, 127])
torch.Size([1, 3, 127, 127])
torch.Size([1, 3, 127, 127])
merged size without overlap : 14 14 192
Merged: torch.Size([1, 192, 14, 14])
torch.Size([1, 192, 8, 8])
torch.Size([1, 192, 8, 8])
torch.Size([1, 192, 8, 8])
torch.Size([1, 192, 8, 8])
merged size without overlap : 6 6 256
Merged: torch.Size([1, 256, 6, 6])
torch.Size([1, 1000])
Poll Time: 0.9208747499997116
Layer Times: [0.07054536999976335, 0.08869266400006381, 0.7616367159998845]
Store Push Time: 0.40295353600049566
Store Pull Time: 0.9186366750063826
Merge Time: 0.0008084309997684613
Split Time: 0.00022992199956206605
Time: 3.720222593000017
