torch.Size([1, 3, 127, 127])
torch.Size([1, 3, 127, 127])
torch.Size([1, 3, 127, 127])
torch.Size([1, 3, 127, 127])
merged size without overlap : 14 14 192
Merged: torch.Size([1, 192, 14, 14])
torch.Size([1, 192, 8, 8])
torch.Size([1, 192, 8, 8])
torch.Size([1, 192, 8, 8])
torch.Size([1, 192, 8, 8])
merged size without overlap : 6 6 256
Merged: torch.Size([1, 256, 6, 6])
torch.Size([1, 1000])
Poll Time: 1.0646576980002465
Layer Times: [0.08491287600008945, 0.14012635800008866, 0.8396184640000683]
Store Push Time: 0.4973983020004198
Store Pull Time: 1.0615119539997977
Merge Time: 0.000795147000644647
Split Time: 0.000223722000100679
Time: 4.18231307699989
