torch.Size([1, 3, 127, 127])
torch.Size([1, 3, 127, 127])
torch.Size([1, 3, 127, 127])
torch.Size([1, 3, 127, 127])
merged size without overlap : 14 14 192
Merged: torch.Size([1, 192, 14, 14])
torch.Size([1, 192, 8, 8])
torch.Size([1, 192, 8, 8])
torch.Size([1, 192, 8, 8])
torch.Size([1, 192, 8, 8])
merged size without overlap : 6 6 256
Merged: torch.Size([1, 256, 6, 6])
torch.Size([1, 1000])
Poll Time: 0.902000476000012
Layer Times: [0.07414190600002257, 0.10164603500015801, 0.7262125349998314]
Store Push Time: 0.25421962800055553
Store Pull Time: 0.8989370090016564
Merge Time: 0.0008579750001445063
Split Time: 0.00022554300039701047
Time: 2.721952334999969
