torch.Size([1, 3, 127, 127])
torch.Size([1, 3, 127, 127])
torch.Size([1, 3, 127, 127])
torch.Size([1, 3, 127, 127])
merged size without overlap : 14 14 192
Merged: torch.Size([1, 192, 14, 14])
torch.Size([1, 192, 8, 8])
torch.Size([1, 192, 8, 8])
torch.Size([1, 192, 8, 8])
torch.Size([1, 192, 8, 8])
merged size without overlap : 6 6 256
Merged: torch.Size([1, 256, 6, 6])
torch.Size([1, 1000])
Poll Time: 1.1052033740002116
Layer Times: [0.08641439599978185, 0.09956112100007886, 0.9192278570003509]
Store Push Time: 0.39164377799943395
Store Pull Time: 1.0984670749980978
Merge Time: 0.0007704029999331397
Split Time: 0.00023035200001686462
Time: 4.127773890000299
