torch.Size([1, 3, 127, 127])
torch.Size([1, 3, 127, 127])
torch.Size([1, 3, 127, 127])
torch.Size([1, 3, 127, 127])
merged size without overlap : 14 14 192
Merged: torch.Size([1, 192, 14, 14])
torch.Size([1, 192, 8, 8])
torch.Size([1, 192, 8, 8])
torch.Size([1, 192, 8, 8])
torch.Size([1, 192, 8, 8])
merged size without overlap : 6 6 256
Merged: torch.Size([1, 256, 6, 6])
torch.Size([1, 1000])
Poll Time: 1.7052440089996708
Layer Times: [0.7984464019996267, 0.1432014810002329, 0.7635961259998112]
Store Push Time: 0.5486293810013194
Store Pull Time: 1.702540575000512
Merge Time: 0.001057785000284639
Split Time: 0.00023091599950930686
Time: 5.1152445550001175
