torch.Size([1, 3, 127, 127])
torch.Size([1, 3, 127, 127])
torch.Size([1, 3, 127, 127])
torch.Size([1, 3, 127, 127])
merged size without overlap : 14 14 192
Merged: torch.Size([1, 192, 14, 14])
torch.Size([1, 192, 8, 8])
torch.Size([1, 192, 8, 8])
torch.Size([1, 192, 8, 8])
torch.Size([1, 192, 8, 8])
merged size without overlap : 6 6 256
Merged: torch.Size([1, 256, 6, 6])
torch.Size([1, 1000])
Poll Time: 0.9990920840000399
Layer Times: [0.12109047600006306, 0.10380850799992913, 0.7741931000000477]
Store Push Time: 0.3796016149995012
Store Pull Time: 0.9967023199978939
Merge Time: 0.000744174000374187
Split Time: 0.0002316089994565118
Time: 3.94315800700042
