torch.Size([1, 3, 127, 127])
torch.Size([1, 3, 127, 127])
torch.Size([1, 3, 127, 127])
torch.Size([1, 3, 127, 127])
merged size without overlap : 14 14 192
Merged: torch.Size([1, 192, 14, 14])
torch.Size([1, 192, 8, 8])
torch.Size([1, 192, 8, 8])
torch.Size([1, 192, 8, 8])
torch.Size([1, 192, 8, 8])
merged size without overlap : 6 6 256
Merged: torch.Size([1, 256, 6, 6])
torch.Size([1, 1000])
Poll Time: 0.937617522000437
Layer Times: [0.08373950500026694, 0.07923770300021715, 0.7746403139999529]
Store Push Time: 0.40044899999975314
Store Pull Time: 0.9356203250067665
Merge Time: 0.0007969170005708293
Split Time: 0.00026816500030690804
Time: 3.799243485000261
