torch.Size([1, 3, 127, 127])
torch.Size([1, 3, 127, 127])
torch.Size([1, 3, 127, 127])
torch.Size([1, 3, 127, 127])
merged size without overlap : 14 14 192
Merged: torch.Size([1, 192, 14, 14])
torch.Size([1, 192, 8, 8])
torch.Size([1, 192, 8, 8])
torch.Size([1, 192, 8, 8])
torch.Size([1, 192, 8, 8])
merged size without overlap : 6 6 256
Merged: torch.Size([1, 256, 6, 6])
torch.Size([1, 1000])
Poll Time: 1.0850514459998521
Layer Times: [0.0793427270000393, 0.07296516699989297, 0.9327435519999199]
Store Push Time: 0.4441741700006787
Store Pull Time: 1.0815494479984409
Merge Time: 0.0007908210004643479
Split Time: 0.0002215460003753833
Time: 3.9188309869996374
