torch.Size([1, 3, 127, 127])
torch.Size([1, 3, 127, 127])
torch.Size([1, 3, 127, 127])
torch.Size([1, 3, 127, 127])
merged size without overlap : 14 14 192
Merged: torch.Size([1, 192, 14, 14])
torch.Size([1, 192, 8, 8])
torch.Size([1, 192, 8, 8])
torch.Size([1, 192, 8, 8])
torch.Size([1, 192, 8, 8])
merged size without overlap : 6 6 256
Merged: torch.Size([1, 256, 6, 6])
torch.Size([1, 1000])
Poll Time: 0.934705349000069
Layer Times: [0.08825051700023323, 0.09974147899993113, 0.7467133529999046]
Store Push Time: 0.42988131899983273
Store Pull Time: 0.9327358039945466
Merge Time: 0.0007565830001112772
Split Time: 0.00023034200057736598
Time: 4.019854331000261
