torch.Size([1, 3, 127, 127])
torch.Size([1, 3, 127, 127])
torch.Size([1, 3, 127, 127])
torch.Size([1, 3, 127, 127])
merged size without overlap : 14 14 192
Merged: torch.Size([1, 192, 14, 14])
torch.Size([1, 192, 8, 8])
torch.Size([1, 192, 8, 8])
torch.Size([1, 192, 8, 8])
torch.Size([1, 192, 8, 8])
merged size without overlap : 6 6 256
Merged: torch.Size([1, 256, 6, 6])
torch.Size([1, 1000])
Poll Time: 0.9944511290009359
Layer Times: [0.09067762500035315, 0.14288803900035418, 0.7608854650002286]
Store Push Time: 0.46644075900030657
Store Pull Time: 0.9926911869997639
Merge Time: 0.0008348869996552821
Split Time: 0.00022091700020610006
Time: 4.274109462999604
