torch.Size([1, 3, 127, 127])
torch.Size([1, 3, 127, 127])
torch.Size([1, 3, 127, 127])
torch.Size([1, 3, 127, 127])
merged size without overlap : 14 14 192
Merged: torch.Size([1, 192, 14, 14])
torch.Size([1, 192, 8, 8])
torch.Size([1, 192, 8, 8])
torch.Size([1, 192, 8, 8])
torch.Size([1, 192, 8, 8])
merged size without overlap : 6 6 256
Merged: torch.Size([1, 256, 6, 6])
torch.Size([1, 1000])
Poll Time: 1.2619936340001914
Layer Times: [0.2577286619998631, 0.08767044800015356, 0.9165945240001747]
Store Push Time: 0.39619777699954284
Store Pull Time: 1.2594434129991896
Merge Time: 0.0008230659996115719
Split Time: 0.00023267699998541502
Time: 4.0218825169999946
