torch.Size([1, 3, 127, 127])
torch.Size([1, 3, 127, 127])
torch.Size([1, 3, 127, 127])
torch.Size([1, 3, 127, 127])
Waiting for key data/img_678bl1
Rerunning data/img_678bl1...
Waiting for key data/img_678bl1
Rerunning data/img_678bl1...
merged size without overlap : 14 14 192
Merged: torch.Size([1, 192, 14, 14])
torch.Size([1, 192, 8, 8])
torch.Size([1, 192, 8, 8])
torch.Size([1, 192, 8, 8])
torch.Size([1, 192, 8, 8])
merged size without overlap : 6 6 256
Merged: torch.Size([1, 256, 6, 6])
torch.Size([1, 1000])
Poll Time: 215.38645553100014
Layer Times: [214.22233236600005, 0.0916124469999886, 1.0725107180001032]
Store Push Time: 0.31828780800060485
Store Pull Time: 214.82726450505606
Merge Time: 0.00168523699949219
Split Time: 0.0004130439997425128
Time: 217.06385009399992
