torch.Size([1, 3, 127, 127])
torch.Size([1, 3, 127, 127])
torch.Size([1, 3, 127, 127])
torch.Size([1, 3, 127, 127])
merged size without overlap : 14 14 192
Merged: torch.Size([1, 192, 14, 14])
torch.Size([1, 192, 8, 8])
torch.Size([1, 192, 8, 8])
torch.Size([1, 192, 8, 8])
torch.Size([1, 192, 8, 8])
merged size without overlap : 6 6 256
Merged: torch.Size([1, 256, 6, 6])
torch.Size([1, 1000])
Poll Time: 1.0357600609995643
Layer Times: [0.09952872299982118, 0.1261688229997162, 0.8100625150000269]
Store Push Time: 0.3267776799998501
Store Pull Time: 1.0319841490036197
Merge Time: 0.0007813150000401947
Split Time: 0.00023841400025048642
Time: 3.4937406590001956
