torch.Size([1, 3, 127, 127])
torch.Size([1, 3, 127, 127])
torch.Size([1, 3, 127, 127])
torch.Size([1, 3, 127, 127])
merged size without overlap : 14 14 192
Merged: torch.Size([1, 192, 14, 14])
torch.Size([1, 192, 8, 8])
torch.Size([1, 192, 8, 8])
torch.Size([1, 192, 8, 8])
torch.Size([1, 192, 8, 8])
merged size without overlap : 6 6 256
Merged: torch.Size([1, 256, 6, 6])
torch.Size([1, 1000])
Poll Time: 1.0789895419998174
Layer Times: [0.07810146400015583, 0.0922043149998899, 0.9086837629997717]
Store Push Time: 0.5920568840001579
Store Pull Time: 1.0768293750002158
Merge Time: 0.000935405999825889
Split Time: 0.00024148099964804715
Time: 3.9179877609999494
