torch.Size([1, 3, 127, 127])
torch.Size([1, 3, 127, 127])
torch.Size([1, 3, 127, 127])
torch.Size([1, 3, 127, 127])
merged size without overlap : 14 14 192
Merged: torch.Size([1, 192, 14, 14])
torch.Size([1, 192, 8, 8])
torch.Size([1, 192, 8, 8])
torch.Size([1, 192, 8, 8])
torch.Size([1, 192, 8, 8])
merged size without overlap : 6 6 256
Merged: torch.Size([1, 256, 6, 6])
torch.Size([1, 1000])
Poll Time: 1.038497264000398
Layer Times: [0.09595075900006123, 0.1395237219999217, 0.8030227830004151]
Store Push Time: 0.4515990720001355
Store Pull Time: 1.0363462339960279
Merge Time: 0.0008262749997811625
Split Time: 0.00025567200009390945
Time: 4.163493932000165
