torch.Size([1, 3, 127, 127])
torch.Size([1, 3, 127, 127])
torch.Size([1, 3, 127, 127])
torch.Size([1, 3, 127, 127])
merged size without overlap : 14 14 192
Merged: torch.Size([1, 192, 14, 14])
torch.Size([1, 192, 8, 8])
torch.Size([1, 192, 8, 8])
torch.Size([1, 192, 8, 8])
torch.Size([1, 192, 8, 8])
merged size without overlap : 6 6 256
Merged: torch.Size([1, 256, 6, 6])
torch.Size([1, 1000])
Poll Time: 0.9576184819998161
Layer Times: [0.06561914899975818, 0.09561095400022168, 0.7963883789998363]
Store Push Time: 0.534950385999764
Store Pull Time: 0.9558761180064721
Merge Time: 0.0008189840004888538
Split Time: 0.00023128299972086097
Time: 4.283271193000019
