torch.Size([1, 3, 127, 127])
torch.Size([1, 3, 127, 127])
torch.Size([1, 3, 127, 127])
torch.Size([1, 3, 127, 127])
merged size without overlap : 14 14 192
Merged: torch.Size([1, 192, 14, 14])
torch.Size([1, 192, 8, 8])
torch.Size([1, 192, 8, 8])
torch.Size([1, 192, 8, 8])
torch.Size([1, 192, 8, 8])
merged size without overlap : 6 6 256
Merged: torch.Size([1, 256, 6, 6])
torch.Size([1, 1000])
Poll Time: 1.179902168999888
Layer Times: [0.10851449899973886, 0.31797347800011266, 0.7534141920000366]
Store Push Time: 0.6035642679994453
Store Pull Time: 1.1777605179945567
Merge Time: 0.0008110190001389128
Split Time: 0.00023427199994330294
Time: 3.7822741820000374
