torch.Size([1, 3, 127, 127])
torch.Size([1, 3, 127, 127])
torch.Size([1, 3, 127, 127])
torch.Size([1, 3, 127, 127])
merged size without overlap : 14 14 192
Merged: torch.Size([1, 192, 14, 14])
torch.Size([1, 192, 8, 8])
torch.Size([1, 192, 8, 8])
torch.Size([1, 192, 8, 8])
torch.Size([1, 192, 8, 8])
merged size without overlap : 6 6 256
Merged: torch.Size([1, 256, 6, 6])
torch.Size([1, 1000])
Poll Time: 0.9572645810003451
Layer Times: [0.08822288400006073, 0.09579924500030756, 0.7732424519999768]
Store Push Time: 0.39665585399961856
Store Pull Time: 0.9560770860011871
Merge Time: 0.0007974640002430533
Split Time: 0.00022529099987877999
Time: 4.069031690999964
