torch.Size([1, 3, 127, 127])
torch.Size([1, 3, 127, 127])
torch.Size([1, 3, 127, 127])
torch.Size([1, 3, 127, 127])
merged size without overlap : 14 14 192
Merged: torch.Size([1, 192, 14, 14])
torch.Size([1, 192, 8, 8])
torch.Size([1, 192, 8, 8])
torch.Size([1, 192, 8, 8])
torch.Size([1, 192, 8, 8])
merged size without overlap : 6 6 256
Merged: torch.Size([1, 256, 6, 6])
torch.Size([1, 1000])
Poll Time: 0.9949661289992946
Layer Times: [0.06384503599974778, 0.11123860399993646, 0.8198824889996104]
Store Push Time: 0.3293775379993349
Store Pull Time: 0.9929923069971665
Merge Time: 0.0009651339996707975
Split Time: 0.00022903499984749942
Time: 4.717313260000083
