torch.Size([1, 3, 127, 127])
torch.Size([1, 3, 127, 127])
torch.Size([1, 3, 127, 127])
torch.Size([1, 3, 127, 127])
merged size without overlap : 14 14 192
Merged: torch.Size([1, 192, 14, 14])
torch.Size([1, 192, 8, 8])
torch.Size([1, 192, 8, 8])
torch.Size([1, 192, 8, 8])
torch.Size([1, 192, 8, 8])
merged size without overlap : 6 6 256
Merged: torch.Size([1, 256, 6, 6])
torch.Size([1, 1000])
Poll Time: 17.860128415999952
Layer Times: [0.13468158900013805, 0.08141356199985239, 17.644033264999962]
Store Push Time: 0.3713552240005811
Store Pull Time: 17.82017528800816
Merge Time: 0.0007895349999671453
Split Time: 0.00023473099963666755
Time: 20.83170499100015
