torch.Size([1, 3, 127, 127])
torch.Size([1, 3, 127, 127])
torch.Size([1, 3, 127, 127])
torch.Size([1, 3, 127, 127])
merged size without overlap : 14 14 192
Merged: torch.Size([1, 192, 14, 14])
torch.Size([1, 192, 8, 8])
torch.Size([1, 192, 8, 8])
torch.Size([1, 192, 8, 8])
torch.Size([1, 192, 8, 8])
merged size without overlap : 6 6 256
Merged: torch.Size([1, 256, 6, 6])
torch.Size([1, 1000])
Poll Time: 0.9631634259999373
Layer Times: [0.11074094600007811, 0.09329573100012567, 0.7591267489997335]
Store Push Time: 0.5030700940005772
Store Pull Time: 0.9612858020000203
Merge Time: 0.0008416529999522027
Split Time: 0.000228583000080107
Time: 4.2084459000002425
