torch.Size([1, 3, 127, 127])
torch.Size([1, 3, 127, 127])
torch.Size([1, 3, 127, 127])
torch.Size([1, 3, 127, 127])
merged size without overlap : 14 14 192
Merged: torch.Size([1, 192, 14, 14])
torch.Size([1, 192, 8, 8])
torch.Size([1, 192, 8, 8])
torch.Size([1, 192, 8, 8])
torch.Size([1, 192, 8, 8])
merged size without overlap : 6 6 256
Merged: torch.Size([1, 256, 6, 6])
torch.Size([1, 1000])
Poll Time: 1.0796271300005174
Layer Times: [0.09886426500042944, 0.24202433400023438, 0.7387385309998535]
Store Push Time: 0.38621339699875534
Store Pull Time: 1.0776609099975758
Merge Time: 0.000823747000140429
Split Time: 0.00023920500052554416
Time: 3.6599185209997813
