torch.Size([1, 3, 127, 127])
torch.Size([1, 3, 127, 127])
torch.Size([1, 3, 127, 127])
torch.Size([1, 3, 127, 127])
merged size without overlap : 14 14 192
Merged: torch.Size([1, 192, 14, 14])
torch.Size([1, 192, 8, 8])
torch.Size([1, 192, 8, 8])
torch.Size([1, 192, 8, 8])
torch.Size([1, 192, 8, 8])
merged size without overlap : 6 6 256
Merged: torch.Size([1, 256, 6, 6])
torch.Size([1, 1000])
Poll Time: 1.2013708569998016
Layer Times: [0.09772233700005017, 0.10052093500007686, 1.0031275849996746]
Store Push Time: 0.38139558700049747
Store Pull Time: 1.1990287769981478
Merge Time: 0.0008200209999813524
Split Time: 0.00022765400035495986
Time: 4.001043439000114
