torch.Size([1, 3, 127, 127])
torch.Size([1, 3, 127, 127])
torch.Size([1, 3, 127, 127])
torch.Size([1, 3, 127, 127])
merged size without overlap : 14 14 192
Merged: torch.Size([1, 192, 14, 14])
torch.Size([1, 192, 8, 8])
torch.Size([1, 192, 8, 8])
torch.Size([1, 192, 8, 8])
torch.Size([1, 192, 8, 8])
merged size without overlap : 6 6 256
Merged: torch.Size([1, 256, 6, 6])
torch.Size([1, 1000])
Poll Time: 1.2108648760004144
Layer Times: [0.2724334029999227, 0.10467136900024343, 0.8337601040002482]
Store Push Time: 0.37611394099894824
Store Pull Time: 1.208497966997129
Merge Time: 0.0007792019996486488
Split Time: 0.00022329199964588042
Time: 3.802967994000028
