torch.Size([1, 3, 127, 127])
torch.Size([1, 3, 127, 127])
torch.Size([1, 3, 127, 127])
torch.Size([1, 3, 127, 127])
merged size without overlap : 14 14 192
Merged: torch.Size([1, 192, 14, 14])
torch.Size([1, 192, 8, 8])
torch.Size([1, 192, 8, 8])
torch.Size([1, 192, 8, 8])
torch.Size([1, 192, 8, 8])
merged size without overlap : 6 6 256
Merged: torch.Size([1, 256, 6, 6])
torch.Size([1, 1000])
Poll Time: 20.545494325000163
Layer Times: [0.08807569800001147, 7.635858060999908, 12.821560566000244]
Store Push Time: 0.45351462500048
Store Pull Time: 20.50719677999541
Merge Time: 0.0008939280000959116
Split Time: 0.0002426559999548772
Time: 23.55619621400001
