torch.Size([1, 3, 127, 127])
torch.Size([1, 3, 127, 127])
torch.Size([1, 3, 127, 127])
torch.Size([1, 3, 127, 127])
merged size without overlap : 14 14 192
Merged: torch.Size([1, 192, 14, 14])
torch.Size([1, 192, 8, 8])
torch.Size([1, 192, 8, 8])
torch.Size([1, 192, 8, 8])
torch.Size([1, 192, 8, 8])
merged size without overlap : 6 6 256
Merged: torch.Size([1, 256, 6, 6])
torch.Size([1, 1000])
Poll Time: 1.0422632219997467
Layer Times: [0.06854817900011767, 0.09052479799993307, 0.883190244999696]
Store Push Time: 0.33279955500029246
Store Pull Time: 1.040920123001797
Merge Time: 0.0008130910000545555
Split Time: 0.00024109299965857645
Time: 4.064456479
