torch.Size([1, 3, 127, 127])
torch.Size([1, 3, 127, 127])
torch.Size([1, 3, 127, 127])
torch.Size([1, 3, 127, 127])
merged size without overlap : 14 14 192
Merged: torch.Size([1, 192, 14, 14])
torch.Size([1, 192, 8, 8])
torch.Size([1, 192, 8, 8])
torch.Size([1, 192, 8, 8])
torch.Size([1, 192, 8, 8])
merged size without overlap : 6 6 256
Merged: torch.Size([1, 256, 6, 6])
torch.Size([1, 1000])
Poll Time: 1.0366490919996068
Layer Times: [0.0428284699996766, 0.08962316099996315, 0.904197460999967]
Store Push Time: 0.4505326739999873
Store Pull Time: 1.0340253460094573
Merge Time: 0.000836552000237134
Split Time: 0.00024329200050487998
Time: 5.000183697000011
