torch.Size([1, 3, 127, 127])
torch.Size([1, 3, 127, 127])
torch.Size([1, 3, 127, 127])
torch.Size([1, 3, 127, 127])
merged size without overlap : 14 14 192
Merged: torch.Size([1, 192, 14, 14])
torch.Size([1, 192, 8, 8])
torch.Size([1, 192, 8, 8])
torch.Size([1, 192, 8, 8])
torch.Size([1, 192, 8, 8])
merged size without overlap : 6 6 256
Merged: torch.Size([1, 256, 6, 6])
torch.Size([1, 1000])
Poll Time: 1.1099248059995261
Layer Times: [0.06914205100019899, 0.10933064599976205, 0.9314521089995651]
Store Push Time: 0.4338234740007465
Store Pull Time: 1.1066687670027022
Merge Time: 0.0007779930001561297
Split Time: 0.00024016600036702584
Time: 3.946445949000008
