torch.Size([1, 3, 127, 127])
torch.Size([1, 3, 127, 127])
torch.Size([1, 3, 127, 127])
torch.Size([1, 3, 127, 127])
merged size without overlap : 14 14 192
Merged: torch.Size([1, 192, 14, 14])
torch.Size([1, 192, 8, 8])
torch.Size([1, 192, 8, 8])
torch.Size([1, 192, 8, 8])
torch.Size([1, 192, 8, 8])
merged size without overlap : 6 6 256
Merged: torch.Size([1, 256, 6, 6])
torch.Size([1, 1000])
Poll Time: 5.4108938369995485
Layer Times: [0.3096012239998345, 0.09226913099973899, 5.009023481999975]
Store Push Time: 0.15151278199982698
Store Pull Time: 5.397827664005035
Merge Time: 0.000808925000455929
Split Time: 0.0002463119999447372
Time: 7.328920040999947
