torch.Size([1, 3, 127, 127])
torch.Size([1, 3, 127, 127])
torch.Size([1, 3, 127, 127])
torch.Size([1, 3, 127, 127])
merged size without overlap : 14 14 192
Merged: torch.Size([1, 192, 14, 14])
torch.Size([1, 192, 8, 8])
torch.Size([1, 192, 8, 8])
torch.Size([1, 192, 8, 8])
torch.Size([1, 192, 8, 8])
merged size without overlap : 6 6 256
Merged: torch.Size([1, 256, 6, 6])
torch.Size([1, 1000])
Poll Time: 0.9749265389996253
Layer Times: [0.07941621200006921, 0.09031216199991832, 0.8051981649996378]
Store Push Time: 0.43228318199908244
Store Pull Time: 0.9725279699946441
Merge Time: 0.0007690870002079464
Split Time: 0.00023296399967875914
Time: 3.88466314399966
