torch.Size([1, 3, 127, 127])
torch.Size([1, 3, 127, 127])
torch.Size([1, 3, 127, 127])
torch.Size([1, 3, 127, 127])
merged size without overlap : 14 14 192
Merged: torch.Size([1, 192, 14, 14])
torch.Size([1, 192, 8, 8])
torch.Size([1, 192, 8, 8])
torch.Size([1, 192, 8, 8])
torch.Size([1, 192, 8, 8])
merged size without overlap : 6 6 256
Merged: torch.Size([1, 256, 6, 6])
torch.Size([1, 1000])
Poll Time: 1.0135609750000185
Layer Times: [0.07687318699981915, 0.14849265500015463, 0.7881951330000447]
Store Push Time: 0.4150709600007758
Store Pull Time: 1.011718420994839
Merge Time: 0.000829166000130499
Split Time: 0.0002374519999648328
Time: 4.086952626000311
