torch.Size([1, 3, 127, 127])
torch.Size([1, 3, 127, 127])
torch.Size([1, 3, 127, 127])
torch.Size([1, 3, 127, 127])
merged size without overlap : 14 14 192
Merged: torch.Size([1, 192, 14, 14])
torch.Size([1, 192, 8, 8])
torch.Size([1, 192, 8, 8])
torch.Size([1, 192, 8, 8])
torch.Size([1, 192, 8, 8])
merged size without overlap : 6 6 256
Merged: torch.Size([1, 256, 6, 6])
torch.Size([1, 1000])
Poll Time: 0.9246333860000959
Layer Times: [0.06923264100032611, 0.08759365699961563, 0.7678070880001542]
Store Push Time: 0.4833604989999003
Store Pull Time: 0.9227534530004959
Merge Time: 0.0007742249999864725
Split Time: 0.00047635200007789535
Time: 4.375117039999623
