torch.Size([1, 3, 127, 127])
torch.Size([1, 3, 127, 127])
torch.Size([1, 3, 127, 127])
torch.Size([1, 3, 127, 127])
merged size without overlap : 14 14 192
Merged: torch.Size([1, 192, 14, 14])
torch.Size([1, 192, 8, 8])
torch.Size([1, 192, 8, 8])
torch.Size([1, 192, 8, 8])
torch.Size([1, 192, 8, 8])
merged size without overlap : 6 6 256
Merged: torch.Size([1, 256, 6, 6])
torch.Size([1, 1000])
Poll Time: 0.9182408790002228
Layer Times: [0.08233087500002512, 0.07003698600010466, 0.765873018000093]
Store Push Time: 0.4431763240008877
Store Pull Time: 0.9159885120047875
Merge Time: 0.0009484940001129871
Split Time: 0.0003344140000081097
Time: 3.9570495279999705
