torch.Size([1, 3, 127, 127])
torch.Size([1, 3, 127, 127])
torch.Size([1, 3, 127, 127])
torch.Size([1, 3, 127, 127])
merged size without overlap : 14 14 192
Merged: torch.Size([1, 192, 14, 14])
torch.Size([1, 192, 8, 8])
torch.Size([1, 192, 8, 8])
torch.Size([1, 192, 8, 8])
torch.Size([1, 192, 8, 8])
merged size without overlap : 6 6 256
Merged: torch.Size([1, 256, 6, 6])
torch.Size([1, 1000])
Poll Time: 1.0220384800004467
Layer Times: [0.09886052000001655, 0.11040248600011182, 0.8127754740003184]
Store Push Time: 0.34199762499974895
Store Pull Time: 1.0194461200030673
Merge Time: 0.0008279519993266149
Split Time: 0.00022452600023825653
Time: 3.930806240000038
