torch.Size([1, 3, 127, 127])
torch.Size([1, 3, 127, 127])
torch.Size([1, 3, 127, 127])
torch.Size([1, 3, 127, 127])
merged size without overlap : 14 14 192
Merged: torch.Size([1, 192, 14, 14])
torch.Size([1, 192, 8, 8])
torch.Size([1, 192, 8, 8])
torch.Size([1, 192, 8, 8])
torch.Size([1, 192, 8, 8])
merged size without overlap : 6 6 256
Merged: torch.Size([1, 256, 6, 6])
torch.Size([1, 1000])
Poll Time: 22.794082530000196
Layer Times: [0.15826350399993316, 6.374264604000018, 16.261554422000245]
Store Push Time: 0.601342841001042
Store Pull Time: 22.75392951700178
Merge Time: 0.0011243689996263129
Split Time: 0.00023085899965735734
Time: 25.24851111299995
