torch.Size([1, 3, 127, 127])
torch.Size([1, 3, 127, 127])
torch.Size([1, 3, 127, 127])
torch.Size([1, 3, 127, 127])
merged size without overlap : 14 14 192
Merged: torch.Size([1, 192, 14, 14])
torch.Size([1, 192, 8, 8])
torch.Size([1, 192, 8, 8])
torch.Size([1, 192, 8, 8])
torch.Size([1, 192, 8, 8])
merged size without overlap : 6 6 256
Merged: torch.Size([1, 256, 6, 6])
torch.Size([1, 1000])
Poll Time: 0.9765407579998282
Layer Times: [0.11882048300003589, 0.0839064380002128, 0.7738138369995795]
Store Push Time: 0.5193953260004491
Store Pull Time: 0.9743606040010491
Merge Time: 0.0012262340001143457
Split Time: 0.00030304099982458865
Time: 3.884877616000267
