torch.Size([1, 3, 127, 127])
torch.Size([1, 3, 127, 127])
torch.Size([1, 3, 127, 127])
torch.Size([1, 3, 127, 127])
merged size without overlap : 14 14 192
Merged: torch.Size([1, 192, 14, 14])
torch.Size([1, 192, 8, 8])
torch.Size([1, 192, 8, 8])
torch.Size([1, 192, 8, 8])
torch.Size([1, 192, 8, 8])
merged size without overlap : 6 6 256
Merged: torch.Size([1, 256, 6, 6])
torch.Size([1, 1000])
Poll Time: 1.1462446890000138
Layer Times: [0.10687202000008256, 0.0871226790000037, 0.9522499899999275]
Store Push Time: 0.5003970510006184
Store Pull Time: 1.1411724180011333
Merge Time: 0.0017531589996906405
Split Time: 0.0009772869998414535
Time: 4.505777587000011
