torch.Size([1, 3, 127, 127])
torch.Size([1, 3, 127, 127])
torch.Size([1, 3, 127, 127])
torch.Size([1, 3, 127, 127])
merged size without overlap : 14 14 192
Merged: torch.Size([1, 192, 14, 14])
torch.Size([1, 192, 8, 8])
torch.Size([1, 192, 8, 8])
torch.Size([1, 192, 8, 8])
torch.Size([1, 192, 8, 8])
merged size without overlap : 6 6 256
Merged: torch.Size([1, 256, 6, 6])
torch.Size([1, 1000])
Poll Time: 0.946561150999969
Layer Times: [0.09673387700013336, 0.08559689300000173, 0.7642303809998339]
Store Push Time: 0.33111191000034523
Store Pull Time: 0.9445291259994519
Merge Time: 0.0007870869994803797
Split Time: 0.00023299099984797067
Time: 3.7762152770001194
