torch.Size([1, 3, 127, 127])
torch.Size([1, 3, 127, 127])
torch.Size([1, 3, 127, 127])
torch.Size([1, 3, 127, 127])
merged size without overlap : 14 14 192
Merged: torch.Size([1, 192, 14, 14])
torch.Size([1, 192, 8, 8])
torch.Size([1, 192, 8, 8])
torch.Size([1, 192, 8, 8])
torch.Size([1, 192, 8, 8])
merged size without overlap : 6 6 256
Merged: torch.Size([1, 256, 6, 6])
torch.Size([1, 1000])
Poll Time: 1.1663761089994296
Layer Times: [0.10928842899966185, 0.09834209199971156, 0.9587455880000562]
Store Push Time: 0.5454394649991627
Store Pull Time: 1.1647235100035687
Merge Time: 0.000829077000162215
Split Time: 0.00022540100053447532
Time: 4.414659647000008
