torch.Size([1, 3, 127, 127])
torch.Size([1, 3, 127, 127])
torch.Size([1, 3, 127, 127])
torch.Size([1, 3, 127, 127])
merged size without overlap : 14 14 192
Merged: torch.Size([1, 192, 14, 14])
torch.Size([1, 192, 8, 8])
torch.Size([1, 192, 8, 8])
torch.Size([1, 192, 8, 8])
torch.Size([1, 192, 8, 8])
merged size without overlap : 6 6 256
Merged: torch.Size([1, 256, 6, 6])
torch.Size([1, 1000])
Poll Time: 1.07634311899983
Layer Times: [0.06359283800020421, 0.09006194899984621, 0.9226883319997796]
Store Push Time: 0.3566701279996778
Store Pull Time: 1.0738769079980557
Merge Time: 0.0007923400003164716
Split Time: 0.00021994999997332343
Time: 3.848811246999958
