torch.Size([1, 3, 127, 127])
torch.Size([1, 3, 127, 127])
torch.Size([1, 3, 127, 127])
torch.Size([1, 3, 127, 127])
merged size without overlap : 14 14 192
Merged: torch.Size([1, 192, 14, 14])
torch.Size([1, 192, 8, 8])
torch.Size([1, 192, 8, 8])
torch.Size([1, 192, 8, 8])
torch.Size([1, 192, 8, 8])
merged size without overlap : 6 6 256
Merged: torch.Size([1, 256, 6, 6])
torch.Size([1, 1000])
Poll Time: 0.9846225119999872
Layer Times: [0.10334577499997977, 0.11210462100007135, 0.7691721159999361]
Store Push Time: 0.38991635400088853
Store Pull Time: 0.9831436500003292
Merge Time: 0.0008210700002564408
Split Time: 0.00022266299993134453
Time: 4.100406890999693
