torch.Size([1, 3, 127, 127])
torch.Size([1, 3, 127, 127])
torch.Size([1, 3, 127, 127])
torch.Size([1, 3, 127, 127])
merged size without overlap : 14 14 192
Merged: torch.Size([1, 192, 14, 14])
torch.Size([1, 192, 8, 8])
torch.Size([1, 192, 8, 8])
torch.Size([1, 192, 8, 8])
torch.Size([1, 192, 8, 8])
merged size without overlap : 6 6 256
Merged: torch.Size([1, 256, 6, 6])
torch.Size([1, 1000])
Poll Time: 1.2558081329998458
Layer Times: [0.08249003900027674, 0.4144218629999159, 0.7588962309996532]
Store Push Time: 0.4330615400008355
Store Pull Time: 1.2511465449970274
Merge Time: 0.0007704040003773116
Split Time: 0.022797691999585368
Time: 4.689988440999969
