torch.Size([1, 3, 127, 127])
torch.Size([1, 3, 127, 127])
torch.Size([1, 3, 127, 127])
torch.Size([1, 3, 127, 127])
merged size without overlap : 14 14 192
Merged: torch.Size([1, 192, 14, 14])
torch.Size([1, 192, 8, 8])
torch.Size([1, 192, 8, 8])
torch.Size([1, 192, 8, 8])
torch.Size([1, 192, 8, 8])
merged size without overlap : 6 6 256
Merged: torch.Size([1, 256, 6, 6])
torch.Size([1, 1000])
Poll Time: 0.9905400390002796
Layer Times: [0.10422532800021145, 0.07638507799993022, 0.809929633000138]
Store Push Time: 0.47798895100049776
Store Pull Time: 0.9885537030022533
Merge Time: 0.017403926000042702
Split Time: 0.000236672000028193
Time: 4.393487676999939
