torch.Size([1, 3, 127, 127])
torch.Size([1, 3, 127, 127])
torch.Size([1, 3, 127, 127])
torch.Size([1, 3, 127, 127])
merged size without overlap : 14 14 192
Merged: torch.Size([1, 192, 14, 14])
torch.Size([1, 192, 8, 8])
torch.Size([1, 192, 8, 8])
torch.Size([1, 192, 8, 8])
torch.Size([1, 192, 8, 8])
merged size without overlap : 6 6 256
Merged: torch.Size([1, 256, 6, 6])
torch.Size([1, 1000])
Poll Time: 1.0278154470006484
Layer Times: [0.07887887300012153, 0.12927373400043507, 0.8196628400000918]
Store Push Time: 0.4870016250001754
Store Pull Time: 1.0253476689999843
Merge Time: 0.0008087840001280711
Split Time: 0.00023491299998568138
Time: 4.012187076999908
