torch.Size([1, 3, 127, 127])
torch.Size([1, 3, 127, 127])
torch.Size([1, 3, 127, 127])
torch.Size([1, 3, 127, 127])
merged size without overlap : 14 14 192
Merged: torch.Size([1, 192, 14, 14])
torch.Size([1, 192, 8, 8])
torch.Size([1, 192, 8, 8])
torch.Size([1, 192, 8, 8])
torch.Size([1, 192, 8, 8])
merged size without overlap : 6 6 256
Merged: torch.Size([1, 256, 6, 6])
torch.Size([1, 1000])
Poll Time: 0.9721130499997344
Layer Times: [0.09094821100006811, 0.09227350599985584, 0.7888913329998104]
Store Push Time: 0.4024110420004945
Store Pull Time: 0.9698905020022721
Merge Time: 0.0008156389999385283
Split Time: 0.00021298699994076742
Time: 3.8228806899996925
