torch.Size([1, 3, 127, 127])
torch.Size([1, 3, 127, 127])
torch.Size([1, 3, 127, 127])
torch.Size([1, 3, 127, 127])
merged size without overlap : 14 14 192
Merged: torch.Size([1, 192, 14, 14])
torch.Size([1, 192, 8, 8])
torch.Size([1, 192, 8, 8])
torch.Size([1, 192, 8, 8])
torch.Size([1, 192, 8, 8])
merged size without overlap : 6 6 256
Merged: torch.Size([1, 256, 6, 6])
torch.Size([1, 1000])
Poll Time: 0.9730837600000086
Layer Times: [0.0966532540001026, 0.11116575999994893, 0.7652647459999571]
Store Push Time: 0.526339466000536
Store Pull Time: 0.9709679370034792
Merge Time: 0.0008462300002065604
Split Time: 0.00024642100015626056
Time: 3.957102884000051
