torch.Size([1, 3, 127, 127])
torch.Size([1, 3, 127, 127])
torch.Size([1, 3, 127, 127])
torch.Size([1, 3, 127, 127])
merged size without overlap : 14 14 192
Merged: torch.Size([1, 192, 14, 14])
torch.Size([1, 192, 8, 8])
torch.Size([1, 192, 8, 8])
torch.Size([1, 192, 8, 8])
torch.Size([1, 192, 8, 8])
merged size without overlap : 6 6 256
Merged: torch.Size([1, 256, 6, 6])
torch.Size([1, 1000])
Poll Time: 21.906666518000293
Layer Times: [0.08712253900012001, 0.14137564400016345, 21.67816833500001]
Store Push Time: 0.5690513780004949
Store Pull Time: 21.849969927000984
Merge Time: 0.0008019300003070384
Split Time: 0.00024003399994398933
Time: 25.337393368999983
