torch.Size([1, 3, 127, 127])
torch.Size([1, 3, 127, 127])
torch.Size([1, 3, 127, 127])
torch.Size([1, 3, 127, 127])
merged size without overlap : 14 14 192
Merged: torch.Size([1, 192, 14, 14])
torch.Size([1, 192, 8, 8])
torch.Size([1, 192, 8, 8])
torch.Size([1, 192, 8, 8])
torch.Size([1, 192, 8, 8])
merged size without overlap : 6 6 256
Merged: torch.Size([1, 256, 6, 6])
torch.Size([1, 1000])
Poll Time: 1.3013002550001147
Layer Times: [0.08082087799994042, 0.2837211840001146, 0.9367581930000597]
Store Push Time: 0.4704378279998309
Store Pull Time: 1.2990123320041675
Merge Time: 0.0008358320001207176
Split Time: 0.00021200700030021835
Time: 5.263759494999704
