torch.Size([1, 3, 127, 127])
torch.Size([1, 3, 127, 127])
torch.Size([1, 3, 127, 127])
torch.Size([1, 3, 127, 127])
merged size without overlap : 14 14 192
Merged: torch.Size([1, 192, 14, 14])
torch.Size([1, 192, 8, 8])
torch.Size([1, 192, 8, 8])
torch.Size([1, 192, 8, 8])
torch.Size([1, 192, 8, 8])
merged size without overlap : 6 6 256
Merged: torch.Size([1, 256, 6, 6])
torch.Size([1, 1000])
Poll Time: 1.1662741080003798
Layer Times: [0.1339017270001932, 0.1285990540000057, 0.9037733270001809]
Store Push Time: 0.4060064489990509
Store Pull Time: 1.1638372719980907
Merge Time: 0.0008756899997024448
Split Time: 0.00022088500008976553
Time: 4.1042420310000125
