torch.Size([1, 3, 127, 127])
torch.Size([1, 3, 127, 127])
torch.Size([1, 3, 127, 127])
torch.Size([1, 3, 127, 127])
merged size without overlap : 14 14 192
Merged: torch.Size([1, 192, 14, 14])
torch.Size([1, 192, 8, 8])
torch.Size([1, 192, 8, 8])
torch.Size([1, 192, 8, 8])
torch.Size([1, 192, 8, 8])
merged size without overlap : 6 6 256
Merged: torch.Size([1, 256, 6, 6])
torch.Size([1, 1000])
Poll Time: 1.0023406770001202
Layer Times: [0.11964954399991257, 0.13352229200017973, 0.7491688410000279]
Store Push Time: 0.4427117520003776
Store Pull Time: 1.0003057509998143
Merge Time: 0.0007492310000998259
Split Time: 0.00022419500010073534
Time: 3.8264068369999222
