torch.Size([1, 3, 127, 127])
torch.Size([1, 3, 127, 127])
torch.Size([1, 3, 127, 127])
torch.Size([1, 3, 127, 127])
merged size without overlap : 14 14 192
Merged: torch.Size([1, 192, 14, 14])
torch.Size([1, 192, 8, 8])
torch.Size([1, 192, 8, 8])
torch.Size([1, 192, 8, 8])
torch.Size([1, 192, 8, 8])
merged size without overlap : 6 6 256
Merged: torch.Size([1, 256, 6, 6])
torch.Size([1, 1000])
Poll Time: 0.9551542470003369
Layer Times: [0.08226115600018602, 0.09030356799985384, 0.782589523000297]
Store Push Time: 0.4582452100003138
Store Pull Time: 0.9490101399983359
Merge Time: 0.0018249039999318484
Split Time: 0.00035487700006342493
Time: 3.8825339600002735
