torch.Size([1, 3, 127, 127])
torch.Size([1, 3, 127, 127])
torch.Size([1, 3, 127, 127])
torch.Size([1, 3, 127, 127])
merged size without overlap : 14 14 192
Merged: torch.Size([1, 192, 14, 14])
torch.Size([1, 192, 8, 8])
torch.Size([1, 192, 8, 8])
torch.Size([1, 192, 8, 8])
torch.Size([1, 192, 8, 8])
merged size without overlap : 6 6 256
Merged: torch.Size([1, 256, 6, 6])
torch.Size([1, 1000])
Poll Time: 1.1984493879999718
Layer Times: [0.2619535490002818, 0.11279117899994162, 0.8237046599997484]
Store Push Time: 0.35321375600051397
Store Pull Time: 1.1961901589984336
Merge Time: 0.0008103520003714948
Split Time: 0.09228165999957127
Time: 4.4018959899995025
