torch.Size([1, 3, 127, 127])
torch.Size([1, 3, 127, 127])
torch.Size([1, 3, 127, 127])
torch.Size([1, 3, 127, 127])
merged size without overlap : 14 14 192
Merged: torch.Size([1, 192, 14, 14])
torch.Size([1, 192, 8, 8])
torch.Size([1, 192, 8, 8])
torch.Size([1, 192, 8, 8])
torch.Size([1, 192, 8, 8])
merged size without overlap : 6 6 256
Merged: torch.Size([1, 256, 6, 6])
torch.Size([1, 1000])
Poll Time: 1.1101134379996438
Layer Times: [0.10445815599996422, 0.08433947200046532, 0.9213158099992143]
Store Push Time: 0.38409147600032156
Store Pull Time: 1.107944312001564
Merge Time: 0.0007425129997500335
Split Time: 0.0002256479992865934
Time: 4.092734730999837
