torch.Size([1, 3, 127, 127])
torch.Size([1, 3, 127, 127])
torch.Size([1, 3, 127, 127])
torch.Size([1, 3, 127, 127])
merged size without overlap : 14 14 192
Merged: torch.Size([1, 192, 14, 14])
torch.Size([1, 192, 8, 8])
torch.Size([1, 192, 8, 8])
torch.Size([1, 192, 8, 8])
torch.Size([1, 192, 8, 8])
merged size without overlap : 6 6 256
Merged: torch.Size([1, 256, 6, 6])
torch.Size([1, 1000])
Poll Time: 1.1386067670000557
Layer Times: [0.10405995400014945, 0.14424662399960653, 0.8903001890002997]
Store Push Time: 0.3022075009994296
Store Pull Time: 1.1369597360053376
Merge Time: 0.0007749759997750516
Split Time: 0.08832727200024237
Time: 4.236728311000661
