torch.Size([1, 3, 127, 127])
torch.Size([1, 3, 127, 127])
torch.Size([1, 3, 127, 127])
torch.Size([1, 3, 127, 127])
merged size without overlap : 14 14 192
Merged: torch.Size([1, 192, 14, 14])
torch.Size([1, 192, 8, 8])
torch.Size([1, 192, 8, 8])
torch.Size([1, 192, 8, 8])
torch.Size([1, 192, 8, 8])
merged size without overlap : 6 6 256
Merged: torch.Size([1, 256, 6, 6])
Waiting for key data/img_7474
Rerunning data/img_7474...
Waiting for key data/img_7474
Rerunning data/img_7474...
Waiting for key data/img_7474
Rerunning data/img_7474...
Waiting for key data/img_7474
Rerunning data/img_7474...
Waiting for key data/img_7474
Rerunning data/img_7474...
Waiting for key data/img_7474
Rerunning data/img_7474...
Waiting for key data/img_7474
Rerunning data/img_7474...
Waiting for key data/img_7474
Rerunning data/img_7474...
Waiting for key data/img_7474
Rerunning data/img_7474...
torch.Size([1, 1000])
Poll Time: 76.43462389999968
Layer Times: [0.15462876899982803, 0.11140712100041128, 76.16858800999944]
Store Push Time: 0.36100744099985604
Store Pull Time: 75.06300203408136
Merge Time: 0.0007944190001580864
Split Time: 0.0002168020000681281
Time: 79.37994386199989
