torch.Size([1, 3, 127, 127])
torch.Size([1, 3, 127, 127])
torch.Size([1, 3, 127, 127])
torch.Size([1, 3, 127, 127])
merged size without overlap : 14 14 192
Merged: torch.Size([1, 192, 14, 14])
torch.Size([1, 192, 8, 8])
torch.Size([1, 192, 8, 8])
torch.Size([1, 192, 8, 8])
torch.Size([1, 192, 8, 8])
merged size without overlap : 6 6 256
Merged: torch.Size([1, 256, 6, 6])
torch.Size([1, 1000])
Poll Time: 1.0816597929997442
Layer Times: [0.08689817300000868, 0.08447028499995213, 0.9102913349997834]
Store Push Time: 0.41912373900049715
Store Pull Time: 1.080067016000612
Merge Time: 0.0008400910001000739
Split Time: 0.00021951399958197726
Time: 4.093519474999994
