torch.Size([1, 3, 127, 127])
torch.Size([1, 3, 127, 127])
torch.Size([1, 3, 127, 127])
torch.Size([1, 3, 127, 127])
merged size without overlap : 14 14 192
Merged: torch.Size([1, 192, 14, 14])
torch.Size([1, 192, 8, 8])
torch.Size([1, 192, 8, 8])
torch.Size([1, 192, 8, 8])
torch.Size([1, 192, 8, 8])
merged size without overlap : 6 6 256
Merged: torch.Size([1, 256, 6, 6])
torch.Size([1, 1000])
Poll Time: 1.064469564999854
Layer Times: [0.15712327899927914, 0.09784561500055133, 0.8095006710000234]
Store Push Time: 0.49504739199983305
Store Pull Time: 1.0625862730048539
Merge Time: 0.0007617290002599475
Split Time: 0.00021306699909473537
Time: 4.2820744950004155
