torch.Size([1, 3, 127, 127])
torch.Size([1, 3, 127, 127])
torch.Size([1, 3, 127, 127])
torch.Size([1, 3, 127, 127])
merged size without overlap : 14 14 192
Merged: torch.Size([1, 192, 14, 14])
torch.Size([1, 192, 8, 8])
torch.Size([1, 192, 8, 8])
torch.Size([1, 192, 8, 8])
torch.Size([1, 192, 8, 8])
merged size without overlap : 6 6 256
Merged: torch.Size([1, 256, 6, 6])
torch.Size([1, 1000])
Poll Time: 1.0850297859997227
Layer Times: [0.15058540100017126, 0.11011811600019428, 0.8243262689993571]
Store Push Time: 0.4274449120011923
Store Pull Time: 1.083408289995532
Merge Time: 0.000994980999166728
Split Time: 0.00022499800070363563
Time: 4.258816051999929
