torch.Size([1, 3, 127, 127])
torch.Size([1, 3, 127, 127])
torch.Size([1, 3, 127, 127])
torch.Size([1, 3, 127, 127])
merged size without overlap : 14 14 192
Merged: torch.Size([1, 192, 14, 14])
torch.Size([1, 192, 8, 8])
torch.Size([1, 192, 8, 8])
torch.Size([1, 192, 8, 8])
torch.Size([1, 192, 8, 8])
merged size without overlap : 6 6 256
Merged: torch.Size([1, 256, 6, 6])
torch.Size([1, 1000])
Poll Time: 1.1306579070005682
Layer Times: [0.22102417400037666, 0.09835132900025201, 0.8112824039999396]
Store Push Time: 0.3567189019986472
Store Pull Time: 1.128726450013346
Merge Time: 0.0007775189997119014
Split Time: 0.00022389700097846799
Time: 3.984436292999817
