torch.Size([1, 3, 127, 127])
torch.Size([1, 3, 127, 127])
torch.Size([1, 3, 127, 127])
torch.Size([1, 3, 127, 127])
merged size without overlap : 14 14 192
Merged: torch.Size([1, 192, 14, 14])
torch.Size([1, 192, 8, 8])
torch.Size([1, 192, 8, 8])
torch.Size([1, 192, 8, 8])
torch.Size([1, 192, 8, 8])
merged size without overlap : 6 6 256
Merged: torch.Size([1, 256, 6, 6])
torch.Size([1, 1000])
Poll Time: 1.0549137429998154
Layer Times: [0.10832370600019203, 0.16505414299990662, 0.7815358939997168]
Store Push Time: 0.38283938499898795
Store Pull Time: 1.0532805299981192
Merge Time: 0.0007500540004912182
Split Time: 0.00021639299939124612
Time: 3.9656167819994153
