torch.Size([1, 3, 127, 127])
torch.Size([1, 3, 127, 127])
torch.Size([1, 3, 127, 127])
torch.Size([1, 3, 127, 127])
merged size without overlap : 14 14 192
Merged: torch.Size([1, 192, 14, 14])
torch.Size([1, 192, 8, 8])
torch.Size([1, 192, 8, 8])
torch.Size([1, 192, 8, 8])
torch.Size([1, 192, 8, 8])
merged size without overlap : 6 6 256
Merged: torch.Size([1, 256, 6, 6])
torch.Size([1, 1000])
Poll Time: 1.3209029170002395
Layer Times: [0.17026538499976596, 0.1115676010003881, 1.0390699310000855]
Store Push Time: 0.33473559899994143
Store Pull Time: 1.3185687009963658
Merge Time: 0.000850801999149553
Split Time: 0.0002275179995194776
Time: 4.250484279000375
