torch.Size([1, 3, 127, 127])
torch.Size([1, 3, 127, 127])
torch.Size([1, 3, 127, 127])
torch.Size([1, 3, 127, 127])
merged size without overlap : 14 14 192
Merged: torch.Size([1, 192, 14, 14])
torch.Size([1, 192, 8, 8])
torch.Size([1, 192, 8, 8])
torch.Size([1, 192, 8, 8])
torch.Size([1, 192, 8, 8])
merged size without overlap : 6 6 256
Merged: torch.Size([1, 256, 6, 6])
torch.Size([1, 1000])
Poll Time: 1.0263882559993363
Layer Times: [0.14162681699963287, 0.08419523899920023, 0.8005662000005032]
Store Push Time: 0.5040978110000651
Store Pull Time: 1.0236313620098372
Merge Time: 0.0007750189997750567
Split Time: 0.00021738500072387978
Time: 4.114581640000324
