torch.Size([1, 3, 127, 127])
torch.Size([1, 3, 127, 127])
torch.Size([1, 3, 127, 127])
torch.Size([1, 3, 127, 127])
merged size without overlap : 14 14 192
Merged: torch.Size([1, 192, 14, 14])
torch.Size([1, 192, 8, 8])
torch.Size([1, 192, 8, 8])
torch.Size([1, 192, 8, 8])
torch.Size([1, 192, 8, 8])
merged size without overlap : 6 6 256
Merged: torch.Size([1, 256, 6, 6])
torch.Size([1, 1000])
Poll Time: 1.0480895149985372
Layer Times: [0.1618967429994882, 0.11708378899948002, 0.769108982999569]
Store Push Time: 0.3545552600007795
Store Pull Time: 1.0464311249870661
Merge Time: 0.0007933219994811225
Split Time: 0.00021767999987787334
Time: 4.14625201599938
