torch.Size([1, 3, 127, 127])
torch.Size([1, 3, 127, 127])
torch.Size([1, 3, 127, 127])
torch.Size([1, 3, 127, 127])
merged size without overlap : 14 14 192
Merged: torch.Size([1, 192, 14, 14])
torch.Size([1, 192, 8, 8])
torch.Size([1, 192, 8, 8])
torch.Size([1, 192, 8, 8])
torch.Size([1, 192, 8, 8])
merged size without overlap : 6 6 256
Merged: torch.Size([1, 256, 6, 6])
torch.Size([1, 1000])
Poll Time: 0.9347120789998371
Layer Times: [0.07339228700038802, 0.09852509099982854, 0.7627947009996205]
Store Push Time: 0.3793534929991438
Store Pull Time: 0.9331592970029305
Merge Time: 0.0007813129996065982
Split Time: 0.00020425700040505035
Time: 3.9680103589998907
