torch.Size([1, 3, 127, 127])
torch.Size([1, 3, 127, 127])
torch.Size([1, 3, 127, 127])
torch.Size([1, 3, 127, 127])
merged size without overlap : 14 14 192
Merged: torch.Size([1, 192, 14, 14])
torch.Size([1, 192, 8, 8])
torch.Size([1, 192, 8, 8])
torch.Size([1, 192, 8, 8])
torch.Size([1, 192, 8, 8])
merged size without overlap : 6 6 256
Merged: torch.Size([1, 256, 6, 6])
torch.Size([1, 1000])
Poll Time: 0.9424128509999719
Layer Times: [0.09561501100051828, 0.08038509800007887, 0.7664127419993747]
Store Push Time: 0.40777370300020266
Store Pull Time: 0.9404475309956979
Merge Time: 0.0007555649999630987
Split Time: 0.00023137300013331696
Time: 3.9519588749999457
