torch.Size([1, 3, 127, 127])
torch.Size([1, 3, 127, 127])
torch.Size([1, 3, 127, 127])
torch.Size([1, 3, 127, 127])
merged size without overlap : 14 14 192
Merged: torch.Size([1, 192, 14, 14])
torch.Size([1, 192, 8, 8])
torch.Size([1, 192, 8, 8])
torch.Size([1, 192, 8, 8])
torch.Size([1, 192, 8, 8])
merged size without overlap : 6 6 256
Merged: torch.Size([1, 256, 6, 6])
Waiting for key data/img_3514
Rerunning data/img_3514...
Waiting for key data/img_3514
Rerunning data/img_3514...
Waiting for key data/img_3514
Rerunning data/img_3514...
Waiting for key data/img_3514
Rerunning data/img_3514...
Waiting for key data/img_3514
Rerunning data/img_3514...
Waiting for key data/img_3514
Rerunning data/img_3514...
Waiting for key data/img_3514
Rerunning data/img_3514...
Waiting for key data/img_3514
Rerunning data/img_3514...
Waiting for key data/img_3514
Rerunning data/img_3514...
Waiting for key data/img_3514
Rerunning data/img_3514...
Waiting for key data/img_3514
Rerunning data/img_3514...
Waiting for key data/img_3514
Rerunning data/img_3514...
Waiting for key data/img_3514
Rerunning data/img_3514...
Waiting for key data/img_3514
Rerunning data/img_3514...
Waiting for key data/img_3514
Rerunning data/img_3514...
Waiting for key data/img_3514
Rerunning data/img_3514...
torch.Size([1, 1000])
Poll Time: 80.50929075600015
Layer Times: [0.06846147699980065, 0.07698204100051953, 80.36384723799983]
Store Push Time: 0.3221513609996691
Store Pull Time: 78.81298851188785
Merge Time: 0.019417109000642085
Split Time: 0.08432300599997689
Time: 83.71911188800004
