torch.Size([1, 3, 127, 127])
torch.Size([1, 3, 127, 127])
torch.Size([1, 3, 127, 127])
torch.Size([1, 3, 127, 127])
merged size without overlap : 14 14 192
Merged: torch.Size([1, 192, 14, 14])
torch.Size([1, 192, 8, 8])
torch.Size([1, 192, 8, 8])
torch.Size([1, 192, 8, 8])
torch.Size([1, 192, 8, 8])
merged size without overlap : 6 6 256
Merged: torch.Size([1, 256, 6, 6])
torch.Size([1, 1000])
Poll Time: 1.2662658339995687
Layer Times: [0.1291406559994357, 0.11531313199975557, 1.0218120460003774]
Store Push Time: 0.42668215400044573
Store Pull Time: 1.263493626996933
Merge Time: 0.0008636069997010054
Split Time: 0.0002173630009565386
Time: 4.335186595999403
