torch.Size([1, 3, 127, 127])
torch.Size([1, 3, 127, 127])
torch.Size([1, 3, 127, 127])
torch.Size([1, 3, 127, 127])
merged size without overlap : 14 14 192
Merged: torch.Size([1, 192, 14, 14])
torch.Size([1, 192, 8, 8])
torch.Size([1, 192, 8, 8])
torch.Size([1, 192, 8, 8])
torch.Size([1, 192, 8, 8])
merged size without overlap : 6 6 256
Merged: torch.Size([1, 256, 6, 6])
torch.Size([1, 1000])
Poll Time: 1.120043911000721
Layer Times: [0.06276856400018005, 0.12249630600035744, 0.9347790410001835]
Store Push Time: 0.4345768159992076
Store Pull Time: 1.117610267989221
Merge Time: 0.0007452730005752528
Split Time: 0.000226490999921225
Time: 4.35461295299956
