torch.Size([1, 3, 127, 127])
torch.Size([1, 3, 127, 127])
torch.Size([1, 3, 127, 127])
torch.Size([1, 3, 127, 127])
merged size without overlap : 14 14 192
Merged: torch.Size([1, 192, 14, 14])
torch.Size([1, 192, 8, 8])
torch.Size([1, 192, 8, 8])
torch.Size([1, 192, 8, 8])
torch.Size([1, 192, 8, 8])
merged size without overlap : 6 6 256
Merged: torch.Size([1, 256, 6, 6])
torch.Size([1, 1000])
Poll Time: 1.2877782920013487
Layer Times: [0.12484322100044665, 0.14146998800060828, 1.0214650830002938]
Store Push Time: 0.3898259930010681
Store Pull Time: 1.2852804570193257
Merge Time: 0.0007978889998412342
Split Time: 0.0002253399998153327
Time: 4.462604335999458
