torch.Size([1, 3, 127, 127])
torch.Size([1, 3, 127, 127])
torch.Size([1, 3, 127, 127])
torch.Size([1, 3, 127, 127])
merged size without overlap : 14 14 192
Merged: torch.Size([1, 192, 14, 14])
torch.Size([1, 192, 8, 8])
torch.Size([1, 192, 8, 8])
torch.Size([1, 192, 8, 8])
torch.Size([1, 192, 8, 8])
merged size without overlap : 6 6 256
Merged: torch.Size([1, 256, 6, 6])
torch.Size([1, 1000])
Poll Time: 1.1318552180009647
Layer Times: [0.1135882450007557, 0.10316316199987341, 0.9151038110003356]
Store Push Time: 0.4077950669980055
Store Pull Time: 1.129468685003303
Merge Time: 0.0007506570000259671
Split Time: 0.00021622500025841873
Time: 4.162505847999455
