torch.Size([1, 3, 127, 127])
torch.Size([1, 3, 127, 127])
torch.Size([1, 3, 127, 127])
torch.Size([1, 3, 127, 127])
merged size without overlap : 14 14 192
Merged: torch.Size([1, 192, 14, 14])
torch.Size([1, 192, 8, 8])
torch.Size([1, 192, 8, 8])
torch.Size([1, 192, 8, 8])
torch.Size([1, 192, 8, 8])
merged size without overlap : 6 6 256
Merged: torch.Size([1, 256, 6, 6])
torch.Size([1, 1000])
Poll Time: 2.4183993779997763
Layer Times: [0.06770013999994262, 0.0788215009997657, 2.271877737000068]
Store Push Time: 0.4278329709995887
Store Pull Time: 2.4142131549842816
Merge Time: 0.0007852339995224611
Split Time: 0.00021507100063899998
Time: 5.375859910000145
