torch.Size([1, 3, 127, 127])
torch.Size([1, 3, 127, 127])
torch.Size([1, 3, 127, 127])
torch.Size([1, 3, 127, 127])
merged size without overlap : 14 14 192
Merged: torch.Size([1, 192, 14, 14])
torch.Size([1, 192, 8, 8])
torch.Size([1, 192, 8, 8])
torch.Size([1, 192, 8, 8])
torch.Size([1, 192, 8, 8])
merged size without overlap : 6 6 256
Merged: torch.Size([1, 256, 6, 6])
torch.Size([1, 1000])
Poll Time: 1.2252739830000792
Layer Times: [0.26761135600008856, 0.13725646900002175, 0.8204061579999689]
Store Push Time: 0.4548105299991221
Store Pull Time: 1.2227891890079263
Merge Time: 0.0007926390007924056
Split Time: 0.0002156710006602225
Time: 4.178093690999958
