torch.Size([1, 3, 127, 127])
torch.Size([1, 3, 127, 127])
torch.Size([1, 3, 127, 127])
torch.Size([1, 3, 127, 127])
merged size without overlap : 14 14 192
Merged: torch.Size([1, 192, 14, 14])
torch.Size([1, 192, 8, 8])
torch.Size([1, 192, 8, 8])
torch.Size([1, 192, 8, 8])
torch.Size([1, 192, 8, 8])
merged size without overlap : 6 6 256
Merged: torch.Size([1, 256, 6, 6])
torch.Size([1, 1000])
Poll Time: 1.0056868399997256
Layer Times: [0.117535143999703, 0.12329478199990263, 0.76485691400012]
Store Push Time: 0.4646270210005241
Store Pull Time: 1.0038600930110988
Merge Time: 0.0009043740001288825
Split Time: 0.00021397900036390638
Time: 4.249490446999516
