torch.Size([1, 3, 127, 127])
torch.Size([1, 3, 127, 127])
torch.Size([1, 3, 127, 127])
torch.Size([1, 3, 127, 127])
merged size without overlap : 14 14 192
Merged: torch.Size([1, 192, 14, 14])
torch.Size([1, 192, 8, 8])
torch.Size([1, 192, 8, 8])
torch.Size([1, 192, 8, 8])
torch.Size([1, 192, 8, 8])
merged size without overlap : 6 6 256
Merged: torch.Size([1, 256, 6, 6])
torch.Size([1, 1000])
Poll Time: 1.016297690999636
Layer Times: [0.09692480899957445, 0.14162269400003424, 0.7777501880000273]
Store Push Time: 0.42036563599958754
Store Pull Time: 1.0110166430022218
Merge Time: 0.0007863590008128085
Split Time: 0.00023031900127534755
Time: 4.116959985999529
