torch.Size([1, 3, 127, 127])
torch.Size([1, 3, 127, 127])
torch.Size([1, 3, 127, 127])
torch.Size([1, 3, 127, 127])
merged size without overlap : 14 14 192
Merged: torch.Size([1, 192, 14, 14])
torch.Size([1, 192, 8, 8])
torch.Size([1, 192, 8, 8])
torch.Size([1, 192, 8, 8])
torch.Size([1, 192, 8, 8])
merged size without overlap : 6 6 256
Merged: torch.Size([1, 256, 6, 6])
torch.Size([1, 1000])
Poll Time: 1.1163549589991817
Layer Times: [0.2049583949992666, 0.14365422500031855, 0.7677423389995965]
Store Push Time: 0.35764947599818697
Store Pull Time: 1.1138723639978707
Merge Time: 0.0007553369996458059
Split Time: 0.00021884500074520474
Time: 4.409486518999984
