torch.Size([1, 3, 127, 127])
torch.Size([1, 3, 127, 127])
torch.Size([1, 3, 127, 127])
torch.Size([1, 3, 127, 127])
merged size without overlap : 14 14 192
Merged: torch.Size([1, 192, 14, 14])
torch.Size([1, 192, 8, 8])
torch.Size([1, 192, 8, 8])
torch.Size([1, 192, 8, 8])
torch.Size([1, 192, 8, 8])
merged size without overlap : 6 6 256
Merged: torch.Size([1, 256, 6, 6])
Waiting for key data/img_474
Rerunning data/img_474...
Waiting for key data/img_474
Rerunning data/img_474...
Waiting for key data/img_474
Rerunning data/img_474...
Waiting for key data/img_474
Rerunning data/img_474...
Waiting for key data/img_474
Rerunning data/img_474...
Waiting for key data/img_474
Rerunning data/img_474...
Waiting for key data/img_474
Rerunning data/img_474...
Waiting for key data/img_474
Rerunning data/img_474...
Waiting for key data/img_474
Rerunning data/img_474...
Waiting for key data/img_474
Rerunning data/img_474...
Waiting for key data/img_474
Rerunning data/img_474...
Waiting for key data/img_474
Rerunning data/img_474...
Waiting for key data/img_474
Rerunning data/img_474...
Waiting for key data/img_474
Rerunning data/img_474...
Waiting for key data/img_474
Rerunning data/img_474...
Waiting for key data/img_474
Rerunning data/img_474...
torch.Size([1, 1000])
Poll Time: 74.43595014599941
Layer Times: [0.08782590300052107, 0.08689709699956438, 74.26122714599933]
Store Push Time: 0.4959626699992441
Store Pull Time: 72.79990844892473
Merge Time: 0.0007856760003051022
Split Time: 0.00023111900100047933
Time: 77.59638165899923
