torch.Size([1, 3, 127, 127])
torch.Size([1, 3, 127, 127])
torch.Size([1, 3, 127, 127])
torch.Size([1, 3, 127, 127])
merged size without overlap : 14 14 192
Merged: torch.Size([1, 192, 14, 14])
torch.Size([1, 192, 8, 8])
torch.Size([1, 192, 8, 8])
torch.Size([1, 192, 8, 8])
torch.Size([1, 192, 8, 8])
merged size without overlap : 6 6 256
Merged: torch.Size([1, 256, 6, 6])
torch.Size([1, 1000])
Poll Time: 1.104823466000198
Layer Times: [0.09758303800026624, 0.08720549200006644, 0.9200349359998654]
Store Push Time: 0.34152379800070776
Store Pull Time: 1.1029032729966275
Merge Time: 0.0007832320006855298
Split Time: 0.0002319450004506507
Time: 4.202020183000059
