torch.Size([1, 3, 127, 127])
torch.Size([1, 3, 127, 127])
torch.Size([1, 3, 127, 127])
torch.Size([1, 3, 127, 127])
merged size without overlap : 14 14 192
Merged: torch.Size([1, 192, 14, 14])
torch.Size([1, 192, 8, 8])
torch.Size([1, 192, 8, 8])
torch.Size([1, 192, 8, 8])
torch.Size([1, 192, 8, 8])
merged size without overlap : 6 6 256
Merged: torch.Size([1, 256, 6, 6])
torch.Size([1, 1000])
Poll Time: 2.105119136000212
Layer Times: [0.0740041110002494, 0.14658495799994853, 1.8845300670000142]
Store Push Time: 0.2233752430011009
Store Pull Time: 2.101866876994791
Merge Time: 0.0011849719994643237
Split Time: 0.00024789200051600346
Time: 4.738755870000205
