torch.Size([1, 3, 127, 127])
torch.Size([1, 3, 127, 127])
torch.Size([1, 3, 127, 127])
torch.Size([1, 3, 127, 127])
merged size without overlap : 14 14 192
Merged: torch.Size([1, 192, 14, 14])
torch.Size([1, 192, 8, 8])
torch.Size([1, 192, 8, 8])
torch.Size([1, 192, 8, 8])
torch.Size([1, 192, 8, 8])
merged size without overlap : 6 6 256
Merged: torch.Size([1, 256, 6, 6])
torch.Size([1, 1000])
Poll Time: 1.1332670700003291
Layer Times: [0.17662806099997397, 0.1619795470005556, 0.7946594619997995]
Store Push Time: 0.46492291599861346
Store Pull Time: 1.1314355680005974
Merge Time: 0.0009693659994809423
Split Time: 0.00022786200042901328
Time: 4.024150279000423
