torch.Size([1, 3, 127, 127])
torch.Size([1, 3, 127, 127])
torch.Size([1, 3, 127, 127])
torch.Size([1, 3, 127, 127])
merged size without overlap : 14 14 192
Merged: torch.Size([1, 192, 14, 14])
torch.Size([1, 192, 8, 8])
torch.Size([1, 192, 8, 8])
torch.Size([1, 192, 8, 8])
torch.Size([1, 192, 8, 8])
merged size without overlap : 6 6 256
Merged: torch.Size([1, 256, 6, 6])
torch.Size([1, 1000])
Poll Time: 1.2019970900009866
Layer Times: [0.12710537600014504, 0.10423393500059319, 0.9706577790002484]
Store Push Time: 0.21279041600155324
Store Pull Time: 1.199673644977338
Merge Time: 0.00079228299910028
Split Time: 0.00022005500068189576
Time: 3.812855342000148
