torch.Size([1, 3, 127, 127])
torch.Size([1, 3, 127, 127])
torch.Size([1, 3, 127, 127])
torch.Size([1, 3, 127, 127])
merged size without overlap : 14 14 192
Merged: torch.Size([1, 192, 14, 14])
torch.Size([1, 192, 8, 8])
torch.Size([1, 192, 8, 8])
torch.Size([1, 192, 8, 8])
torch.Size([1, 192, 8, 8])
merged size without overlap : 6 6 256
Merged: torch.Size([1, 256, 6, 6])
torch.Size([1, 1000])
Poll Time: 1.0056122190007954
Layer Times: [0.08946768900023017, 0.09003003700036061, 0.8261144930002047]
Store Push Time: 0.32913040700077545
Store Pull Time: 1.0040135539957191
Merge Time: 0.0007699329999013571
Split Time: 0.00021828200078743976
Time: 3.863624747999893
