torch.Size([1, 3, 127, 127])
torch.Size([1, 3, 127, 127])
torch.Size([1, 3, 127, 127])
torch.Size([1, 3, 127, 127])
merged size without overlap : 14 14 192
Merged: torch.Size([1, 192, 14, 14])
torch.Size([1, 192, 8, 8])
torch.Size([1, 192, 8, 8])
torch.Size([1, 192, 8, 8])
torch.Size([1, 192, 8, 8])
merged size without overlap : 6 6 256
Merged: torch.Size([1, 256, 6, 6])
torch.Size([1, 1000])
Poll Time: 1.1693401860002268
Layer Times: [0.14548882500002946, 0.1222103079999215, 0.9016410530002759]
Store Push Time: 0.3890768849996675
Store Pull Time: 1.167442769005902
Merge Time: 0.0008715500007383525
Split Time: 0.0002138820000254782
Time: 4.262170113000138
