torch.Size([1, 3, 127, 127])
torch.Size([1, 3, 127, 127])
torch.Size([1, 3, 127, 127])
torch.Size([1, 3, 127, 127])
merged size without overlap : 14 14 192
Merged: torch.Size([1, 192, 14, 14])
torch.Size([1, 192, 8, 8])
torch.Size([1, 192, 8, 8])
torch.Size([1, 192, 8, 8])
torch.Size([1, 192, 8, 8])
merged size without overlap : 6 6 256
Merged: torch.Size([1, 256, 6, 6])
torch.Size([1, 1000])
Poll Time: 0.9748210379993907
Layer Times: [0.1114458519996333, 0.09649515999990399, 0.7668800259998534]
Store Push Time: 0.4216002639996077
Store Pull Time: 0.9728456279999591
Merge Time: 0.0008754709997447208
Split Time: 0.00021836699943378335
Time: 4.340857179000523
