torch.Size([1, 3, 127, 127])
torch.Size([1, 3, 127, 127])
torch.Size([1, 3, 127, 127])
torch.Size([1, 3, 127, 127])
merged size without overlap : 14 14 192
Merged: torch.Size([1, 192, 14, 14])
torch.Size([1, 192, 8, 8])
torch.Size([1, 192, 8, 8])
torch.Size([1, 192, 8, 8])
torch.Size([1, 192, 8, 8])
merged size without overlap : 6 6 256
Merged: torch.Size([1, 256, 6, 6])
torch.Size([1, 1000])
Poll Time: 2.0780752880000364
Layer Times: [0.1722004930006733, 0.10686369399991236, 1.7990111009994507]
Store Push Time: 0.40511135599990666
Store Pull Time: 2.0744936659984887
Merge Time: 0.0008486419992550509
Split Time: 0.00026875300045503536
Time: 5.1225045999999566
