torch.Size([1, 3, 127, 127])
torch.Size([1, 3, 127, 127])
torch.Size([1, 3, 127, 127])
torch.Size([1, 3, 127, 127])
merged size without overlap : 14 14 192
Merged: torch.Size([1, 192, 14, 14])
torch.Size([1, 192, 8, 8])
torch.Size([1, 192, 8, 8])
torch.Size([1, 192, 8, 8])
torch.Size([1, 192, 8, 8])
merged size without overlap : 6 6 256
Merged: torch.Size([1, 256, 6, 6])
torch.Size([1, 1000])
Poll Time: 1.1621943290010677
Layer Times: [0.09784652899998036, 0.15225432400075078, 0.9120934760003365]
Store Push Time: 0.31520456000089325
Store Pull Time: 1.160386454998843
Merge Time: 0.0007853800007069367
Split Time: 0.00020772400057467166
Time: 4.096356756000205
