torch.Size([1, 3, 127, 127])
torch.Size([1, 3, 127, 127])
torch.Size([1, 3, 127, 127])
torch.Size([1, 3, 127, 127])
merged size without overlap : 14 14 192
Merged: torch.Size([1, 192, 14, 14])
torch.Size([1, 192, 8, 8])
torch.Size([1, 192, 8, 8])
torch.Size([1, 192, 8, 8])
torch.Size([1, 192, 8, 8])
merged size without overlap : 6 6 256
Merged: torch.Size([1, 256, 6, 6])
torch.Size([1, 1000])
Poll Time: 1.172610146999432
Layer Times: [0.1349884369992651, 0.1335343920000014, 0.9040873180001654]
Store Push Time: 0.6794025790004525
Store Pull Time: 1.1706737249969592
Merge Time: 0.0008293430000776425
Split Time: 0.00022207099937077146
Time: 4.225933228000031
