torch.Size([1, 3, 127, 127])
torch.Size([1, 3, 127, 127])
torch.Size([1, 3, 127, 127])
torch.Size([1, 3, 127, 127])
merged size without overlap : 14 14 192
Merged: torch.Size([1, 192, 14, 14])
torch.Size([1, 192, 8, 8])
torch.Size([1, 192, 8, 8])
torch.Size([1, 192, 8, 8])
torch.Size([1, 192, 8, 8])
merged size without overlap : 6 6 256
Merged: torch.Size([1, 256, 6, 6])
torch.Size([1, 1000])
Poll Time: 1.0051407100008873
Layer Times: [0.11088298600043345, 0.11610725500031549, 0.7781504690001384]
Store Push Time: 0.3664732870020089
Store Pull Time: 1.0031356339932245
Merge Time: 0.01666159499927744
Split Time: 0.00022263600021688035
Time: 3.9713221740003064
