torch.Size([1, 3, 127, 127])
torch.Size([1, 3, 127, 127])
torch.Size([1, 3, 127, 127])
torch.Size([1, 3, 127, 127])
merged size without overlap : 14 14 192
Merged: torch.Size([1, 192, 14, 14])
torch.Size([1, 192, 8, 8])
torch.Size([1, 192, 8, 8])
torch.Size([1, 192, 8, 8])
torch.Size([1, 192, 8, 8])
merged size without overlap : 6 6 256
Merged: torch.Size([1, 256, 6, 6])
torch.Size([1, 1000])
Poll Time: 1.2042493019998801
Layer Times: [0.10580403099993418, 0.31435516300007293, 0.784090107999873]
Store Push Time: 0.4222149580000405
Store Pull Time: 1.2023816810033168
Merge Time: 0.0009375809995617601
Split Time: 0.0002620290006234427
Time: 4.4253395830000954
