torch.Size([1, 3, 127, 127])
torch.Size([1, 3, 127, 127])
torch.Size([1, 3, 127, 127])
torch.Size([1, 3, 127, 127])
merged size without overlap : 14 14 192
Merged: torch.Size([1, 192, 14, 14])
torch.Size([1, 192, 8, 8])
torch.Size([1, 192, 8, 8])
torch.Size([1, 192, 8, 8])
torch.Size([1, 192, 8, 8])
merged size without overlap : 6 6 256
Merged: torch.Size([1, 256, 6, 6])
torch.Size([1, 1000])
Poll Time: 0.9353850379993673
Layer Times: [0.07456646199989336, 0.08885597999960737, 0.7719625959998666]
Store Push Time: 0.3665959660002045
Store Pull Time: 0.9336342770147894
Merge Time: 0.0007326020004256861
Split Time: 0.0002223939991381485
Time: 4.031863348000115
