torch.Size([1, 3, 127, 127])
torch.Size([1, 3, 127, 127])
torch.Size([1, 3, 127, 127])
torch.Size([1, 3, 127, 127])
merged size without overlap : 14 14 192
Merged: torch.Size([1, 192, 14, 14])
torch.Size([1, 192, 8, 8])
torch.Size([1, 192, 8, 8])
torch.Size([1, 192, 8, 8])
torch.Size([1, 192, 8, 8])
merged size without overlap : 6 6 256
Merged: torch.Size([1, 256, 6, 6])
torch.Size([1, 1000])
Poll Time: 1.1314637440004844
Layer Times: [0.09627824400013196, 0.10554006400025173, 0.9296454360001007]
Store Push Time: 0.24238400300009744
Store Pull Time: 1.118139713002165
Merge Time: 0.000977802999841515
Split Time: 0.00023597200015501585
Time: 1.6587423760001911
