torch.Size([1, 3, 127, 127])
torch.Size([1, 3, 127, 127])
torch.Size([1, 3, 127, 127])
torch.Size([1, 3, 127, 127])
merged size without overlap : 14 14 192
Merged: torch.Size([1, 192, 14, 14])
torch.Size([1, 192, 8, 8])
torch.Size([1, 192, 8, 8])
torch.Size([1, 192, 8, 8])
torch.Size([1, 192, 8, 8])
merged size without overlap : 6 6 256
Merged: torch.Size([1, 256, 6, 6])
torch.Size([1, 1000])
Poll Time: 2.4681061659998704
Layer Times: [0.07138816699989547, 1.613870123000197, 0.7828478759997779]
Store Push Time: 0.06866651300015292
Store Pull Time: 2.4420889530042587
Merge Time: 0.001221864999479294
Split Time: 0.0003770690000237664
Time: 3.147857521000333
