torch.Size([1, 3, 127, 127])
torch.Size([1, 3, 127, 127])
torch.Size([1, 3, 127, 127])
torch.Size([1, 3, 127, 127])
merged size without overlap : 14 14 192
Merged: torch.Size([1, 192, 14, 14])
torch.Size([1, 192, 8, 8])
torch.Size([1, 192, 8, 8])
torch.Size([1, 192, 8, 8])
torch.Size([1, 192, 8, 8])
merged size without overlap : 6 6 256
Merged: torch.Size([1, 256, 6, 6])
torch.Size([1, 1000])
Poll Time: 0.9439108629999282
Layer Times: [0.08604069400007575, 0.07960611699991205, 0.7782640519999404]
Store Push Time: 0.03898016900075163
Store Pull Time: 0.9346887450024042
Merge Time: 0.0008171839999704389
Split Time: 0.00023315600037676631
Time: 1.57599176299982
