torch.Size([1, 3, 127, 127])
torch.Size([1, 3, 127, 127])
torch.Size([1, 3, 127, 127])
torch.Size([1, 3, 127, 127])
merged size without overlap : 14 14 192
Merged: torch.Size([1, 192, 14, 14])
torch.Size([1, 192, 8, 8])
torch.Size([1, 192, 8, 8])
torch.Size([1, 192, 8, 8])
torch.Size([1, 192, 8, 8])
merged size without overlap : 6 6 256
Merged: torch.Size([1, 256, 6, 6])
torch.Size([1, 1000])
Poll Time: 0.9349735169998894
Layer Times: [0.07594070000004649, 0.08329096599982222, 0.7757418510000207]
Store Push Time: 0.283917757000836
Store Pull Time: 0.9271156310032893
Merge Time: 0.001040292000197951
Split Time: 0.00020342200014056289
Time: 1.5748547479997796
