torch.Size([1, 3, 127, 127])
torch.Size([1, 3, 127, 127])
torch.Size([1, 3, 127, 127])
torch.Size([1, 3, 127, 127])
merged size without overlap : 14 14 192
Merged: torch.Size([1, 192, 14, 14])
torch.Size([1, 192, 8, 8])
torch.Size([1, 192, 8, 8])
torch.Size([1, 192, 8, 8])
torch.Size([1, 192, 8, 8])
merged size without overlap : 6 6 256
Merged: torch.Size([1, 256, 6, 6])
torch.Size([1, 1000])
Poll Time: 1.249518667999837
Layer Times: [0.08888484999988577, 0.2775421690002986, 0.8830916489996525]
Store Push Time: 0.03350571100008892
Store Pull Time: 1.2405016019847608
Merge Time: 0.0008544209999854502
Split Time: 0.00020085599999219994
Time: 1.6423680580001019
