torch.Size([1, 3, 127, 127])
torch.Size([1, 3, 127, 127])
torch.Size([1, 3, 127, 127])
torch.Size([1, 3, 127, 127])
merged size without overlap : 14 14 192
Merged: torch.Size([1, 192, 14, 14])
torch.Size([1, 192, 8, 8])
torch.Size([1, 192, 8, 8])
torch.Size([1, 192, 8, 8])
torch.Size([1, 192, 8, 8])
merged size without overlap : 6 6 256
Merged: torch.Size([1, 256, 6, 6])
torch.Size([1, 1000])
Poll Time: 0.9568038630000046
Layer Times: [0.06912370300005932, 0.08800430600012987, 0.7996758539998154]
Store Push Time: 0.04618001699964225
Store Pull Time: 0.9425349359880784
Merge Time: 0.0012675840002884797
Split Time: 0.0002267550003125507
Time: 1.278681712999969
