torch.Size([1, 3, 127, 127])
torch.Size([1, 3, 127, 127])
torch.Size([1, 3, 127, 127])
torch.Size([1, 3, 127, 127])
merged size without overlap : 14 14 192
Merged: torch.Size([1, 192, 14, 14])
torch.Size([1, 192, 8, 8])
torch.Size([1, 192, 8, 8])
torch.Size([1, 192, 8, 8])
torch.Size([1, 192, 8, 8])
merged size without overlap : 6 6 256
Merged: torch.Size([1, 256, 6, 6])
torch.Size([1, 1000])
Poll Time: 0.9810201929999494
Layer Times: [0.07687462800004141, 0.13593176799986395, 0.768213797000044]
Store Push Time: 0.049775762000535906
Store Pull Time: 0.9700480120109205
Merge Time: 0.0008007440001165378
Split Time: 0.00021739600015280303
Time: 1.3867660689998047
