torch.Size([1, 3, 127, 127])
torch.Size([1, 3, 127, 127])
torch.Size([1, 3, 127, 127])
torch.Size([1, 3, 127, 127])
merged size without overlap : 14 14 192
Merged: torch.Size([1, 192, 14, 14])
torch.Size([1, 192, 8, 8])
torch.Size([1, 192, 8, 8])
torch.Size([1, 192, 8, 8])
torch.Size([1, 192, 8, 8])
merged size without overlap : 6 6 256
Merged: torch.Size([1, 256, 6, 6])
torch.Size([1, 1000])
Poll Time: 0.9255702089999431
Layer Times: [0.09502456199970766, 0.0761108750002677, 0.7544347719999678]
Store Push Time: 0.03805613100075789
Store Pull Time: 0.9174017359964637
Merge Time: 0.0015121700002964644
Split Time: 0.01375302999986161
Time: 1.5478675839999596
