torch.Size([1, 3, 127, 127])
torch.Size([1, 3, 127, 127])
torch.Size([1, 3, 127, 127])
torch.Size([1, 3, 127, 127])
merged size without overlap : 14 14 192
Merged: torch.Size([1, 192, 14, 14])
torch.Size([1, 192, 8, 8])
torch.Size([1, 192, 8, 8])
torch.Size([1, 192, 8, 8])
torch.Size([1, 192, 8, 8])
merged size without overlap : 6 6 256
Merged: torch.Size([1, 256, 6, 6])
torch.Size([1, 1000])
Poll Time: 0.9604209099998116
Layer Times: [0.06404104000012012, 0.09029955300002257, 0.8060803169996689]
Store Push Time: 0.08072606200039445
Store Pull Time: 0.9487460239997745
Merge Time: 0.001455598000120517
Split Time: 0.00023044799991112086
Time: 1.610433933999957
