torch.Size([1, 3, 127, 127])
torch.Size([1, 3, 127, 127])
torch.Size([1, 3, 127, 127])
torch.Size([1, 3, 127, 127])
merged size without overlap : 14 14 192
Merged: torch.Size([1, 192, 14, 14])
torch.Size([1, 192, 8, 8])
torch.Size([1, 192, 8, 8])
torch.Size([1, 192, 8, 8])
torch.Size([1, 192, 8, 8])
merged size without overlap : 6 6 256
Merged: torch.Size([1, 256, 6, 6])
torch.Size([1, 1000])
Poll Time: 1.0169062989998565
Layer Times: [0.07678312100006224, 0.11316081199993278, 0.8269623659998615]
Store Push Time: 0.04498486599914031
Store Pull Time: 1.0109671639979751
Merge Time: 0.0015408980002575845
Split Time: 0.0002293739999004174
Time: 1.5126742489997014
