torch.Size([1, 3, 127, 127])
torch.Size([1, 3, 127, 127])
torch.Size([1, 3, 127, 127])
torch.Size([1, 3, 127, 127])
merged size without overlap : 14 14 192
Merged: torch.Size([1, 192, 14, 14])
torch.Size([1, 192, 8, 8])
torch.Size([1, 192, 8, 8])
torch.Size([1, 192, 8, 8])
torch.Size([1, 192, 8, 8])
merged size without overlap : 6 6 256
Merged: torch.Size([1, 256, 6, 6])
torch.Size([1, 1000])
Poll Time: 0.9386830960002044
Layer Times: [0.09821376799982318, 0.07584373200006667, 0.7646255960003145]
Store Push Time: 0.05081611600098768
Store Pull Time: 0.9290096160025314
Merge Time: 0.0007888249997449748
Split Time: 0.00021346599987737136
Time: 1.408984118999797
