torch.Size([1, 3, 127, 127])
torch.Size([1, 3, 127, 127])
torch.Size([1, 3, 127, 127])
torch.Size([1, 3, 127, 127])
merged size without overlap : 14 14 192
Merged: torch.Size([1, 192, 14, 14])
torch.Size([1, 192, 8, 8])
torch.Size([1, 192, 8, 8])
torch.Size([1, 192, 8, 8])
torch.Size([1, 192, 8, 8])
merged size without overlap : 6 6 256
Merged: torch.Size([1, 256, 6, 6])
Waiting for key data/img_8564
Rerunning data/img_8564...
Waiting for key data/img_8564
Rerunning data/img_8564...
Waiting for key data/img_8564
Rerunning data/img_8564...
Waiting for key data/img_8564
Rerunning data/img_8564...
Waiting for key data/img_8564
Rerunning data/img_8564...
Waiting for key data/img_8564
Rerunning data/img_8564...
Waiting for key data/img_8564
Rerunning data/img_8564...
Waiting for key data/img_8564
Rerunning data/img_8564...
Waiting for key data/img_8564
Rerunning data/img_8564...
Waiting for key data/img_8564
Rerunning data/img_8564...
Waiting for key data/img_8564
Rerunning data/img_8564...
Waiting for key data/img_8564
Rerunning data/img_8564...
Waiting for key data/img_8564
Rerunning data/img_8564...
Waiting for key data/img_8564
Rerunning data/img_8564...
Waiting for key data/img_8564
Rerunning data/img_8564...
Waiting for key data/img_8564
Rerunning data/img_8564...
Waiting for key data/img_8564
Rerunning data/img_8564...
torch.Size([1, 1000])
Poll Time: 76.0825907010003
Layer Times: [0.08832595000012589, 0.1323048099998232, 75.86195994100035]
Store Push Time: 0.05477757100106828
Store Pull Time: 74.28747894591606
Merge Time: 0.002632260000154929
Split Time: 0.0004098869999324961
Time: 76.71107647300005
