torch.Size([1, 3, 127, 127])
torch.Size([1, 3, 127, 127])
torch.Size([1, 3, 127, 127])
torch.Size([1, 3, 127, 127])
merged size without overlap : 14 14 192
Merged: torch.Size([1, 192, 14, 14])
torch.Size([1, 192, 8, 8])
torch.Size([1, 192, 8, 8])
torch.Size([1, 192, 8, 8])
torch.Size([1, 192, 8, 8])
merged size without overlap : 6 6 256
Merged: torch.Size([1, 256, 6, 6])
torch.Size([1, 1000])
Poll Time: 0.9177025230001163
Layer Times: [0.06460581500004992, 0.0882468479999261, 0.7648498600001403]
Store Push Time: 0.047952616999737074
Store Pull Time: 0.9028959570237021
Merge Time: 0.0007634800003870623
Split Time: 0.000205338000341726
Time: 1.2674338599999828
