torch.Size([1, 3, 127, 127])
torch.Size([1, 3, 127, 127])
torch.Size([1, 3, 127, 127])
torch.Size([1, 3, 127, 127])
merged size without overlap : 14 14 192
Merged: torch.Size([1, 192, 14, 14])
torch.Size([1, 192, 8, 8])
torch.Size([1, 192, 8, 8])
torch.Size([1, 192, 8, 8])
torch.Size([1, 192, 8, 8])
merged size without overlap : 6 6 256
Merged: torch.Size([1, 256, 6, 6])
torch.Size([1, 1000])
Poll Time: 0.9635523810002269
Layer Times: [0.09784631499996976, 0.10076167100032762, 0.7649443949999295]
Store Push Time: 0.04547131100025581
Store Pull Time: 0.9510105879994626
Merge Time: 0.0007679939999434282
Split Time: 0.0002163630001632555
Time: 1.433889206999993
