torch.Size([1, 3, 127, 127])
torch.Size([1, 3, 127, 127])
torch.Size([1, 3, 127, 127])
torch.Size([1, 3, 127, 127])
merged size without overlap : 14 14 192
Merged: torch.Size([1, 192, 14, 14])
torch.Size([1, 192, 8, 8])
torch.Size([1, 192, 8, 8])
torch.Size([1, 192, 8, 8])
torch.Size([1, 192, 8, 8])
merged size without overlap : 6 6 256
Merged: torch.Size([1, 256, 6, 6])
torch.Size([1, 1000])
Poll Time: 1.110581634999562
Layer Times: [0.09589498400009688, 0.14983981399973345, 0.8648468369997317]
Store Push Time: 0.03614035399959903
Store Pull Time: 1.0999588309841783
Merge Time: 0.0008165640001607244
Split Time: 0.0003060469998672488
Time: 1.514063919000364
