torch.Size([1, 3, 127, 127])
torch.Size([1, 3, 127, 127])
torch.Size([1, 3, 127, 127])
torch.Size([1, 3, 127, 127])
merged size without overlap : 14 14 192
Merged: torch.Size([1, 192, 14, 14])
torch.Size([1, 192, 8, 8])
torch.Size([1, 192, 8, 8])
torch.Size([1, 192, 8, 8])
torch.Size([1, 192, 8, 8])
merged size without overlap : 6 6 256
Merged: torch.Size([1, 256, 6, 6])
torch.Size([1, 1000])
Poll Time: 2.5770639949992074
Layer Times: [0.08639999899969553, 0.11466742899983728, 2.3759965669996745]
Store Push Time: 0.2969551389996923
Store Pull Time: 2.5418413250208687
Merge Time: 0.005187476999708451
Split Time: 0.0008507180000378867
Time: 3.7092201780001233
