torch.Size([1, 3, 127, 127])
torch.Size([1, 3, 127, 127])
torch.Size([1, 3, 127, 127])
torch.Size([1, 3, 127, 127])
merged size without overlap : 14 14 192
Merged: torch.Size([1, 192, 14, 14])
torch.Size([1, 192, 8, 8])
torch.Size([1, 192, 8, 8])
torch.Size([1, 192, 8, 8])
torch.Size([1, 192, 8, 8])
merged size without overlap : 6 6 256
Merged: torch.Size([1, 256, 6, 6])
torch.Size([1, 1000])
Poll Time: 0.9563837059999969
Layer Times: [0.07974170799980129, 0.11107047099994816, 0.7655715270002474]
Store Push Time: 0.04742466200059425
Store Pull Time: 0.9392926090090441
Merge Time: 0.0007811640002728382
Split Time: 0.005196664999857603
Time: 1.4049455879999186
