torch.Size([1, 3, 127, 127])
torch.Size([1, 3, 127, 127])
torch.Size([1, 3, 127, 127])
torch.Size([1, 3, 127, 127])
merged size without overlap : 14 14 192
Merged: torch.Size([1, 192, 14, 14])
torch.Size([1, 192, 8, 8])
torch.Size([1, 192, 8, 8])
torch.Size([1, 192, 8, 8])
torch.Size([1, 192, 8, 8])
merged size without overlap : 6 6 256
Merged: torch.Size([1, 256, 6, 6])
torch.Size([1, 1000])
Poll Time: 1.003753376000077
Layer Times: [0.11267144600014944, 0.08463951200019437, 0.8064424179997332]
Store Push Time: 0.04411482400064415
Store Pull Time: 0.9912173799875745
Merge Time: 0.0007964389997141552
Split Time: 0.00020568600029946538
Time: 1.4543739060000007
