torch.Size([1, 3, 127, 127])
torch.Size([1, 3, 127, 127])
torch.Size([1, 3, 127, 127])
torch.Size([1, 3, 127, 127])
merged size without overlap : 14 14 192
Merged: torch.Size([1, 192, 14, 14])
torch.Size([1, 192, 8, 8])
torch.Size([1, 192, 8, 8])
torch.Size([1, 192, 8, 8])
torch.Size([1, 192, 8, 8])
merged size without overlap : 6 6 256
Merged: torch.Size([1, 256, 6, 6])
torch.Size([1, 1000])
Poll Time: 0.8949642960001256
Layer Times: [0.062185847999899124, 0.07082283400040978, 0.7619556139998167]
Store Push Time: 0.05484477300024082
Store Pull Time: 0.8845826009987832
Merge Time: 0.005359780000162573
Split Time: 0.0011302479997539194
Time: 1.4308463560000746
