torch.Size([1, 3, 127, 127])
torch.Size([1, 3, 127, 127])
torch.Size([1, 3, 127, 127])
torch.Size([1, 3, 127, 127])
merged size without overlap : 14 14 192
Merged: torch.Size([1, 192, 14, 14])
torch.Size([1, 192, 8, 8])
torch.Size([1, 192, 8, 8])
torch.Size([1, 192, 8, 8])
torch.Size([1, 192, 8, 8])
merged size without overlap : 6 6 256
Merged: torch.Size([1, 256, 6, 6])
torch.Size([1, 1000])
Poll Time: 2.474646505999317
Layer Times: [0.06366346999993766, 0.08526581299975078, 2.3257172229996286]
Store Push Time: 0.0933636029999434
Store Pull Time: 2.45198243197774
Merge Time: 0.002822643999934371
Split Time: 0.0003770630000872188
Time: 2.944229557000199
