torch.Size([1, 3, 127, 127])
torch.Size([1, 3, 127, 127])
torch.Size([1, 3, 127, 127])
torch.Size([1, 3, 127, 127])
merged size without overlap : 14 14 192
Merged: torch.Size([1, 192, 14, 14])
torch.Size([1, 192, 8, 8])
torch.Size([1, 192, 8, 8])
torch.Size([1, 192, 8, 8])
torch.Size([1, 192, 8, 8])
merged size without overlap : 6 6 256
Merged: torch.Size([1, 256, 6, 6])
Waiting for key data/img_944
Rerunning data/img_944...
Waiting for key data/img_944
Rerunning data/img_944...
Waiting for key data/img_944
Rerunning data/img_944...
Waiting for key data/img_944
Rerunning data/img_944...
Waiting for key data/img_944
Rerunning data/img_944...
Waiting for key data/img_944
Rerunning data/img_944...
Waiting for key data/img_944
Rerunning data/img_944...
Waiting for key data/img_944
Rerunning data/img_944...
Waiting for key data/img_944
Rerunning data/img_944...
Waiting for key data/img_944
Rerunning data/img_944...
Waiting for key data/img_944
Rerunning data/img_944...
Waiting for key data/img_944
Rerunning data/img_944...
Waiting for key data/img_944
Rerunning data/img_944...
Waiting for key data/img_944
Rerunning data/img_944...
Waiting for key data/img_944
Rerunning data/img_944...
Waiting for key data/img_944
Rerunning data/img_944...
Waiting for key data/img_944
Rerunning data/img_944...
Waiting for key data/img_944
Rerunning data/img_944...
Waiting for key data/img_944
Rerunning data/img_944...
Waiting for key data/img_944
Rerunning data/img_944...
Waiting for key data/img_944
Rerunning data/img_944...
torch.Size([1, 1000])
Poll Time: 69.0174681870003
Layer Times: [0.11653405200013367, 0.1861854260000655, 68.7147487090001]
Store Push Time: 0.082849721999537
Store Pull Time: 67.09079151703918
Merge Time: 0.0008347620000677125
Split Time: 0.0002906039999288623
Time: 69.67840433799984
