torch.Size([1, 3, 127, 127])
torch.Size([1, 3, 127, 127])
torch.Size([1, 3, 127, 127])
torch.Size([1, 3, 127, 127])
merged size without overlap : 14 14 192
Merged: torch.Size([1, 192, 14, 14])
torch.Size([1, 192, 8, 8])
torch.Size([1, 192, 8, 8])
torch.Size([1, 192, 8, 8])
torch.Size([1, 192, 8, 8])
merged size without overlap : 6 6 256
Merged: torch.Size([1, 256, 6, 6])
torch.Size([1, 1000])
Poll Time: 0.969971596999585
Layer Times: [0.13641354499986846, 0.07652978499982055, 0.757028266999896]
Store Push Time: 0.059850149000340025
Store Pull Time: 0.9604073870100365
Merge Time: 0.0008033069998418796
Split Time: 0.0002113770001415105
Time: 1.4458555370001704
