torch.Size([1, 3, 127, 127])
torch.Size([1, 3, 127, 127])
torch.Size([1, 3, 127, 127])
torch.Size([1, 3, 127, 127])
merged size without overlap : 14 14 192
Merged: torch.Size([1, 192, 14, 14])
torch.Size([1, 192, 8, 8])
torch.Size([1, 192, 8, 8])
torch.Size([1, 192, 8, 8])
torch.Size([1, 192, 8, 8])
merged size without overlap : 6 6 256
Merged: torch.Size([1, 256, 6, 6])
torch.Size([1, 1000])
Poll Time: 0.9569916780001222
Layer Times: [0.08273252100025275, 0.09793453000020236, 0.7763246269996671]
Store Push Time: 0.07206642399978591
Store Pull Time: 0.944968423006685
Merge Time: 0.0012390339998091804
Split Time: 0.00021451199927469133
Time: 1.67726187199969
