torch.Size([1, 3, 127, 127])
torch.Size([1, 3, 127, 127])
torch.Size([1, 3, 127, 127])
torch.Size([1, 3, 127, 127])
merged size without overlap : 14 14 192
Merged: torch.Size([1, 192, 14, 14])
torch.Size([1, 192, 8, 8])
torch.Size([1, 192, 8, 8])
torch.Size([1, 192, 8, 8])
torch.Size([1, 192, 8, 8])
merged size without overlap : 6 6 256
Merged: torch.Size([1, 256, 6, 6])
torch.Size([1, 1000])
Poll Time: 2.297119506999934
Layer Times: [1.3063361520003127, 0.07958411699974022, 0.911199237999881]
Store Push Time: 0.046791017999566975
Store Pull Time: 2.275607476994537
Merge Time: 0.001807909000035579
Split Time: 0.0002147319996765873
Time: 2.862999166999998
