torch.Size([1, 3, 127, 127])
torch.Size([1, 3, 127, 127])
torch.Size([1, 3, 127, 127])
torch.Size([1, 3, 127, 127])
merged size without overlap : 14 14 192
Merged: torch.Size([1, 192, 14, 14])
torch.Size([1, 192, 8, 8])
torch.Size([1, 192, 8, 8])
torch.Size([1, 192, 8, 8])
torch.Size([1, 192, 8, 8])
merged size without overlap : 6 6 256
Merged: torch.Size([1, 256, 6, 6])
torch.Size([1, 1000])
Poll Time: 0.9588039650002429
Layer Times: [0.115934353999819, 0.08010173100001339, 0.7627678800004105]
Store Push Time: 0.03687776800006759
Store Pull Time: 0.9472268470021845
Merge Time: 0.0008272539998870343
Split Time: 0.0004377339996608498
Time: 1.3028901490001772
