torch.Size([1, 3, 127, 127])
torch.Size([1, 3, 127, 127])
torch.Size([1, 3, 127, 127])
torch.Size([1, 3, 127, 127])
merged size without overlap : 14 14 192
Merged: torch.Size([1, 192, 14, 14])
torch.Size([1, 192, 8, 8])
torch.Size([1, 192, 8, 8])
torch.Size([1, 192, 8, 8])
torch.Size([1, 192, 8, 8])
merged size without overlap : 6 6 256
Merged: torch.Size([1, 256, 6, 6])
Waiting for key data/img_3794
Rerunning data/img_3794...
Waiting for key data/img_3794
Rerunning data/img_3794...
Waiting for key data/img_3794
Rerunning data/img_3794...
Waiting for key data/img_3794
Rerunning data/img_3794...
Waiting for key data/img_3794
Rerunning data/img_3794...
Waiting for key data/img_3794
Rerunning data/img_3794...
Waiting for key data/img_3794
Rerunning data/img_3794...
Waiting for key data/img_3794
Rerunning data/img_3794...
Waiting for key data/img_3794
Rerunning data/img_3794...
Waiting for key data/img_3794
Rerunning data/img_3794...
Waiting for key data/img_3794
Rerunning data/img_3794...
Waiting for key data/img_3794
Rerunning data/img_3794...
Waiting for key data/img_3794
Rerunning data/img_3794...
Waiting for key data/img_3794
Rerunning data/img_3794...
torch.Size([1, 1000])
Poll Time: 75.97310802300035
Layer Times: [0.06078968499969051, 0.07451498900036313, 75.8378033490003]
Store Push Time: 0.03928613800007952
Store Pull Time: 74.38168432692692
Merge Time: 0.0008159590001923789
Split Time: 0.00022365399991031154
Time: 76.28822523899998
