torch.Size([1, 3, 127, 127])
torch.Size([1, 3, 127, 127])
torch.Size([1, 3, 127, 127])
torch.Size([1, 3, 127, 127])
merged size without overlap : 14 14 192
Merged: torch.Size([1, 192, 14, 14])
torch.Size([1, 192, 8, 8])
torch.Size([1, 192, 8, 8])
torch.Size([1, 192, 8, 8])
torch.Size([1, 192, 8, 8])
merged size without overlap : 6 6 256
Merged: torch.Size([1, 256, 6, 6])
torch.Size([1, 1000])
Poll Time: 0.9184671880002497
Layer Times: [0.06829750599990803, 0.08601930000031643, 0.7641503820000253]
Store Push Time: 0.05767967899919313
Store Pull Time: 0.9077755859916579
Merge Time: 0.005179003000193916
Split Time: 0.0004394740003590414
Time: 1.5259568609999405
