torch.Size([1, 3, 127, 127])
torch.Size([1, 3, 127, 127])
torch.Size([1, 3, 127, 127])
torch.Size([1, 3, 127, 127])
merged size without overlap : 14 14 192
Merged: torch.Size([1, 192, 14, 14])
torch.Size([1, 192, 8, 8])
torch.Size([1, 192, 8, 8])
torch.Size([1, 192, 8, 8])
torch.Size([1, 192, 8, 8])
merged size without overlap : 6 6 256
Merged: torch.Size([1, 256, 6, 6])
torch.Size([1, 1000])
Poll Time: 0.9620369019999089
Layer Times: [0.09048161000009713, 0.09878289099970061, 0.7727724010001111]
Store Push Time: 0.09985509400075898
Store Pull Time: 0.9500998590010568
Merge Time: 0.0007576099997095298
Split Time: 0.0002075070001410495
Time: 1.6136428840000008
