torch.Size([1, 3, 127, 127])
torch.Size([1, 3, 127, 127])
torch.Size([1, 3, 127, 127])
torch.Size([1, 3, 127, 127])
merged size without overlap : 14 14 192
Merged: torch.Size([1, 192, 14, 14])
torch.Size([1, 192, 8, 8])
torch.Size([1, 192, 8, 8])
torch.Size([1, 192, 8, 8])
torch.Size([1, 192, 8, 8])
merged size without overlap : 6 6 256
Merged: torch.Size([1, 256, 6, 6])
Waiting for key data/img_3184
Rerunning data/img_3184...
Waiting for key data/img_3184
Rerunning data/img_3184...
Waiting for key data/img_3184
Rerunning data/img_3184...
Waiting for key data/img_3184
Rerunning data/img_3184...
Waiting for key data/img_3184
Rerunning data/img_3184...
Waiting for key data/img_3184
Rerunning data/img_3184...
Waiting for key data/img_3184
Rerunning data/img_3184...
Waiting for key data/img_3184
Rerunning data/img_3184...
Waiting for key data/img_3184
Rerunning data/img_3184...
Waiting for key data/img_3184
Rerunning data/img_3184...
Waiting for key data/img_3184
Rerunning data/img_3184...
Waiting for key data/img_3184
Rerunning data/img_3184...
Waiting for key data/img_3184
Rerunning data/img_3184...
Waiting for key data/img_3184
Rerunning data/img_3184...
Waiting for key data/img_3184
Rerunning data/img_3184...
Waiting for key data/img_3184
Rerunning data/img_3184...
torch.Size([1, 1000])
Poll Time: 84.15514769999982
Layer Times: [0.06900846400003502, 0.10437544799970055, 83.98176378800008]
Store Push Time: 0.07280555199986338
Store Pull Time: 82.08637899908035
Merge Time: 0.0018667070003175468
Split Time: 0.00031762000025992165
Time: 84.54621299900009
