torch.Size([1, 3, 127, 127])
torch.Size([1, 3, 127, 127])
torch.Size([1, 3, 127, 127])
torch.Size([1, 3, 127, 127])
merged size without overlap : 14 14 192
Merged: torch.Size([1, 192, 14, 14])
torch.Size([1, 192, 8, 8])
torch.Size([1, 192, 8, 8])
torch.Size([1, 192, 8, 8])
torch.Size([1, 192, 8, 8])
merged size without overlap : 6 6 256
Merged: torch.Size([1, 256, 6, 6])
torch.Size([1, 1000])
Poll Time: 1.0783353110000462
Layer Times: [0.0517359860000397, 0.25585815299973547, 0.770741172000271]
Store Push Time: 0.056648086000222975
Store Pull Time: 1.06880412200735
Merge Time: 0.0009081229995899776
Split Time: 0.000216110999645025
Time: 1.5392597629997908
