torch.Size([1, 3, 127, 127])
torch.Size([1, 3, 127, 127])
torch.Size([1, 3, 127, 127])
torch.Size([1, 3, 127, 127])
merged size without overlap : 14 14 192
Merged: torch.Size([1, 192, 14, 14])
torch.Size([1, 192, 8, 8])
torch.Size([1, 192, 8, 8])
torch.Size([1, 192, 8, 8])
torch.Size([1, 192, 8, 8])
merged size without overlap : 6 6 256
Merged: torch.Size([1, 256, 6, 6])
torch.Size([1, 1000])
Poll Time: 0.9149440389996926
Layer Times: [0.06479083599970181, 0.08374839699990844, 0.7664048060000823]
Store Push Time: 0.034397086000808486
Store Pull Time: 0.9054758590168603
Merge Time: 0.003887573999691085
Split Time: 0.0002570820001892571
Time: 1.2483535669998673
