torch.Size([1, 3, 127, 127])
torch.Size([1, 3, 127, 127])
torch.Size([1, 3, 127, 127])
torch.Size([1, 3, 127, 127])
merged size without overlap : 14 14 192
Merged: torch.Size([1, 192, 14, 14])
torch.Size([1, 192, 8, 8])
torch.Size([1, 192, 8, 8])
torch.Size([1, 192, 8, 8])
torch.Size([1, 192, 8, 8])
merged size without overlap : 6 6 256
Merged: torch.Size([1, 256, 6, 6])
torch.Size([1, 1000])
Poll Time: 0.9192015530002209
Layer Times: [0.0765509299999394, 0.0779526530000112, 0.7646979700002703]
Store Push Time: 0.03243929800055412
Store Pull Time: 0.9046833309780595
Merge Time: 0.0008080909997261188
Split Time: 0.00021327900003598188
Time: 1.223776842999996
