torch.Size([1, 3, 127, 127])
torch.Size([1, 3, 127, 127])
torch.Size([1, 3, 127, 127])
torch.Size([1, 3, 127, 127])
merged size without overlap : 14 14 192
Merged: torch.Size([1, 192, 14, 14])
torch.Size([1, 192, 8, 8])
torch.Size([1, 192, 8, 8])
torch.Size([1, 192, 8, 8])
torch.Size([1, 192, 8, 8])
merged size without overlap : 6 6 256
Merged: torch.Size([1, 256, 6, 6])
torch.Size([1, 1000])
Poll Time: 0.9699256890003198
Layer Times: [0.11415974000010465, 0.09398036900029183, 0.7617855799999234]
Store Push Time: 0.06308393199969942
Store Pull Time: 0.9589364959865634
Merge Time: 0.0016446500003439724
Split Time: 0.00030094299972915906
Time: 1.5859359940000104
