torch.Size([1, 3, 127, 127])
torch.Size([1, 3, 127, 127])
torch.Size([1, 3, 127, 127])
torch.Size([1, 3, 127, 127])
merged size without overlap : 14 14 192
Merged: torch.Size([1, 192, 14, 14])
torch.Size([1, 192, 8, 8])
torch.Size([1, 192, 8, 8])
torch.Size([1, 192, 8, 8])
torch.Size([1, 192, 8, 8])
merged size without overlap : 6 6 256
Merged: torch.Size([1, 256, 6, 6])
torch.Size([1, 1000])
Poll Time: 0.9125139890002174
Layer Times: [0.057772828999986814, 0.087757320000037, 0.7669838400001936]
Store Push Time: 0.041496838999592
Store Pull Time: 0.8970680070183334
Merge Time: 0.0010275490003550658
Split Time: 0.0002048159999503696
Time: 1.2167440009998245
