torch.Size([1, 3, 127, 127])
torch.Size([1, 3, 127, 127])
torch.Size([1, 3, 127, 127])
torch.Size([1, 3, 127, 127])
merged size without overlap : 14 14 192
Merged: torch.Size([1, 192, 14, 14])
torch.Size([1, 192, 8, 8])
torch.Size([1, 192, 8, 8])
torch.Size([1, 192, 8, 8])
torch.Size([1, 192, 8, 8])
merged size without overlap : 6 6 256
Merged: torch.Size([1, 256, 6, 6])
torch.Size([1, 1000])
Poll Time: 0.9763566970000284
Layer Times: [0.10263527400002204, 0.09384507400000075, 0.7798763490000056]
Store Push Time: 0.06510991200002536
Store Pull Time: 0.9680804920017181
Merge Time: 0.001487405999796465
Split Time: 0.0006607830000575632
Time: 1.3555756670002665
