torch.Size([1, 3, 127, 127])
torch.Size([1, 3, 127, 127])
torch.Size([1, 3, 127, 127])
torch.Size([1, 3, 127, 127])
merged size without overlap : 14 14 192
Merged: torch.Size([1, 192, 14, 14])
torch.Size([1, 192, 8, 8])
torch.Size([1, 192, 8, 8])
torch.Size([1, 192, 8, 8])
torch.Size([1, 192, 8, 8])
merged size without overlap : 6 6 256
Merged: torch.Size([1, 256, 6, 6])
torch.Size([1, 1000])
Poll Time: 0.9870007579997946
Layer Times: [0.08341649900012271, 0.07731008199971257, 0.8262741769999593]
Store Push Time: 0.06133565700019972
Store Pull Time: 0.975531799995224
Merge Time: 0.0007442920000357844
Split Time: 0.00029529299990826985
Time: 1.6777637559998766
