torch.Size([1, 3, 127, 127])
torch.Size([1, 3, 127, 127])
torch.Size([1, 3, 127, 127])
torch.Size([1, 3, 127, 127])
merged size without overlap : 14 14 192
Merged: torch.Size([1, 192, 14, 14])
torch.Size([1, 192, 8, 8])
torch.Size([1, 192, 8, 8])
torch.Size([1, 192, 8, 8])
torch.Size([1, 192, 8, 8])
merged size without overlap : 6 6 256
Merged: torch.Size([1, 256, 6, 6])
torch.Size([1, 1000])
Poll Time: 1.2711378960002548
Layer Times: [0.42576836800026285, 0.08234889799996381, 0.7630206300000282]
Store Push Time: 0.045115916000213474
Store Pull Time: 1.2577970490051484
Merge Time: 0.0010179399996559368
Split Time: 0.0002852710003935499
Time: 1.7283058459997847
