torch.Size([1, 3, 127, 127])
torch.Size([1, 3, 127, 127])
torch.Size([1, 3, 127, 127])
torch.Size([1, 3, 127, 127])
merged size without overlap : 14 14 192
Merged: torch.Size([1, 192, 14, 14])
torch.Size([1, 192, 8, 8])
torch.Size([1, 192, 8, 8])
torch.Size([1, 192, 8, 8])
torch.Size([1, 192, 8, 8])
merged size without overlap : 6 6 256
Merged: torch.Size([1, 256, 6, 6])
torch.Size([1, 1000])
Poll Time: 0.9591170119997514
Layer Times: [0.07855828199990356, 0.11250657499977024, 0.7680521550000776]
Store Push Time: 0.05561143600152718
Store Pull Time: 0.9499619139992319
Merge Time: 0.006653232999724423
Split Time: 0.0002417249997961335
Time: 1.6885862990002352
