torch.Size([1, 3, 127, 127])
torch.Size([1, 3, 127, 127])
torch.Size([1, 3, 127, 127])
torch.Size([1, 3, 127, 127])
merged size without overlap : 14 14 192
Merged: torch.Size([1, 192, 14, 14])
torch.Size([1, 192, 8, 8])
torch.Size([1, 192, 8, 8])
torch.Size([1, 192, 8, 8])
torch.Size([1, 192, 8, 8])
merged size without overlap : 6 6 256
Merged: torch.Size([1, 256, 6, 6])
torch.Size([1, 1000])
Poll Time: 0.9641240880000623
Layer Times: [0.09816709799997625, 0.09568622500000856, 0.7702707650000775]
Store Push Time: 0.04993696299970907
Store Pull Time: 0.9541657509907964
Merge Time: 0.0022674020001431927
Split Time: 0.0004474900001696369
Time: 1.5048268390000885
