torch.Size([1, 3, 127, 127])
torch.Size([1, 3, 127, 127])
torch.Size([1, 3, 127, 127])
torch.Size([1, 3, 127, 127])
merged size without overlap : 14 14 192
Merged: torch.Size([1, 192, 14, 14])
torch.Size([1, 192, 8, 8])
torch.Size([1, 192, 8, 8])
torch.Size([1, 192, 8, 8])
torch.Size([1, 192, 8, 8])
merged size without overlap : 6 6 256
Merged: torch.Size([1, 256, 6, 6])
torch.Size([1, 1000])
Poll Time: 0.9149471330001688
Layer Times: [0.05297143600000709, 0.0841172559998995, 0.7778584410002622]
Store Push Time: 0.034692638998876646
Store Pull Time: 0.8975625869998112
Merge Time: 0.0008001560004231578
Split Time: 0.00020344700033092522
Time: 1.2460641409998061
