torch.Size([1, 3, 127, 127])
torch.Size([1, 3, 127, 127])
torch.Size([1, 3, 127, 127])
torch.Size([1, 3, 127, 127])
merged size without overlap : 14 14 192
Merged: torch.Size([1, 192, 14, 14])
torch.Size([1, 192, 8, 8])
torch.Size([1, 192, 8, 8])
torch.Size([1, 192, 8, 8])
torch.Size([1, 192, 8, 8])
merged size without overlap : 6 6 256
Merged: torch.Size([1, 256, 6, 6])
torch.Size([1, 1000])
Poll Time: 2.705932858999404
Layer Times: [0.27044347599985485, 0.07766310999977577, 2.357826272999773]
Store Push Time: 0.036498007999398396
Store Pull Time: 2.674788675007221
Merge Time: 0.0010580799998933799
Split Time: 0.00024727199979679426
Time: 3.3248633370003517
