torch.Size([1, 3, 127, 127])
torch.Size([1, 3, 127, 127])
torch.Size([1, 3, 127, 127])
torch.Size([1, 3, 127, 127])
merged size without overlap : 14 14 192
Merged: torch.Size([1, 192, 14, 14])
torch.Size([1, 192, 8, 8])
torch.Size([1, 192, 8, 8])
torch.Size([1, 192, 8, 8])
torch.Size([1, 192, 8, 8])
merged size without overlap : 6 6 256
Merged: torch.Size([1, 256, 6, 6])
torch.Size([1, 1000])
Poll Time: 0.9528044319999935
Layer Times: [0.10717070100008641, 0.08035922599992773, 0.7652745049999794]
Store Push Time: 0.07014022899966221
Store Pull Time: 0.9400308869912806
Merge Time: 0.0013030440004513366
Split Time: 0.0002725839999584423
Time: 1.7071775519998482
