torch.Size([1, 3, 127, 127])
torch.Size([1, 3, 127, 127])
torch.Size([1, 3, 127, 127])
torch.Size([1, 3, 127, 127])
merged size without overlap : 14 14 192
Merged: torch.Size([1, 192, 14, 14])
torch.Size([1, 192, 8, 8])
torch.Size([1, 192, 8, 8])
torch.Size([1, 192, 8, 8])
torch.Size([1, 192, 8, 8])
merged size without overlap : 6 6 256
Merged: torch.Size([1, 256, 6, 6])
torch.Size([1, 1000])
Poll Time: 2.7289324860003035
Layer Times: [0.06231535400002031, 0.07613452300029167, 2.5904826089999915]
Store Push Time: 0.06992435800020758
Store Pull Time: 2.6879149000164944
Merge Time: 0.0008038180003495654
Split Time: 0.00021418400001493865
Time: 3.0623072839998713
