torch.Size([1, 3, 127, 127])
torch.Size([1, 3, 127, 127])
torch.Size([1, 3, 127, 127])
torch.Size([1, 3, 127, 127])
merged size without overlap : 14 14 192
Merged: torch.Size([1, 192, 14, 14])
torch.Size([1, 192, 8, 8])
torch.Size([1, 192, 8, 8])
torch.Size([1, 192, 8, 8])
torch.Size([1, 192, 8, 8])
merged size without overlap : 6 6 256
Merged: torch.Size([1, 256, 6, 6])
torch.Size([1, 1000])
Poll Time: 0.9442625000001499
Layer Times: [0.08342174500012334, 0.10302115700005743, 0.7578195979999691]
Store Push Time: 0.04434719600067183
Store Pull Time: 0.933246411007076
Merge Time: 0.0037950239998281177
Split Time: 0.00021489500022653374
Time: 1.3571032919999197
