torch.Size([1, 3, 127, 127])
torch.Size([1, 3, 127, 127])
torch.Size([1, 3, 127, 127])
torch.Size([1, 3, 127, 127])
merged size without overlap : 14 14 192
Merged: torch.Size([1, 192, 14, 14])
torch.Size([1, 192, 8, 8])
torch.Size([1, 192, 8, 8])
torch.Size([1, 192, 8, 8])
torch.Size([1, 192, 8, 8])
merged size without overlap : 6 6 256
Merged: torch.Size([1, 256, 6, 6])
torch.Size([1, 1000])
Poll Time: 0.9512901239995699
Layer Times: [0.09186249899994436, 0.0937995439999213, 0.7656280809997043]
Store Push Time: 0.2608830589997524
Store Pull Time: 0.9361331499853804
Merge Time: 0.0007967320002535416
Split Time: 0.000256385999819031
Time: 1.5767974350001168
