torch.Size([1, 3, 127, 127])
torch.Size([1, 3, 127, 127])
torch.Size([1, 3, 127, 127])
torch.Size([1, 3, 127, 127])
merged size without overlap : 14 14 192
Merged: torch.Size([1, 192, 14, 14])
torch.Size([1, 192, 8, 8])
torch.Size([1, 192, 8, 8])
torch.Size([1, 192, 8, 8])
torch.Size([1, 192, 8, 8])
merged size without overlap : 6 6 256
Merged: torch.Size([1, 256, 6, 6])
torch.Size([1, 1000])
Poll Time: 0.9411919059998581
Layer Times: [0.09281053399990924, 0.07320807199994306, 0.7751733000000058]
Store Push Time: 0.036009590000048775
Store Pull Time: 0.9301989730097375
Merge Time: 0.0007805810000718338
Split Time: 0.00020863700001427787
Time: 1.443569579999803
