torch.Size([1, 3, 127, 127])
torch.Size([1, 3, 127, 127])
torch.Size([1, 3, 127, 127])
torch.Size([1, 3, 127, 127])
merged size without overlap : 14 14 192
Merged: torch.Size([1, 192, 14, 14])
torch.Size([1, 192, 8, 8])
torch.Size([1, 192, 8, 8])
torch.Size([1, 192, 8, 8])
torch.Size([1, 192, 8, 8])
merged size without overlap : 6 6 256
Merged: torch.Size([1, 256, 6, 6])
torch.Size([1, 1000])
Poll Time: 1.0242997489995105
Layer Times: [0.09644993499978227, 0.08601632699992479, 0.8418334869998034]
Store Push Time: 0.043018646998916665
Store Pull Time: 1.0163052059933761
Merge Time: 0.002118434999829333
Split Time: 0.00021671499962394591
Time: 1.469044588000088
