torch.Size([1, 3, 127, 127])
torch.Size([1, 3, 127, 127])
torch.Size([1, 3, 127, 127])
torch.Size([1, 3, 127, 127])
merged size without overlap : 14 14 192
Merged: torch.Size([1, 192, 14, 14])
torch.Size([1, 192, 8, 8])
torch.Size([1, 192, 8, 8])
torch.Size([1, 192, 8, 8])
torch.Size([1, 192, 8, 8])
merged size without overlap : 6 6 256
Merged: torch.Size([1, 256, 6, 6])
torch.Size([1, 1000])
Poll Time: 0.9302119229996606
Layer Times: [0.07873239399987142, 0.0766665109999849, 0.7748130179998043]
Store Push Time: 0.06614459699994768
Store Pull Time: 0.9180405689903637
Merge Time: 0.0007225470003504597
Split Time: 0.00021669500029020128
Time: 1.3948052010000538
