torch.Size([1, 3, 127, 127])
torch.Size([1, 3, 127, 127])
torch.Size([1, 3, 127, 127])
torch.Size([1, 3, 127, 127])
merged size without overlap : 14 14 192
Merged: torch.Size([1, 192, 14, 14])
torch.Size([1, 192, 8, 8])
torch.Size([1, 192, 8, 8])
torch.Size([1, 192, 8, 8])
torch.Size([1, 192, 8, 8])
merged size without overlap : 6 6 256
Merged: torch.Size([1, 256, 6, 6])
torch.Size([1, 1000])
Poll Time: 0.9464768840002762
Layer Times: [0.06210272599992095, 0.11613576600029774, 0.7682383920000575]
Store Push Time: 0.04537007300041296
Store Pull Time: 0.9318036690010558
Merge Time: 0.0007826639994163997
Split Time: 0.00041478000002825866
Time: 1.454506394999953
