torch.Size([1, 3, 127, 127])
torch.Size([1, 3, 127, 127])
torch.Size([1, 3, 127, 127])
torch.Size([1, 3, 127, 127])
merged size without overlap : 14 14 192
Merged: torch.Size([1, 192, 14, 14])
torch.Size([1, 192, 8, 8])
torch.Size([1, 192, 8, 8])
torch.Size([1, 192, 8, 8])
torch.Size([1, 192, 8, 8])
merged size without overlap : 6 6 256
Merged: torch.Size([1, 256, 6, 6])
torch.Size([1, 1000])
Poll Time: 1.2451764590000494
Layer Times: [0.2476702059998388, 0.09430061500006559, 0.903205638000145]
Store Push Time: 0.07293008499982534
Store Pull Time: 1.2367582650022086
Merge Time: 0.0008632850003778003
Split Time: 0.0002396249997218547
Time: 1.664526164000108
