torch.Size([1, 3, 127, 127])
torch.Size([1, 3, 127, 127])
torch.Size([1, 3, 127, 127])
torch.Size([1, 3, 127, 127])
merged size without overlap : 14 14 192
Merged: torch.Size([1, 192, 14, 14])
torch.Size([1, 192, 8, 8])
torch.Size([1, 192, 8, 8])
torch.Size([1, 192, 8, 8])
torch.Size([1, 192, 8, 8])
merged size without overlap : 6 6 256
Merged: torch.Size([1, 256, 6, 6])
torch.Size([1, 1000])
Poll Time: 1.167922579000333
Layer Times: [0.08506433699994886, 0.1669588930003556, 0.9158993490000285]
Store Push Time: 0.07751662799910264
Store Pull Time: 1.151961780005422
Merge Time: 0.001442307000161236
Split Time: 0.0003260909998061834
Time: 1.719786154999838
