torch.Size([1, 3, 127, 127])
torch.Size([1, 3, 127, 127])
torch.Size([1, 3, 127, 127])
torch.Size([1, 3, 127, 127])
merged size without overlap : 14 14 192
Merged: torch.Size([1, 192, 14, 14])
torch.Size([1, 192, 8, 8])
torch.Size([1, 192, 8, 8])
torch.Size([1, 192, 8, 8])
torch.Size([1, 192, 8, 8])
merged size without overlap : 6 6 256
Merged: torch.Size([1, 256, 6, 6])
torch.Size([1, 1000])
Poll Time: 0.9702024199996231
Layer Times: [0.08488802400006534, 0.08549139099977765, 0.7998230049997801]
Store Push Time: 0.062433199000224704
Store Pull Time: 0.9610251629906088
Merge Time: 0.000998214000446751
Split Time: 0.00021815699983562808
Time: 1.9046849569999722
