torch.Size([1, 3, 127, 127])
torch.Size([1, 3, 127, 127])
torch.Size([1, 3, 127, 127])
torch.Size([1, 3, 127, 127])
merged size without overlap : 14 14 192
Merged: torch.Size([1, 192, 14, 14])
torch.Size([1, 192, 8, 8])
torch.Size([1, 192, 8, 8])
torch.Size([1, 192, 8, 8])
torch.Size([1, 192, 8, 8])
merged size without overlap : 6 6 256
Merged: torch.Size([1, 256, 6, 6])
torch.Size([1, 1000])
Poll Time: 0.9538221640000302
Layer Times: [0.0699534980003591, 0.10546401499959757, 0.7784046510000735]
Store Push Time: 0.042075827999724424
Store Pull Time: 0.9398485989936489
Merge Time: 0.0021234880000520207
Split Time: 0.0003054110002267407
Time: 1.3625635819998934
