torch.Size([1, 3, 127, 127])
torch.Size([1, 3, 127, 127])
torch.Size([1, 3, 127, 127])
torch.Size([1, 3, 127, 127])
merged size without overlap : 14 14 192
Merged: torch.Size([1, 192, 14, 14])
torch.Size([1, 192, 8, 8])
torch.Size([1, 192, 8, 8])
torch.Size([1, 192, 8, 8])
torch.Size([1, 192, 8, 8])
merged size without overlap : 6 6 256
Merged: torch.Size([1, 256, 6, 6])
torch.Size([1, 1000])
Poll Time: 2.4858544129997426
Layer Times: [0.06641774399986389, 0.08708567000030598, 2.3323509989995728]
Store Push Time: 0.06109236200018131
Store Pull Time: 2.4608672339954865
Merge Time: 0.0007636720001755748
Split Time: 0.00020724200021504657
Time: 3.022861120000016
