torch.Size([1, 3, 127, 127])
torch.Size([1, 3, 127, 127])
torch.Size([1, 3, 127, 127])
torch.Size([1, 3, 127, 127])
merged size without overlap : 14 14 192
Merged: torch.Size([1, 192, 14, 14])
torch.Size([1, 192, 8, 8])
torch.Size([1, 192, 8, 8])
torch.Size([1, 192, 8, 8])
torch.Size([1, 192, 8, 8])
merged size without overlap : 6 6 256
Merged: torch.Size([1, 256, 6, 6])
torch.Size([1, 1000])
Poll Time: 2.5769150199998876
Layer Times: [0.07162732400001914, 0.10893927899996925, 2.396348416999899]
Store Push Time: 0.048995116000696726
Store Pull Time: 2.548672672004159
Merge Time: 0.0008486450001328194
Split Time: 0.0002163630001632555
Time: 3.085270262999984
