torch.Size([1, 3, 127, 127])
torch.Size([1, 3, 127, 127])
torch.Size([1, 3, 127, 127])
torch.Size([1, 3, 127, 127])
merged size without overlap : 14 14 192
Merged: torch.Size([1, 192, 14, 14])
torch.Size([1, 192, 8, 8])
torch.Size([1, 192, 8, 8])
torch.Size([1, 192, 8, 8])
torch.Size([1, 192, 8, 8])
merged size without overlap : 6 6 256
Merged: torch.Size([1, 256, 6, 6])
torch.Size([1, 1000])
Poll Time: 0.9510445490000166
Layer Times: [0.084544592000384, 0.09993330999986938, 0.7665666469997632]
Store Push Time: 0.07707797800048866
Store Pull Time: 0.9385640779946698
Merge Time: 0.000822879999759607
Split Time: 0.00022231299999475596
Time: 1.544195162000051
