torch.Size([1, 3, 127, 127])
torch.Size([1, 3, 127, 127])
torch.Size([1, 3, 127, 127])
torch.Size([1, 3, 127, 127])
merged size without overlap : 14 14 192
Merged: torch.Size([1, 192, 14, 14])
torch.Size([1, 192, 8, 8])
torch.Size([1, 192, 8, 8])
torch.Size([1, 192, 8, 8])
torch.Size([1, 192, 8, 8])
merged size without overlap : 6 6 256
Merged: torch.Size([1, 256, 6, 6])
torch.Size([1, 1000])
Poll Time: 0.9074498540001059
Layer Times: [0.06514078800000789, 0.07530254100015554, 0.7670065249999425]
Store Push Time: 0.04453898799988565
Store Pull Time: 0.8921870579968072
Merge Time: 0.0007523859999309934
Split Time: 0.00020321000010881107
Time: 1.2175474470000154
