torch.Size([1, 3, 127, 127])
torch.Size([1, 3, 127, 127])
torch.Size([1, 3, 127, 127])
torch.Size([1, 3, 127, 127])
merged size without overlap : 14 14 192
Merged: torch.Size([1, 192, 14, 14])
torch.Size([1, 192, 8, 8])
torch.Size([1, 192, 8, 8])
torch.Size([1, 192, 8, 8])
torch.Size([1, 192, 8, 8])
merged size without overlap : 6 6 256
Merged: torch.Size([1, 256, 6, 6])
torch.Size([1, 1000])
Poll Time: 0.9320416139998997
Layer Times: [0.0864357939999536, 0.07600745599984293, 0.7695983640001032]
Store Push Time: 0.033019403999787755
Store Pull Time: 0.9177928389992758
Merge Time: 0.0008302310000090074
Split Time: 0.00022739499991075718
Time: 1.2227580339999804
