torch.Size([1, 3, 127, 127])
torch.Size([1, 3, 127, 127])
torch.Size([1, 3, 127, 127])
torch.Size([1, 3, 127, 127])
merged size without overlap : 14 14 192
Merged: torch.Size([1, 192, 14, 14])
torch.Size([1, 192, 8, 8])
torch.Size([1, 192, 8, 8])
torch.Size([1, 192, 8, 8])
torch.Size([1, 192, 8, 8])
merged size without overlap : 6 6 256
Merged: torch.Size([1, 256, 6, 6])
torch.Size([1, 1000])
Poll Time: 0.9203644709998571
Layer Times: [0.07511042200007978, 0.08130809399995087, 0.7639459549998264]
Store Push Time: 0.03308672500020293
Store Pull Time: 0.904057213995884
Merge Time: 0.0008943510001699906
Split Time: 0.00021739899989370315
Time: 1.2162198759999683
