torch.Size([1, 3, 127, 127])
torch.Size([1, 3, 127, 127])
torch.Size([1, 3, 127, 127])
torch.Size([1, 3, 127, 127])
merged size without overlap : 14 14 192
Merged: torch.Size([1, 192, 14, 14])
torch.Size([1, 192, 8, 8])
torch.Size([1, 192, 8, 8])
torch.Size([1, 192, 8, 8])
torch.Size([1, 192, 8, 8])
merged size without overlap : 6 6 256
Merged: torch.Size([1, 256, 6, 6])
torch.Size([1, 1000])
Poll Time: 0.9191163010002583
Layer Times: [0.06637745400007589, 0.07804126100018038, 0.774697586000002]
Store Push Time: 0.032987885000011374
Store Pull Time: 0.9019814719899841
Merge Time: 0.0009150829998816334
Split Time: 0.00023624999994353857
Time: 1.2015697110000474
