torch.Size([1, 3, 127, 127])
torch.Size([1, 3, 127, 127])
torch.Size([1, 3, 127, 127])
torch.Size([1, 3, 127, 127])
merged size without overlap : 14 14 192
Merged: torch.Size([1, 192, 14, 14])
torch.Size([1, 192, 8, 8])
torch.Size([1, 192, 8, 8])
torch.Size([1, 192, 8, 8])
torch.Size([1, 192, 8, 8])
merged size without overlap : 6 6 256
Merged: torch.Size([1, 256, 6, 6])
torch.Size([1, 1000])
Poll Time: 0.9515664440000364
Layer Times: [0.10900962100004108, 0.07908565299999282, 0.7634711700000025]
Store Push Time: 0.23954596799990213
Store Pull Time: 0.9349023549989397
Merge Time: 0.000969747999761239
Split Time: 0.00022088299988354265
Time: 1.4509175789999063
