torch.Size([1, 3, 127, 127])
torch.Size([1, 3, 127, 127])
torch.Size([1, 3, 127, 127])
torch.Size([1, 3, 127, 127])
merged size without overlap : 14 14 192
Merged: torch.Size([1, 192, 14, 14])
torch.Size([1, 192, 8, 8])
torch.Size([1, 192, 8, 8])
torch.Size([1, 192, 8, 8])
torch.Size([1, 192, 8, 8])
merged size without overlap : 6 6 256
Merged: torch.Size([1, 256, 6, 6])
torch.Size([1, 1000])
Poll Time: 0.9359102060000168
Layer Times: [0.07408753599997908, 0.0736875190000319, 0.7881351510000059]
Store Push Time: 0.049189577999754874
Store Pull Time: 0.9236529039984589
Merge Time: 0.0008214719999841691
Split Time: 0.00021046699998805707
Time: 1.279905613999972
