torch.Size([1, 3, 127, 127])
torch.Size([1, 3, 127, 127])
torch.Size([1, 3, 127, 127])
torch.Size([1, 3, 127, 127])
merged size without overlap : 14 14 192
Merged: torch.Size([1, 192, 14, 14])
torch.Size([1, 192, 8, 8])
torch.Size([1, 192, 8, 8])
torch.Size([1, 192, 8, 8])
torch.Size([1, 192, 8, 8])
merged size without overlap : 6 6 256
Merged: torch.Size([1, 256, 6, 6])
torch.Size([1, 1000])
Poll Time: 0.9097995380000157
Layer Times: [0.07058928600008585, 0.07221269399997254, 0.7669975579999573]
Store Push Time: 0.27840815600006863
Store Pull Time: 0.8928142160027619
Merge Time: 0.0010542729999087896
Split Time: 0.00022788699993725459
Time: 1.438992596000162
