torch.Size([1, 3, 127, 127])
torch.Size([1, 3, 127, 127])
torch.Size([1, 3, 127, 127])
torch.Size([1, 3, 127, 127])
merged size without overlap : 14 14 192
Merged: torch.Size([1, 192, 14, 14])
torch.Size([1, 192, 8, 8])
torch.Size([1, 192, 8, 8])
torch.Size([1, 192, 8, 8])
torch.Size([1, 192, 8, 8])
merged size without overlap : 6 6 256
Merged: torch.Size([1, 256, 6, 6])
torch.Size([1, 1000])
Poll Time: 0.992972155999837
Layer Times: [0.13866280699994604, 0.08656684599998243, 0.7677425029999085]
Store Push Time: 0.03449210299982042
Store Pull Time: 0.9798105839996651
Merge Time: 0.0008607649999703426
Split Time: 0.0002289129998871431
Time: 1.262470666000013
