torch.Size([1, 3, 127, 127])
torch.Size([1, 3, 127, 127])
torch.Size([1, 3, 127, 127])
torch.Size([1, 3, 127, 127])
merged size without overlap : 14 14 192
Merged: torch.Size([1, 192, 14, 14])
torch.Size([1, 192, 8, 8])
torch.Size([1, 192, 8, 8])
torch.Size([1, 192, 8, 8])
torch.Size([1, 192, 8, 8])
merged size without overlap : 6 6 256
Merged: torch.Size([1, 256, 6, 6])
torch.Size([1, 1000])
Poll Time: 0.9426794010000776
Layer Times: [0.0742327310000519, 0.08959100399999897, 0.7788556660000268]
Store Push Time: 0.035035581999977694
Store Pull Time: 0.9333432059976303
Merge Time: 0.0008608129999174707
Split Time: 0.0002380480000283569
Time: 1.2638948449999816
