torch.Size([1, 3, 127, 127])
torch.Size([1, 3, 127, 127])
torch.Size([1, 3, 127, 127])
torch.Size([1, 3, 127, 127])
merged size without overlap : 14 14 192
Merged: torch.Size([1, 192, 14, 14])
torch.Size([1, 192, 8, 8])
torch.Size([1, 192, 8, 8])
torch.Size([1, 192, 8, 8])
torch.Size([1, 192, 8, 8])
merged size without overlap : 6 6 256
Merged: torch.Size([1, 256, 6, 6])
torch.Size([1, 1000])
Poll Time: 0.9603201719999106
Layer Times: [0.09064822699997421, 0.0740300089998982, 0.7956419360000382]
Store Push Time: 0.03287397100007183
Store Pull Time: 0.9447431369919741
Merge Time: 0.0008011910001641809
Split Time: 0.00024999799984470883
Time: 1.2642631100000017
