torch.Size([1, 3, 127, 127])
torch.Size([1, 3, 127, 127])
torch.Size([1, 3, 127, 127])
torch.Size([1, 3, 127, 127])
merged size without overlap : 14 14 192
Merged: torch.Size([1, 192, 14, 14])
torch.Size([1, 192, 8, 8])
torch.Size([1, 192, 8, 8])
torch.Size([1, 192, 8, 8])
torch.Size([1, 192, 8, 8])
merged size without overlap : 6 6 256
Merged: torch.Size([1, 256, 6, 6])
torch.Size([1, 1000])
Poll Time: 1.0720748979999826
Layer Times: [0.08301500100014891, 0.08378832199991848, 0.9052715749999152]
Store Push Time: 0.03298478100032298
Store Pull Time: 1.0528464199974223
Merge Time: 0.0008103459999801998
Split Time: 0.00023464199989575718
Time: 1.3711700240000937
