torch.Size([1, 3, 127, 127])
torch.Size([1, 3, 127, 127])
torch.Size([1, 3, 127, 127])
torch.Size([1, 3, 127, 127])
merged size without overlap : 14 14 192
Merged: torch.Size([1, 192, 14, 14])
torch.Size([1, 192, 8, 8])
torch.Size([1, 192, 8, 8])
torch.Size([1, 192, 8, 8])
torch.Size([1, 192, 8, 8])
merged size without overlap : 6 6 256
Merged: torch.Size([1, 256, 6, 6])
torch.Size([1, 1000])
Poll Time: 0.920498587999873
Layer Times: [0.052622548000044844, 0.08445150499983356, 0.7834245349999946]
Store Push Time: 0.03467702899979486
Store Pull Time: 0.9053834059996007
Merge Time: 0.0009699719998934597
Split Time: 0.000262008999925456
Time: 1.2416344480000134
