torch.Size([1, 3, 127, 127])
torch.Size([1, 3, 127, 127])
torch.Size([1, 3, 127, 127])
torch.Size([1, 3, 127, 127])
merged size without overlap : 14 14 192
Merged: torch.Size([1, 192, 14, 14])
torch.Size([1, 192, 8, 8])
torch.Size([1, 192, 8, 8])
torch.Size([1, 192, 8, 8])
torch.Size([1, 192, 8, 8])
merged size without overlap : 6 6 256
Merged: torch.Size([1, 256, 6, 6])
torch.Size([1, 1000])
Poll Time: 0.9049275160002708
Layer Times: [0.058799915000008696, 0.07228220900015003, 0.773845392000112]
Store Push Time: 0.048781559999497404
Store Pull Time: 0.8885080429995469
Merge Time: 0.0010721129999637924
Split Time: 0.00024250799992842076
Time: 1.2065528690000065
