torch.Size([1, 3, 127, 127])
torch.Size([1, 3, 127, 127])
torch.Size([1, 3, 127, 127])
torch.Size([1, 3, 127, 127])
merged size without overlap : 14 14 192
Merged: torch.Size([1, 192, 14, 14])
torch.Size([1, 192, 8, 8])
torch.Size([1, 192, 8, 8])
torch.Size([1, 192, 8, 8])
torch.Size([1, 192, 8, 8])
merged size without overlap : 6 6 256
Merged: torch.Size([1, 256, 6, 6])
torch.Size([1, 1000])
Poll Time: 0.9189280769999186
Layer Times: [0.05995150600006127, 0.0808444019999115, 0.7781321689999459]
Store Push Time: 0.03212861100041664
Store Pull Time: 0.9029536029977407
Merge Time: 0.0007092019998253818
Split Time: 0.00024086600001282932
Time: 1.16524101899995
