torch.Size([1, 3, 127, 127])
torch.Size([1, 3, 127, 127])
torch.Size([1, 3, 127, 127])
torch.Size([1, 3, 127, 127])
merged size without overlap : 14 14 192
Merged: torch.Size([1, 192, 14, 14])
torch.Size([1, 192, 8, 8])
torch.Size([1, 192, 8, 8])
torch.Size([1, 192, 8, 8])
torch.Size([1, 192, 8, 8])
merged size without overlap : 6 6 256
Merged: torch.Size([1, 256, 6, 6])
torch.Size([1, 1000])
Poll Time: 1.0470074189997831
Layer Times: [0.059139404000006834, 0.07641978299989205, 0.9114482319998842]
Store Push Time: 0.046616982000159624
Store Pull Time: 1.02907184099422
Merge Time: 0.0008619220000127825
Split Time: 0.0002849749998858897
Time: 1.335388236000199
