torch.Size([1, 3, 127, 127])
torch.Size([1, 3, 127, 127])
torch.Size([1, 3, 127, 127])
torch.Size([1, 3, 127, 127])
merged size without overlap : 14 14 192
Merged: torch.Size([1, 192, 14, 14])
torch.Size([1, 192, 8, 8])
torch.Size([1, 192, 8, 8])
torch.Size([1, 192, 8, 8])
torch.Size([1, 192, 8, 8])
merged size without overlap : 6 6 256
Merged: torch.Size([1, 256, 6, 6])
torch.Size([1, 1000])
Poll Time: 1.1020829050000884
Layer Times: [0.06457225899998775, 0.07996073399999659, 0.9575499120001041]
Store Push Time: 0.04643726399967818
Store Pull Time: 1.0832931679933608
Merge Time: 0.0009235220002210554
Split Time: 0.0003116200000476965
Time: 1.4521934800000054
