torch.Size([1, 3, 127, 127])
torch.Size([1, 3, 127, 127])
torch.Size([1, 3, 127, 127])
torch.Size([1, 3, 127, 127])
merged size without overlap : 14 14 192
Merged: torch.Size([1, 192, 14, 14])
torch.Size([1, 192, 8, 8])
torch.Size([1, 192, 8, 8])
torch.Size([1, 192, 8, 8])
torch.Size([1, 192, 8, 8])
merged size without overlap : 6 6 256
Merged: torch.Size([1, 256, 6, 6])
torch.Size([1, 1000])
Poll Time: 0.9060929350000606
Layer Times: [0.06342219500015744, 0.07582243799993194, 0.7668483019999712]
Store Push Time: 0.032954916999869965
Store Pull Time: 0.8914120410088344
Merge Time: 0.0007611119999637594
Split Time: 0.000209391999987929
Time: 1.171230659999992
