torch.Size([1, 3, 127, 127])
torch.Size([1, 3, 127, 127])
torch.Size([1, 3, 127, 127])
torch.Size([1, 3, 127, 127])
merged size without overlap : 14 14 192
Merged: torch.Size([1, 192, 14, 14])
torch.Size([1, 192, 8, 8])
torch.Size([1, 192, 8, 8])
torch.Size([1, 192, 8, 8])
torch.Size([1, 192, 8, 8])
merged size without overlap : 6 6 256
Merged: torch.Size([1, 256, 6, 6])
torch.Size([1, 1000])
Poll Time: 0.91393390799999
Layer Times: [0.07134411199990609, 0.07470220599998356, 0.7678875900001003]
Store Push Time: 0.05293808700025693
Store Pull Time: 0.8976064330072404
Merge Time: 0.0009437290000278153
Split Time: 0.00021617400011564314
Time: 1.2402558090000184
