torch.Size([1, 3, 127, 127])
torch.Size([1, 3, 127, 127])
torch.Size([1, 3, 127, 127])
torch.Size([1, 3, 127, 127])
merged size without overlap : 14 14 192
Merged: torch.Size([1, 192, 14, 14])
torch.Size([1, 192, 8, 8])
torch.Size([1, 192, 8, 8])
torch.Size([1, 192, 8, 8])
torch.Size([1, 192, 8, 8])
merged size without overlap : 6 6 256
Merged: torch.Size([1, 256, 6, 6])
torch.Size([1, 1000])
Poll Time: 0.9512948349997714
Layer Times: [0.0686417160000019, 0.0707539469999574, 0.8118991719998121]
Store Push Time: 0.032324501999710264
Store Pull Time: 0.933342611999251
Merge Time: 0.0007457100000465289
Split Time: 0.00020140700007686974
Time: 1.2441215090000242
