torch.Size([1, 3, 127, 127])
torch.Size([1, 3, 127, 127])
torch.Size([1, 3, 127, 127])
torch.Size([1, 3, 127, 127])
merged size without overlap : 14 14 192
Merged: torch.Size([1, 192, 14, 14])
torch.Size([1, 192, 8, 8])
torch.Size([1, 192, 8, 8])
torch.Size([1, 192, 8, 8])
torch.Size([1, 192, 8, 8])
merged size without overlap : 6 6 256
Merged: torch.Size([1, 256, 6, 6])
torch.Size([1, 1000])
Poll Time: 1.9053345949998857
Layer Times: [0.07380922499999087, 0.11185476599996491, 1.7196706039999299]
Store Push Time: 0.035000674000116305
Store Pull Time: 1.8507955789981452
Merge Time: 0.0016752820000647262
Split Time: 0.0002164830000310758
Time: 2.3620951030000015
