torch.Size([1, 3, 127, 127])
torch.Size([1, 3, 127, 127])
torch.Size([1, 3, 127, 127])
torch.Size([1, 3, 127, 127])
merged size without overlap : 14 14 192
Merged: torch.Size([1, 192, 14, 14])
torch.Size([1, 192, 8, 8])
torch.Size([1, 192, 8, 8])
torch.Size([1, 192, 8, 8])
torch.Size([1, 192, 8, 8])
merged size without overlap : 6 6 256
Merged: torch.Size([1, 256, 6, 6])
torch.Size([1, 1000])
Poll Time: 0.9350321580000127
Layer Times: [0.07939564999992399, 0.08793250500002614, 0.7677040030000626]
Store Push Time: 0.032728819999647385
Store Pull Time: 0.9175029110122068
Merge Time: 0.0008109829998375062
Split Time: 0.0002395450001131394
Time: 1.1890575939999053
