torch.Size([1, 3, 127, 127])
torch.Size([1, 3, 127, 127])
torch.Size([1, 3, 127, 127])
torch.Size([1, 3, 127, 127])
merged size without overlap : 14 14 192
Merged: torch.Size([1, 192, 14, 14])
torch.Size([1, 192, 8, 8])
torch.Size([1, 192, 8, 8])
torch.Size([1, 192, 8, 8])
torch.Size([1, 192, 8, 8])
merged size without overlap : 6 6 256
Merged: torch.Size([1, 256, 6, 6])
torch.Size([1, 1000])
Poll Time: 0.9424016480001001
Layer Times: [0.08722401199997876, 0.08484797100004471, 0.7703296650000766]
Store Push Time: 0.040238816999703886
Store Pull Time: 0.9182062369998221
Merge Time: 0.001159608999955708
Split Time: 0.00027590399997734494
Time: 1.3499673320000056
