torch.Size([1, 3, 127, 127])
torch.Size([1, 3, 127, 127])
torch.Size([1, 3, 127, 127])
torch.Size([1, 3, 127, 127])
merged size without overlap : 14 14 192
Merged: torch.Size([1, 192, 14, 14])
torch.Size([1, 192, 8, 8])
torch.Size([1, 192, 8, 8])
torch.Size([1, 192, 8, 8])
torch.Size([1, 192, 8, 8])
merged size without overlap : 6 6 256
Merged: torch.Size([1, 256, 6, 6])
torch.Size([1, 1000])
Poll Time: 0.8928132010000809
Layer Times: [0.05870488400000795, 0.06683238700020411, 0.7672759299998688]
Store Push Time: 0.10122672599982252
Store Pull Time: 0.8769621620083399
Merge Time: 0.0009885340000437282
Split Time: 0.00028183500012346485
Time: 1.2502161009999782
