torch.Size([1, 3, 127, 127])
torch.Size([1, 3, 127, 127])
torch.Size([1, 3, 127, 127])
torch.Size([1, 3, 127, 127])
merged size without overlap : 14 14 192
Merged: torch.Size([1, 192, 14, 14])
torch.Size([1, 192, 8, 8])
torch.Size([1, 192, 8, 8])
torch.Size([1, 192, 8, 8])
torch.Size([1, 192, 8, 8])
merged size without overlap : 6 6 256
Merged: torch.Size([1, 256, 6, 6])
torch.Size([1, 1000])
Poll Time: 1.0465355390003879
Layer Times: [0.055115743000214934, 0.08111476700014464, 0.9103050290000283]
Store Push Time: 0.03279745999975603
Store Pull Time: 1.0279658430074505
Merge Time: 0.0007757539999602159
Split Time: 0.00028897900006086275
Time: 1.3582807909999701
