torch.Size([1, 3, 127, 127])
torch.Size([1, 3, 127, 127])
torch.Size([1, 3, 127, 127])
torch.Size([1, 3, 127, 127])
merged size without overlap : 14 14 192
Merged: torch.Size([1, 192, 14, 14])
torch.Size([1, 192, 8, 8])
torch.Size([1, 192, 8, 8])
torch.Size([1, 192, 8, 8])
torch.Size([1, 192, 8, 8])
merged size without overlap : 6 6 256
Merged: torch.Size([1, 256, 6, 6])
torch.Size([1, 1000])
Poll Time: 0.9607756299999437
Layer Times: [0.08265171500011093, 0.09026909499993963, 0.7878548199998932]
Store Push Time: 0.04872200000022531
Store Pull Time: 0.9440328629930264
Merge Time: 0.0009415519998583477
Split Time: 0.0003073180000683351
Time: 1.2898828360000607
