torch.Size([1, 3, 127, 127])
torch.Size([1, 3, 127, 127])
torch.Size([1, 3, 127, 127])
torch.Size([1, 3, 127, 127])
merged size without overlap : 14 14 192
Merged: torch.Size([1, 192, 14, 14])
torch.Size([1, 192, 8, 8])
torch.Size([1, 192, 8, 8])
torch.Size([1, 192, 8, 8])
torch.Size([1, 192, 8, 8])
merged size without overlap : 6 6 256
Merged: torch.Size([1, 256, 6, 6])
torch.Size([1, 1000])
Poll Time: 0.928266868999799
Layer Times: [0.08452368600001137, 0.08281477299988182, 0.7609284099999059]
Store Push Time: 0.03281091799976821
Store Pull Time: 0.9134118710144321
Merge Time: 0.0007787129998177988
Split Time: 0.00021645200013153953
Time: 1.1994753480000782
