torch.Size([1, 3, 127, 127])
torch.Size([1, 3, 127, 127])
torch.Size([1, 3, 127, 127])
torch.Size([1, 3, 127, 127])
merged size without overlap : 14 14 192
Merged: torch.Size([1, 192, 14, 14])
torch.Size([1, 192, 8, 8])
torch.Size([1, 192, 8, 8])
torch.Size([1, 192, 8, 8])
torch.Size([1, 192, 8, 8])
merged size without overlap : 6 6 256
Merged: torch.Size([1, 256, 6, 6])
torch.Size([1, 1000])
Poll Time: 0.9692661640001461
Layer Times: [0.1257792700000664, 0.07909028299991405, 0.7643966110001656]
Store Push Time: 0.03223749799985853
Store Pull Time: 0.9528331479993994
Merge Time: 0.0008424700001796737
Split Time: 0.00020851800013588218
Time: 1.2624815690001014
