torch.Size([1, 3, 127, 127])
torch.Size([1, 3, 127, 127])
torch.Size([1, 3, 127, 127])
torch.Size([1, 3, 127, 127])
merged size without overlap : 14 14 192
Merged: torch.Size([1, 192, 14, 14])
torch.Size([1, 192, 8, 8])
torch.Size([1, 192, 8, 8])
torch.Size([1, 192, 8, 8])
torch.Size([1, 192, 8, 8])
merged size without overlap : 6 6 256
Merged: torch.Size([1, 256, 6, 6])
torch.Size([1, 1000])
Poll Time: 1.1472809839999627
Layer Times: [0.13103950200002146, 0.07798907300002611, 0.9382524089999151]
Store Push Time: 0.034020983999653254
Store Pull Time: 1.1270236760010448
Merge Time: 0.0008112769999115699
Split Time: 0.000275288000011642
Time: 1.445915967000019
