torch.Size([1, 3, 127, 127])
torch.Size([1, 3, 127, 127])
torch.Size([1, 3, 127, 127])
torch.Size([1, 3, 127, 127])
merged size without overlap : 14 14 192
Merged: torch.Size([1, 192, 14, 14])
torch.Size([1, 192, 8, 8])
torch.Size([1, 192, 8, 8])
torch.Size([1, 192, 8, 8])
torch.Size([1, 192, 8, 8])
merged size without overlap : 6 6 256
Merged: torch.Size([1, 256, 6, 6])
torch.Size([1, 1000])
Poll Time: 1.9474712459999637
Layer Times: [0.08754441899998255, 0.13283178300002874, 1.7270950439999524]
Store Push Time: 0.03157537499987484
Store Pull Time: 1.9146163760002537
Merge Time: 0.0008062760000484559
Split Time: 0.0002271740000878708
Time: 2.303865996000013
