torch.Size([1, 3, 127, 127])
torch.Size([1, 3, 127, 127])
torch.Size([1, 3, 127, 127])
torch.Size([1, 3, 127, 127])
merged size without overlap : 14 14 192
Merged: torch.Size([1, 192, 14, 14])
torch.Size([1, 192, 8, 8])
torch.Size([1, 192, 8, 8])
torch.Size([1, 192, 8, 8])
torch.Size([1, 192, 8, 8])
merged size without overlap : 6 6 256
Merged: torch.Size([1, 256, 6, 6])
torch.Size([1, 1000])
Poll Time: 0.9128633620000528
Layer Times: [0.06394255200007137, 0.0855496949998269, 0.7633711150001545]
Store Push Time: 0.046791052000116906
Store Pull Time: 0.8971770710043074
Merge Time: 0.000729142000182037
Split Time: 0.00021347599999899103
Time: 1.2043848470000285
