torch.Size([1, 3, 127, 127])
torch.Size([1, 3, 127, 127])
torch.Size([1, 3, 127, 127])
torch.Size([1, 3, 127, 127])
merged size without overlap : 14 14 192
Merged: torch.Size([1, 192, 14, 14])
torch.Size([1, 192, 8, 8])
torch.Size([1, 192, 8, 8])
torch.Size([1, 192, 8, 8])
torch.Size([1, 192, 8, 8])
merged size without overlap : 6 6 256
Merged: torch.Size([1, 256, 6, 6])
torch.Size([1, 1000])
Poll Time: 0.9003552920000857
Layer Times: [0.05656336800007011, 0.08115276299986363, 0.7626391610001519]
Store Push Time: 0.03295587499997055
Store Pull Time: 0.8858413439972992
Merge Time: 0.000796705999846381
Split Time: 0.00022216399997887493
Time: 1.2085055090001333
