torch.Size([1, 3, 127, 127])
torch.Size([1, 3, 127, 127])
torch.Size([1, 3, 127, 127])
torch.Size([1, 3, 127, 127])
merged size without overlap : 14 14 192
Merged: torch.Size([1, 192, 14, 14])
torch.Size([1, 192, 8, 8])
torch.Size([1, 192, 8, 8])
torch.Size([1, 192, 8, 8])
torch.Size([1, 192, 8, 8])
merged size without overlap : 6 6 256
Merged: torch.Size([1, 256, 6, 6])
torch.Size([1, 1000])
Poll Time: 1.0912771460000386
Layer Times: [0.06734238200010623, 0.07644249100007983, 0.9474922729998525]
Store Push Time: 0.033098618999929386
Store Pull Time: 1.0735688420079441
Merge Time: 0.0007164229998579685
Split Time: 0.00020383500009302224
Time: 1.361919096000065
