torch.Size([1, 3, 127, 127])
torch.Size([1, 3, 127, 127])
torch.Size([1, 3, 127, 127])
torch.Size([1, 3, 127, 127])
merged size without overlap : 14 14 192
Merged: torch.Size([1, 192, 14, 14])
torch.Size([1, 192, 8, 8])
torch.Size([1, 192, 8, 8])
torch.Size([1, 192, 8, 8])
torch.Size([1, 192, 8, 8])
merged size without overlap : 6 6 256
Merged: torch.Size([1, 256, 6, 6])
torch.Size([1, 1000])
Poll Time: 0.9160179989999051
Layer Times: [0.06774455100003252, 0.08392031399989719, 0.7643531339999754]
Store Push Time: 0.03359639799987235
Store Pull Time: 0.9002887869926326
Merge Time: 0.000714268999900014
Split Time: 0.00030076999996708764
Time: 1.2080728019998332
