torch.Size([1, 3, 127, 127])
torch.Size([1, 3, 127, 127])
torch.Size([1, 3, 127, 127])
torch.Size([1, 3, 127, 127])
merged size without overlap : 14 14 192
Merged: torch.Size([1, 192, 14, 14])
torch.Size([1, 192, 8, 8])
torch.Size([1, 192, 8, 8])
torch.Size([1, 192, 8, 8])
torch.Size([1, 192, 8, 8])
merged size without overlap : 6 6 256
Merged: torch.Size([1, 256, 6, 6])
Waiting for key data/img_74
Rerunning data/img_74...
Waiting for key data/img_74
Rerunning data/img_74...
Waiting for key data/img_74
Rerunning data/img_74...
Waiting for key data/img_74
Rerunning data/img_74...
Waiting for key data/img_74
Rerunning data/img_74...
Waiting for key data/img_74
Rerunning data/img_74...
Waiting for key data/img_74
Rerunning data/img_74...
Waiting for key data/img_74
Rerunning data/img_74...
Waiting for key data/img_74
Rerunning data/img_74...
Waiting for key data/img_74
Rerunning data/img_74...
Waiting for key data/img_74
Rerunning data/img_74...
Waiting for key data/img_74
Rerunning data/img_74...
Waiting for key data/img_74
Rerunning data/img_74...
Waiting for key data/img_74
Rerunning data/img_74...
Waiting for key data/img_74
Rerunning data/img_74...
Waiting for key data/img_74
Rerunning data/img_74...
Waiting for key data/img_74
Rerunning data/img_74...
Waiting for key data/img_74
Rerunning data/img_74...
Waiting for key data/img_74
Rerunning data/img_74...
Waiting for key data/img_74
Rerunning data/img_74...
Waiting for key data/img_74
Rerunning data/img_74...
Waiting for key data/img_74
Rerunning data/img_74...
Waiting for key data/img_74
Rerunning data/img_74...
Waiting for key data/img_74
Rerunning data/img_74...
Waiting for key data/img_74
Rerunning data/img_74...
Waiting for key data/img_74
Rerunning data/img_74...
Waiting for key data/img_74
Rerunning data/img_74...
Waiting for key data/img_74
Rerunning data/img_74...
Waiting for key data/img_74
Rerunning data/img_74...
Waiting for key data/img_74
Rerunning data/img_74...
Waiting for key data/img_74
Rerunning data/img_74...
Waiting for key data/img_74
Rerunning data/img_74...
Waiting for key data/img_74
Rerunning data/img_74...
Waiting for key data/img_74
Rerunning data/img_74...
Waiting for key data/img_74
Rerunning data/img_74...
Waiting for key data/img_74
Rerunning data/img_74...
Waiting for key data/img_74
Rerunning data/img_74...
Waiting for key data/img_74
Rerunning data/img_74...
Waiting for key data/img_74
Rerunning data/img_74...
Waiting for key data/img_74
Rerunning data/img_74...
Waiting for key data/img_74
Rerunning data/img_74...
Waiting for key data/img_74
Rerunning data/img_74...
Waiting for key data/img_74
Rerunning data/img_74...
torch.Size([1, 1000])
Poll Time: 81.43581963199972
Layer Times: [0.06603429300002972, 0.08713111699989895, 81.28265422199979]
Store Push Time: 0.07150687199964523
Store Pull Time: 78.66134153403732
Merge Time: 0.0012065969997365755
Split Time: 0.00025245699998777127
Time: 81.760447204
