torch.Size([1, 3, 127, 127])
torch.Size([1, 3, 127, 127])
torch.Size([1, 3, 127, 127])
torch.Size([1, 3, 127, 127])
merged size without overlap : 14 14 192
Merged: torch.Size([1, 192, 14, 14])
torch.Size([1, 192, 8, 8])
torch.Size([1, 192, 8, 8])
torch.Size([1, 192, 8, 8])
torch.Size([1, 192, 8, 8])
merged size without overlap : 6 6 256
Merged: torch.Size([1, 256, 6, 6])
torch.Size([1, 1000])
Poll Time: 0.9676131109999915
Layer Times: [0.07869268700005705, 0.08535624000001008, 0.8035641839999244]
Store Push Time: 0.033498954999458874
Store Pull Time: 0.950902061000761
Merge Time: 0.0009896829999433976
Split Time: 0.0002466489997914323
Time: 1.2716263209999852
