torch.Size([1, 3, 127, 127])
torch.Size([1, 3, 127, 127])
torch.Size([1, 3, 127, 127])
torch.Size([1, 3, 127, 127])
merged size without overlap : 14 14 192
Merged: torch.Size([1, 192, 14, 14])
torch.Size([1, 192, 8, 8])
torch.Size([1, 192, 8, 8])
torch.Size([1, 192, 8, 8])
torch.Size([1, 192, 8, 8])
merged size without overlap : 6 6 256
Merged: torch.Size([1, 256, 6, 6])
Waiting for key data/img_1684
Rerunning data/img_1684...
Waiting for key data/img_1684
Rerunning data/img_1684...
Waiting for key data/img_1684
Rerunning data/img_1684...
Waiting for key data/img_1684
Rerunning data/img_1684...
Waiting for key data/img_1684
Rerunning data/img_1684...
Waiting for key data/img_1684
Rerunning data/img_1684...
Waiting for key data/img_1684
Rerunning data/img_1684...
Waiting for key data/img_1684
Rerunning data/img_1684...
Waiting for key data/img_1684
Rerunning data/img_1684...
Waiting for key data/img_1684
Rerunning data/img_1684...
Waiting for key data/img_1684
Rerunning data/img_1684...
Waiting for key data/img_1684
Rerunning data/img_1684...
Waiting for key data/img_1684
Rerunning data/img_1684...
Waiting for key data/img_1684
Rerunning data/img_1684...
Waiting for key data/img_1684
Rerunning data/img_1684...
Waiting for key data/img_1684
Rerunning data/img_1684...
Waiting for key data/img_1684
Rerunning data/img_1684...
Waiting for key data/img_1684
Rerunning data/img_1684...
Waiting for key data/img_1684
Rerunning data/img_1684...
Waiting for key data/img_1684
Rerunning data/img_1684...
Waiting for key data/img_1684
Rerunning data/img_1684...
Waiting for key data/img_1684
Rerunning data/img_1684...
Waiting for key data/img_1684
Rerunning data/img_1684...
Waiting for key data/img_1684
Rerunning data/img_1684...
Waiting for key data/img_1684
Rerunning data/img_1684...
Waiting for key data/img_1684
Rerunning data/img_1684...
Waiting for key data/img_1684
Rerunning data/img_1684...
Waiting for key data/img_1684
Rerunning data/img_1684...
Waiting for key data/img_1684
Rerunning data/img_1684...
Waiting for key data/img_1684
Rerunning data/img_1684...
Waiting for key data/img_1684
Rerunning data/img_1684...
Waiting for key data/img_1684
Rerunning data/img_1684...
Waiting for key data/img_1684
Rerunning data/img_1684...
Waiting for key data/img_1684
Rerunning data/img_1684...
Waiting for key data/img_1684
Rerunning data/img_1684...
Waiting for key data/img_1684
Rerunning data/img_1684...
Waiting for key data/img_1684
Rerunning data/img_1684...
Waiting for key data/img_1684
Rerunning data/img_1684...
Waiting for key data/img_1684
Rerunning data/img_1684...
Waiting for key data/img_1684
Rerunning data/img_1684...
Waiting for key data/img_1684
Rerunning data/img_1684...
Waiting for key data/img_1684
Rerunning data/img_1684...
torch.Size([1, 1000])
Poll Time: 79.50849475700011
Layer Times: [0.0748589020001873, 0.06973543300000529, 79.36390042199992]
Store Push Time: 0.03567119899980753
Store Pull Time: 76.965111382023
Merge Time: 0.0011112600000160455
Split Time: 0.00029644500000358676
Time: 79.82649650400003
