torch.Size([1, 3, 127, 127])
torch.Size([1, 3, 127, 127])
torch.Size([1, 3, 127, 127])
torch.Size([1, 3, 127, 127])
merged size without overlap : 14 14 192
Merged: torch.Size([1, 192, 14, 14])
torch.Size([1, 192, 8, 8])
torch.Size([1, 192, 8, 8])
torch.Size([1, 192, 8, 8])
torch.Size([1, 192, 8, 8])
merged size without overlap : 6 6 256
Merged: torch.Size([1, 256, 6, 6])
torch.Size([1, 1000])
Poll Time: 0.9249455019999004
Layer Times: [0.0784989260000657, 0.07517271299980166, 0.7712738630000331]
Store Push Time: 0.047177599000178816
Store Pull Time: 0.9088063499925738
Merge Time: 0.0008801660001154232
Split Time: 0.0002470949998496508
Time: 1.2292401600000176
