torch.Size([1, 3, 127, 127])
torch.Size([1, 3, 127, 127])
torch.Size([1, 3, 127, 127])
torch.Size([1, 3, 127, 127])
merged size without overlap : 14 14 192
Merged: torch.Size([1, 192, 14, 14])
torch.Size([1, 192, 8, 8])
torch.Size([1, 192, 8, 8])
torch.Size([1, 192, 8, 8])
torch.Size([1, 192, 8, 8])
merged size without overlap : 6 6 256
Merged: torch.Size([1, 256, 6, 6])
torch.Size([1, 1000])
Poll Time: 1.1222827060000782
Layer Times: [0.07555614600005356, 0.08456898999997975, 0.9621575700000449]
Store Push Time: 0.04859572799978196
Store Pull Time: 1.1025648160009496
Merge Time: 0.0008047380001698912
Split Time: 0.0002681500000107917
Time: 1.4343601719999697
