torch.Size([1, 3, 127, 127])
torch.Size([1, 3, 127, 127])
torch.Size([1, 3, 127, 127])
torch.Size([1, 3, 127, 127])
merged size without overlap : 14 14 192
Merged: torch.Size([1, 192, 14, 14])
torch.Size([1, 192, 8, 8])
torch.Size([1, 192, 8, 8])
torch.Size([1, 192, 8, 8])
torch.Size([1, 192, 8, 8])
merged size without overlap : 6 6 256
Merged: torch.Size([1, 256, 6, 6])
torch.Size([1, 1000])
Poll Time: 1.0933328890000666
Layer Times: [0.11133237500007453, 0.07346414799985723, 0.9085363660001349]
Store Push Time: 0.03329066699984651
Store Pull Time: 1.073195119002321
Merge Time: 0.0007327910000185511
Split Time: 0.0002028050000717485
Time: 1.3382310219999454
