torch.Size([1, 3, 127, 127])
torch.Size([1, 3, 127, 127])
torch.Size([1, 3, 127, 127])
torch.Size([1, 3, 127, 127])
merged size without overlap : 14 14 192
Merged: torch.Size([1, 192, 14, 14])
torch.Size([1, 192, 8, 8])
torch.Size([1, 192, 8, 8])
torch.Size([1, 192, 8, 8])
torch.Size([1, 192, 8, 8])
merged size without overlap : 6 6 256
Merged: torch.Size([1, 256, 6, 6])
torch.Size([1, 1000])
Poll Time: 1.0912134580000838
Layer Times: [0.09572079300005498, 0.08084016599991628, 0.9146524990001126]
Store Push Time: 0.06881712299991705
Store Pull Time: 1.0792726090044198
Merge Time: 0.0008391799999571958
Split Time: 0.0002517750001516106
Time: 1.4421813569999813
