torch.Size([1, 3, 127, 127])
torch.Size([1, 3, 127, 127])
torch.Size([1, 3, 127, 127])
torch.Size([1, 3, 127, 127])
merged size without overlap : 14 14 192
Merged: torch.Size([1, 192, 14, 14])
torch.Size([1, 192, 8, 8])
torch.Size([1, 192, 8, 8])
torch.Size([1, 192, 8, 8])
torch.Size([1, 192, 8, 8])
merged size without overlap : 6 6 256
Merged: torch.Size([1, 256, 6, 6])
torch.Size([1, 1000])
Poll Time: 1.091289380000262
Layer Times: [0.07430469000019002, 0.08015463400010958, 0.9368300559999625]
Store Push Time: 0.03243939000003593
Store Pull Time: 1.0730003209835104
Merge Time: 0.0007181310002124519
Split Time: 0.00020872100003543892
Time: 1.364706465999916
