torch.Size([1, 3, 127, 127])
torch.Size([1, 3, 127, 127])
torch.Size([1, 3, 127, 127])
torch.Size([1, 3, 127, 127])
merged size without overlap : 14 14 192
Merged: torch.Size([1, 192, 14, 14])
torch.Size([1, 192, 8, 8])
torch.Size([1, 192, 8, 8])
torch.Size([1, 192, 8, 8])
torch.Size([1, 192, 8, 8])
merged size without overlap : 6 6 256
Merged: torch.Size([1, 256, 6, 6])
torch.Size([1, 1000])
Poll Time: 1.1313356100001783
Layer Times: [0.07521360900000218, 0.07890862800013565, 0.9772133730000405]
Store Push Time: 0.033160537000185286
Store Pull Time: 1.1130675070025973
Merge Time: 0.0009608150000985916
Split Time: 0.0002904509999552829
Time: 1.4346952689998034
