torch.Size([1, 3, 127, 127])
torch.Size([1, 3, 127, 127])
torch.Size([1, 3, 127, 127])
torch.Size([1, 3, 127, 127])
merged size without overlap : 14 14 192
Merged: torch.Size([1, 192, 14, 14])
torch.Size([1, 192, 8, 8])
torch.Size([1, 192, 8, 8])
torch.Size([1, 192, 8, 8])
torch.Size([1, 192, 8, 8])
merged size without overlap : 6 6 256
Merged: torch.Size([1, 256, 6, 6])
torch.Size([1, 1000])
Poll Time: 1.0746329679998325
Layer Times: [0.07272217099989575, 0.09043084999984785, 0.9114799470000889]
Store Push Time: 0.033572542000001704
Store Pull Time: 1.0548680700087516
Merge Time: 0.0008343389999936335
Split Time: 0.00026487199988878274
Time: 1.3787114369999927
