torch.Size([1, 3, 127, 127])
torch.Size([1, 3, 127, 127])
torch.Size([1, 3, 127, 127])
torch.Size([1, 3, 127, 127])
merged size without overlap : 14 14 192
Merged: torch.Size([1, 192, 14, 14])
torch.Size([1, 192, 8, 8])
torch.Size([1, 192, 8, 8])
torch.Size([1, 192, 8, 8])
torch.Size([1, 192, 8, 8])
merged size without overlap : 6 6 256
Merged: torch.Size([1, 256, 6, 6])
torch.Size([1, 1000])
Poll Time: 1.1210608960000172
Layer Times: [0.08393337799998335, 0.07898418099989613, 0.9581433370001378]
Store Push Time: 0.12061652800002776
Store Pull Time: 1.1007416270049362
Merge Time: 0.0008873559997937264
Split Time: 0.0003225150001071597
Time: 1.518125098999917
