torch.Size([1, 3, 127, 127])
torch.Size([1, 3, 127, 127])
torch.Size([1, 3, 127, 127])
torch.Size([1, 3, 127, 127])
merged size without overlap : 14 14 192
Merged: torch.Size([1, 192, 14, 14])
torch.Size([1, 192, 8, 8])
torch.Size([1, 192, 8, 8])
torch.Size([1, 192, 8, 8])
torch.Size([1, 192, 8, 8])
merged size without overlap : 6 6 256
Merged: torch.Size([1, 256, 6, 6])
torch.Size([1, 1000])
Poll Time: 1.3674686499998643
Layer Times: [0.07892885000001115, 0.08745386400005373, 1.2010859359997994]
Store Push Time: 0.05017557499968461
Store Pull Time: 1.347458397004175
Merge Time: 0.000939008000159447
Split Time: 0.00021519599999919592
Time: 1.6489568929998768
