torch.Size([1, 3, 127, 127])
torch.Size([1, 3, 127, 127])
torch.Size([1, 3, 127, 127])
torch.Size([1, 3, 127, 127])
merged size without overlap : 14 14 192
Merged: torch.Size([1, 192, 14, 14])
torch.Size([1, 192, 8, 8])
torch.Size([1, 192, 8, 8])
torch.Size([1, 192, 8, 8])
torch.Size([1, 192, 8, 8])
merged size without overlap : 6 6 256
Merged: torch.Size([1, 256, 6, 6])
torch.Size([1, 1000])
Poll Time: 0.9304133480002292
Layer Times: [0.05610764800007928, 0.07684145300004275, 0.7974642470001072]
Store Push Time: 0.03316858000016509
Store Pull Time: 0.912143428996842
Merge Time: 0.0007460389999778272
Split Time: 0.00021583700004157436
Time: 1.2574687559999802
