torch.Size([1, 3, 127, 127])
torch.Size([1, 3, 127, 127])
torch.Size([1, 3, 127, 127])
torch.Size([1, 3, 127, 127])
merged size without overlap : 14 14 192
Merged: torch.Size([1, 192, 14, 14])
torch.Size([1, 192, 8, 8])
torch.Size([1, 192, 8, 8])
torch.Size([1, 192, 8, 8])
torch.Size([1, 192, 8, 8])
merged size without overlap : 6 6 256
Merged: torch.Size([1, 256, 6, 6])
Waiting for key data/img_4514
Rerunning data/img_4514...
torch.Size([1, 1000])
Poll Time: 2.5410713880003186
Layer Times: [0.06919611100011025, 0.0827117480000652, 2.389163529000143]
Store Push Time: 0.049466230999996696
Store Pull Time: 2.4595446870055184
Merge Time: 0.0008638409999548458
Split Time: 0.00022121699998933764
Time: 2.9057446010001513
