torch.Size([1, 3, 127, 127])
torch.Size([1, 3, 127, 127])
torch.Size([1, 3, 127, 127])
torch.Size([1, 3, 127, 127])
merged size without overlap : 14 14 192
Merged: torch.Size([1, 192, 14, 14])
torch.Size([1, 192, 8, 8])
torch.Size([1, 192, 8, 8])
torch.Size([1, 192, 8, 8])
torch.Size([1, 192, 8, 8])
merged size without overlap : 6 6 256
Merged: torch.Size([1, 256, 6, 6])
torch.Size([1, 1000])
Poll Time: 0.9306843170004413
Layer Times: [0.06886609500020313, 0.09714696500009268, 0.7646712570001455]
Store Push Time: 0.03228446399975837
Store Pull Time: 0.9150326290002795
Merge Time: 0.0008178219998171699
Split Time: 0.0002105020000726654
Time: 1.2483772779999072
