torch.Size([1, 3, 127, 127])
torch.Size([1, 3, 127, 127])
torch.Size([1, 3, 127, 127])
torch.Size([1, 3, 127, 127])
merged size without overlap : 14 14 192
Merged: torch.Size([1, 192, 14, 14])
torch.Size([1, 192, 8, 8])
torch.Size([1, 192, 8, 8])
torch.Size([1, 192, 8, 8])
torch.Size([1, 192, 8, 8])
merged size without overlap : 6 6 256
Merged: torch.Size([1, 256, 6, 6])
torch.Size([1, 1000])
Poll Time: 0.9673630079998929
Layer Times: [0.06940212800009249, 0.07919980599990595, 0.8187610739998945]
Store Push Time: 0.23768072699976983
Store Pull Time: 0.9506857289982236
Merge Time: 0.0007843969997338718
Split Time: 0.0002096620000884286
Time: 1.5042668420001064
