torch.Size([1, 3, 127, 127])
torch.Size([1, 3, 127, 127])
torch.Size([1, 3, 127, 127])
torch.Size([1, 3, 127, 127])
merged size without overlap : 14 14 192
Merged: torch.Size([1, 192, 14, 14])
torch.Size([1, 192, 8, 8])
torch.Size([1, 192, 8, 8])
torch.Size([1, 192, 8, 8])
torch.Size([1, 192, 8, 8])
merged size without overlap : 6 6 256
Merged: torch.Size([1, 256, 6, 6])
torch.Size([1, 1000])
Poll Time: 0.9037237729999106
Layer Times: [0.06324208999990333, 0.07075311900007364, 0.7697285639999336]
Store Push Time: 0.03234107399975983
Store Pull Time: 0.8895306829974743
Merge Time: 0.0007228909998957533
Split Time: 0.00022207899996828928
Time: 1.2229417040000499
