torch.Size([1, 3, 127, 127])
torch.Size([1, 3, 127, 127])
torch.Size([1, 3, 127, 127])
torch.Size([1, 3, 127, 127])
merged size without overlap : 14 14 192
Merged: torch.Size([1, 192, 14, 14])
torch.Size([1, 192, 8, 8])
torch.Size([1, 192, 8, 8])
torch.Size([1, 192, 8, 8])
torch.Size([1, 192, 8, 8])
merged size without overlap : 6 6 256
Merged: torch.Size([1, 256, 6, 6])
torch.Size([1, 1000])
Poll Time: 0.9159622579998086
Layer Times: [0.07583900700001323, 0.07633416999988185, 0.7637890809999135]
Store Push Time: 0.03369965600040814
Store Pull Time: 0.9008134590142163
Merge Time: 0.0012070330001279217
Split Time: 0.0002508800000668998
Time: 1.2050111290000132
