torch.Size([1, 3, 127, 127])
torch.Size([1, 3, 127, 127])
torch.Size([1, 3, 127, 127])
torch.Size([1, 3, 127, 127])
merged size without overlap : 14 14 192
Merged: torch.Size([1, 192, 14, 14])
torch.Size([1, 192, 8, 8])
torch.Size([1, 192, 8, 8])
torch.Size([1, 192, 8, 8])
torch.Size([1, 192, 8, 8])
merged size without overlap : 6 6 256
Merged: torch.Size([1, 256, 6, 6])
torch.Size([1, 1000])
Poll Time: 0.9170198209997125
Layer Times: [0.060254452999970454, 0.0839041299998371, 0.7728612379999049]
Store Push Time: 0.03386766000016905
Store Pull Time: 0.9016653359931297
Merge Time: 0.001201688000037393
Split Time: 0.0003830169998764177
Time: 1.245285067000168
