torch.Size([1, 3, 127, 127])
torch.Size([1, 3, 127, 127])
torch.Size([1, 3, 127, 127])
torch.Size([1, 3, 127, 127])
merged size without overlap : 14 14 192
Merged: torch.Size([1, 192, 14, 14])
torch.Size([1, 192, 8, 8])
torch.Size([1, 192, 8, 8])
torch.Size([1, 192, 8, 8])
torch.Size([1, 192, 8, 8])
merged size without overlap : 6 6 256
Merged: torch.Size([1, 256, 6, 6])
torch.Size([1, 1000])
Poll Time: 0.8979732599998442
Layer Times: [0.05822758299996167, 0.07490118599980633, 0.7648444910000762]
Store Push Time: 0.033193016000495845
Store Pull Time: 0.8827925340062848
Merge Time: 0.0008075110001755093
Split Time: 0.00020353299987618811
Time: 1.2024579060000633
