torch.Size([1, 3, 127, 127])
torch.Size([1, 3, 127, 127])
torch.Size([1, 3, 127, 127])
torch.Size([1, 3, 127, 127])
merged size without overlap : 14 14 192
Merged: torch.Size([1, 192, 14, 14])
torch.Size([1, 192, 8, 8])
torch.Size([1, 192, 8, 8])
torch.Size([1, 192, 8, 8])
torch.Size([1, 192, 8, 8])
merged size without overlap : 6 6 256
Merged: torch.Size([1, 256, 6, 6])
torch.Size([1, 1000])
Poll Time: 1.1325222650002615
Layer Times: [0.0692201820002083, 0.090551516000005, 0.9727505670000482]
Store Push Time: 0.053248497000367934
Store Pull Time: 1.1133400009994148
Merge Time: 0.0007523909998781164
Split Time: 0.00020248399982847332
Time: 1.417284134000056
