torch.Size([1, 3, 127, 127])
torch.Size([1, 3, 127, 127])
torch.Size([1, 3, 127, 127])
torch.Size([1, 3, 127, 127])
merged size without overlap : 14 14 192
Merged: torch.Size([1, 192, 14, 14])
torch.Size([1, 192, 8, 8])
torch.Size([1, 192, 8, 8])
torch.Size([1, 192, 8, 8])
torch.Size([1, 192, 8, 8])
merged size without overlap : 6 6 256
Merged: torch.Size([1, 256, 6, 6])
torch.Size([1, 1000])
Poll Time: 0.9214569959999608
Layer Times: [0.06164391900006194, 0.08449578799991286, 0.775317288999986]
Store Push Time: 0.09554234300003372
Store Pull Time: 0.9057565150085338
Merge Time: 0.0008151519998591539
Split Time: 0.00020575899998220848
Time: 1.2779630360000738
