torch.Size([1, 3, 127, 127])
torch.Size([1, 3, 127, 127])
torch.Size([1, 3, 127, 127])
torch.Size([1, 3, 127, 127])
merged size without overlap : 14 14 192
Merged: torch.Size([1, 192, 14, 14])
torch.Size([1, 192, 8, 8])
torch.Size([1, 192, 8, 8])
torch.Size([1, 192, 8, 8])
torch.Size([1, 192, 8, 8])
merged size without overlap : 6 6 256
Merged: torch.Size([1, 256, 6, 6])
torch.Size([1, 1000])
Poll Time: 0.9133843780000461
Layer Times: [0.06574809099993217, 0.07989222400010476, 0.7677440630000092]
Store Push Time: 0.0339235890000964
Store Pull Time: 0.8958333569933075
Merge Time: 0.001058736000004501
Split Time: 0.00023579900016557076
Time: 1.202389065000034
