torch.Size([1, 3, 127, 127])
torch.Size([1, 3, 127, 127])
torch.Size([1, 3, 127, 127])
torch.Size([1, 3, 127, 127])
merged size without overlap : 14 14 192
Merged: torch.Size([1, 192, 14, 14])
torch.Size([1, 192, 8, 8])
torch.Size([1, 192, 8, 8])
torch.Size([1, 192, 8, 8])
torch.Size([1, 192, 8, 8])
merged size without overlap : 6 6 256
Merged: torch.Size([1, 256, 6, 6])
torch.Size([1, 1000])
Poll Time: 1.1154834330000085
Layer Times: [0.09256819999995969, 0.08327783000004274, 0.9396374030000061]
Store Push Time: 0.03222726499984674
Store Pull Time: 1.0957921500030352
Merge Time: 0.0008215160000872856
Split Time: 0.0002378379999754543
Time: 1.3959577860000536
