torch.Size([1, 3, 127, 127])
torch.Size([1, 3, 127, 127])
torch.Size([1, 3, 127, 127])
torch.Size([1, 3, 127, 127])
merged size without overlap : 14 14 192
Merged: torch.Size([1, 192, 14, 14])
torch.Size([1, 192, 8, 8])
torch.Size([1, 192, 8, 8])
torch.Size([1, 192, 8, 8])
torch.Size([1, 192, 8, 8])
merged size without overlap : 6 6 256
Merged: torch.Size([1, 256, 6, 6])
torch.Size([1, 1000])
Poll Time: 1.1213815349997276
Layer Times: [0.12683811399983824, 0.07538958400004958, 0.9191538369998398]
Store Push Time: 0.033506110999724115
Store Pull Time: 1.103794393993212
Merge Time: 0.0009752040000421403
Split Time: 0.00023774900000717025
Time: 1.3946316990000014
