torch.Size([1, 3, 127, 127])
torch.Size([1, 3, 127, 127])
torch.Size([1, 3, 127, 127])
torch.Size([1, 3, 127, 127])
merged size without overlap : 14 14 192
Merged: torch.Size([1, 192, 14, 14])
torch.Size([1, 192, 8, 8])
torch.Size([1, 192, 8, 8])
torch.Size([1, 192, 8, 8])
torch.Size([1, 192, 8, 8])
merged size without overlap : 6 6 256
Merged: torch.Size([1, 256, 6, 6])
torch.Size([1, 1000])
Poll Time: 0.9217282380000142
Layer Times: [0.06448438200004603, 0.0884004869999444, 0.7688433690000238]
Store Push Time: 0.04546581499994318
Store Pull Time: 0.9044258119938604
Merge Time: 0.0008021819999157742
Split Time: 0.00021102799996697286
Time: 1.1979029200001605
