torch.Size([1, 3, 127, 127])
torch.Size([1, 3, 127, 127])
torch.Size([1, 3, 127, 127])
torch.Size([1, 3, 127, 127])
Waiting for key data/img_149tl1
Rerunning data/img_149tl1...
Waiting for key data/img_149tl1
Rerunning data/img_149tl1...
Waiting for key data/img_149tl1
Rerunning data/img_149tl1...
Waiting for key data/img_149tl1
Rerunning data/img_149tl1...
Waiting for key data/img_149tl1
Rerunning data/img_149tl1...
Waiting for key data/img_149tl1
Rerunning data/img_149tl1...
Waiting for key data/img_149tl1
Rerunning data/img_149tl1...
Waiting for key data/img_149tl1
Rerunning data/img_149tl1...
Waiting for key data/img_149tl1
Rerunning data/img_149tl1...
Waiting for key data/img_149tl1
Rerunning data/img_149tl1...
Waiting for key data/img_149tl1
Rerunning data/img_149tl1...
Waiting for key data/img_149tl1
Rerunning data/img_149tl1...
Waiting for key data/img_149tl1
Rerunning data/img_149tl1...
Waiting for key data/img_149tl1
Rerunning data/img_149tl1...
Waiting for key data/img_149tl1
Rerunning data/img_149tl1...
Waiting for key data/img_149tl1
Rerunning data/img_149tl1...
Waiting for key data/img_149tl1
Rerunning data/img_149tl1...
Waiting for key data/img_149tl1
Rerunning data/img_149tl1...
Waiting for key data/img_149tl1
Rerunning data/img_149tl1...
Waiting for key data/img_149tl1
Rerunning data/img_149tl1...
Waiting for key data/img_149tl1
Rerunning data/img_149tl1...
Waiting for key data/img_149tl1
Rerunning data/img_149tl1...
Waiting for key data/img_149tl1
Rerunning data/img_149tl1...
Waiting for key data/img_149tl1
Rerunning data/img_149tl1...
Waiting for key data/img_149tl1
Rerunning data/img_149tl1...
Waiting for key data/img_149bl1
Rerunning data/img_149bl1...
merged size without overlap : 14 14 192
Merged: torch.Size([1, 192, 14, 14])
torch.Size([1, 192, 8, 8])
torch.Size([1, 192, 8, 8])
torch.Size([1, 192, 8, 8])
torch.Size([1, 192, 8, 8])
merged size without overlap : 6 6 256
Merged: torch.Size([1, 256, 6, 6])
Waiting for key data/img_1484
Rerunning data/img_1484...
Waiting for key data/img_1484
Rerunning data/img_1484...
Waiting for key data/img_1484
Rerunning data/img_1484...
Waiting for key data/img_1484
Rerunning data/img_1484...
Waiting for key data/img_1484
Rerunning data/img_1484...
Waiting for key data/img_1484
Rerunning data/img_1484...
Waiting for key data/img_1484
Rerunning data/img_1484...
Waiting for key data/img_1484
Rerunning data/img_1484...
Waiting for key data/img_1484
Rerunning data/img_1484...
Waiting for key data/img_1484
Rerunning data/img_1484...
Waiting for key data/img_1484
Rerunning data/img_1484...
Waiting for key data/img_1484
Rerunning data/img_1484...
Waiting for key data/img_1484
Rerunning data/img_1484...
Waiting for key data/img_1484
Rerunning data/img_1484...
Waiting for key data/img_1484
Rerunning data/img_1484...
Waiting for key data/img_1484
Rerunning data/img_1484...
Waiting for key data/img_1484
Rerunning data/img_1484...
Waiting for key data/img_1484
Rerunning data/img_1484...
Waiting for key data/img_1484
Rerunning data/img_1484...
Waiting for key data/img_1484
Rerunning data/img_1484...
Waiting for key data/img_1484
Rerunning data/img_1484...
Waiting for key data/img_1484
Rerunning data/img_1484...
Waiting for key data/img_1484
Rerunning data/img_1484...
Waiting for key data/img_1484
Rerunning data/img_1484...
Waiting for key data/img_1484
Rerunning data/img_1484...
Waiting for key data/img_1484
Rerunning data/img_1484...
Waiting for key data/img_1484
Rerunning data/img_1484...
Waiting for key data/img_1484
Rerunning data/img_1484...
Waiting for key data/img_1484
Rerunning data/img_1484...
Waiting for key data/img_1484
Rerunning data/img_1484...
Waiting for key data/img_1484
Rerunning data/img_1484...
Waiting for key data/img_1484
Rerunning data/img_1484...
Waiting for key data/img_1484
Rerunning data/img_1484...
Waiting for key data/img_1484
Rerunning data/img_1484...
Waiting for key data/img_1484
Rerunning data/img_1484...
Waiting for key data/img_1484
Rerunning data/img_1484...
Waiting for key data/img_1484
Rerunning data/img_1484...
Waiting for key data/img_1484
Rerunning data/img_1484...
Waiting for key data/img_1484
Rerunning data/img_1484...
Waiting for key data/img_1484
Rerunning data/img_1484...
Waiting for key data/img_1484
Rerunning data/img_1484...
Waiting for key data/img_1484
Rerunning data/img_1484...
torch.Size([1, 1000])
Poll Time: 159.60449867199986
Layer Times: [79.86284417399997, 0.07141297799989843, 79.67024151999999]
Store Push Time: 0.03347508600006677
Store Pull Time: 154.75992376198792
Merge Time: 0.0010460319999765488
Split Time: 0.00023271999998542015
Time: 159.90628298600006
