torch.Size([1, 3, 127, 127])
torch.Size([1, 3, 127, 127])
torch.Size([1, 3, 127, 127])
torch.Size([1, 3, 127, 127])
merged size without overlap : 14 14 192
Merged: torch.Size([1, 192, 14, 14])
torch.Size([1, 192, 8, 8])
torch.Size([1, 192, 8, 8])
torch.Size([1, 192, 8, 8])
torch.Size([1, 192, 8, 8])
merged size without overlap : 6 6 256
Merged: torch.Size([1, 256, 6, 6])
torch.Size([1, 1000])
Poll Time: 0.9012306170002375
Layer Times: [0.061622646000159875, 0.07546473799993692, 0.7641432330001408]
Store Push Time: 0.23970510300046044
Store Pull Time: 0.8839099510032611
Merge Time: 0.0011462800000572315
Split Time: 0.00025783399996726075
Time: 1.4314630540000053
