torch.Size([1, 3, 127, 127])
torch.Size([1, 3, 127, 127])
torch.Size([1, 3, 127, 127])
torch.Size([1, 3, 127, 127])
merged size without overlap : 14 14 192
Merged: torch.Size([1, 192, 14, 14])
torch.Size([1, 192, 8, 8])
torch.Size([1, 192, 8, 8])
torch.Size([1, 192, 8, 8])
torch.Size([1, 192, 8, 8])
merged size without overlap : 6 6 256
Merged: torch.Size([1, 256, 6, 6])
torch.Size([1, 1000])
Poll Time: 0.9065800950002085
Layer Times: [0.06119573500018305, 0.08013303400002769, 0.7652513259999978]
Store Push Time: 0.04831042999967394
Store Pull Time: 0.8904356659977566
Merge Time: 0.0007973659999152005
Split Time: 0.00020461600001908664
Time: 1.2069694900001195
