torch.Size([1, 3, 127, 127])
torch.Size([1, 3, 127, 127])
torch.Size([1, 3, 127, 127])
torch.Size([1, 3, 127, 127])
Waiting for key data/img_121tl1
Rerunning data/img_121tl1...
Waiting for key data/img_121tl1
Rerunning data/img_121tl1...
Waiting for key data/img_121tl1
Rerunning data/img_121tl1...
Waiting for key data/img_121tl1
Rerunning data/img_121tl1...
Waiting for key data/img_121tl1
Rerunning data/img_121tl1...
Waiting for key data/img_121tl1
Rerunning data/img_121tl1...
Waiting for key data/img_121tl1
Rerunning data/img_121tl1...
Waiting for key data/img_121tl1
Rerunning data/img_121tl1...
Waiting for key data/img_121tl1
Rerunning data/img_121tl1...
Waiting for key data/img_121tl1
Rerunning data/img_121tl1...
Waiting for key data/img_121tl1
Rerunning data/img_121tl1...
Waiting for key data/img_121tl1
Rerunning data/img_121tl1...
Waiting for key data/img_121tl1
Rerunning data/img_121tl1...
Waiting for key data/img_121tl1
Rerunning data/img_121tl1...
Waiting for key data/img_121tl1
Rerunning data/img_121tl1...
Waiting for key data/img_121tl1
Rerunning data/img_121tl1...
Waiting for key data/img_121tl1
Rerunning data/img_121tl1...
Waiting for key data/img_121tl1
Rerunning data/img_121tl1...
Waiting for key data/img_121tl1
Rerunning data/img_121tl1...
Waiting for key data/img_121tl1
Rerunning data/img_121tl1...
Waiting for key data/img_121tl1
Rerunning data/img_121tl1...
Waiting for key data/img_121tl1
Rerunning data/img_121tl1...
Waiting for key data/img_121tl1
Rerunning data/img_121tl1...
Waiting for key data/img_121tl1
Rerunning data/img_121tl1...
merged size without overlap : 14 14 192
Merged: torch.Size([1, 192, 14, 14])
torch.Size([1, 192, 8, 8])
torch.Size([1, 192, 8, 8])
torch.Size([1, 192, 8, 8])
torch.Size([1, 192, 8, 8])
merged size without overlap : 6 6 256
Merged: torch.Size([1, 256, 6, 6])
Waiting for key data/img_1204
Rerunning data/img_1204...
torch.Size([1, 1000])
Poll Time: 72.23550308099993
Layer Times: [71.38326088600002, 0.08265052899992043, 0.7695916659999966]
Store Push Time: 0.03672736799990162
Store Pull Time: 70.45999907197518
Merge Time: 0.0008073300000432937
Split Time: 0.00021378400015237276
Time: 72.54334973700009
