torch.Size([1, 3, 127, 127])
torch.Size([1, 3, 127, 127])
torch.Size([1, 3, 127, 127])
torch.Size([1, 3, 127, 127])
Waiting for key data/img_792bl1
Rerunning data/img_792bl1...
Waiting for key data/img_792bl1
Rerunning data/img_792bl1...
Waiting for key data/img_792bl1
Rerunning data/img_792bl1...
merged size without overlap : 14 14 192
Merged: torch.Size([1, 192, 14, 14])
torch.Size([1, 192, 8, 8])
torch.Size([1, 192, 8, 8])
torch.Size([1, 192, 8, 8])
torch.Size([1, 192, 8, 8])
merged size without overlap : 6 6 256
Merged: torch.Size([1, 256, 6, 6])
torch.Size([1, 1000])
Poll Time: 71.04655859700006
Layer Times: [70.19618896099996, 0.07606055299993386, 0.774309083000162]
Store Push Time: 0.09027968699967914
Store Pull Time: 70.29762006504518
Merge Time: 0.000889937000010832
Split Time: 0.00022754900010113488
Time: 71.39927459900014
