torch.Size([1, 3, 127, 127])
torch.Size([1, 3, 127, 127])
torch.Size([1, 3, 127, 127])
torch.Size([1, 3, 127, 127])
merged size without overlap : 14 14 192
Merged: torch.Size([1, 192, 14, 14])
torch.Size([1, 192, 8, 8])
torch.Size([1, 192, 8, 8])
torch.Size([1, 192, 8, 8])
torch.Size([1, 192, 8, 8])
merged size without overlap : 6 6 256
Merged: torch.Size([1, 256, 6, 6])
torch.Size([1, 1000])
Poll Time: 0.9952217420002398
Layer Times: [0.08379037600002448, 0.1065197430000353, 0.80491162300018]
Store Push Time: 0.05355010999960541
Store Pull Time: 0.9762519659984719
Merge Time: 0.0008076449998952739
Split Time: 0.0003961430002163979
Time: 1.3648299419999148
