torch.Size([1, 3, 127, 127])
torch.Size([1, 3, 127, 127])
torch.Size([1, 3, 127, 127])
torch.Size([1, 3, 127, 127])
merged size without overlap : 14 14 192
Merged: torch.Size([1, 192, 14, 14])
torch.Size([1, 192, 8, 8])
torch.Size([1, 192, 8, 8])
torch.Size([1, 192, 8, 8])
torch.Size([1, 192, 8, 8])
merged size without overlap : 6 6 256
Merged: torch.Size([1, 256, 6, 6])
Waiting for key data/img_2754
Rerunning data/img_2754...
torch.Size([1, 1000])
Poll Time: 1.9496444929998233
Layer Times: [0.059263375999989876, 0.07164057899990439, 1.818740537999929]
Store Push Time: 0.032361148000290996
Store Pull Time: 1.8892594890091914
Merge Time: 0.0009081000000605854
Split Time: 0.0003009600000041246
Time: 2.267614228000184
