torch.Size([1, 3, 127, 127])
torch.Size([1, 3, 127, 127])
torch.Size([1, 3, 127, 127])
torch.Size([1, 3, 127, 127])
merged size without overlap : 14 14 192
Merged: torch.Size([1, 192, 14, 14])
torch.Size([1, 192, 8, 8])
torch.Size([1, 192, 8, 8])
torch.Size([1, 192, 8, 8])
torch.Size([1, 192, 8, 8])
merged size without overlap : 6 6 256
Merged: torch.Size([1, 256, 6, 6])
torch.Size([1, 1000])
Poll Time: 1.039243001000159
Layer Times: [0.05821690400011903, 0.07884430100011741, 0.9021817959999225]
Store Push Time: 0.05085497999994004
Store Pull Time: 1.0199583989967778
Merge Time: 0.0008033760000216716
Split Time: 0.0002160359999834327
Time: 1.370877070000006
