torch.Size([1, 3, 127, 127])
torch.Size([1, 3, 127, 127])
torch.Size([1, 3, 127, 127])
torch.Size([1, 3, 127, 127])
merged size without overlap : 14 14 192
Merged: torch.Size([1, 192, 14, 14])
torch.Size([1, 192, 8, 8])
torch.Size([1, 192, 8, 8])
torch.Size([1, 192, 8, 8])
torch.Size([1, 192, 8, 8])
merged size without overlap : 6 6 256
Merged: torch.Size([1, 256, 6, 6])
torch.Size([1, 1000])
Poll Time: 0.9234592829998292
Layer Times: [0.06622093400005724, 0.08400895799991304, 0.7732293909998589]
Store Push Time: 0.045589513000095394
Store Pull Time: 0.9077950259929821
Merge Time: 0.0008619959999123239
Split Time: 0.0002592369999092625
Time: 1.2454183949998878
