torch.Size([1, 3, 127, 127])
torch.Size([1, 3, 127, 127])
torch.Size([1, 3, 127, 127])
torch.Size([1, 3, 127, 127])
merged size without overlap : 14 14 192
Merged: torch.Size([1, 192, 14, 14])
torch.Size([1, 192, 8, 8])
torch.Size([1, 192, 8, 8])
torch.Size([1, 192, 8, 8])
torch.Size([1, 192, 8, 8])
merged size without overlap : 6 6 256
Merged: torch.Size([1, 256, 6, 6])
torch.Size([1, 1000])
Poll Time: 0.9089069860001473
Layer Times: [0.05936065199989571, 0.07584493300009854, 0.773701401000153]
Store Push Time: 0.03314555699989796
Store Pull Time: 0.8929143600032603
Merge Time: 0.0009563349999552884
Split Time: 0.00021123900000930007
Time: 1.1967710379999517
