torch.Size([1, 3, 127, 127])
torch.Size([1, 3, 127, 127])
torch.Size([1, 3, 127, 127])
torch.Size([1, 3, 127, 127])
merged size without overlap : 14 14 192
Merged: torch.Size([1, 192, 14, 14])
torch.Size([1, 192, 8, 8])
torch.Size([1, 192, 8, 8])
torch.Size([1, 192, 8, 8])
torch.Size([1, 192, 8, 8])
merged size without overlap : 6 6 256
Merged: torch.Size([1, 256, 6, 6])
torch.Size([1, 1000])
Poll Time: 1.1027682930000537
Layer Times: [0.08067936099996587, 0.07594948500013743, 0.9461394469999505]
Store Push Time: 0.0333247470000515
Store Pull Time: 1.0899876340122319
Merge Time: 0.0009778210001059051
Split Time: 0.00025877300004140125
Time: 1.418794048999871
