torch.Size([1, 3, 127, 127])
torch.Size([1, 3, 127, 127])
torch.Size([1, 3, 127, 127])
torch.Size([1, 3, 127, 127])
merged size without overlap : 14 14 192
Merged: torch.Size([1, 192, 14, 14])
torch.Size([1, 192, 8, 8])
torch.Size([1, 192, 8, 8])
torch.Size([1, 192, 8, 8])
torch.Size([1, 192, 8, 8])
merged size without overlap : 6 6 256
Merged: torch.Size([1, 256, 6, 6])
torch.Size([1, 1000])
Poll Time: 1.8460443789997498
Layer Times: [0.06967903599979763, 0.07872529799988115, 1.697640045000071]
Store Push Time: 0.0339608990002489
Store Pull Time: 1.815666892985746
Merge Time: 0.0008554229998480878
Split Time: 0.00024617399981252674
Time: 2.1477022139999917
