torch.Size([1, 3, 127, 127])
torch.Size([1, 3, 127, 127])
torch.Size([1, 3, 127, 127])
torch.Size([1, 3, 127, 127])
merged size without overlap : 14 14 192
Merged: torch.Size([1, 192, 14, 14])
torch.Size([1, 192, 8, 8])
torch.Size([1, 192, 8, 8])
torch.Size([1, 192, 8, 8])
torch.Size([1, 192, 8, 8])
merged size without overlap : 6 6 256
Merged: torch.Size([1, 256, 6, 6])
torch.Size([1, 1000])
Poll Time: 0.9584303300000556
Layer Times: [0.0813050500000827, 0.08231511600001795, 0.794810163999955]
Store Push Time: 0.03419823700028246
Store Pull Time: 0.9413135399991006
Merge Time: 0.0009865270001228055
Split Time: 0.00026902199988398934
Time: 1.2313910780001152
