torch.Size([1, 3, 127, 127])
torch.Size([1, 3, 127, 127])
torch.Size([1, 3, 127, 127])
torch.Size([1, 3, 127, 127])
merged size without overlap : 14 14 192
Merged: torch.Size([1, 192, 14, 14])
torch.Size([1, 192, 8, 8])
torch.Size([1, 192, 8, 8])
torch.Size([1, 192, 8, 8])
torch.Size([1, 192, 8, 8])
merged size without overlap : 6 6 256
Merged: torch.Size([1, 256, 6, 6])
Waiting for key data/img_2094
Rerunning data/img_2094...
torch.Size([1, 1000])
Poll Time: 1.9846119510000335
Layer Times: [0.07141644100011035, 0.0852174560000094, 1.8279780539999138]
Store Push Time: 0.03366104800056746
Store Pull Time: 1.9259962059982172
Merge Time: 0.000996738999901936
Split Time: 0.0002884680000079243
Time: 2.2555099610001434
