torch.Size([1, 3, 127, 127])
torch.Size([1, 3, 127, 127])
torch.Size([1, 3, 127, 127])
torch.Size([1, 3, 127, 127])
merged size without overlap : 14 14 192
Merged: torch.Size([1, 192, 14, 14])
torch.Size([1, 192, 8, 8])
torch.Size([1, 192, 8, 8])
torch.Size([1, 192, 8, 8])
torch.Size([1, 192, 8, 8])
merged size without overlap : 6 6 256
Merged: torch.Size([1, 256, 6, 6])
torch.Size([1, 1000])
Poll Time: 0.8992941580002025
Layer Times: [0.05902021500014598, 0.07323732600002586, 0.7670366170000307]
Store Push Time: 0.03368453999974008
Store Pull Time: 0.8827189700064082
Merge Time: 0.0007979400002113834
Split Time: 0.00023553800019726623
Time: 1.2382483339999908
