torch.Size([1, 3, 127, 127])
torch.Size([1, 3, 127, 127])
torch.Size([1, 3, 127, 127])
torch.Size([1, 3, 127, 127])
merged size without overlap : 14 14 192
Merged: torch.Size([1, 192, 14, 14])
torch.Size([1, 192, 8, 8])
torch.Size([1, 192, 8, 8])
torch.Size([1, 192, 8, 8])
torch.Size([1, 192, 8, 8])
merged size without overlap : 6 6 256
Merged: torch.Size([1, 256, 6, 6])
Waiting for key data/img_1284
Rerunning data/img_1284...
Waiting for key data/img_1284
Rerunning data/img_1284...
Waiting for key data/img_1284
Rerunning data/img_1284...
Waiting for key data/img_1284
Rerunning data/img_1284...
Waiting for key data/img_1284
Rerunning data/img_1284...
Waiting for key data/img_1284
Rerunning data/img_1284...
Waiting for key data/img_1284
Rerunning data/img_1284...
Waiting for key data/img_1284
Rerunning data/img_1284...
Waiting for key data/img_1284
Rerunning data/img_1284...
Waiting for key data/img_1284
Rerunning data/img_1284...
Waiting for key data/img_1284
Rerunning data/img_1284...
Waiting for key data/img_1284
Rerunning data/img_1284...
Waiting for key data/img_1284
Rerunning data/img_1284...
Waiting for key data/img_1284
Rerunning data/img_1284...
Waiting for key data/img_1284
Rerunning data/img_1284...
Waiting for key data/img_1284
Rerunning data/img_1284...
Waiting for key data/img_1284
Rerunning data/img_1284...
Waiting for key data/img_1284
Rerunning data/img_1284...
Waiting for key data/img_1284
Rerunning data/img_1284...
Waiting for key data/img_1284
Rerunning data/img_1284...
Waiting for key data/img_1284
Rerunning data/img_1284...
Waiting for key data/img_1284
Rerunning data/img_1284...
Waiting for key data/img_1284
Rerunning data/img_1284...
Waiting for key data/img_1284
Rerunning data/img_1284...
Waiting for key data/img_1284
Rerunning data/img_1284...
Waiting for key data/img_1284
Rerunning data/img_1284...
Waiting for key data/img_1284
Rerunning data/img_1284...
Waiting for key data/img_1284
Rerunning data/img_1284...
Waiting for key data/img_1284
Rerunning data/img_1284...
Waiting for key data/img_1284
Rerunning data/img_1284...
Waiting for key data/img_1284
Rerunning data/img_1284...
Waiting for key data/img_1284
Rerunning data/img_1284...
Waiting for key data/img_1284
Rerunning data/img_1284...
Waiting for key data/img_1284
Rerunning data/img_1284...
torch.Size([1, 1000])
Poll Time: 65.05038767000019
Layer Times: [0.06282074000000648, 0.0820345610000004, 64.90553236900018]
Store Push Time: 0.03198454600033074
Store Pull Time: 63.00002102612439
Merge Time: 0.0007548969999788824
Split Time: 0.00020150899990767357
Time: 65.30866020600001
