torch.Size([1, 3, 127, 127])
torch.Size([1, 3, 127, 127])
torch.Size([1, 3, 127, 127])
torch.Size([1, 3, 127, 127])
merged size without overlap : 14 14 192
Merged: torch.Size([1, 192, 14, 14])
torch.Size([1, 192, 8, 8])
torch.Size([1, 192, 8, 8])
torch.Size([1, 192, 8, 8])
torch.Size([1, 192, 8, 8])
merged size without overlap : 6 6 256
Merged: torch.Size([1, 256, 6, 6])
Waiting for key data/img_1694
Rerunning data/img_1694...
Waiting for key data/img_1694
Rerunning data/img_1694...
Waiting for key data/img_1694
Rerunning data/img_1694...
Waiting for key data/img_1694
Rerunning data/img_1694...
Waiting for key data/img_1694
Rerunning data/img_1694...
Waiting for key data/img_1694
Rerunning data/img_1694...
Waiting for key data/img_1694
Rerunning data/img_1694...
Waiting for key data/img_1694
Rerunning data/img_1694...
Waiting for key data/img_1694
Rerunning data/img_1694...
Waiting for key data/img_1694
Rerunning data/img_1694...
Waiting for key data/img_1694
Rerunning data/img_1694...
Waiting for key data/img_1694
Rerunning data/img_1694...
Waiting for key data/img_1694
Rerunning data/img_1694...
Waiting for key data/img_1694
Rerunning data/img_1694...
Waiting for key data/img_1694
Rerunning data/img_1694...
Waiting for key data/img_1694
Rerunning data/img_1694...
Waiting for key data/img_1694
Rerunning data/img_1694...
Waiting for key data/img_1694
Rerunning data/img_1694...
Waiting for key data/img_1694
Rerunning data/img_1694...
Waiting for key data/img_1694
Rerunning data/img_1694...
Waiting for key data/img_1694
Rerunning data/img_1694...
Waiting for key data/img_1694
Rerunning data/img_1694...
Waiting for key data/img_1694
Rerunning data/img_1694...
Waiting for key data/img_1694
Rerunning data/img_1694...
Waiting for key data/img_1694
Rerunning data/img_1694...
Waiting for key data/img_1694
Rerunning data/img_1694...
Waiting for key data/img_1694
Rerunning data/img_1694...
Waiting for key data/img_1694
Rerunning data/img_1694...
Waiting for key data/img_1694
Rerunning data/img_1694...
Waiting for key data/img_1694
Rerunning data/img_1694...
Waiting for key data/img_1694
Rerunning data/img_1694...
Waiting for key data/img_1694
Rerunning data/img_1694...
Waiting for key data/img_1694
Rerunning data/img_1694...
Waiting for key data/img_1694
Rerunning data/img_1694...
Waiting for key data/img_1694
Rerunning data/img_1694...
torch.Size([1, 1000])
Poll Time: 66.77527754799985
Layer Times: [0.07472540399999161, 0.07653779299994312, 66.62401435099991]
Store Push Time: 0.03323196500014092
Store Pull Time: 64.69102362594299
Merge Time: 0.000920529000040915
Split Time: 0.00020506300006672973
Time: 67.07736798500014
