torch.Size([1, 3, 127, 127])
torch.Size([1, 3, 127, 127])
torch.Size([1, 3, 127, 127])
torch.Size([1, 3, 127, 127])
merged size without overlap : 14 14 192
Merged: torch.Size([1, 192, 14, 14])
torch.Size([1, 192, 8, 8])
torch.Size([1, 192, 8, 8])
torch.Size([1, 192, 8, 8])
torch.Size([1, 192, 8, 8])
merged size without overlap : 6 6 256
Merged: torch.Size([1, 256, 6, 6])
torch.Size([1, 1000])
Poll Time: 0.9377554919999511
Layer Times: [0.07439160500007347, 0.08874700899991694, 0.7746168779999607]
Store Push Time: 0.03419135300032394
Store Pull Time: 0.9215990389882336
Merge Time: 0.0007631329999640002
Split Time: 0.0002796039998429478
Time: 1.2430069000001822
