torch.Size([1, 3, 127, 127])
torch.Size([1, 3, 127, 127])
torch.Size([1, 3, 127, 127])
torch.Size([1, 3, 127, 127])
merged size without overlap : 14 14 192
Merged: torch.Size([1, 192, 14, 14])
torch.Size([1, 192, 8, 8])
torch.Size([1, 192, 8, 8])
torch.Size([1, 192, 8, 8])
torch.Size([1, 192, 8, 8])
merged size without overlap : 6 6 256
Merged: torch.Size([1, 256, 6, 6])
torch.Size([1, 1000])
Poll Time: 0.9195986970000831
Layer Times: [0.07053527800007942, 0.08494930200004092, 0.7641141169999628]
Store Push Time: 0.08713944899977832
Store Pull Time: 0.9038019429890483
Merge Time: 0.0007430109999404522
Split Time: 0.00020703199993477028
Time: 1.2649195060000693
