torch.Size([1, 3, 127, 127])
torch.Size([1, 3, 127, 127])
torch.Size([1, 3, 127, 127])
torch.Size([1, 3, 127, 127])
merged size without overlap : 14 14 192
Merged: torch.Size([1, 192, 14, 14])
torch.Size([1, 192, 8, 8])
torch.Size([1, 192, 8, 8])
torch.Size([1, 192, 8, 8])
torch.Size([1, 192, 8, 8])
merged size without overlap : 6 6 256
Merged: torch.Size([1, 256, 6, 6])
torch.Size([1, 1000])
Poll Time: 0.9159888820001925
Layer Times: [0.06203638300007697, 0.08172861100001683, 0.7722238880000987]
Store Push Time: 0.04888341999981094
Store Pull Time: 0.9000921160009057
Merge Time: 0.0010328869998375012
Split Time: 0.000316066000095816
Time: 1.242447330999994
