torch.Size([1, 3, 127, 127])
torch.Size([1, 3, 127, 127])
torch.Size([1, 3, 127, 127])
torch.Size([1, 3, 127, 127])
merged size without overlap : 14 14 192
Merged: torch.Size([1, 192, 14, 14])
torch.Size([1, 192, 8, 8])
torch.Size([1, 192, 8, 8])
torch.Size([1, 192, 8, 8])
torch.Size([1, 192, 8, 8])
merged size without overlap : 6 6 256
Merged: torch.Size([1, 256, 6, 6])
Waiting for key data/img_1094
Rerunning data/img_1094...
Waiting for key data/img_1094
Rerunning data/img_1094...
Waiting for key data/img_1094
Rerunning data/img_1094...
Waiting for key data/img_1094
Rerunning data/img_1094...
Waiting for key data/img_1094
Rerunning data/img_1094...
Waiting for key data/img_1094
Rerunning data/img_1094...
Waiting for key data/img_1094
Rerunning data/img_1094...
Waiting for key data/img_1094
Rerunning data/img_1094...
Waiting for key data/img_1094
Rerunning data/img_1094...
Waiting for key data/img_1094
Rerunning data/img_1094...
Waiting for key data/img_1094
Rerunning data/img_1094...
Waiting for key data/img_1094
Rerunning data/img_1094...
Waiting for key data/img_1094
Rerunning data/img_1094...
Waiting for key data/img_1094
Rerunning data/img_1094...
Waiting for key data/img_1094
Rerunning data/img_1094...
Waiting for key data/img_1094
Rerunning data/img_1094...
Waiting for key data/img_1094
Rerunning data/img_1094...
Waiting for key data/img_1094
Rerunning data/img_1094...
Waiting for key data/img_1094
Rerunning data/img_1094...
Waiting for key data/img_1094
Rerunning data/img_1094...
Waiting for key data/img_1094
Rerunning data/img_1094...
Waiting for key data/img_1094
Rerunning data/img_1094...
Waiting for key data/img_1094
Rerunning data/img_1094...
Waiting for key data/img_1094
Rerunning data/img_1094...
Waiting for key data/img_1094
Rerunning data/img_1094...
Waiting for key data/img_1094
Rerunning data/img_1094...
Waiting for key data/img_1094
Rerunning data/img_1094...
Waiting for key data/img_1094
Rerunning data/img_1094...
Waiting for key data/img_1094
Rerunning data/img_1094...
Waiting for key data/img_1094
Rerunning data/img_1094...
Waiting for key data/img_1094
Rerunning data/img_1094...
Waiting for key data/img_1094
Rerunning data/img_1094...
Waiting for key data/img_1094
Rerunning data/img_1094...
torch.Size([1, 1000])
Poll Time: 65.2539373520001
Layer Times: [0.08824269899992032, 0.07222330700005841, 65.09347134600011]
Store Push Time: 0.03623436299972127
Store Pull Time: 62.95693468297941
Merge Time: 0.0009744579999733105
Split Time: 0.000295037000114462
Time: 65.59672502400008
