torch.Size([1, 3, 127, 127])
torch.Size([1, 3, 127, 127])
torch.Size([1, 3, 127, 127])
torch.Size([1, 3, 127, 127])
merged size without overlap : 14 14 192
Merged: torch.Size([1, 192, 14, 14])
torch.Size([1, 192, 8, 8])
torch.Size([1, 192, 8, 8])
torch.Size([1, 192, 8, 8])
torch.Size([1, 192, 8, 8])
merged size without overlap : 6 6 256
Merged: torch.Size([1, 256, 6, 6])
Waiting for key data/img_3674
Rerunning data/img_3674...
Waiting for key data/img_3674
Rerunning data/img_3674...
torch.Size([1, 1000])
Poll Time: 5.175074475000201
Layer Times: [0.07063480900001196, 0.0865888939999877, 5.017850772000202]
Store Push Time: 0.032289100999832954
Store Pull Time: 5.023509000043759
Merge Time: 0.0008534850001069572
Split Time: 0.0002085209998767823
Time: 5.439377694000086
