torch.Size([1, 3, 127, 127])
torch.Size([1, 3, 127, 127])
torch.Size([1, 3, 127, 127])
torch.Size([1, 3, 127, 127])
merged size without overlap : 14 14 192
Merged: torch.Size([1, 192, 14, 14])
torch.Size([1, 192, 8, 8])
torch.Size([1, 192, 8, 8])
torch.Size([1, 192, 8, 8])
torch.Size([1, 192, 8, 8])
merged size without overlap : 6 6 256
Merged: torch.Size([1, 256, 6, 6])
torch.Size([1, 1000])
Poll Time: 0.9638459210000292
Layer Times: [0.07961483899998711, 0.0814517789999627, 0.8027793030000794]
Store Push Time: 0.03543199199953051
Store Pull Time: 0.9462109109936137
Merge Time: 0.0011307809998015728
Split Time: 0.0003351410000504984
Time: 1.2703303999999207
