torch.Size([1, 3, 127, 127])
torch.Size([1, 3, 127, 127])
torch.Size([1, 3, 127, 127])
torch.Size([1, 3, 127, 127])
merged size without overlap : 14 14 192
Merged: torch.Size([1, 192, 14, 14])
torch.Size([1, 192, 8, 8])
torch.Size([1, 192, 8, 8])
torch.Size([1, 192, 8, 8])
torch.Size([1, 192, 8, 8])
merged size without overlap : 6 6 256
Merged: torch.Size([1, 256, 6, 6])
torch.Size([1, 1000])
Poll Time: 1.0333758610004224
Layer Times: [0.11434940999970422, 0.146380512000178, 0.7726459390005402]
Store Push Time: 0.360976816999937
Store Pull Time: 1.031538999985969
Merge Time: 0.001040081998326059
Split Time: 0.0002733090004767291
Time: 3.979708071999994
