torch.Size([1, 3, 127, 127])
torch.Size([1, 3, 127, 127])
torch.Size([1, 3, 127, 127])
torch.Size([1, 3, 127, 127])
merged size without overlap : 14 14 192
Merged: torch.Size([1, 192, 14, 14])
torch.Size([1, 192, 8, 8])
torch.Size([1, 192, 8, 8])
torch.Size([1, 192, 8, 8])
torch.Size([1, 192, 8, 8])
merged size without overlap : 6 6 256
Merged: torch.Size([1, 256, 6, 6])
torch.Size([1, 1000])
Poll Time: 0.997685277000528
Layer Times: [0.14507293199949345, 0.08384718600063934, 0.7687651590003952]
Store Push Time: 0.39893904099881183
Store Pull Time: 0.9912428079860547
Merge Time: 0.001109898998947756
Split Time: 0.0002528929999243701
Time: 3.355821985000148
