torch.Size([1, 3, 127, 127])
torch.Size([1, 3, 127, 127])
torch.Size([1, 3, 127, 127])
torch.Size([1, 3, 127, 127])
merged size without overlap : 14 14 192
Merged: torch.Size([1, 192, 14, 14])
torch.Size([1, 192, 8, 8])
torch.Size([1, 192, 8, 8])
torch.Size([1, 192, 8, 8])
torch.Size([1, 192, 8, 8])
merged size without overlap : 6 6 256
Merged: torch.Size([1, 256, 6, 6])
torch.Size([1, 1000])
Poll Time: 1.8924061710004025
Layer Times: [0.07054238700038695, 0.08480779599995003, 1.7370559880000656]
Store Push Time: 0.3319833350005865
Store Pull Time: 1.8891390820026572
Merge Time: 0.000852312001370592
Split Time: 0.0002224609997938387
Time: 4.684146667999812
