torch.Size([1, 3, 127, 127])
torch.Size([1, 3, 127, 127])
torch.Size([1, 3, 127, 127])
torch.Size([1, 3, 127, 127])
merged size without overlap : 14 14 192
Merged: torch.Size([1, 192, 14, 14])
torch.Size([1, 192, 8, 8])
torch.Size([1, 192, 8, 8])
torch.Size([1, 192, 8, 8])
torch.Size([1, 192, 8, 8])
merged size without overlap : 6 6 256
Merged: torch.Size([1, 256, 6, 6])
Waiting for key data/img_2914
Rerunning data/img_2914...
Waiting for key data/img_2914
Rerunning data/img_2914...
Waiting for key data/img_2914
Rerunning data/img_2914...
Waiting for key data/img_2914
Rerunning data/img_2914...
Waiting for key data/img_2914
Rerunning data/img_2914...
Waiting for key data/img_2914
Rerunning data/img_2914...
Waiting for key data/img_2914
Rerunning data/img_2914...
Waiting for key data/img_2914
Rerunning data/img_2914...
Waiting for key data/img_2914
Rerunning data/img_2914...
Waiting for key data/img_2914
Rerunning data/img_2914...
Waiting for key data/img_2914
Rerunning data/img_2914...
Waiting for key data/img_2914
Rerunning data/img_2914...
Waiting for key data/img_2914
Rerunning data/img_2914...
Waiting for key data/img_2914
Rerunning data/img_2914...
Waiting for key data/img_2914
Rerunning data/img_2914...
Waiting for key data/img_2914
Rerunning data/img_2914...
Waiting for key data/img_2914
Rerunning data/img_2914...
Waiting for key data/img_2914
Rerunning data/img_2914...
Waiting for key data/img_2914
Rerunning data/img_2914...
Waiting for key data/img_2914
Rerunning data/img_2914...
Waiting for key data/img_2914
Rerunning data/img_2914...
Waiting for key data/img_2914
Rerunning data/img_2914...
Waiting for key data/img_2914
Rerunning data/img_2914...
Waiting for key data/img_2914
Rerunning data/img_2914...
Waiting for key data/img_2914
Rerunning data/img_2914...
Waiting for key data/img_2914
Rerunning data/img_2914...
Waiting for key data/img_2914
Rerunning data/img_2914...
Waiting for key data/img_2914
Rerunning data/img_2914...
Waiting for key data/img_2914
Rerunning data/img_2914...
Waiting for key data/img_2914
Rerunning data/img_2914...
Waiting for key data/img_2914
Rerunning data/img_2914...
Waiting for key data/img_2914
Rerunning data/img_2914...
Waiting for key data/img_2914
Rerunning data/img_2914...
Waiting for key data/img_2914
Rerunning data/img_2914...
Waiting for key data/img_2914
Rerunning data/img_2914...
Waiting for key data/img_2914
Rerunning data/img_2914...
Waiting for key data/img_2914
Rerunning data/img_2914...
Waiting for key data/img_2914
Rerunning data/img_2914...
Waiting for key data/img_2914
Rerunning data/img_2914...
Waiting for key data/img_2914
Rerunning data/img_2914...
Waiting for key data/img_2914
Rerunning data/img_2914...
Waiting for key data/img_2914
Rerunning data/img_2914...
Waiting for key data/img_2914
Rerunning data/img_2914...
Waiting for key data/img_2914
Rerunning data/img_2914...
Waiting for key data/img_2914
Rerunning data/img_2914...
torch.Size([1, 1000])
Poll Time: 91.36356950800018
Layer Times: [0.07519305300047563, 0.1010806539998157, 91.18729580099989]
Store Push Time: 0.24316175499916426
Store Pull Time: 88.27149774312147
Merge Time: 0.0008011789996089647
Split Time: 0.00020435300029930659
Time: 93.80505377399913
