torch.Size([1, 3, 127, 127])
torch.Size([1, 3, 127, 127])
torch.Size([1, 3, 127, 127])
torch.Size([1, 3, 127, 127])
merged size without overlap : 14 14 192
Merged: torch.Size([1, 192, 14, 14])
torch.Size([1, 192, 8, 8])
torch.Size([1, 192, 8, 8])
torch.Size([1, 192, 8, 8])
torch.Size([1, 192, 8, 8])
merged size without overlap : 6 6 256
Merged: torch.Size([1, 256, 6, 6])
torch.Size([1, 1000])
Poll Time: 0.9774427790007394
Layer Times: [0.10945536400049605, 0.09916030899967154, 0.7688271060005718]
Store Push Time: 0.23726374700072483
Store Pull Time: 0.9756461610013503
Merge Time: 0.000742635000278824
Split Time: 0.0002212549998148461
Time: 3.536978277000344
