torch.Size([1, 3, 127, 127])
torch.Size([1, 3, 127, 127])
torch.Size([1, 3, 127, 127])
torch.Size([1, 3, 127, 127])
merged size without overlap : 14 14 192
Merged: torch.Size([1, 192, 14, 14])
torch.Size([1, 192, 8, 8])
torch.Size([1, 192, 8, 8])
torch.Size([1, 192, 8, 8])
torch.Size([1, 192, 8, 8])
merged size without overlap : 6 6 256
Merged: torch.Size([1, 256, 6, 6])
torch.Size([1, 1000])
Poll Time: 0.9706909549995544
Layer Times: [0.09632048499952361, 0.10979988199960644, 0.7645705880004243]
Store Push Time: 0.2604129630008174
Store Pull Time: 0.9626568470193888
Merge Time: 0.0007499260000258801
Split Time: 0.00021242200000415323
Time: 2.8103203150003537
