torch.Size([1, 3, 127, 127])
torch.Size([1, 3, 127, 127])
torch.Size([1, 3, 127, 127])
torch.Size([1, 3, 127, 127])
merged size without overlap : 14 14 192
Merged: torch.Size([1, 192, 14, 14])
torch.Size([1, 192, 8, 8])
torch.Size([1, 192, 8, 8])
torch.Size([1, 192, 8, 8])
torch.Size([1, 192, 8, 8])
merged size without overlap : 6 6 256
Merged: torch.Size([1, 256, 6, 6])
torch.Size([1, 1000])
Poll Time: 0.99577188499984
Layer Times: [0.0953513459999158, 0.1161386549999861, 0.7842818839999381]
Store Push Time: 0.3502268500002401
Store Pull Time: 0.9928769850002936
Merge Time: 0.0008234809999976278
Split Time: 0.15969912100013062
Time: 3.4570138569999926
