torch.Size([1, 3, 127, 127])
torch.Size([1, 3, 127, 127])
torch.Size([1, 3, 127, 127])
torch.Size([1, 3, 127, 127])
merged size without overlap : 14 14 192
Merged: torch.Size([1, 192, 14, 14])
torch.Size([1, 192, 8, 8])
torch.Size([1, 192, 8, 8])
torch.Size([1, 192, 8, 8])
torch.Size([1, 192, 8, 8])
merged size without overlap : 6 6 256
Merged: torch.Size([1, 256, 6, 6])
torch.Size([1, 1000])
Poll Time: 1.1743551680000337
Layer Times: [0.10410944800003108, 0.16116147000002456, 0.9090842499999781]
Store Push Time: 0.24778784000000087
Store Pull Time: 1.1677660500012053
Merge Time: 0.0007094479999523173
Split Time: 0.00022989299986875267
Time: 3.040628622999975
