torch.Size([1, 3, 127, 127])
torch.Size([1, 3, 127, 127])
torch.Size([1, 3, 127, 127])
torch.Size([1, 3, 127, 127])
merged size without overlap : 14 14 192
Merged: torch.Size([1, 192, 14, 14])
torch.Size([1, 192, 8, 8])
torch.Size([1, 192, 8, 8])
torch.Size([1, 192, 8, 8])
torch.Size([1, 192, 8, 8])
merged size without overlap : 6 6 256
Merged: torch.Size([1, 256, 6, 6])
torch.Size([1, 1000])
Poll Time: 1.105760461999921
Layer Times: [0.11307546500006538, 0.1291012109999201, 0.8635837859999356]
Store Push Time: 0.43692661900013263
Store Pull Time: 1.1039127339994366
Merge Time: 0.0008015630000954843
Split Time: 0.0002225079999789159
Time: 4.1181992360000095
