torch.Size([1, 3, 127, 127])
torch.Size([1, 3, 127, 127])
torch.Size([1, 3, 127, 127])
torch.Size([1, 3, 127, 127])
merged size without overlap : 14 14 192
Merged: torch.Size([1, 192, 14, 14])
torch.Size([1, 192, 8, 8])
torch.Size([1, 192, 8, 8])
torch.Size([1, 192, 8, 8])
torch.Size([1, 192, 8, 8])
merged size without overlap : 6 6 256
Merged: torch.Size([1, 256, 6, 6])
Waiting for key warmup/1614
Rerunning warmup/1614...
Waiting for key warmup/1614
Rerunning warmup/1614...
Waiting for key warmup/1614
Rerunning warmup/1614...
Waiting for key warmup/1614
Rerunning warmup/1614...
Waiting for key warmup/1614
Rerunning warmup/1614...
Waiting for key warmup/1614
Rerunning warmup/1614...
Waiting for key warmup/1614
Rerunning warmup/1614...
Waiting for key warmup/1614
Rerunning warmup/1614...
Waiting for key warmup/1614
Rerunning warmup/1614...
Waiting for key warmup/1614
Rerunning warmup/1614...
Waiting for key warmup/1614
Rerunning warmup/1614...
Waiting for key warmup/1614
Rerunning warmup/1614...
Waiting for key warmup/1614
Rerunning warmup/1614...
Waiting for key warmup/1614
Rerunning warmup/1614...
Waiting for key warmup/1614
Rerunning warmup/1614...
Waiting for key warmup/1614
Rerunning warmup/1614...
Waiting for key warmup/1614
Rerunning warmup/1614...
torch.Size([1, 1000])
Poll Time: 77.66234595799995
Layer Times: [0.31119808699997975, 0.2012550659999306, 77.14989280500004]
Store Push Time: 0.4532455439999694
Store Pull Time: 76.07252154799664
Merge Time: 0.01013951899994936
Split Time: 0.00027675599994836375
Time: 80.78557389499997
