torch.Size([1, 3, 127, 127])
torch.Size([1, 3, 127, 127])
torch.Size([1, 3, 127, 127])
torch.Size([1, 3, 127, 127])
merged size without overlap : 14 14 192
Merged: torch.Size([1, 192, 14, 14])
torch.Size([1, 192, 8, 8])
torch.Size([1, 192, 8, 8])
torch.Size([1, 192, 8, 8])
torch.Size([1, 192, 8, 8])
merged size without overlap : 6 6 256
Merged: torch.Size([1, 256, 6, 6])
torch.Size([1, 1000])
Poll Time: 1.1476300740000625
Layer Times: [0.13142449400004352, 0.15973364900003162, 0.8564719309999873]
Store Push Time: 0.5173443259998294
Store Pull Time: 1.1456945179992317
Merge Time: 0.0008606320000126289
Split Time: 0.0002161519998935546
Time: 4.60648259300001
