torch.Size([1, 3, 127, 127])
torch.Size([1, 3, 127, 127])
torch.Size([1, 3, 127, 127])
torch.Size([1, 3, 127, 127])
merged size without overlap : 14 14 192
Merged: torch.Size([1, 192, 14, 14])
torch.Size([1, 192, 8, 8])
torch.Size([1, 192, 8, 8])
torch.Size([1, 192, 8, 8])
torch.Size([1, 192, 8, 8])
merged size without overlap : 6 6 256
Merged: torch.Size([1, 256, 6, 6])
torch.Size([1, 1000])
Poll Time: 0.9780254590000368
Layer Times: [0.10220380500004467, 0.09032453299994359, 0.7854971210000485]
Store Push Time: 0.3419043920000604
Store Pull Time: 0.9756953749985087
Merge Time: 0.0007656710000674138
Split Time: 0.00021593100007066823
Time: 3.7965217739999844
