torch.Size([1, 3, 127, 127])
torch.Size([1, 3, 127, 127])
torch.Size([1, 3, 127, 127])
torch.Size([1, 3, 127, 127])
merged size without overlap : 14 14 192
Merged: torch.Size([1, 192, 14, 14])
torch.Size([1, 192, 8, 8])
torch.Size([1, 192, 8, 8])
torch.Size([1, 192, 8, 8])
torch.Size([1, 192, 8, 8])
merged size without overlap : 6 6 256
Merged: torch.Size([1, 256, 6, 6])
torch.Size([1, 1000])
Poll Time: 0.9626388480000969
Layer Times: [0.11440980100007891, 0.08321108500001628, 0.7650179620000017]
Store Push Time: 0.583455997000101
Store Pull Time: 0.9607132900001716
Merge Time: 0.0007681350000439124
Split Time: 0.0002178629999889381
Time: 4.551079523999988
