torch.Size([1, 3, 127, 127])
torch.Size([1, 3, 127, 127])
torch.Size([1, 3, 127, 127])
torch.Size([1, 3, 127, 127])
merged size without overlap : 14 14 192
Merged: torch.Size([1, 192, 14, 14])
torch.Size([1, 192, 8, 8])
torch.Size([1, 192, 8, 8])
torch.Size([1, 192, 8, 8])
torch.Size([1, 192, 8, 8])
merged size without overlap : 6 6 256
Merged: torch.Size([1, 256, 6, 6])
torch.Size([1, 1000])
Poll Time: 3.004760453999893
Layer Times: [1.965865497999971, 0.1249660059999087, 0.9139289500000132]
Store Push Time: 0.52435737899998
Store Pull Time: 2.9994480139997677
Merge Time: 0.0010578669999858903
Split Time: 0.00022713199996360345
Time: 5.608636039999965
