torch.Size([1, 3, 127, 127])
torch.Size([1, 3, 127, 127])
torch.Size([1, 3, 127, 127])
torch.Size([1, 3, 127, 127])
merged size without overlap : 14 14 192
Merged: torch.Size([1, 192, 14, 14])
torch.Size([1, 192, 8, 8])
torch.Size([1, 192, 8, 8])
torch.Size([1, 192, 8, 8])
torch.Size([1, 192, 8, 8])
merged size without overlap : 6 6 256
Merged: torch.Size([1, 256, 6, 6])
torch.Size([1, 1000])
Poll Time: 1.0835823700000446
Layer Times: [0.08290291100001923, 0.08284835500001009, 0.9178311040000153]
Store Push Time: 0.2211255559999472
Store Pull Time: 1.0815364430001182
Merge Time: 0.0008252960000163512
Split Time: 0.000290640999878633
Time: 4.687791840000045
