torch.Size([1, 3, 127, 127])
torch.Size([1, 3, 127, 127])
torch.Size([1, 3, 127, 127])
torch.Size([1, 3, 127, 127])
merged size without overlap : 14 14 192
Merged: torch.Size([1, 192, 14, 14])
torch.Size([1, 192, 8, 8])
torch.Size([1, 192, 8, 8])
torch.Size([1, 192, 8, 8])
torch.Size([1, 192, 8, 8])
merged size without overlap : 6 6 256
Merged: torch.Size([1, 256, 6, 6])
torch.Size([1, 1000])
Poll Time: 0.9509271170002194
Layer Times: [0.06017575500004568, 0.128501189000076, 0.7622501730000977]
Store Push Time: 0.3945826679999982
Store Pull Time: 0.9494707700000617
Merge Time: 0.0008035600000084742
Split Time: 0.00021655899990946637
Time: 4.918285419999961
