torch.Size([1, 3, 127, 127])
torch.Size([1, 3, 127, 127])
torch.Size([1, 3, 127, 127])
torch.Size([1, 3, 127, 127])
merged size without overlap : 14 14 192
Merged: torch.Size([1, 192, 14, 14])
torch.Size([1, 192, 8, 8])
torch.Size([1, 192, 8, 8])
torch.Size([1, 192, 8, 8])
torch.Size([1, 192, 8, 8])
merged size without overlap : 6 6 256
Merged: torch.Size([1, 256, 6, 6])
torch.Size([1, 1000])
Poll Time: 1.3502025310000363
Layer Times: [0.17470856199997797, 0.2525622519999615, 0.9229317170000968]
Store Push Time: 0.3609948019999365
Store Pull Time: 1.3482397590017854
Merge Time: 0.0007621050000352625
Split Time: 0.00021857700005512015
Time: 4.0697874630000115
