torch.Size([1, 3, 127, 127])
torch.Size([1, 3, 127, 127])
torch.Size([1, 3, 127, 127])
torch.Size([1, 3, 127, 127])
merged size without overlap : 14 14 192
Merged: torch.Size([1, 192, 14, 14])
torch.Size([1, 192, 8, 8])
torch.Size([1, 192, 8, 8])
torch.Size([1, 192, 8, 8])
torch.Size([1, 192, 8, 8])
merged size without overlap : 6 6 256
Merged: torch.Size([1, 256, 6, 6])
torch.Size([1, 1000])
Poll Time: 0.9732485289999886
Layer Times: [0.09934708200000841, 0.0870038379999869, 0.7868976089999933]
Store Push Time: 0.3381004320002603
Store Pull Time: 0.9697449190016414
Merge Time: 0.0008152670001209117
Split Time: 0.00023286100008590438
Time: 3.4812889129999576
