torch.Size([1, 3, 127, 127])
torch.Size([1, 3, 127, 127])
torch.Size([1, 3, 127, 127])
torch.Size([1, 3, 127, 127])
merged size without overlap : 14 14 192
Merged: torch.Size([1, 192, 14, 14])
torch.Size([1, 192, 8, 8])
torch.Size([1, 192, 8, 8])
torch.Size([1, 192, 8, 8])
torch.Size([1, 192, 8, 8])
merged size without overlap : 6 6 256
Merged: torch.Size([1, 256, 6, 6])
torch.Size([1, 1000])
Poll Time: 1.052495315000101
Layer Times: [0.11834940799997185, 0.12082467900006577, 0.8133212280000635]
Store Push Time: 0.4680765639999436
Store Pull Time: 1.050895091000939
Merge Time: 0.001267091000045184
Split Time: 0.015009619000124985
Time: 4.145356295999932
