torch.Size([1, 3, 127, 127])
torch.Size([1, 3, 127, 127])
torch.Size([1, 3, 127, 127])
torch.Size([1, 3, 127, 127])
merged size without overlap : 14 14 192
Merged: torch.Size([1, 192, 14, 14])
torch.Size([1, 192, 8, 8])
torch.Size([1, 192, 8, 8])
torch.Size([1, 192, 8, 8])
torch.Size([1, 192, 8, 8])
merged size without overlap : 6 6 256
Merged: torch.Size([1, 256, 6, 6])
torch.Size([1, 1000])
Poll Time: 1.0394794830000365
Layer Times: [0.09129196600008527, 0.13468014299996867, 0.8135073739999825]
Store Push Time: 0.42942018999985976
Store Pull Time: 1.037470783998856
Merge Time: 0.0007768669998995392
Split Time: 0.00022916599994005082
Time: 3.7745028839999577
