torch.Size([1, 3, 127, 127])
torch.Size([1, 3, 127, 127])
torch.Size([1, 3, 127, 127])
torch.Size([1, 3, 127, 127])
merged size without overlap : 14 14 192
Merged: torch.Size([1, 192, 14, 14])
torch.Size([1, 192, 8, 8])
torch.Size([1, 192, 8, 8])
torch.Size([1, 192, 8, 8])
torch.Size([1, 192, 8, 8])
merged size without overlap : 6 6 256
Merged: torch.Size([1, 256, 6, 6])
torch.Size([1, 1000])
Poll Time: 0.9863940180000554
Layer Times: [0.07477384100002382, 0.15635621100000208, 0.7552639660000295]
Store Push Time: 0.2624378670001306
Store Pull Time: 0.9826737919999005
Merge Time: 0.0007798939999474896
Split Time: 0.00023486400004912866
Time: 3.306948850000026
