torch.Size([1, 3, 127, 127])
torch.Size([1, 3, 127, 127])
torch.Size([1, 3, 127, 127])
torch.Size([1, 3, 127, 127])
merged size without overlap : 14 14 192
Merged: torch.Size([1, 192, 14, 14])
torch.Size([1, 192, 8, 8])
torch.Size([1, 192, 8, 8])
torch.Size([1, 192, 8, 8])
torch.Size([1, 192, 8, 8])
merged size without overlap : 6 6 256
Merged: torch.Size([1, 256, 6, 6])
torch.Size([1, 1000])
Poll Time: 1.1294774049999887
Layer Times: [0.12229380600001605, 0.08472759199992197, 0.9224560070000507]
Store Push Time: 0.6465595819998953
Store Pull Time: 1.1271809519996623
Merge Time: 0.0014645220001057169
Split Time: 0.0002866100001028826
Time: 4.878606250999951
