torch.Size([1, 3, 127, 127])
torch.Size([1, 3, 127, 127])
torch.Size([1, 3, 127, 127])
torch.Size([1, 3, 127, 127])
merged size without overlap : 14 14 192
Merged: torch.Size([1, 192, 14, 14])
torch.Size([1, 192, 8, 8])
torch.Size([1, 192, 8, 8])
torch.Size([1, 192, 8, 8])
torch.Size([1, 192, 8, 8])
merged size without overlap : 6 6 256
Merged: torch.Size([1, 256, 6, 6])
torch.Size([1, 1000])
Poll Time: 0.9953910980000273
Layer Times: [0.08955723899998702, 0.10880570100005116, 0.7970281579999892]
Store Push Time: 0.431885690999934
Store Pull Time: 0.9930126529991412
Merge Time: 0.008520418999978574
Split Time: 0.00022233599997889542
Time: 3.96549613600007
