torch.Size([1, 3, 127, 127])
torch.Size([1, 3, 127, 127])
torch.Size([1, 3, 127, 127])
torch.Size([1, 3, 127, 127])
merged size without overlap : 14 14 192
Merged: torch.Size([1, 192, 14, 14])
torch.Size([1, 192, 8, 8])
torch.Size([1, 192, 8, 8])
torch.Size([1, 192, 8, 8])
torch.Size([1, 192, 8, 8])
merged size without overlap : 6 6 256
Merged: torch.Size([1, 256, 6, 6])
Waiting for key warmup/304
Rerunning warmup/304...
Waiting for key warmup/304
Rerunning warmup/304...
Waiting for key warmup/304
Rerunning warmup/304...
Waiting for key warmup/304
Rerunning warmup/304...
Waiting for key warmup/304
Rerunning warmup/304...
Waiting for key warmup/304
Rerunning warmup/304...
Waiting for key warmup/304
Rerunning warmup/304...
Waiting for key warmup/304
Rerunning warmup/304...
Waiting for key warmup/304
Rerunning warmup/304...
Waiting for key warmup/304
Rerunning warmup/304...
Waiting for key warmup/304
Rerunning warmup/304...
Waiting for key warmup/304
Rerunning warmup/304...
Waiting for key warmup/304
Rerunning warmup/304...
Waiting for key warmup/304
Rerunning warmup/304...
Waiting for key warmup/304
Rerunning warmup/304...
torch.Size([1, 1000])
Poll Time: 72.84230105099994
Layer Times: [0.10174276599991572, 0.1426726189999954, 72.59788566600002]
Store Push Time: 0.5086468359999117
Store Pull Time: 71.44820506199983
Merge Time: 0.0007536210000580468
Split Time: 0.0002103399999668909
Time: 75.60184685000002
