torch.Size([1, 3, 127, 127])
torch.Size([1, 3, 127, 127])
torch.Size([1, 3, 127, 127])
torch.Size([1, 3, 127, 127])
merged size without overlap : 14 14 192
Merged: torch.Size([1, 192, 14, 14])
torch.Size([1, 192, 8, 8])
torch.Size([1, 192, 8, 8])
torch.Size([1, 192, 8, 8])
torch.Size([1, 192, 8, 8])
merged size without overlap : 6 6 256
Merged: torch.Size([1, 256, 6, 6])
torch.Size([1, 1000])
Poll Time: 1.1911809869999388
Layer Times: [0.3068904809999822, 0.1219110519999731, 0.7623794539999835]
Store Push Time: 0.3868764200000214
Store Pull Time: 1.1897245879991942
Merge Time: 0.001490359000058561
Split Time: 0.0002875009998888345
Time: 3.736910832000035
