torch.Size([1, 3, 127, 127])
torch.Size([1, 3, 127, 127])
torch.Size([1, 3, 127, 127])
torch.Size([1, 3, 127, 127])
merged size without overlap : 14 14 192
Merged: torch.Size([1, 192, 14, 14])
torch.Size([1, 192, 8, 8])
torch.Size([1, 192, 8, 8])
torch.Size([1, 192, 8, 8])
torch.Size([1, 192, 8, 8])
merged size without overlap : 6 6 256
Merged: torch.Size([1, 256, 6, 6])
torch.Size([1, 1000])
Poll Time: 0.939672552999923
Layer Times: [0.08206425699995634, 0.09719656300001134, 0.7604117329999553]
Store Push Time: 0.1811494370000446
Store Pull Time: 0.9329896629994892
Merge Time: 0.0008435900000449692
Split Time: 0.00022237999996832514
Time: 2.366317724000055
