torch.Size([1, 3, 127, 127])
torch.Size([1, 3, 127, 127])
torch.Size([1, 3, 127, 127])
torch.Size([1, 3, 127, 127])
merged size without overlap : 14 14 192
Merged: torch.Size([1, 192, 14, 14])
torch.Size([1, 192, 8, 8])
torch.Size([1, 192, 8, 8])
torch.Size([1, 192, 8, 8])
torch.Size([1, 192, 8, 8])
merged size without overlap : 6 6 256
Merged: torch.Size([1, 256, 6, 6])
torch.Size([1, 1000])
Poll Time: 1.3108640639999294
Layer Times: [0.2875807289999557, 0.10350734099995407, 0.9197759940000196]
Store Push Time: 0.4948624750002182
Store Pull Time: 1.3083047520004811
Merge Time: 0.0008108740000807302
Split Time: 0.0002235240000345584
Time: 4.467562498999996
