torch.Size([1, 3, 127, 127])
torch.Size([1, 3, 127, 127])
torch.Size([1, 3, 127, 127])
torch.Size([1, 3, 127, 127])
merged size without overlap : 14 14 192
Merged: torch.Size([1, 192, 14, 14])
torch.Size([1, 192, 8, 8])
torch.Size([1, 192, 8, 8])
torch.Size([1, 192, 8, 8])
torch.Size([1, 192, 8, 8])
merged size without overlap : 6 6 256
Merged: torch.Size([1, 256, 6, 6])
torch.Size([1, 1000])
Poll Time: 1.232953297999984
Layer Times: [0.20572469999990517, 0.12002421900001536, 0.9072043790000635]
Store Push Time: 0.4845520529999021
Store Pull Time: 1.2309869849996176
Merge Time: 0.0010480579999239126
Split Time: 0.00025530300001719297
Time: 4.779097054999966
