torch.Size([1, 3, 127, 127])
torch.Size([1, 3, 127, 127])
torch.Size([1, 3, 127, 127])
torch.Size([1, 3, 127, 127])
merged size without overlap : 14 14 192
Merged: torch.Size([1, 192, 14, 14])
torch.Size([1, 192, 8, 8])
torch.Size([1, 192, 8, 8])
torch.Size([1, 192, 8, 8])
torch.Size([1, 192, 8, 8])
merged size without overlap : 6 6 256
Merged: torch.Size([1, 256, 6, 6])
torch.Size([1, 1000])
Poll Time: 0.9436233240001002
Layer Times: [0.08360165600004166, 0.10724509900001067, 0.7527765690000479]
Store Push Time: 0.5638183550000804
Store Pull Time: 0.9417587989983076
Merge Time: 0.0008263490000217644
Split Time: 0.00022034699998130236
Time: 4.437339837000081
