torch.Size([1, 3, 127, 127])
torch.Size([1, 3, 127, 127])
torch.Size([1, 3, 127, 127])
torch.Size([1, 3, 127, 127])
merged size without overlap : 14 14 192
Merged: torch.Size([1, 192, 14, 14])
torch.Size([1, 192, 8, 8])
torch.Size([1, 192, 8, 8])
torch.Size([1, 192, 8, 8])
torch.Size([1, 192, 8, 8])
merged size without overlap : 6 6 256
Merged: torch.Size([1, 256, 6, 6])
torch.Size([1, 1000])
Poll Time: 0.9895651809998753
Layer Times: [0.08950372599997536, 0.10928433399999449, 0.7907771209999055]
Store Push Time: 0.3999465519999603
Store Pull Time: 0.9877894720007134
Merge Time: 0.0008047279999345847
Split Time: 0.00022659100000055332
Time: 4.453297954999925
