torch.Size([1, 3, 127, 127])
torch.Size([1, 3, 127, 127])
torch.Size([1, 3, 127, 127])
torch.Size([1, 3, 127, 127])
merged size without overlap : 14 14 192
Merged: torch.Size([1, 192, 14, 14])
torch.Size([1, 192, 8, 8])
torch.Size([1, 192, 8, 8])
torch.Size([1, 192, 8, 8])
torch.Size([1, 192, 8, 8])
merged size without overlap : 6 6 256
Merged: torch.Size([1, 256, 6, 6])
torch.Size([1, 1000])
Poll Time: 0.9501877599999489
Layer Times: [0.07629049199999827, 0.09457091199999468, 0.7793263559999559]
Store Push Time: 0.2837400029998207
Store Pull Time: 0.9482277100005376
Merge Time: 0.0008040990001063619
Split Time: 0.07229560699988724
Time: 3.801555146999931
