torch.Size([1, 3, 127, 127])
torch.Size([1, 3, 127, 127])
torch.Size([1, 3, 127, 127])
torch.Size([1, 3, 127, 127])
merged size without overlap : 14 14 192
Merged: torch.Size([1, 192, 14, 14])
torch.Size([1, 192, 8, 8])
torch.Size([1, 192, 8, 8])
torch.Size([1, 192, 8, 8])
torch.Size([1, 192, 8, 8])
merged size without overlap : 6 6 256
Merged: torch.Size([1, 256, 6, 6])
torch.Size([1, 1000])
Poll Time: 1.1209665300000324
Layer Times: [0.10017627499996706, 0.10699897700010297, 0.9137912779999624]
Store Push Time: 0.4646402590001344
Store Pull Time: 1.1188971920007589
Merge Time: 0.0007620570000881344
Split Time: 0.14797407399987605
Time: 4.5982467210000095
