torch.Size([1, 3, 127, 127])
torch.Size([1, 3, 127, 127])
torch.Size([1, 3, 127, 127])
torch.Size([1, 3, 127, 127])
merged size without overlap : 14 14 192
Merged: torch.Size([1, 192, 14, 14])
torch.Size([1, 192, 8, 8])
torch.Size([1, 192, 8, 8])
torch.Size([1, 192, 8, 8])
torch.Size([1, 192, 8, 8])
merged size without overlap : 6 6 256
Merged: torch.Size([1, 256, 6, 6])
torch.Size([1, 1000])
Poll Time: 1.0766861600000084
Layer Times: [0.07255101599992031, 0.08528793600009976, 0.9188472079999883]
Store Push Time: 0.5641127910001842
Store Pull Time: 1.0745379339999772
Merge Time: 0.0007412770000883029
Split Time: 0.00022105800007921061
Time: 4.222972100999982
