torch.Size([1, 3, 127, 127])
torch.Size([1, 3, 127, 127])
torch.Size([1, 3, 127, 127])
torch.Size([1, 3, 127, 127])
merged size without overlap : 14 14 192
Merged: torch.Size([1, 192, 14, 14])
torch.Size([1, 192, 8, 8])
torch.Size([1, 192, 8, 8])
torch.Size([1, 192, 8, 8])
torch.Size([1, 192, 8, 8])
merged size without overlap : 6 6 256
Merged: torch.Size([1, 256, 6, 6])
torch.Size([1, 1000])
Poll Time: 1.1450941890000195
Layer Times: [0.21826106000003165, 0.12339136200000667, 0.8034417669999812]
Store Push Time: 0.6031894210001383
Store Pull Time: 1.1432949290006036
Merge Time: 0.0008862929998940672
Split Time: 0.0002955810000457859
Time: 4.737772301000064
