torch.Size([1, 3, 127, 127])
torch.Size([1, 3, 127, 127])
torch.Size([1, 3, 127, 127])
torch.Size([1, 3, 127, 127])
merged size without overlap : 14 14 192
Merged: torch.Size([1, 192, 14, 14])
torch.Size([1, 192, 8, 8])
torch.Size([1, 192, 8, 8])
torch.Size([1, 192, 8, 8])
torch.Size([1, 192, 8, 8])
merged size without overlap : 6 6 256
Merged: torch.Size([1, 256, 6, 6])
torch.Size([1, 1000])
Poll Time: 0.9497541140000294
Layer Times: [0.09377146300005279, 0.09533044599993445, 0.7606522050000422]
Store Push Time: 0.5256213879998768
Store Pull Time: 0.9480437489999076
Merge Time: 0.0008155329999226524
Split Time: 0.0002271740000878708
Time: 4.071428707000109
