torch.Size([1, 3, 127, 127])
torch.Size([1, 3, 127, 127])
torch.Size([1, 3, 127, 127])
torch.Size([1, 3, 127, 127])
merged size without overlap : 14 14 192
Merged: torch.Size([1, 192, 14, 14])
torch.Size([1, 192, 8, 8])
torch.Size([1, 192, 8, 8])
torch.Size([1, 192, 8, 8])
torch.Size([1, 192, 8, 8])
merged size without overlap : 6 6 256
Merged: torch.Size([1, 256, 6, 6])
torch.Size([1, 1000])
Poll Time: 1.157397694999986
Layer Times: [0.1041123749999997, 0.13780689199995777, 0.9154784280000285]
Store Push Time: 0.44560034399989945
Store Pull Time: 1.1555155300000024
Merge Time: 0.000806249000106618
Split Time: 0.00021546399989347265
Time: 4.4761501039999985
