torch.Size([1, 3, 127, 127])
torch.Size([1, 3, 127, 127])
torch.Size([1, 3, 127, 127])
torch.Size([1, 3, 127, 127])
merged size without overlap : 14 14 192
Merged: torch.Size([1, 192, 14, 14])
torch.Size([1, 192, 8, 8])
torch.Size([1, 192, 8, 8])
torch.Size([1, 192, 8, 8])
torch.Size([1, 192, 8, 8])
merged size without overlap : 6 6 256
Merged: torch.Size([1, 256, 6, 6])
torch.Size([1, 1000])
Poll Time: 0.9400255929986088
Layer Times: [0.0720902909997676, 0.09117406799941818, 0.776761233999423]
Store Push Time: 0.20262011700015137
Store Pull Time: 0.9335033380029927
Merge Time: 0.0070955740002318635
Split Time: 0.00022125800023786724
Time: 2.484911468000064
