torch.Size([1, 3, 127, 127])
torch.Size([1, 3, 127, 127])
torch.Size([1, 3, 127, 127])
torch.Size([1, 3, 127, 127])
merged size without overlap : 14 14 192
Merged: torch.Size([1, 192, 14, 14])
torch.Size([1, 192, 8, 8])
torch.Size([1, 192, 8, 8])
torch.Size([1, 192, 8, 8])
torch.Size([1, 192, 8, 8])
merged size without overlap : 6 6 256
Merged: torch.Size([1, 256, 6, 6])
torch.Size([1, 1000])
Poll Time: 1.021701837999899
Layer Times: [0.10717719500007661, 0.1251584459996593, 0.7893661970001631]
Store Push Time: 0.3211892560020715
Store Pull Time: 1.019979278999017
Merge Time: 0.0008195559994419455
Split Time: 0.0002658299990798696
Time: 4.147376262999387
