torch.Size([1, 3, 127, 127])
torch.Size([1, 3, 127, 127])
torch.Size([1, 3, 127, 127])
torch.Size([1, 3, 127, 127])
merged size without overlap : 14 14 192
Merged: torch.Size([1, 192, 14, 14])
torch.Size([1, 192, 8, 8])
torch.Size([1, 192, 8, 8])
torch.Size([1, 192, 8, 8])
torch.Size([1, 192, 8, 8])
merged size without overlap : 6 6 256
Merged: torch.Size([1, 256, 6, 6])
torch.Size([1, 1000])
Poll Time: 0.9613066289994094
Layer Times: [0.07548113899974851, 0.09962192100010725, 0.7862035689995537]
Store Push Time: 0.292946132999532
Store Pull Time: 0.9558863270076472
Merge Time: 0.0007380249999187072
Split Time: 0.00021337700036383467
Time: 3.1549493910006277
