torch.Size([1, 3, 127, 127])
torch.Size([1, 3, 127, 127])
torch.Size([1, 3, 127, 127])
torch.Size([1, 3, 127, 127])
merged size without overlap : 14 14 192
Merged: torch.Size([1, 192, 14, 14])
torch.Size([1, 192, 8, 8])
torch.Size([1, 192, 8, 8])
torch.Size([1, 192, 8, 8])
torch.Size([1, 192, 8, 8])
merged size without overlap : 6 6 256
Merged: torch.Size([1, 256, 6, 6])
torch.Size([1, 1000])
Poll Time: 1.0008303720014737
Layer Times: [0.09480898100082413, 0.0992037630003324, 0.8068176280003172]
Store Push Time: 0.32257821900020645
Store Pull Time: 0.9989356929927453
Merge Time: 0.000985253000180819
Split Time: 0.0002690559995244257
Time: 3.7387714329997834
