torch.Size([1, 3, 127, 127])
torch.Size([1, 3, 127, 127])
torch.Size([1, 3, 127, 127])
torch.Size([1, 3, 127, 127])
merged size without overlap : 14 14 192
Merged: torch.Size([1, 192, 14, 14])
torch.Size([1, 192, 8, 8])
torch.Size([1, 192, 8, 8])
torch.Size([1, 192, 8, 8])
torch.Size([1, 192, 8, 8])
merged size without overlap : 6 6 256
Merged: torch.Size([1, 256, 6, 6])
torch.Size([1, 1000])
Poll Time: 1.1764391240003533
Layer Times: [0.14897745100006432, 0.12038522399961948, 0.9070764490006695]
Store Push Time: 0.3086204289993475
Store Pull Time: 1.1735162889954154
Merge Time: 0.0008215539992306731
Split Time: 0.00023320099990087328
Time: 3.7695374889999584
