torch.Size([1, 3, 127, 127])
torch.Size([1, 3, 127, 127])
torch.Size([1, 3, 127, 127])
torch.Size([1, 3, 127, 127])
merged size without overlap : 14 14 192
Merged: torch.Size([1, 192, 14, 14])
torch.Size([1, 192, 8, 8])
torch.Size([1, 192, 8, 8])
torch.Size([1, 192, 8, 8])
torch.Size([1, 192, 8, 8])
merged size without overlap : 6 6 256
Merged: torch.Size([1, 256, 6, 6])
torch.Size([1, 1000])
Poll Time: 0.9496806890001608
Layer Times: [0.10443535099966539, 0.08494187999986025, 0.7603034580006351]
Store Push Time: 0.1523357540008874
Store Pull Time: 0.9439655459982532
Merge Time: 0.0007846680009606644
Split Time: 0.00023228599911817582
Time: 2.6419345939993946
