torch.Size([1, 3, 127, 127])
torch.Size([1, 3, 127, 127])
torch.Size([1, 3, 127, 127])
torch.Size([1, 3, 127, 127])
merged size without overlap : 14 14 192
Merged: torch.Size([1, 192, 14, 14])
torch.Size([1, 192, 8, 8])
torch.Size([1, 192, 8, 8])
torch.Size([1, 192, 8, 8])
torch.Size([1, 192, 8, 8])
merged size without overlap : 6 6 256
Merged: torch.Size([1, 256, 6, 6])
torch.Size([1, 1000])
Poll Time: 1.1630507050012966
Layer Times: [0.1088362260006761, 0.09585897200031468, 0.9583555070003058]
Store Push Time: 0.5565066059980381
Store Pull Time: 1.160845419004545
Merge Time: 0.0010083760007546516
Split Time: 0.000252161999924283
Time: 4.538119516000734
