torch.Size([1, 3, 127, 127])
torch.Size([1, 3, 127, 127])
torch.Size([1, 3, 127, 127])
torch.Size([1, 3, 127, 127])
merged size without overlap : 14 14 192
Merged: torch.Size([1, 192, 14, 14])
torch.Size([1, 192, 8, 8])
torch.Size([1, 192, 8, 8])
torch.Size([1, 192, 8, 8])
torch.Size([1, 192, 8, 8])
merged size without overlap : 6 6 256
Merged: torch.Size([1, 256, 6, 6])
torch.Size([1, 1000])
Poll Time: 1.2439851339995585
Layer Times: [0.10345058799975959, 0.17083872900002461, 0.9696958169997743]
Store Push Time: 0.34774692700102605
Store Pull Time: 1.2418694950029021
Merge Time: 0.0007893590000094264
Split Time: 0.0002039460005107685
Time: 4.361705149000045
