torch.Size([1, 3, 127, 127])
torch.Size([1, 3, 127, 127])
torch.Size([1, 3, 127, 127])
torch.Size([1, 3, 127, 127])
merged size without overlap : 14 14 192
Merged: torch.Size([1, 192, 14, 14])
torch.Size([1, 192, 8, 8])
torch.Size([1, 192, 8, 8])
torch.Size([1, 192, 8, 8])
torch.Size([1, 192, 8, 8])
merged size without overlap : 6 6 256
Merged: torch.Size([1, 256, 6, 6])
torch.Size([1, 1000])
Poll Time: 0.9786110020004344
Layer Times: [0.10329207999984646, 0.07670829100061383, 0.7986106309999741]
Store Push Time: 0.4789265989984415
Store Pull Time: 0.9771495439981663
Merge Time: 0.0007878989999881014
Split Time: 0.00021502399977180175
Time: 4.563223067999388
