torch.Size([1, 3, 127, 127])
torch.Size([1, 3, 127, 127])
torch.Size([1, 3, 127, 127])
torch.Size([1, 3, 127, 127])
merged size without overlap : 14 14 192
Merged: torch.Size([1, 192, 14, 14])
torch.Size([1, 192, 8, 8])
torch.Size([1, 192, 8, 8])
torch.Size([1, 192, 8, 8])
torch.Size([1, 192, 8, 8])
merged size without overlap : 6 6 256
Merged: torch.Size([1, 256, 6, 6])
torch.Size([1, 1000])
Poll Time: 1.2450445060003403
Layer Times: [0.20635514500008867, 0.13432686000032845, 0.9043625009999232]
Store Push Time: 0.4586305069988157
Store Pull Time: 1.2429059179967226
Merge Time: 0.000780344000304467
Split Time: 0.00021453399949677987
Time: 4.118433120000191
