torch.Size([1, 3, 127, 127])
torch.Size([1, 3, 127, 127])
torch.Size([1, 3, 127, 127])
torch.Size([1, 3, 127, 127])
merged size without overlap : 14 14 192
Merged: torch.Size([1, 192, 14, 14])
torch.Size([1, 192, 8, 8])
torch.Size([1, 192, 8, 8])
torch.Size([1, 192, 8, 8])
torch.Size([1, 192, 8, 8])
merged size without overlap : 6 6 256
Merged: torch.Size([1, 256, 6, 6])
torch.Size([1, 1000])
Poll Time: 1.2641649859997415
Layer Times: [0.21611604099962278, 0.12454941899977712, 0.9234995260003416]
Store Push Time: 0.509012530000291
Store Pull Time: 1.261993635995168
Merge Time: 0.0007599880000270787
Split Time: 0.021951292999801808
Time: 4.291535369000485
