torch.Size([1, 3, 127, 127])
torch.Size([1, 3, 127, 127])
torch.Size([1, 3, 127, 127])
torch.Size([1, 3, 127, 127])
merged size without overlap : 14 14 192
Merged: torch.Size([1, 192, 14, 14])
torch.Size([1, 192, 8, 8])
torch.Size([1, 192, 8, 8])
torch.Size([1, 192, 8, 8])
torch.Size([1, 192, 8, 8])
merged size without overlap : 6 6 256
Merged: torch.Size([1, 256, 6, 6])
torch.Size([1, 1000])
Poll Time: 1.0359417440004108
Layer Times: [0.12742935599999328, 0.08994277599958878, 0.8185696120008288]
Store Push Time: 0.4224433070003215
Store Pull Time: 1.0342348769991077
Merge Time: 0.0009865070005616872
Split Time: 0.00021454400030052057
Time: 4.032730636999986
