torch.Size([1, 3, 127, 127])
torch.Size([1, 3, 127, 127])
torch.Size([1, 3, 127, 127])
torch.Size([1, 3, 127, 127])
merged size without overlap : 14 14 192
Merged: torch.Size([1, 192, 14, 14])
torch.Size([1, 192, 8, 8])
torch.Size([1, 192, 8, 8])
torch.Size([1, 192, 8, 8])
torch.Size([1, 192, 8, 8])
merged size without overlap : 6 6 256
Merged: torch.Size([1, 256, 6, 6])
torch.Size([1, 1000])
Poll Time: 2.89513633200022
Layer Times: [0.20947458199952962, 0.1111995660003231, 2.5744621840003674]
Store Push Time: 0.32331365999925765
Store Pull Time: 2.8650006569569086
Merge Time: 0.0007985009997355519
Split Time: 0.00022201199953997275
Time: 4.877916147999713
