torch.Size([1, 3, 127, 127])
torch.Size([1, 3, 127, 127])
torch.Size([1, 3, 127, 127])
torch.Size([1, 3, 127, 127])
merged size without overlap : 14 14 192
Merged: torch.Size([1, 192, 14, 14])
torch.Size([1, 192, 8, 8])
torch.Size([1, 192, 8, 8])
torch.Size([1, 192, 8, 8])
torch.Size([1, 192, 8, 8])
merged size without overlap : 6 6 256
Merged: torch.Size([1, 256, 6, 6])
torch.Size([1, 1000])
Poll Time: 1.0564308370003346
Layer Times: [0.09329083500051638, 0.1269194480000806, 0.8362205539997376]
Store Push Time: 0.3363021249997473
Store Pull Time: 1.0548022919865616
Merge Time: 0.001005809999696794
Split Time: 0.00022873199941386702
Time: 3.9282541239999773
