torch.Size([1, 3, 127, 127])
torch.Size([1, 3, 127, 127])
torch.Size([1, 3, 127, 127])
torch.Size([1, 3, 127, 127])
merged size without overlap : 14 14 192
Merged: torch.Size([1, 192, 14, 14])
torch.Size([1, 192, 8, 8])
torch.Size([1, 192, 8, 8])
torch.Size([1, 192, 8, 8])
torch.Size([1, 192, 8, 8])
merged size without overlap : 6 6 256
Merged: torch.Size([1, 256, 6, 6])
torch.Size([1, 1000])
Poll Time: 1.9934078759997647
Layer Times: [0.05823886600046535, 0.11313823999989836, 1.822030769999401]
Store Push Time: 0.5453004529981627
Store Pull Time: 1.9881598910096727
Merge Time: 0.0007447439993484295
Split Time: 0.00022611500025959685
Time: 5.280372274999536
