torch.Size([1, 3, 127, 127])
torch.Size([1, 3, 127, 127])
torch.Size([1, 3, 127, 127])
torch.Size([1, 3, 127, 127])
merged size without overlap : 14 14 192
Merged: torch.Size([1, 192, 14, 14])
torch.Size([1, 192, 8, 8])
torch.Size([1, 192, 8, 8])
torch.Size([1, 192, 8, 8])
torch.Size([1, 192, 8, 8])
merged size without overlap : 6 6 256
Merged: torch.Size([1, 256, 6, 6])
torch.Size([1, 1000])
Poll Time: 1.1359566050005014
Layer Times: [0.13179271599983622, 0.0842990210003336, 0.9198648680003316]
Store Push Time: 0.4176447959998768
Store Pull Time: 1.1342801909922855
Merge Time: 0.0011679079998430097
Split Time: 0.0002629589998832671
Time: 4.014177259999997
