torch.Size([1, 3, 127, 127])
torch.Size([1, 3, 127, 127])
torch.Size([1, 3, 127, 127])
torch.Size([1, 3, 127, 127])
merged size without overlap : 14 14 192
Merged: torch.Size([1, 192, 14, 14])
torch.Size([1, 192, 8, 8])
torch.Size([1, 192, 8, 8])
torch.Size([1, 192, 8, 8])
torch.Size([1, 192, 8, 8])
merged size without overlap : 6 6 256
Merged: torch.Size([1, 256, 6, 6])
torch.Size([1, 1000])
Poll Time: 1.1508914810001443
Layer Times: [0.10979887500070618, 0.11517756699959136, 0.9259150389998467]
Store Push Time: 0.4224516699996457
Store Pull Time: 1.147816070002591
Merge Time: 0.000994578000245383
Split Time: 0.0002587159997347044
Time: 4.043314911999914
