torch.Size([1, 3, 127, 127])
torch.Size([1, 3, 127, 127])
torch.Size([1, 3, 127, 127])
torch.Size([1, 3, 127, 127])
merged size without overlap : 14 14 192
Merged: torch.Size([1, 192, 14, 14])
torch.Size([1, 192, 8, 8])
torch.Size([1, 192, 8, 8])
torch.Size([1, 192, 8, 8])
torch.Size([1, 192, 8, 8])
merged size without overlap : 6 6 256
Merged: torch.Size([1, 256, 6, 6])
torch.Size([1, 1000])
Poll Time: 1.0106629860001703
Layer Times: [0.06939683000018704, 0.1338757479998094, 0.8073904080001739]
Store Push Time: 0.4253493450005408
Store Pull Time: 1.006444603998716
Merge Time: 0.0007666179990337696
Split Time: 0.0002154849998987629
Time: 3.942402071000288
