torch.Size([1, 3, 127, 127])
torch.Size([1, 3, 127, 127])
torch.Size([1, 3, 127, 127])
torch.Size([1, 3, 127, 127])
merged size without overlap : 14 14 192
Merged: torch.Size([1, 192, 14, 14])
torch.Size([1, 192, 8, 8])
torch.Size([1, 192, 8, 8])
torch.Size([1, 192, 8, 8])
torch.Size([1, 192, 8, 8])
merged size without overlap : 6 6 256
Merged: torch.Size([1, 256, 6, 6])
torch.Size([1, 1000])
Poll Time: 1.0470826959999613
Layer Times: [0.1089479170004779, 0.15383353200013516, 0.7843012469993482]
Store Push Time: 0.4846545700002025
Store Pull Time: 1.045537182996668
Merge Time: 0.0011507079998409608
Split Time: 0.00025725400064402493
Time: 4.324141260000033
