torch.Size([1, 3, 127, 127])
torch.Size([1, 3, 127, 127])
torch.Size([1, 3, 127, 127])
torch.Size([1, 3, 127, 127])
merged size without overlap : 14 14 192
Merged: torch.Size([1, 192, 14, 14])
torch.Size([1, 192, 8, 8])
torch.Size([1, 192, 8, 8])
torch.Size([1, 192, 8, 8])
torch.Size([1, 192, 8, 8])
merged size without overlap : 6 6 256
Merged: torch.Size([1, 256, 6, 6])
torch.Size([1, 1000])
Poll Time: 1.177948827000364
Layer Times: [0.1082118280000941, 0.1057116700003462, 0.9640253289999237]
Store Push Time: 0.3579934540002796
Store Pull Time: 1.175654094006859
Merge Time: 0.0008740000002944726
Split Time: 0.00021720399945479585
Time: 4.1081322690006346
