torch.Size([1, 3, 127, 127])
torch.Size([1, 3, 127, 127])
torch.Size([1, 3, 127, 127])
torch.Size([1, 3, 127, 127])
merged size without overlap : 14 14 192
Merged: torch.Size([1, 192, 14, 14])
torch.Size([1, 192, 8, 8])
torch.Size([1, 192, 8, 8])
torch.Size([1, 192, 8, 8])
torch.Size([1, 192, 8, 8])
merged size without overlap : 6 6 256
Merged: torch.Size([1, 256, 6, 6])
torch.Size([1, 1000])
Poll Time: 1.2470500580002408
Layer Times: [0.09851186299965775, 0.13547438900059205, 1.013063805999991]
Store Push Time: 0.41796989500107884
Store Pull Time: 1.2447125699973185
Merge Time: 0.0007631379994563758
Split Time: 0.00021336800000426592
Time: 4.087222987000132
