torch.Size([1, 3, 127, 127])
torch.Size([1, 3, 127, 127])
torch.Size([1, 3, 127, 127])
torch.Size([1, 3, 127, 127])
merged size without overlap : 14 14 192
Merged: torch.Size([1, 192, 14, 14])
torch.Size([1, 192, 8, 8])
torch.Size([1, 192, 8, 8])
torch.Size([1, 192, 8, 8])
torch.Size([1, 192, 8, 8])
merged size without overlap : 6 6 256
Merged: torch.Size([1, 256, 6, 6])
torch.Size([1, 1000])
Poll Time: 1.0982726929996716
Layer Times: [0.22624146199996176, 0.09361212400017394, 0.7784191069995359]
Store Push Time: 0.3980948040007206
Store Pull Time: 1.09640281400425
Merge Time: 0.0008341609991475707
Split Time: 0.0002634210004544002
Time: 4.0815441860004285
