torch.Size([1, 3, 127, 127])
torch.Size([1, 3, 127, 127])
torch.Size([1, 3, 127, 127])
torch.Size([1, 3, 127, 127])
merged size without overlap : 14 14 192
Merged: torch.Size([1, 192, 14, 14])
torch.Size([1, 192, 8, 8])
torch.Size([1, 192, 8, 8])
torch.Size([1, 192, 8, 8])
torch.Size([1, 192, 8, 8])
merged size without overlap : 6 6 256
Merged: torch.Size([1, 256, 6, 6])
torch.Size([1, 1000])
Poll Time: 1.0170976650006196
Layer Times: [0.06172297100056312, 0.13579862200003845, 0.819576072000018]
Store Push Time: 0.4020540500014249
Store Pull Time: 1.0154060369877698
Merge Time: 0.0008237850006480585
Split Time: 0.00021109899989824044
Time: 4.321425583000746
