torch.Size([1, 3, 127, 127])
torch.Size([1, 3, 127, 127])
torch.Size([1, 3, 127, 127])
torch.Size([1, 3, 127, 127])
merged size without overlap : 14 14 192
Merged: torch.Size([1, 192, 14, 14])
torch.Size([1, 192, 8, 8])
torch.Size([1, 192, 8, 8])
torch.Size([1, 192, 8, 8])
torch.Size([1, 192, 8, 8])
merged size without overlap : 6 6 256
Merged: torch.Size([1, 256, 6, 6])
torch.Size([1, 1000])
Poll Time: 1.1644453190001514
Layer Times: [0.0699820620002356, 0.11987170300017169, 0.9745915539997441]
Store Push Time: 0.5709097959979772
Store Pull Time: 1.1624445759953232
Merge Time: 0.0012039579996780958
Split Time: 0.0002690460005396744
Time: 4.832198086999597
