torch.Size([1, 3, 127, 127])
torch.Size([1, 3, 127, 127])
torch.Size([1, 3, 127, 127])
torch.Size([1, 3, 127, 127])
merged size without overlap : 14 14 192
Merged: torch.Size([1, 192, 14, 14])
torch.Size([1, 192, 8, 8])
torch.Size([1, 192, 8, 8])
torch.Size([1, 192, 8, 8])
torch.Size([1, 192, 8, 8])
merged size without overlap : 6 6 256
Merged: torch.Size([1, 256, 6, 6])
torch.Size([1, 1000])
Poll Time: 1.024521260000256
Layer Times: [0.0667622000000847, 0.08215152699995087, 0.8756075330002204]
Store Push Time: 0.35370900300040375
Store Pull Time: 1.0201122999942527
Merge Time: 0.0007921619999251561
Split Time: 0.00021082800049043726
Time: 4.175551792000078
