torch.Size([1, 3, 127, 127])
torch.Size([1, 3, 127, 127])
torch.Size([1, 3, 127, 127])
torch.Size([1, 3, 127, 127])
merged size without overlap : 14 14 192
Merged: torch.Size([1, 192, 14, 14])
torch.Size([1, 192, 8, 8])
torch.Size([1, 192, 8, 8])
torch.Size([1, 192, 8, 8])
torch.Size([1, 192, 8, 8])
merged size without overlap : 6 6 256
Merged: torch.Size([1, 256, 6, 6])
torch.Size([1, 1000])
Poll Time: 0.9893782079998346
Layer Times: [0.12285695199989277, 0.08879236600023432, 0.7777288899997075]
Store Push Time: 0.4327959659976841
Store Pull Time: 0.9845437389876679
Merge Time: 0.00115983499927097
Split Time: 0.00024747400038904743
Time: 3.6426919119994636
