torch.Size([1, 3, 127, 127])
torch.Size([1, 3, 127, 127])
torch.Size([1, 3, 127, 127])
torch.Size([1, 3, 127, 127])
merged size without overlap : 14 14 192
Merged: torch.Size([1, 192, 14, 14])
torch.Size([1, 192, 8, 8])
torch.Size([1, 192, 8, 8])
torch.Size([1, 192, 8, 8])
torch.Size([1, 192, 8, 8])
merged size without overlap : 6 6 256
Merged: torch.Size([1, 256, 6, 6])
torch.Size([1, 1000])
Poll Time: 0.9545934029993077
Layer Times: [0.10116510500029108, 0.08013063699945633, 0.7732976609995603]
Store Push Time: 0.44332341799872665
Store Pull Time: 0.9529577999919638
Merge Time: 0.0010066530003314256
Split Time: 0.00021278499934851425
Time: 4.246790682999745
