torch.Size([1, 3, 127, 127])
torch.Size([1, 3, 127, 127])
torch.Size([1, 3, 127, 127])
torch.Size([1, 3, 127, 127])
merged size without overlap : 14 14 192
Merged: torch.Size([1, 192, 14, 14])
torch.Size([1, 192, 8, 8])
torch.Size([1, 192, 8, 8])
torch.Size([1, 192, 8, 8])
torch.Size([1, 192, 8, 8])
merged size without overlap : 6 6 256
Merged: torch.Size([1, 256, 6, 6])
torch.Size([1, 1000])
Poll Time: 1.171756985999309
Layer Times: [0.1490122989998781, 0.11929245200008154, 0.9034522349993495]
Store Push Time: 0.40532188799897995
Store Pull Time: 1.1696217940061615
Merge Time: 0.0008683920004841639
Split Time: 0.00023334800062002614
Time: 4.1031771220004885
