torch.Size([1, 3, 127, 127])
torch.Size([1, 3, 127, 127])
torch.Size([1, 3, 127, 127])
torch.Size([1, 3, 127, 127])
merged size without overlap : 14 14 192
Merged: torch.Size([1, 192, 14, 14])
torch.Size([1, 192, 8, 8])
torch.Size([1, 192, 8, 8])
torch.Size([1, 192, 8, 8])
torch.Size([1, 192, 8, 8])
merged size without overlap : 6 6 256
Merged: torch.Size([1, 256, 6, 6])
torch.Size([1, 1000])
Poll Time: 1.2084686629996213
Layer Times: [0.13795671299976675, 0.14110939399961353, 0.929402556000241]
Store Push Time: 0.4363884229987889
Store Pull Time: 1.20648755599359
Merge Time: 0.0009382530006405432
Split Time: 0.00028566299988597166
Time: 4.522463486000561
