torch.Size([1, 3, 127, 127])
torch.Size([1, 3, 127, 127])
torch.Size([1, 3, 127, 127])
torch.Size([1, 3, 127, 127])
merged size without overlap : 14 14 192
Merged: torch.Size([1, 192, 14, 14])
torch.Size([1, 192, 8, 8])
torch.Size([1, 192, 8, 8])
torch.Size([1, 192, 8, 8])
torch.Size([1, 192, 8, 8])
merged size without overlap : 6 6 256
Merged: torch.Size([1, 256, 6, 6])
torch.Size([1, 1000])
Poll Time: 1.045533702999819
Layer Times: [0.11398746200029564, 0.16954474700014543, 0.762001493999378]
Store Push Time: 0.3650092970001424
Store Pull Time: 1.04155443401487
Merge Time: 0.0007782439997754409
Split Time: 0.00021539199951803312
Time: 3.7739618989999144
