torch.Size([1, 3, 127, 127])
torch.Size([1, 3, 127, 127])
torch.Size([1, 3, 127, 127])
torch.Size([1, 3, 127, 127])
merged size without overlap : 14 14 192
Merged: torch.Size([1, 192, 14, 14])
torch.Size([1, 192, 8, 8])
torch.Size([1, 192, 8, 8])
torch.Size([1, 192, 8, 8])
torch.Size([1, 192, 8, 8])
merged size without overlap : 6 6 256
Merged: torch.Size([1, 256, 6, 6])
torch.Size([1, 1000])
Poll Time: 0.9506379570002537
Layer Times: [0.08347288799996022, 0.10473891200035723, 0.7624261569999362]
Store Push Time: 0.497338368999408
Store Pull Time: 0.9490195310136187
Merge Time: 0.000823936000415415
Split Time: 0.00021597599970846204
Time: 4.267669930999546
