torch.Size([1, 3, 127, 127])
torch.Size([1, 3, 127, 127])
torch.Size([1, 3, 127, 127])
torch.Size([1, 3, 127, 127])
merged size without overlap : 14 14 192
Merged: torch.Size([1, 192, 14, 14])
torch.Size([1, 192, 8, 8])
torch.Size([1, 192, 8, 8])
torch.Size([1, 192, 8, 8])
torch.Size([1, 192, 8, 8])
merged size without overlap : 6 6 256
Merged: torch.Size([1, 256, 6, 6])
torch.Size([1, 1000])
Poll Time: 1.1292842729999393
Layer Times: [0.1121870269998908, 0.08414182700016681, 0.9329554189998817]
Store Push Time: 0.4736992980006107
Store Pull Time: 1.1272314119923976
Merge Time: 0.0008090710007309099
Split Time: 0.0002907370007960708
Time: 4.397193163000338
