torch.Size([1, 3, 127, 127])
torch.Size([1, 3, 127, 127])
torch.Size([1, 3, 127, 127])
torch.Size([1, 3, 127, 127])
merged size without overlap : 14 14 192
Merged: torch.Size([1, 192, 14, 14])
torch.Size([1, 192, 8, 8])
torch.Size([1, 192, 8, 8])
torch.Size([1, 192, 8, 8])
torch.Size([1, 192, 8, 8])
merged size without overlap : 6 6 256
Merged: torch.Size([1, 256, 6, 6])
torch.Size([1, 1000])
Poll Time: 0.9589280649997818
Layer Times: [0.10583960199983267, 0.08307866300037858, 0.7700097999995705]
Store Push Time: 0.4312272050001411
Store Pull Time: 0.9570726899955844
Merge Time: 0.0007849909998185467
Split Time: 0.0002145770004062797
Time: 3.8445027150000897
