torch.Size([1, 3, 127, 127])
torch.Size([1, 3, 127, 127])
torch.Size([1, 3, 127, 127])
torch.Size([1, 3, 127, 127])
merged size without overlap : 14 14 192
Merged: torch.Size([1, 192, 14, 14])
torch.Size([1, 192, 8, 8])
torch.Size([1, 192, 8, 8])
torch.Size([1, 192, 8, 8])
torch.Size([1, 192, 8, 8])
merged size without overlap : 6 6 256
Merged: torch.Size([1, 256, 6, 6])
torch.Size([1, 1000])
Poll Time: 1.1284928729992316
Layer Times: [0.08595286499985377, 0.08266940499925113, 0.9598706030001267]
Store Push Time: 0.4505827839993799
Store Pull Time: 1.1260845699944184
Merge Time: 0.0007489200006602914
Split Time: 0.00021643799937010044
Time: 4.2495850179993795
