torch.Size([1, 3, 127, 127])
torch.Size([1, 3, 127, 127])
torch.Size([1, 3, 127, 127])
torch.Size([1, 3, 127, 127])
merged size without overlap : 14 14 192
Merged: torch.Size([1, 192, 14, 14])
torch.Size([1, 192, 8, 8])
torch.Size([1, 192, 8, 8])
torch.Size([1, 192, 8, 8])
torch.Size([1, 192, 8, 8])
merged size without overlap : 6 6 256
Merged: torch.Size([1, 256, 6, 6])
torch.Size([1, 1000])
Poll Time: 2.2572702509996816
Layer Times: [0.12650304399994639, 0.07921382400036237, 2.051553382999373]
Store Push Time: 0.35790757999984635
Store Pull Time: 2.2531326490134234
Merge Time: 0.0008409630008827662
Split Time: 0.007264071000463446
Time: 5.429225855999903
