torch.Size([1, 3, 127, 127])
torch.Size([1, 3, 127, 127])
torch.Size([1, 3, 127, 127])
torch.Size([1, 3, 127, 127])
merged size without overlap : 14 14 192
Merged: torch.Size([1, 192, 14, 14])
torch.Size([1, 192, 8, 8])
torch.Size([1, 192, 8, 8])
torch.Size([1, 192, 8, 8])
torch.Size([1, 192, 8, 8])
merged size without overlap : 6 6 256
Merged: torch.Size([1, 256, 6, 6])
torch.Size([1, 1000])
Poll Time: 0.9582435829997848
Layer Times: [0.09966880699994363, 0.07248697299928608, 0.7860878030005551]
Store Push Time: 0.5187129559981258
Store Pull Time: 0.955158062000919
Merge Time: 0.019363532001079875
Split Time: 0.0002709339996727067
Time: 4.1839351119997445
