torch.Size([1, 3, 127, 127])
torch.Size([1, 3, 127, 127])
torch.Size([1, 3, 127, 127])
torch.Size([1, 3, 127, 127])
merged size without overlap : 14 14 192
Merged: torch.Size([1, 192, 14, 14])
torch.Size([1, 192, 8, 8])
torch.Size([1, 192, 8, 8])
torch.Size([1, 192, 8, 8])
torch.Size([1, 192, 8, 8])
merged size without overlap : 6 6 256
Merged: torch.Size([1, 256, 6, 6])
torch.Size([1, 1000])
Poll Time: 1.112212484000338
Layer Times: [0.06701438300024165, 0.1460228570003892, 0.8991752439997072]
Store Push Time: 0.371134896001422
Store Pull Time: 1.110676171006162
Merge Time: 0.0007846389999031089
Split Time: 0.00021397100044850959
Time: 4.171432426999672
