torch.Size([1, 3, 127, 127])
torch.Size([1, 3, 127, 127])
torch.Size([1, 3, 127, 127])
torch.Size([1, 3, 127, 127])
merged size without overlap : 14 14 192
Merged: torch.Size([1, 192, 14, 14])
torch.Size([1, 192, 8, 8])
torch.Size([1, 192, 8, 8])
torch.Size([1, 192, 8, 8])
torch.Size([1, 192, 8, 8])
merged size without overlap : 6 6 256
Merged: torch.Size([1, 256, 6, 6])
Waiting for key data/img_214
Rerunning data/img_214...
Waiting for key data/img_214
Rerunning data/img_214...
Waiting for key data/img_214
Rerunning data/img_214...
Waiting for key data/img_214
Rerunning data/img_214...
Waiting for key data/img_214
Rerunning data/img_214...
Waiting for key data/img_214
Rerunning data/img_214...
Waiting for key data/img_214
Rerunning data/img_214...
Waiting for key data/img_214
Rerunning data/img_214...
Waiting for key data/img_214
Rerunning data/img_214...
Waiting for key data/img_214
Rerunning data/img_214...
Waiting for key data/img_214
Rerunning data/img_214...
Waiting for key data/img_214
Rerunning data/img_214...
Waiting for key data/img_214
Rerunning data/img_214...
Waiting for key data/img_214
Rerunning data/img_214...
Waiting for key data/img_214
Rerunning data/img_214...
Waiting for key data/img_214
Rerunning data/img_214...
Waiting for key data/img_214
Rerunning data/img_214...
Waiting for key data/img_214
Rerunning data/img_214...
Waiting for key data/img_214
Rerunning data/img_214...
Waiting for key data/img_214
Rerunning data/img_214...
Waiting for key data/img_214
Rerunning data/img_214...
Waiting for key data/img_214
Rerunning data/img_214...
Waiting for key data/img_214
Rerunning data/img_214...
Waiting for key data/img_214
Rerunning data/img_214...
Waiting for key data/img_214
Rerunning data/img_214...
Waiting for key data/img_214
Rerunning data/img_214...
torch.Size([1, 1000])
Poll Time: 79.24113472800036
Layer Times: [0.18801914700088673, 0.10726822899960098, 78.94584735199987]
Store Push Time: 0.22657976400023472
Store Pull Time: 76.99158800499026
Merge Time: 0.0007414090005113394
Split Time: 0.00022859700038679875
Time: 81.15687063000041
