torch.Size([1, 3, 127, 127])
torch.Size([1, 3, 127, 127])
torch.Size([1, 3, 127, 127])
torch.Size([1, 3, 127, 127])
merged size without overlap : 14 14 192
Merged: torch.Size([1, 192, 14, 14])
torch.Size([1, 192, 8, 8])
torch.Size([1, 192, 8, 8])
torch.Size([1, 192, 8, 8])
torch.Size([1, 192, 8, 8])
merged size without overlap : 6 6 256
Merged: torch.Size([1, 256, 6, 6])
torch.Size([1, 1000])
Poll Time: 2.1843781549996493
Layer Times: [0.16158479800014902, 0.1069756030001372, 1.915817753999363]
Store Push Time: 0.4338212900001963
Store Pull Time: 2.176598049019958
Merge Time: 0.0009630889999243664
Split Time: 0.00036043500040250365
Time: 5.0232742289999806
