torch.Size([1, 3, 127, 127])
torch.Size([1, 3, 127, 127])
torch.Size([1, 3, 127, 127])
torch.Size([1, 3, 127, 127])
merged size without overlap : 14 14 192
Merged: torch.Size([1, 192, 14, 14])
torch.Size([1, 192, 8, 8])
torch.Size([1, 192, 8, 8])
torch.Size([1, 192, 8, 8])
torch.Size([1, 192, 8, 8])
merged size without overlap : 6 6 256
Merged: torch.Size([1, 256, 6, 6])
torch.Size([1, 1000])
Poll Time: 1.0604309339987594
Layer Times: [0.10319963899928553, 0.12588649899953452, 0.8313447959999394]
Store Push Time: 0.39979720700011967
Store Pull Time: 1.0587410889856983
Merge Time: 0.0007877719999669353
Split Time: 0.0002315560004717554
Time: 4.056214403000013
