torch.Size([1, 3, 127, 127])
torch.Size([1, 3, 127, 127])
torch.Size([1, 3, 127, 127])
torch.Size([1, 3, 127, 127])
merged size without overlap : 14 14 192
Merged: torch.Size([1, 192, 14, 14])
torch.Size([1, 192, 8, 8])
torch.Size([1, 192, 8, 8])
torch.Size([1, 192, 8, 8])
torch.Size([1, 192, 8, 8])
merged size without overlap : 6 6 256
Merged: torch.Size([1, 256, 6, 6])
torch.Size([1, 1000])
Poll Time: 0.9662251960007779
Layer Times: [0.13465838899992377, 0.09672677400067187, 0.7348400330001823]
Store Push Time: 0.42743021300157125
Store Pull Time: 0.9645169109962808
Merge Time: 0.0010427859997435007
Split Time: 0.000262581999777467
Time: 3.9799671060000037
