torch.Size([1, 3, 127, 127])
torch.Size([1, 3, 127, 127])
torch.Size([1, 3, 127, 127])
torch.Size([1, 3, 127, 127])
merged size without overlap : 14 14 192
Merged: torch.Size([1, 192, 14, 14])
torch.Size([1, 192, 8, 8])
torch.Size([1, 192, 8, 8])
torch.Size([1, 192, 8, 8])
torch.Size([1, 192, 8, 8])
merged size without overlap : 6 6 256
Merged: torch.Size([1, 256, 6, 6])
torch.Size([1, 1000])
Poll Time: 1.0334558830008973
Layer Times: [0.11078766100035864, 0.1461556490003204, 0.7765125730002183]
Store Push Time: 0.37648722599988105
Store Pull Time: 1.031267808013581
Merge Time: 0.02154972500011354
Split Time: 0.00023209800110635115
Time: 4.178177796999989
