torch.Size([1, 3, 127, 127])
torch.Size([1, 3, 127, 127])
torch.Size([1, 3, 127, 127])
torch.Size([1, 3, 127, 127])
merged size without overlap : 14 14 192
Merged: torch.Size([1, 192, 14, 14])
torch.Size([1, 192, 8, 8])
torch.Size([1, 192, 8, 8])
torch.Size([1, 192, 8, 8])
torch.Size([1, 192, 8, 8])
merged size without overlap : 6 6 256
Merged: torch.Size([1, 256, 6, 6])
torch.Size([1, 1000])
Poll Time: 1.0971859279989076
Layer Times: [0.07904341799985559, 0.23626887799946417, 0.7818736319995878]
Store Push Time: 0.3336870999992243
Store Pull Time: 1.0953443270000207
Merge Time: 0.0007662930001970381
Split Time: 0.0002192210004068329
Time: 3.8183706649997475
