torch.Size([1, 3, 127, 127])
torch.Size([1, 3, 127, 127])
torch.Size([1, 3, 127, 127])
torch.Size([1, 3, 127, 127])
merged size without overlap : 14 14 192
Merged: torch.Size([1, 192, 14, 14])
torch.Size([1, 192, 8, 8])
torch.Size([1, 192, 8, 8])
torch.Size([1, 192, 8, 8])
torch.Size([1, 192, 8, 8])
merged size without overlap : 6 6 256
Merged: torch.Size([1, 256, 6, 6])
Waiting for key data/img_7624
Rerunning data/img_7624...
Waiting for key data/img_7624
Rerunning data/img_7624...
Waiting for key data/img_7624
Rerunning data/img_7624...
Waiting for key data/img_7624
Rerunning data/img_7624...
Waiting for key data/img_7624
Rerunning data/img_7624...
torch.Size([1, 1000])
Poll Time: 67.95772520100036
Layer Times: [0.10257749300035357, 0.11775634100013121, 67.73739136699987]
Store Push Time: 0.3441156779999801
Store Pull Time: 66.94715032604836
Merge Time: 0.0007514369999626069
Split Time: 0.0002208360001532128
Time: 70.96859124399998
