torch.Size([1, 3, 127, 127])
torch.Size([1, 3, 127, 127])
torch.Size([1, 3, 127, 127])
torch.Size([1, 3, 127, 127])
merged size without overlap : 14 14 192
Merged: torch.Size([1, 192, 14, 14])
torch.Size([1, 192, 8, 8])
torch.Size([1, 192, 8, 8])
torch.Size([1, 192, 8, 8])
torch.Size([1, 192, 8, 8])
merged size without overlap : 6 6 256
Merged: torch.Size([1, 256, 6, 6])
torch.Size([1, 1000])
Poll Time: 0.9766142280004715
Layer Times: [0.10921938699993916, 0.09960174900061247, 0.7677930919999199]
Store Push Time: 0.38156589699974575
Store Pull Time: 0.974218179008858
Merge Time: 0.0007695670001339749
Split Time: 0.017358865000460355
Time: 3.8018962099995406
