torch.Size([1, 3, 127, 127])
torch.Size([1, 3, 127, 127])
torch.Size([1, 3, 127, 127])
torch.Size([1, 3, 127, 127])
merged size without overlap : 14 14 192
Merged: torch.Size([1, 192, 14, 14])
torch.Size([1, 192, 8, 8])
torch.Size([1, 192, 8, 8])
torch.Size([1, 192, 8, 8])
torch.Size([1, 192, 8, 8])
merged size without overlap : 6 6 256
Merged: torch.Size([1, 256, 6, 6])
torch.Size([1, 1000])
Poll Time: 1.065287082001305
Layer Times: [0.06624811500023498, 0.12740417100030754, 0.8716347960007624]
Store Push Time: 0.4344009759997789
Store Pull Time: 1.0630242809884294
Merge Time: 0.0008001319993127254
Split Time: 0.00021885300066060154
Time: 4.206417720999525
