torch.Size([1, 3, 127, 127])
torch.Size([1, 3, 127, 127])
torch.Size([1, 3, 127, 127])
torch.Size([1, 3, 127, 127])
merged size without overlap : 14 14 192
Merged: torch.Size([1, 192, 14, 14])
torch.Size([1, 192, 8, 8])
torch.Size([1, 192, 8, 8])
torch.Size([1, 192, 8, 8])
torch.Size([1, 192, 8, 8])
merged size without overlap : 6 6 256
Merged: torch.Size([1, 256, 6, 6])
torch.Size([1, 1000])
Poll Time: 1.139434726998843
Layer Times: [0.1174194669993085, 0.07584327399945323, 0.9461719860000812]
Store Push Time: 0.4219255140005771
Store Pull Time: 1.1371375320086372
Merge Time: 0.0014799280006627669
Split Time: 0.0002251229998364579
Time: 4.152672848999828
