torch.Size([1, 3, 127, 127])
torch.Size([1, 3, 127, 127])
torch.Size([1, 3, 127, 127])
torch.Size([1, 3, 127, 127])
merged size without overlap : 14 14 192
Merged: torch.Size([1, 192, 14, 14])
torch.Size([1, 192, 8, 8])
torch.Size([1, 192, 8, 8])
torch.Size([1, 192, 8, 8])
torch.Size([1, 192, 8, 8])
merged size without overlap : 6 6 256
Merged: torch.Size([1, 256, 6, 6])
torch.Size([1, 1000])
Poll Time: 1.0522944349995669
Layer Times: [0.0753659809997771, 0.10893300599946087, 0.8679954480003289]
Store Push Time: 0.31700314299905585
Store Pull Time: 1.0507216529977086
Merge Time: 0.000745448999623477
Split Time: 0.0002168199998777709
Time: 3.690171221000128
