torch.Size([1, 3, 127, 127])
torch.Size([1, 3, 127, 127])
torch.Size([1, 3, 127, 127])
torch.Size([1, 3, 127, 127])
merged size without overlap : 14 14 192
Merged: torch.Size([1, 192, 14, 14])
torch.Size([1, 192, 8, 8])
torch.Size([1, 192, 8, 8])
torch.Size([1, 192, 8, 8])
torch.Size([1, 192, 8, 8])
merged size without overlap : 6 6 256
Merged: torch.Size([1, 256, 6, 6])
torch.Size([1, 1000])
Poll Time: 1.064628101999915
Layer Times: [0.1011406210000132, 0.1791123829998469, 0.784375098000055]
Store Push Time: 0.32272011900113284
Store Pull Time: 1.0616934030022094
Merge Time: 0.00996399899941025
Split Time: 0.00021802999981446192
Time: 3.799983197000074
