torch.Size([1, 3, 127, 127])
torch.Size([1, 3, 127, 127])
torch.Size([1, 3, 127, 127])
torch.Size([1, 3, 127, 127])
merged size without overlap : 14 14 192
Merged: torch.Size([1, 192, 14, 14])
torch.Size([1, 192, 8, 8])
torch.Size([1, 192, 8, 8])
torch.Size([1, 192, 8, 8])
torch.Size([1, 192, 8, 8])
merged size without overlap : 6 6 256
Merged: torch.Size([1, 256, 6, 6])
torch.Size([1, 1000])
Poll Time: 1.1546311819993207
Layer Times: [0.13113671199971577, 0.11195586800022284, 0.9115386019993821]
Store Push Time: 0.5229453119991376
Store Pull Time: 1.1526939820050757
Merge Time: 0.0007854260002204683
Split Time: 0.00022057400019548368
Time: 4.516717164000511
