torch.Size([1, 3, 127, 127])
torch.Size([1, 3, 127, 127])
torch.Size([1, 3, 127, 127])
torch.Size([1, 3, 127, 127])
merged size without overlap : 14 14 192
Merged: torch.Size([1, 192, 14, 14])
torch.Size([1, 192, 8, 8])
torch.Size([1, 192, 8, 8])
torch.Size([1, 192, 8, 8])
torch.Size([1, 192, 8, 8])
merged size without overlap : 6 6 256
Merged: torch.Size([1, 256, 6, 6])
torch.Size([1, 1000])
Poll Time: 0.9714411130007647
Layer Times: [0.08631874700040498, 0.07698104800056171, 0.808141317999798]
Store Push Time: 0.5096176450006169
Store Pull Time: 0.9698186879986679
Merge Time: 0.0008920550008042483
Split Time: 0.00022160100070323097
Time: 4.272859809000693
