torch.Size([1, 3, 127, 127])
torch.Size([1, 3, 127, 127])
torch.Size([1, 3, 127, 127])
torch.Size([1, 3, 127, 127])
merged size without overlap : 14 14 192
Merged: torch.Size([1, 192, 14, 14])
torch.Size([1, 192, 8, 8])
torch.Size([1, 192, 8, 8])
torch.Size([1, 192, 8, 8])
torch.Size([1, 192, 8, 8])
merged size without overlap : 6 6 256
Merged: torch.Size([1, 256, 6, 6])
torch.Size([1, 1000])
Poll Time: 1.161839160999989
Layer Times: [0.24453721000008954, 0.14843280500008404, 0.7688691459998154]
Store Push Time: 0.3751477760015405
Store Pull Time: 1.1602321420077715
Merge Time: 0.0007677169996895827
Split Time: 0.00021766000008938136
Time: 4.222334736999983
