torch.Size([1, 3, 127, 127])
torch.Size([1, 3, 127, 127])
torch.Size([1, 3, 127, 127])
torch.Size([1, 3, 127, 127])
merged size without overlap : 14 14 192
Merged: torch.Size([1, 192, 14, 14])
torch.Size([1, 192, 8, 8])
torch.Size([1, 192, 8, 8])
torch.Size([1, 192, 8, 8])
torch.Size([1, 192, 8, 8])
merged size without overlap : 6 6 256
Merged: torch.Size([1, 256, 6, 6])
torch.Size([1, 1000])
Poll Time: 1.093685088998427
Layer Times: [0.20402710999951523, 0.12018593299944769, 0.7694720459994642]
Store Push Time: 0.3796271789988168
Store Pull Time: 1.0921582690043579
Merge Time: 0.0007877130001361365
Split Time: 0.012469242999941343
Time: 4.042573366999932
