torch.Size([1, 3, 127, 127])
torch.Size([1, 3, 127, 127])
torch.Size([1, 3, 127, 127])
torch.Size([1, 3, 127, 127])
merged size without overlap : 14 14 192
Merged: torch.Size([1, 192, 14, 14])
torch.Size([1, 192, 8, 8])
torch.Size([1, 192, 8, 8])
torch.Size([1, 192, 8, 8])
torch.Size([1, 192, 8, 8])
merged size without overlap : 6 6 256
Merged: torch.Size([1, 256, 6, 6])
torch.Size([1, 1000])
Poll Time: 1.9224291560003621
Layer Times: [0.10082020800018654, 0.0831971359993986, 1.738411812000777]
Store Push Time: 0.3392291000000114
Store Pull Time: 1.9194614049974916
Merge Time: 0.000771015999816882
Split Time: 0.00021507400015252642
Time: 4.743571999000778
