torch.Size([1, 3, 127, 127])
torch.Size([1, 3, 127, 127])
torch.Size([1, 3, 127, 127])
torch.Size([1, 3, 127, 127])
merged size without overlap : 14 14 192
Merged: torch.Size([1, 192, 14, 14])
torch.Size([1, 192, 8, 8])
torch.Size([1, 192, 8, 8])
torch.Size([1, 192, 8, 8])
torch.Size([1, 192, 8, 8])
merged size without overlap : 6 6 256
Merged: torch.Size([1, 256, 6, 6])
torch.Size([1, 1000])
Poll Time: 1.1988048699995488
Layer Times: [0.10833800499949575, 0.12347277800017764, 0.9669940869998754]
Store Push Time: 0.367335660002027
Store Pull Time: 1.196272604990554
Merge Time: 0.0007324609996430809
Split Time: 0.00020630700055335183
Time: 4.487006995000229
