torch.Size([1, 3, 127, 127])
torch.Size([1, 3, 127, 127])
torch.Size([1, 3, 127, 127])
torch.Size([1, 3, 127, 127])
merged size without overlap : 14 14 192
Merged: torch.Size([1, 192, 14, 14])
torch.Size([1, 192, 8, 8])
torch.Size([1, 192, 8, 8])
torch.Size([1, 192, 8, 8])
torch.Size([1, 192, 8, 8])
merged size without overlap : 6 6 256
Merged: torch.Size([1, 256, 6, 6])
torch.Size([1, 1000])
Poll Time: 1.0031330949996118
Layer Times: [0.09629737899922475, 0.13927018200047314, 0.7675655339999139]
Store Push Time: 0.4609334480001053
Store Pull Time: 1.001513379998869
Merge Time: 0.008186045000002196
Split Time: 0.0002184389995818492
Time: 4.072863976000008
