torch.Size([1, 3, 127, 127])
torch.Size([1, 3, 127, 127])
torch.Size([1, 3, 127, 127])
torch.Size([1, 3, 127, 127])
merged size without overlap : 14 14 192
Merged: torch.Size([1, 192, 14, 14])
torch.Size([1, 192, 8, 8])
torch.Size([1, 192, 8, 8])
torch.Size([1, 192, 8, 8])
torch.Size([1, 192, 8, 8])
merged size without overlap : 6 6 256
Merged: torch.Size([1, 256, 6, 6])
torch.Size([1, 1000])
Poll Time: 0.9390411829990626
Layer Times: [0.07076751899967348, 0.08733609299997624, 0.7809375709994129]
Store Push Time: 0.4692866530012907
Store Pull Time: 0.9370496459960123
Merge Time: 0.0007721800011495361
Split Time: 0.00020266200044716243
Time: 4.0430089330002374
