torch.Size([1, 3, 127, 127])
torch.Size([1, 3, 127, 127])
torch.Size([1, 3, 127, 127])
torch.Size([1, 3, 127, 127])
merged size without overlap : 14 14 192
Merged: torch.Size([1, 192, 14, 14])
torch.Size([1, 192, 8, 8])
torch.Size([1, 192, 8, 8])
torch.Size([1, 192, 8, 8])
torch.Size([1, 192, 8, 8])
merged size without overlap : 6 6 256
Merged: torch.Size([1, 256, 6, 6])
torch.Size([1, 1000])
Poll Time: 0.9999460830013049
Layer Times: [0.12662840400025743, 0.09049756600052206, 0.7828201130005255]
Store Push Time: 0.39513248200091766
Store Pull Time: 0.9984079189953263
Merge Time: 0.0007673600002817693
Split Time: 0.03660189200036257
Time: 4.075746760000584
