torch.Size([1, 3, 127, 127])
torch.Size([1, 3, 127, 127])
torch.Size([1, 3, 127, 127])
torch.Size([1, 3, 127, 127])
merged size without overlap : 14 14 192
Merged: torch.Size([1, 192, 14, 14])
torch.Size([1, 192, 8, 8])
torch.Size([1, 192, 8, 8])
torch.Size([1, 192, 8, 8])
torch.Size([1, 192, 8, 8])
merged size without overlap : 6 6 256
Merged: torch.Size([1, 256, 6, 6])
torch.Size([1, 1000])
Poll Time: 1.0255927889993472
Layer Times: [0.12843634499949985, 0.13287766099983855, 0.7642787830000088]
Store Push Time: 0.4131195629988724
Store Pull Time: 1.024163844002942
Merge Time: 0.0013644780001413892
Split Time: 0.0002288309997311444
Time: 4.0904867139997805
