torch.Size([1, 3, 127, 127])
torch.Size([1, 3, 127, 127])
torch.Size([1, 3, 127, 127])
torch.Size([1, 3, 127, 127])
merged size without overlap : 14 14 192
Merged: torch.Size([1, 192, 14, 14])
torch.Size([1, 192, 8, 8])
torch.Size([1, 192, 8, 8])
torch.Size([1, 192, 8, 8])
torch.Size([1, 192, 8, 8])
merged size without overlap : 6 6 256
Merged: torch.Size([1, 256, 6, 6])
torch.Size([1, 1000])
Poll Time: 0.9698237739985416
Layer Times: [0.0855520319992138, 0.06725229899984697, 0.8170194429994808]
Store Push Time: 0.3026384909999251
Store Pull Time: 0.9684485220022907
Merge Time: 0.0010767599997052457
Split Time: 0.00021470599949680036
Time: 3.710674239000582
