torch.Size([1, 3, 127, 127])
torch.Size([1, 3, 127, 127])
torch.Size([1, 3, 127, 127])
torch.Size([1, 3, 127, 127])
merged size without overlap : 14 14 192
Merged: torch.Size([1, 192, 14, 14])
torch.Size([1, 192, 8, 8])
torch.Size([1, 192, 8, 8])
torch.Size([1, 192, 8, 8])
torch.Size([1, 192, 8, 8])
merged size without overlap : 6 6 256
Merged: torch.Size([1, 256, 6, 6])
torch.Size([1, 1000])
Poll Time: 0.9547827299993514
Layer Times: [0.08061935600017023, 0.10044692199971905, 0.7737164519994622]
Store Push Time: 0.3633235880006396
Store Pull Time: 0.9528029240191245
Merge Time: 0.0008082100002866355
Split Time: 0.00021443700006784638
Time: 3.980653876999895
