torch.Size([1, 3, 127, 127])
torch.Size([1, 3, 127, 127])
torch.Size([1, 3, 127, 127])
torch.Size([1, 3, 127, 127])
merged size without overlap : 14 14 192
Merged: torch.Size([1, 192, 14, 14])
torch.Size([1, 192, 8, 8])
torch.Size([1, 192, 8, 8])
torch.Size([1, 192, 8, 8])
torch.Size([1, 192, 8, 8])
merged size without overlap : 6 6 256
Merged: torch.Size([1, 256, 6, 6])
torch.Size([1, 1000])
Poll Time: 1.156273728999622
Layer Times: [0.10215272899949923, 0.15016893899974093, 0.903952061000382]
Store Push Time: 0.31882307499927265
Store Pull Time: 1.1540474770063156
Merge Time: 0.0007594620001327712
Split Time: 0.00022762600019632373
Time: 4.1518263719999595
