torch.Size([1, 3, 127, 127])
torch.Size([1, 3, 127, 127])
torch.Size([1, 3, 127, 127])
torch.Size([1, 3, 127, 127])
merged size without overlap : 14 14 192
Merged: torch.Size([1, 192, 14, 14])
torch.Size([1, 192, 8, 8])
torch.Size([1, 192, 8, 8])
torch.Size([1, 192, 8, 8])
torch.Size([1, 192, 8, 8])
merged size without overlap : 6 6 256
Merged: torch.Size([1, 256, 6, 6])
torch.Size([1, 1000])
Poll Time: 1.0340289160003522
Layer Times: [0.09122963899972092, 0.19398954900043464, 0.7488097280001966]
Store Push Time: 0.36137939900163474
Store Pull Time: 1.0324828060056461
Merge Time: 0.0007187640003394336
Split Time: 0.0002033789996858104
Time: 3.9612582139998267
