torch.Size([1, 3, 127, 127])
torch.Size([1, 3, 127, 127])
torch.Size([1, 3, 127, 127])
torch.Size([1, 3, 127, 127])
merged size without overlap : 14 14 192
Merged: torch.Size([1, 192, 14, 14])
torch.Size([1, 192, 8, 8])
torch.Size([1, 192, 8, 8])
torch.Size([1, 192, 8, 8])
torch.Size([1, 192, 8, 8])
merged size without overlap : 6 6 256
Merged: torch.Size([1, 256, 6, 6])
torch.Size([1, 1000])
Poll Time: 0.9989839509999001
Layer Times: [0.10261811500004114, 0.1174097069997515, 0.7789561290001075]
Store Push Time: 0.35256769999796234
Store Pull Time: 0.9974638999956369
Merge Time: 0.0008009209996089339
Split Time: 0.00023509500078944257
Time: 3.9786624099997425
