torch.Size([1, 3, 127, 127])
torch.Size([1, 3, 127, 127])
torch.Size([1, 3, 127, 127])
torch.Size([1, 3, 127, 127])
merged size without overlap : 14 14 192
Merged: torch.Size([1, 192, 14, 14])
torch.Size([1, 192, 8, 8])
torch.Size([1, 192, 8, 8])
torch.Size([1, 192, 8, 8])
torch.Size([1, 192, 8, 8])
merged size without overlap : 6 6 256
Merged: torch.Size([1, 256, 6, 6])
torch.Size([1, 1000])
Poll Time: 0.9377367479992245
Layer Times: [0.08207535400015331, 0.06751197499943373, 0.7881494189996374]
Store Push Time: 0.31665708900072786
Store Pull Time: 0.9356390879984247
Merge Time: 0.008994329000415746
Split Time: 0.0002182019998144824
Time: 3.890041343000121
