torch.Size([1, 3, 127, 127])
torch.Size([1, 3, 127, 127])
torch.Size([1, 3, 127, 127])
torch.Size([1, 3, 127, 127])
merged size without overlap : 14 14 192
Merged: torch.Size([1, 192, 14, 14])
torch.Size([1, 192, 8, 8])
torch.Size([1, 192, 8, 8])
torch.Size([1, 192, 8, 8])
torch.Size([1, 192, 8, 8])
merged size without overlap : 6 6 256
Merged: torch.Size([1, 256, 6, 6])
torch.Size([1, 1000])
Poll Time: 2.07913603399993
Layer Times: [0.12464963799993711, 0.11929249900003924, 1.8351938969999537]
Store Push Time: 0.4019500570020682
Store Pull Time: 2.0758444999974017
Merge Time: 0.00078648599992448
Split Time: 0.00022437999996327562
Time: 5.202613688999918
