torch.Size([1, 3, 127, 127])
torch.Size([1, 3, 127, 127])
torch.Size([1, 3, 127, 127])
torch.Size([1, 3, 127, 127])
merged size without overlap : 14 14 192
Merged: torch.Size([1, 192, 14, 14])
torch.Size([1, 192, 8, 8])
torch.Size([1, 192, 8, 8])
torch.Size([1, 192, 8, 8])
torch.Size([1, 192, 8, 8])
merged size without overlap : 6 6 256
Merged: torch.Size([1, 256, 6, 6])
torch.Size([1, 1000])
Poll Time: 2.586617654999827
Layer Times: [0.09530150699993101, 0.22510210699965683, 2.2662140410002394]
Store Push Time: 0.341940204999446
Store Pull Time: 2.576104256013423
Merge Time: 0.0008635889998913626
Split Time: 0.00022227299996302463
Time: 4.828164042000026
