torch.Size([1, 3, 127, 127])
torch.Size([1, 3, 127, 127])
torch.Size([1, 3, 127, 127])
torch.Size([1, 3, 127, 127])
merged size without overlap : 14 14 192
Merged: torch.Size([1, 192, 14, 14])
torch.Size([1, 192, 8, 8])
torch.Size([1, 192, 8, 8])
torch.Size([1, 192, 8, 8])
torch.Size([1, 192, 8, 8])
merged size without overlap : 6 6 256
Merged: torch.Size([1, 256, 6, 6])
torch.Size([1, 1000])
Poll Time: 0.9171504650012139
Layer Times: [0.0763348610007597, 0.07948539200060623, 0.761330211999848]
Store Push Time: 0.36169147300006443
Store Pull Time: 0.9152283990042633
Merge Time: 0.0007840709995434736
Split Time: 0.00022229600017453777
Time: 3.8320326339999156
