torch.Size([1, 3, 127, 127])
torch.Size([1, 3, 127, 127])
torch.Size([1, 3, 127, 127])
torch.Size([1, 3, 127, 127])
merged size without overlap : 14 14 192
Merged: torch.Size([1, 192, 14, 14])
torch.Size([1, 192, 8, 8])
torch.Size([1, 192, 8, 8])
torch.Size([1, 192, 8, 8])
torch.Size([1, 192, 8, 8])
merged size without overlap : 6 6 256
Merged: torch.Size([1, 256, 6, 6])
torch.Size([1, 1000])
Poll Time: 1.0102851749988986
Layer Times: [0.09466991999943275, 0.11519422499986831, 0.8004210299995975]
Store Push Time: 0.43288969000059296
Store Pull Time: 0.9996993930035387
Merge Time: 0.0008260690001407056
Split Time: 0.00022327599981508683
Time: 4.1797182299997075
