torch.Size([1, 3, 127, 127])
torch.Size([1, 3, 127, 127])
torch.Size([1, 3, 127, 127])
torch.Size([1, 3, 127, 127])
merged size without overlap : 14 14 192
Merged: torch.Size([1, 192, 14, 14])
torch.Size([1, 192, 8, 8])
torch.Size([1, 192, 8, 8])
torch.Size([1, 192, 8, 8])
torch.Size([1, 192, 8, 8])
merged size without overlap : 6 6 256
Merged: torch.Size([1, 256, 6, 6])
torch.Size([1, 1000])
Poll Time: 3.1748683040004835
Layer Times: [0.08472022099977039, 0.09296934600024542, 2.9971787370004677]
Store Push Time: 0.41410947299937106
Store Pull Time: 3.168672878009602
Merge Time: 0.0007762929990349221
Split Time: 0.00022482500025944319
Time: 6.265637386999515
