torch.Size([1, 3, 127, 127])
torch.Size([1, 3, 127, 127])
torch.Size([1, 3, 127, 127])
torch.Size([1, 3, 127, 127])
merged size without overlap : 14 14 192
Merged: torch.Size([1, 192, 14, 14])
torch.Size([1, 192, 8, 8])
torch.Size([1, 192, 8, 8])
torch.Size([1, 192, 8, 8])
torch.Size([1, 192, 8, 8])
merged size without overlap : 6 6 256
Merged: torch.Size([1, 256, 6, 6])
torch.Size([1, 1000])
Poll Time: 1.1929755029996159
Layer Times: [0.2451569759996346, 0.15762942999936058, 0.7901890970006207]
Store Push Time: 0.4067121979996955
Store Pull Time: 1.1909647230040719
Merge Time: 0.0007347000000663684
Split Time: 0.000227302999519452
Time: 4.151904582000498
