torch.Size([1, 3, 127, 127])
torch.Size([1, 3, 127, 127])
torch.Size([1, 3, 127, 127])
torch.Size([1, 3, 127, 127])
merged size without overlap : 14 14 192
Merged: torch.Size([1, 192, 14, 14])
torch.Size([1, 192, 8, 8])
torch.Size([1, 192, 8, 8])
torch.Size([1, 192, 8, 8])
torch.Size([1, 192, 8, 8])
merged size without overlap : 6 6 256
Merged: torch.Size([1, 256, 6, 6])
torch.Size([1, 1000])
Poll Time: 1.1282147989995792
Layer Times: [0.09965310200004751, 0.1175973689996681, 0.9109643279998636]
Store Push Time: 0.3301140439998562
Store Pull Time: 1.1262836479754696
Merge Time: 0.0007979470001373556
Split Time: 0.0002351729999645613
Time: 4.1335932740003045
