torch.Size([1, 3, 127, 127])
torch.Size([1, 3, 127, 127])
torch.Size([1, 3, 127, 127])
torch.Size([1, 3, 127, 127])
merged size without overlap : 14 14 192
Merged: torch.Size([1, 192, 14, 14])
torch.Size([1, 192, 8, 8])
torch.Size([1, 192, 8, 8])
torch.Size([1, 192, 8, 8])
torch.Size([1, 192, 8, 8])
merged size without overlap : 6 6 256
Merged: torch.Size([1, 256, 6, 6])
torch.Size([1, 1000])
Poll Time: 1.133625824999399
Layer Times: [0.14252644299995154, 0.18442086100003507, 0.8066785209994123]
Store Push Time: 0.29302869599814585
Store Pull Time: 1.1319870739962425
Merge Time: 0.0011552510004548822
Split Time: 0.00024751700038905255
Time: 3.882783070000187
