torch.Size([1, 3, 127, 127])
torch.Size([1, 3, 127, 127])
torch.Size([1, 3, 127, 127])
torch.Size([1, 3, 127, 127])
merged size without overlap : 14 14 192
Merged: torch.Size([1, 192, 14, 14])
torch.Size([1, 192, 8, 8])
torch.Size([1, 192, 8, 8])
torch.Size([1, 192, 8, 8])
torch.Size([1, 192, 8, 8])
merged size without overlap : 6 6 256
Merged: torch.Size([1, 256, 6, 6])
torch.Size([1, 1000])
Poll Time: 0.973613420998845
Layer Times: [0.10062537299927499, 0.08488622799995937, 0.7881018199996106]
Store Push Time: 0.3824557419984558
Store Pull Time: 0.9713914529957037
Merge Time: 0.0007584760005556745
Split Time: 0.00021273099991958588
Time: 4.085801232000449
