torch.Size([1, 3, 127, 127])
torch.Size([1, 3, 127, 127])
torch.Size([1, 3, 127, 127])
torch.Size([1, 3, 127, 127])
merged size without overlap : 14 14 192
Merged: torch.Size([1, 192, 14, 14])
torch.Size([1, 192, 8, 8])
torch.Size([1, 192, 8, 8])
torch.Size([1, 192, 8, 8])
torch.Size([1, 192, 8, 8])
merged size without overlap : 6 6 256
Merged: torch.Size([1, 256, 6, 6])
torch.Size([1, 1000])
Poll Time: 0.9907474559995535
Layer Times: [0.07631980299993302, 0.13501015299971186, 0.7794174999999086]
Store Push Time: 0.3840318249986012
Store Pull Time: 0.9892800429970521
Merge Time: 0.001090495001335512
Split Time: 0.000275242999123293
Time: 4.26779257599992
