torch.Size([1, 3, 127, 127])
torch.Size([1, 3, 127, 127])
torch.Size([1, 3, 127, 127])
torch.Size([1, 3, 127, 127])
merged size without overlap : 14 14 192
Merged: torch.Size([1, 192, 14, 14])
torch.Size([1, 192, 8, 8])
torch.Size([1, 192, 8, 8])
torch.Size([1, 192, 8, 8])
torch.Size([1, 192, 8, 8])
merged size without overlap : 6 6 256
Merged: torch.Size([1, 256, 6, 6])
torch.Size([1, 1000])
Poll Time: 1.1610415649993229
Layer Times: [0.0881997099995715, 0.11040819699974236, 0.962433658000009]
Store Push Time: 0.5163127489977342
Store Pull Time: 1.1592633259942886
Merge Time: 0.0011665789998005494
Split Time: 0.00024390300040977309
Time: 4.418485473000146
