torch.Size([1, 3, 127, 127])
torch.Size([1, 3, 127, 127])
torch.Size([1, 3, 127, 127])
torch.Size([1, 3, 127, 127])
merged size without overlap : 14 14 192
Merged: torch.Size([1, 192, 14, 14])
torch.Size([1, 192, 8, 8])
torch.Size([1, 192, 8, 8])
torch.Size([1, 192, 8, 8])
torch.Size([1, 192, 8, 8])
merged size without overlap : 6 6 256
Merged: torch.Size([1, 256, 6, 6])
Waiting for key data/img_9134
Rerunning data/img_9134...
Waiting for key data/img_9134
Rerunning data/img_9134...
Waiting for key data/img_9134
Rerunning data/img_9134...
Waiting for key data/img_9134
Rerunning data/img_9134...
Waiting for key data/img_9134
Rerunning data/img_9134...
Waiting for key data/img_9134
Rerunning data/img_9134...
Waiting for key data/img_9134
Rerunning data/img_9134...
Waiting for key data/img_9134
Rerunning data/img_9134...
Waiting for key data/img_9134
Rerunning data/img_9134...
Waiting for key data/img_9134
Rerunning data/img_9134...
Waiting for key data/img_9134
Rerunning data/img_9134...
Waiting for key data/img_9134
Rerunning data/img_9134...
Waiting for key data/img_9134
Rerunning data/img_9134...
Waiting for key data/img_9134
Rerunning data/img_9134...
torch.Size([1, 1000])
Poll Time: 64.10493776700059
Layer Times: [0.09260783799982164, 0.12224381900068693, 63.890086110000084]
Store Push Time: 0.4227102599998034
Store Pull Time: 62.646515092925256
Merge Time: 0.0007629820001966436
Split Time: 0.00022805200023867656
Time: 67.27651291799975
