torch.Size([1, 3, 127, 127])
torch.Size([1, 3, 127, 127])
torch.Size([1, 3, 127, 127])
torch.Size([1, 3, 127, 127])
merged size without overlap : 14 14 192
Merged: torch.Size([1, 192, 14, 14])
torch.Size([1, 192, 8, 8])
torch.Size([1, 192, 8, 8])
torch.Size([1, 192, 8, 8])
torch.Size([1, 192, 8, 8])
merged size without overlap : 6 6 256
Merged: torch.Size([1, 256, 6, 6])
Waiting for key data/img_7154
Rerunning data/img_7154...
Waiting for key data/img_7154
Rerunning data/img_7154...
Waiting for key data/img_7154
Rerunning data/img_7154...
Waiting for key data/img_7154
Rerunning data/img_7154...
Waiting for key data/img_7154
Rerunning data/img_7154...
Waiting for key data/img_7154
Rerunning data/img_7154...
Waiting for key data/img_7154
Rerunning data/img_7154...
Waiting for key data/img_7154
Rerunning data/img_7154...
Waiting for key data/img_7154
Rerunning data/img_7154...
Waiting for key data/img_7154
Rerunning data/img_7154...
Waiting for key data/img_7154
Rerunning data/img_7154...
Waiting for key data/img_7154
Rerunning data/img_7154...
Waiting for key data/img_7154
Rerunning data/img_7154...
Waiting for key data/img_7154
Rerunning data/img_7154...
Waiting for key data/img_7154
Rerunning data/img_7154...
Waiting for key data/img_7154
Rerunning data/img_7154...
Waiting for key data/img_7154
Rerunning data/img_7154...
Waiting for key data/img_7154
Rerunning data/img_7154...
torch.Size([1, 1000])
Poll Time: 68.86572473999968
Layer Times: [0.09560552600032679, 0.07966007399954833, 68.6904591399998]
Store Push Time: 0.4585136870000497
Store Pull Time: 67.24224320794656
Merge Time: 0.0007438769998771022
Split Time: 0.00021730300068156794
Time: 72.15306770300049
