torch.Size([1, 3, 127, 127])
torch.Size([1, 3, 127, 127])
torch.Size([1, 3, 127, 127])
torch.Size([1, 3, 127, 127])
merged size without overlap : 14 14 192
Merged: torch.Size([1, 192, 14, 14])
torch.Size([1, 192, 8, 8])
torch.Size([1, 192, 8, 8])
torch.Size([1, 192, 8, 8])
torch.Size([1, 192, 8, 8])
merged size without overlap : 6 6 256
Merged: torch.Size([1, 256, 6, 6])
torch.Size([1, 1000])
Poll Time: 0.9547759299994141
Layer Times: [0.0964154769999368, 0.09599136599990743, 0.7623690869995698]
Store Push Time: 0.4337205300007554
Store Pull Time: 0.953214077996563
Merge Time: 0.0011779269998442032
Split Time: 0.00029793500016239705
Time: 4.2609218789993974
