torch.Size([1, 3, 127, 127])
torch.Size([1, 3, 127, 127])
torch.Size([1, 3, 127, 127])
torch.Size([1, 3, 127, 127])
merged size without overlap : 14 14 192
Merged: torch.Size([1, 192, 14, 14])
torch.Size([1, 192, 8, 8])
torch.Size([1, 192, 8, 8])
torch.Size([1, 192, 8, 8])
torch.Size([1, 192, 8, 8])
merged size without overlap : 6 6 256
Merged: torch.Size([1, 256, 6, 6])
torch.Size([1, 1000])
Poll Time: 1.1225242099999377
Layer Times: [0.1032643199996528, 0.14561567700002342, 0.8736442130002615]
Store Push Time: 0.3233890390010856
Store Pull Time: 1.120179121997353
Merge Time: 0.0007456510002157302
Split Time: 0.00022934799926588312
Time: 4.099873725999714
