torch.Size([1, 3, 127, 127])
torch.Size([1, 3, 127, 127])
torch.Size([1, 3, 127, 127])
torch.Size([1, 3, 127, 127])
merged size without overlap : 14 14 192
Merged: torch.Size([1, 192, 14, 14])
torch.Size([1, 192, 8, 8])
torch.Size([1, 192, 8, 8])
torch.Size([1, 192, 8, 8])
torch.Size([1, 192, 8, 8])
merged size without overlap : 6 6 256
Merged: torch.Size([1, 256, 6, 6])
torch.Size([1, 1000])
Poll Time: 0.9793248979985947
Layer Times: [0.06944140299947321, 0.12011943499965128, 0.7897640599994702]
Store Push Time: 0.4267352629976813
Store Pull Time: 0.9777858140059834
Merge Time: 0.0007708940011070808
Split Time: 0.00023747900013404433
Time: 4.0384486440007095
