torch.Size([1, 3, 127, 127])
torch.Size([1, 3, 127, 127])
torch.Size([1, 3, 127, 127])
torch.Size([1, 3, 127, 127])
merged size without overlap : 14 14 192
Merged: torch.Size([1, 192, 14, 14])
torch.Size([1, 192, 8, 8])
torch.Size([1, 192, 8, 8])
torch.Size([1, 192, 8, 8])
torch.Size([1, 192, 8, 8])
merged size without overlap : 6 6 256
Merged: torch.Size([1, 256, 6, 6])
torch.Size([1, 1000])
Poll Time: 1.1056547110010797
Layer Times: [0.13809036100064986, 0.06840368300072441, 0.8991606669997054]
Store Push Time: 0.3652691240013155
Store Pull Time: 1.103183524999622
Merge Time: 0.0007813659995008493
Split Time: 0.00022512200030178064
Time: 4.250151033999828
