torch.Size([1, 3, 127, 127])
torch.Size([1, 3, 127, 127])
torch.Size([1, 3, 127, 127])
torch.Size([1, 3, 127, 127])
merged size without overlap : 14 14 192
Merged: torch.Size([1, 192, 14, 14])
torch.Size([1, 192, 8, 8])
torch.Size([1, 192, 8, 8])
torch.Size([1, 192, 8, 8])
torch.Size([1, 192, 8, 8])
merged size without overlap : 6 6 256
Merged: torch.Size([1, 256, 6, 6])
torch.Size([1, 1000])
Poll Time: 0.998498839999229
Layer Times: [0.1328926189999038, 0.10219641099956789, 0.7634098099997573]
Store Push Time: 0.46838851899974543
Store Pull Time: 0.9965639620022557
Merge Time: 0.000822393000817101
Split Time: 0.00022917000023880973
Time: 4.222964812999635
