torch.Size([1, 3, 127, 127])
torch.Size([1, 3, 127, 127])
torch.Size([1, 3, 127, 127])
torch.Size([1, 3, 127, 127])
merged size without overlap : 14 14 192
Merged: torch.Size([1, 192, 14, 14])
torch.Size([1, 192, 8, 8])
torch.Size([1, 192, 8, 8])
torch.Size([1, 192, 8, 8])
torch.Size([1, 192, 8, 8])
merged size without overlap : 6 6 256
Merged: torch.Size([1, 256, 6, 6])
torch.Size([1, 1000])
Poll Time: 1.1251911039998959
Layer Times: [0.10362402000009752, 0.09594006499992247, 0.9256270189998759]
Store Push Time: 0.46328533300038544
Store Pull Time: 1.123485818003246
Merge Time: 0.000957117999860202
Split Time: 0.00021355300032155355
Time: 4.3827940709998074
