torch.Size([1, 3, 127, 127])
torch.Size([1, 3, 127, 127])
torch.Size([1, 3, 127, 127])
torch.Size([1, 3, 127, 127])
merged size without overlap : 14 14 192
Merged: torch.Size([1, 192, 14, 14])
torch.Size([1, 192, 8, 8])
torch.Size([1, 192, 8, 8])
torch.Size([1, 192, 8, 8])
torch.Size([1, 192, 8, 8])
merged size without overlap : 6 6 256
Merged: torch.Size([1, 256, 6, 6])
torch.Size([1, 1000])
Poll Time: 0.9328948340007628
Layer Times: [0.1082871750004415, 0.07937332500023331, 0.745234334000088]
Store Push Time: 0.3556595880008899
Store Pull Time: 0.9314408279942654
Merge Time: 0.0007716469999650144
Split Time: 0.0002389899991612765
Time: 3.809532424000281
