torch.Size([1, 3, 127, 127])
torch.Size([1, 3, 127, 127])
torch.Size([1, 3, 127, 127])
torch.Size([1, 3, 127, 127])
merged size without overlap : 14 14 192
Merged: torch.Size([1, 192, 14, 14])
torch.Size([1, 192, 8, 8])
torch.Size([1, 192, 8, 8])
torch.Size([1, 192, 8, 8])
torch.Size([1, 192, 8, 8])
merged size without overlap : 6 6 256
Merged: torch.Size([1, 256, 6, 6])
torch.Size([1, 1000])
Poll Time: 1.1175103330006095
Layer Times: [0.08173666200036678, 0.11517399100011971, 0.920599680000123]
Store Push Time: 0.42935706800199114
Store Pull Time: 1.1151629349833456
Merge Time: 0.0007823060004739091
Split Time: 0.00022625499968853546
Time: 4.096104289000323
