torch.Size([1, 3, 127, 127])
torch.Size([1, 3, 127, 127])
torch.Size([1, 3, 127, 127])
torch.Size([1, 3, 127, 127])
merged size without overlap : 14 14 192
Merged: torch.Size([1, 192, 14, 14])
torch.Size([1, 192, 8, 8])
torch.Size([1, 192, 8, 8])
torch.Size([1, 192, 8, 8])
torch.Size([1, 192, 8, 8])
merged size without overlap : 6 6 256
Merged: torch.Size([1, 256, 6, 6])
torch.Size([1, 1000])
Poll Time: 1.0551281810003275
Layer Times: [0.07204848600031255, 0.16004151499964792, 0.823038180000367]
Store Push Time: 0.4174866329994984
Store Pull Time: 1.0535927260043536
Merge Time: 0.0011584350004341104
Split Time: 0.00026243299998895964
Time: 4.3526400319997265
