torch.Size([1, 3, 127, 127])
torch.Size([1, 3, 127, 127])
torch.Size([1, 3, 127, 127])
torch.Size([1, 3, 127, 127])
merged size without overlap : 14 14 192
Merged: torch.Size([1, 192, 14, 14])
torch.Size([1, 192, 8, 8])
torch.Size([1, 192, 8, 8])
torch.Size([1, 192, 8, 8])
torch.Size([1, 192, 8, 8])
merged size without overlap : 6 6 256
Merged: torch.Size([1, 256, 6, 6])
torch.Size([1, 1000])
Poll Time: 1.0818484739993437
Layer Times: [0.10130055399986304, 0.11329412199938815, 0.8672537980000925]
Store Push Time: 0.3844148799980758
Store Pull Time: 1.0800129539993577
Merge Time: 0.0007539629996244912
Split Time: 0.00021461100095621077
Time: 3.625256313999671
