torch.Size([1, 3, 127, 127])
torch.Size([1, 3, 127, 127])
torch.Size([1, 3, 127, 127])
torch.Size([1, 3, 127, 127])
merged size without overlap : 14 14 192
Merged: torch.Size([1, 192, 14, 14])
torch.Size([1, 192, 8, 8])
torch.Size([1, 192, 8, 8])
torch.Size([1, 192, 8, 8])
torch.Size([1, 192, 8, 8])
merged size without overlap : 6 6 256
Merged: torch.Size([1, 256, 6, 6])
torch.Size([1, 1000])
Poll Time: 0.9622629829991638
Layer Times: [0.07892012399952364, 0.09780263599986938, 0.7855402229997708]
Store Push Time: 0.30834169600075256
Store Pull Time: 0.9606518899963703
Merge Time: 0.0008366450001631165
Split Time: 0.00022218400044948794
Time: 3.918667959999766
