torch.Size([1, 3, 127, 127])
torch.Size([1, 3, 127, 127])
torch.Size([1, 3, 127, 127])
torch.Size([1, 3, 127, 127])
merged size without overlap : 14 14 192
Merged: torch.Size([1, 192, 14, 14])
torch.Size([1, 192, 8, 8])
torch.Size([1, 192, 8, 8])
torch.Size([1, 192, 8, 8])
torch.Size([1, 192, 8, 8])
merged size without overlap : 6 6 256
Merged: torch.Size([1, 256, 6, 6])
torch.Size([1, 1000])
Poll Time: 1.217187895999814
Layer Times: [0.1438915389999238, 0.07491333200050576, 0.9983830249993844]
Store Push Time: 0.5134637609999118
Store Pull Time: 1.2154507339992051
Merge Time: 0.0007507590007662657
Split Time: 0.0002386840005783597
Time: 4.539895550000438
