torch.Size([1, 3, 127, 127])
torch.Size([1, 3, 127, 127])
torch.Size([1, 3, 127, 127])
torch.Size([1, 3, 127, 127])
merged size without overlap : 14 14 192
Merged: torch.Size([1, 192, 14, 14])
torch.Size([1, 192, 8, 8])
torch.Size([1, 192, 8, 8])
torch.Size([1, 192, 8, 8])
torch.Size([1, 192, 8, 8])
merged size without overlap : 6 6 256
Merged: torch.Size([1, 256, 6, 6])
torch.Size([1, 1000])
Poll Time: 0.946683837000819
Layer Times: [0.09533093000027293, 0.07927973500045482, 0.7720731720000913]
Store Push Time: 0.35651820600196515
Store Pull Time: 0.9446898590022101
Merge Time: 0.0007831079992683954
Split Time: 0.0002234860003227368
Time: 3.9065836619993206
