torch.Size([1, 3, 127, 127])
torch.Size([1, 3, 127, 127])
torch.Size([1, 3, 127, 127])
torch.Size([1, 3, 127, 127])
merged size without overlap : 14 14 192
Merged: torch.Size([1, 192, 14, 14])
torch.Size([1, 192, 8, 8])
torch.Size([1, 192, 8, 8])
torch.Size([1, 192, 8, 8])
torch.Size([1, 192, 8, 8])
merged size without overlap : 6 6 256
Merged: torch.Size([1, 256, 6, 6])
torch.Size([1, 1000])
Poll Time: 1.067076184999678
Layer Times: [0.1423280299995895, 0.12106447800033493, 0.8036836769997535]
Store Push Time: 0.42327256899807253
Store Pull Time: 1.0650907939952958
Merge Time: 0.0007023020007181913
Split Time: 0.00021311799991963198
Time: 4.136011749999852
