torch.Size([1, 3, 127, 127])
torch.Size([1, 3, 127, 127])
torch.Size([1, 3, 127, 127])
torch.Size([1, 3, 127, 127])
merged size without overlap : 14 14 192
Merged: torch.Size([1, 192, 14, 14])
torch.Size([1, 192, 8, 8])
torch.Size([1, 192, 8, 8])
torch.Size([1, 192, 8, 8])
torch.Size([1, 192, 8, 8])
merged size without overlap : 6 6 256
Merged: torch.Size([1, 256, 6, 6])
torch.Size([1, 1000])
Poll Time: 0.9869354410002416
Layer Times: [0.08893807499953255, 0.1095397260005484, 0.7884576400001606]
Store Push Time: 0.47248499500165053
Store Pull Time: 0.9849744430111969
Merge Time: 0.0007889220005381503
Split Time: 0.00021820300025865436
Time: 3.9968118910001067
