torch.Size([1, 3, 127, 127])
torch.Size([1, 3, 127, 127])
torch.Size([1, 3, 127, 127])
torch.Size([1, 3, 127, 127])
merged size without overlap : 14 14 192
Merged: torch.Size([1, 192, 14, 14])
torch.Size([1, 192, 8, 8])
torch.Size([1, 192, 8, 8])
torch.Size([1, 192, 8, 8])
torch.Size([1, 192, 8, 8])
merged size without overlap : 6 6 256
Merged: torch.Size([1, 256, 6, 6])
torch.Size([1, 1000])
Poll Time: 1.080609007000021
Layer Times: [0.17248352299975522, 0.12654760100031126, 0.7815778829999545]
Store Push Time: 0.31974061999972037
Store Pull Time: 1.078650590988218
Merge Time: 0.0007621610002388479
Split Time: 0.00022223299947654596
Time: 4.14832777599986
