torch.Size([1, 3, 127, 127])
torch.Size([1, 3, 127, 127])
torch.Size([1, 3, 127, 127])
torch.Size([1, 3, 127, 127])
merged size without overlap : 14 14 192
Merged: torch.Size([1, 192, 14, 14])
torch.Size([1, 192, 8, 8])
torch.Size([1, 192, 8, 8])
torch.Size([1, 192, 8, 8])
torch.Size([1, 192, 8, 8])
merged size without overlap : 6 6 256
Merged: torch.Size([1, 256, 6, 6])
torch.Size([1, 1000])
Poll Time: 1.1064909759998045
Layer Times: [0.08887439499994798, 0.09606042499945033, 0.9215561560004062]
Store Push Time: 0.4893221349993837
Store Pull Time: 1.1042939539984218
Merge Time: 0.0007908719999250025
Split Time: 0.00022713200087309815
Time: 4.248046983000677
