torch.Size([1, 3, 127, 127])
torch.Size([1, 3, 127, 127])
torch.Size([1, 3, 127, 127])
torch.Size([1, 3, 127, 127])
merged size without overlap : 14 14 192
Merged: torch.Size([1, 192, 14, 14])
torch.Size([1, 192, 8, 8])
torch.Size([1, 192, 8, 8])
torch.Size([1, 192, 8, 8])
torch.Size([1, 192, 8, 8])
merged size without overlap : 6 6 256
Merged: torch.Size([1, 256, 6, 6])
torch.Size([1, 1000])
Poll Time: 0.9832445419997384
Layer Times: [0.10282385800019256, 0.10931144999995013, 0.7711092339995957]
Store Push Time: 0.36596955099957995
Store Pull Time: 0.9813380639998286
Merge Time: 0.0007536499997513602
Split Time: 0.00021736600047006505
Time: 4.262767093000548
