torch.Size([1, 3, 127, 127])
torch.Size([1, 3, 127, 127])
torch.Size([1, 3, 127, 127])
torch.Size([1, 3, 127, 127])
merged size without overlap : 14 14 192
Merged: torch.Size([1, 192, 14, 14])
torch.Size([1, 192, 8, 8])
torch.Size([1, 192, 8, 8])
torch.Size([1, 192, 8, 8])
torch.Size([1, 192, 8, 8])
merged size without overlap : 6 6 256
Merged: torch.Size([1, 256, 6, 6])
torch.Size([1, 1000])
Poll Time: 1.000683832001414
Layer Times: [0.1138767310003459, 0.11156320300051448, 0.7752438980005536]
Store Push Time: 0.395455118999962
Store Pull Time: 0.9984281290007857
Merge Time: 0.0007730180004728027
Split Time: 0.0002156530008505797
Time: 4.078400818999398
