torch.Size([1, 3, 127, 127])
torch.Size([1, 3, 127, 127])
torch.Size([1, 3, 127, 127])
torch.Size([1, 3, 127, 127])
merged size without overlap : 14 14 192
Merged: torch.Size([1, 192, 14, 14])
torch.Size([1, 192, 8, 8])
torch.Size([1, 192, 8, 8])
torch.Size([1, 192, 8, 8])
torch.Size([1, 192, 8, 8])
merged size without overlap : 6 6 256
Merged: torch.Size([1, 256, 6, 6])
torch.Size([1, 1000])
Poll Time: 1.1776916560002064
Layer Times: [0.09108877800008486, 0.11178876600024523, 0.9748141119998763]
Store Push Time: 0.4072551849994852
Store Pull Time: 1.175508630009972
Merge Time: 0.0014977429991631652
Split Time: 0.00023445800070476253
Time: 4.427569751000192
