torch.Size([1, 3, 127, 127])
torch.Size([1, 3, 127, 127])
torch.Size([1, 3, 127, 127])
torch.Size([1, 3, 127, 127])
merged size without overlap : 14 14 192
Merged: torch.Size([1, 192, 14, 14])
torch.Size([1, 192, 8, 8])
torch.Size([1, 192, 8, 8])
torch.Size([1, 192, 8, 8])
torch.Size([1, 192, 8, 8])
merged size without overlap : 6 6 256
Merged: torch.Size([1, 256, 6, 6])
torch.Size([1, 1000])
Poll Time: 1.005735917000493
Layer Times: [0.11091298600058508, 0.12331572899984167, 0.7715072020000662]
Store Push Time: 0.3038083219980763
Store Pull Time: 1.0040783989988995
Merge Time: 0.0010258000011162949
Split Time: 0.00025018500036821933
Time: 4.046728366000025
