torch.Size([1, 3, 127, 127])
torch.Size([1, 3, 127, 127])
torch.Size([1, 3, 127, 127])
torch.Size([1, 3, 127, 127])
merged size without overlap : 14 14 192
Merged: torch.Size([1, 192, 14, 14])
torch.Size([1, 192, 8, 8])
torch.Size([1, 192, 8, 8])
torch.Size([1, 192, 8, 8])
torch.Size([1, 192, 8, 8])
merged size without overlap : 6 6 256
Merged: torch.Size([1, 256, 6, 6])
torch.Size([1, 1000])
Poll Time: 0.9383540839990019
Layer Times: [0.08917107299930649, 0.0920826940000552, 0.7571003169996402]
Store Push Time: 0.3058789339993382
Store Pull Time: 0.9352481050100323
Merge Time: 0.0007387079995169188
Split Time: 0.00022301899934973335
Time: 3.8176782399996227
