torch.Size([1, 3, 127, 127])
torch.Size([1, 3, 127, 127])
torch.Size([1, 3, 127, 127])
torch.Size([1, 3, 127, 127])
merged size without overlap : 14 14 192
Merged: torch.Size([1, 192, 14, 14])
torch.Size([1, 192, 8, 8])
torch.Size([1, 192, 8, 8])
torch.Size([1, 192, 8, 8])
torch.Size([1, 192, 8, 8])
merged size without overlap : 6 6 256
Merged: torch.Size([1, 256, 6, 6])
torch.Size([1, 1000])
Poll Time: 1.2475200330000007
Layer Times: [0.14112830999965809, 0.11657807200026582, 0.9898136510000768]
Store Push Time: 0.3778416089999155
Store Pull Time: 1.2446394400258214
Merge Time: 0.0007339710000451305
Split Time: 0.00022624900066148257
Time: 4.314421742999912
