torch.Size([1, 3, 127, 127])
torch.Size([1, 3, 127, 127])
torch.Size([1, 3, 127, 127])
torch.Size([1, 3, 127, 127])
merged size without overlap : 14 14 192
Merged: torch.Size([1, 192, 14, 14])
torch.Size([1, 192, 8, 8])
torch.Size([1, 192, 8, 8])
torch.Size([1, 192, 8, 8])
torch.Size([1, 192, 8, 8])
merged size without overlap : 6 6 256
Merged: torch.Size([1, 256, 6, 6])
torch.Size([1, 1000])
Poll Time: 1.1214272849992994
Layer Times: [0.10147556799984159, 0.11135143199953745, 0.9086002849999204]
Store Push Time: 0.37586317000022973
Store Pull Time: 1.119776122996882
Merge Time: 0.000765048999710416
Split Time: 0.00022530000023834873
Time: 4.0106224970004405
