torch.Size([1, 3, 127, 127])
torch.Size([1, 3, 127, 127])
torch.Size([1, 3, 127, 127])
torch.Size([1, 3, 127, 127])
merged size without overlap : 14 14 192
Merged: torch.Size([1, 192, 14, 14])
torch.Size([1, 192, 8, 8])
torch.Size([1, 192, 8, 8])
torch.Size([1, 192, 8, 8])
torch.Size([1, 192, 8, 8])
merged size without overlap : 6 6 256
Merged: torch.Size([1, 256, 6, 6])
torch.Size([1, 1000])
Poll Time: 1.2860202440006105
Layer Times: [0.2223498510002173, 0.12212173100033397, 0.9415486620000593]
Store Push Time: 0.4056055759974697
Store Pull Time: 1.2830358809942481
Merge Time: 0.0007459779999408056
Split Time: 0.00023038000017550075
Time: 4.26287497300018
