torch.Size([1, 3, 127, 127])
torch.Size([1, 3, 127, 127])
torch.Size([1, 3, 127, 127])
torch.Size([1, 3, 127, 127])
merged size without overlap : 14 14 192
Merged: torch.Size([1, 192, 14, 14])
torch.Size([1, 192, 8, 8])
torch.Size([1, 192, 8, 8])
torch.Size([1, 192, 8, 8])
torch.Size([1, 192, 8, 8])
merged size without overlap : 6 6 256
Merged: torch.Size([1, 256, 6, 6])
torch.Size([1, 1000])
Poll Time: 1.1970164260001184
Layer Times: [0.11300238199964951, 0.12798637400010193, 0.9560276700003669]
Store Push Time: 0.4443133360009597
Store Pull Time: 1.1945006989908507
Merge Time: 0.0007513640002798638
Split Time: 0.00021383100011007627
Time: 4.2599085800002285
