torch.Size([1, 3, 127, 127])
torch.Size([1, 3, 127, 127])
torch.Size([1, 3, 127, 127])
torch.Size([1, 3, 127, 127])
merged size without overlap : 14 14 192
Merged: torch.Size([1, 192, 14, 14])
torch.Size([1, 192, 8, 8])
torch.Size([1, 192, 8, 8])
torch.Size([1, 192, 8, 8])
torch.Size([1, 192, 8, 8])
merged size without overlap : 6 6 256
Merged: torch.Size([1, 256, 6, 6])
torch.Size([1, 1000])
Poll Time: 2.5092869200007044
Layer Times: [0.10189912399982859, 0.10676170300030208, 2.3006260930005737]
Store Push Time: 0.3901628779985913
Store Pull Time: 2.5039479230072175
Merge Time: 0.0007910640006230096
Split Time: 0.00022247400011110585
Time: 5.504411536000589
