torch.Size([1, 3, 127, 127])
torch.Size([1, 3, 127, 127])
torch.Size([1, 3, 127, 127])
torch.Size([1, 3, 127, 127])
merged size without overlap : 14 14 192
Merged: torch.Size([1, 192, 14, 14])
torch.Size([1, 192, 8, 8])
torch.Size([1, 192, 8, 8])
torch.Size([1, 192, 8, 8])
torch.Size([1, 192, 8, 8])
merged size without overlap : 6 6 256
Merged: torch.Size([1, 256, 6, 6])
torch.Size([1, 1000])
Poll Time: 0.9326702380003553
Layer Times: [0.07503037700007553, 0.09059442499983561, 0.7670454360004442]
Store Push Time: 0.43201801699979114
Store Pull Time: 0.9307444790038062
Merge Time: 0.0007688810001127422
Split Time: 0.00021738199939136393
Time: 4.167041818999678
