torch.Size([1, 3, 127, 127])
torch.Size([1, 3, 127, 127])
torch.Size([1, 3, 127, 127])
torch.Size([1, 3, 127, 127])
merged size without overlap : 14 14 192
Merged: torch.Size([1, 192, 14, 14])
torch.Size([1, 192, 8, 8])
torch.Size([1, 192, 8, 8])
torch.Size([1, 192, 8, 8])
torch.Size([1, 192, 8, 8])
merged size without overlap : 6 6 256
Merged: torch.Size([1, 256, 6, 6])
torch.Size([1, 1000])
Poll Time: 1.1600988520003739
Layer Times: [0.12727680500029237, 0.12103067900079623, 0.9117913679992853]
Store Push Time: 0.37671285799933685
Store Pull Time: 1.1576443470057711
Merge Time: 0.0007797039997967659
Split Time: 0.00021560499953920953
Time: 4.14262903999952
