torch.Size([1, 3, 127, 127])
torch.Size([1, 3, 127, 127])
torch.Size([1, 3, 127, 127])
torch.Size([1, 3, 127, 127])
merged size without overlap : 14 14 192
Merged: torch.Size([1, 192, 14, 14])
torch.Size([1, 192, 8, 8])
torch.Size([1, 192, 8, 8])
torch.Size([1, 192, 8, 8])
torch.Size([1, 192, 8, 8])
merged size without overlap : 6 6 256
Merged: torch.Size([1, 256, 6, 6])
torch.Size([1, 1000])
Poll Time: 1.1745584470008907
Layer Times: [0.11538229600046179, 0.11633630600044853, 0.9428398449999804]
Store Push Time: 0.2813066559992876
Store Pull Time: 1.1723012390011718
Merge Time: 0.0007292050004252815
Split Time: 0.00021360800019465387
Time: 3.9142815659997723
