torch.Size([1, 3, 127, 127])
torch.Size([1, 3, 127, 127])
torch.Size([1, 3, 127, 127])
torch.Size([1, 3, 127, 127])
merged size without overlap : 14 14 192
Merged: torch.Size([1, 192, 14, 14])
torch.Size([1, 192, 8, 8])
torch.Size([1, 192, 8, 8])
torch.Size([1, 192, 8, 8])
torch.Size([1, 192, 8, 8])
merged size without overlap : 6 6 256
Merged: torch.Size([1, 256, 6, 6])
torch.Size([1, 1000])
Poll Time: 0.9295419899999615
Layer Times: [0.06385850599963305, 0.09038899900042452, 0.7752944849999039]
Store Push Time: 0.6152320659975885
Store Pull Time: 0.9277045409899074
Merge Time: 0.01163617600013822
Split Time: 0.00021860000015294645
Time: 4.188672588999907
