torch.Size([1, 3, 127, 127])
torch.Size([1, 3, 127, 127])
torch.Size([1, 3, 127, 127])
torch.Size([1, 3, 127, 127])
merged size without overlap : 14 14 192
Merged: torch.Size([1, 192, 14, 14])
torch.Size([1, 192, 8, 8])
torch.Size([1, 192, 8, 8])
torch.Size([1, 192, 8, 8])
torch.Size([1, 192, 8, 8])
merged size without overlap : 6 6 256
Merged: torch.Size([1, 256, 6, 6])
torch.Size([1, 1000])
Poll Time: 0.9560967969991907
Layer Times: [0.10482022899941512, 0.08592174299974431, 0.7653548250000313]
Store Push Time: 0.3764705240018884
Store Pull Time: 0.9540416459994958
Merge Time: 0.0007433450000462472
Split Time: 0.00021348399968701415
Time: 3.807944136000515
