torch.Size([1, 3, 127, 127])
torch.Size([1, 3, 127, 127])
torch.Size([1, 3, 127, 127])
torch.Size([1, 3, 127, 127])
merged size without overlap : 14 14 192
Merged: torch.Size([1, 192, 14, 14])
torch.Size([1, 192, 8, 8])
torch.Size([1, 192, 8, 8])
torch.Size([1, 192, 8, 8])
torch.Size([1, 192, 8, 8])
merged size without overlap : 6 6 256
Merged: torch.Size([1, 256, 6, 6])
torch.Size([1, 1000])
Poll Time: 1.000785449000432
Layer Times: [0.07868720600072265, 0.10737017700012075, 0.8147280659995886]
Store Push Time: 0.45035858299979736
Store Pull Time: 0.9906643970070945
Merge Time: 0.0007488060009563924
Split Time: 0.000215205000131391
Time: 4.09700213799988
