torch.Size([1, 3, 127, 127])
torch.Size([1, 3, 127, 127])
torch.Size([1, 3, 127, 127])
torch.Size([1, 3, 127, 127])
merged size without overlap : 14 14 192
Merged: torch.Size([1, 192, 14, 14])
torch.Size([1, 192, 8, 8])
torch.Size([1, 192, 8, 8])
torch.Size([1, 192, 8, 8])
torch.Size([1, 192, 8, 8])
merged size without overlap : 6 6 256
Merged: torch.Size([1, 256, 6, 6])
torch.Size([1, 1000])
Poll Time: 1.0675624399991648
Layer Times: [0.11471031999917614, 0.07199469500028499, 0.8808574249997037]
Store Push Time: 0.4218382790004398
Store Pull Time: 1.065738762010369
Merge Time: 0.0008087109999905806
Split Time: 0.0002281319993926445
Time: 4.114649118000671
