torch.Size([1, 3, 127, 127])
torch.Size([1, 3, 127, 127])
torch.Size([1, 3, 127, 127])
torch.Size([1, 3, 127, 127])
merged size without overlap : 14 14 192
Merged: torch.Size([1, 192, 14, 14])
torch.Size([1, 192, 8, 8])
torch.Size([1, 192, 8, 8])
torch.Size([1, 192, 8, 8])
torch.Size([1, 192, 8, 8])
merged size without overlap : 6 6 256
Merged: torch.Size([1, 256, 6, 6])
torch.Size([1, 1000])
Poll Time: 1.2278178400001707
Layer Times: [0.1414581540002473, 0.1581431419999717, 0.9282165439999517]
Store Push Time: 0.20030214799953683
Store Pull Time: 1.2259950800043953
Merge Time: 0.0011869150002894457
Split Time: 0.00024329000098077813
Time: 3.772111995999694
