torch.Size([1, 3, 127, 127])
torch.Size([1, 3, 127, 127])
torch.Size([1, 3, 127, 127])
torch.Size([1, 3, 127, 127])
merged size without overlap : 14 14 192
Merged: torch.Size([1, 192, 14, 14])
torch.Size([1, 192, 8, 8])
torch.Size([1, 192, 8, 8])
torch.Size([1, 192, 8, 8])
torch.Size([1, 192, 8, 8])
merged size without overlap : 6 6 256
Merged: torch.Size([1, 256, 6, 6])
torch.Size([1, 1000])
Poll Time: 1.1029585550004413
Layer Times: [0.08524262800074212, 0.107218809999722, 0.9104971169999772]
Store Push Time: 0.3295195460013929
Store Pull Time: 1.0971979030064176
Merge Time: 0.0007489150002584211
Split Time: 0.00021971000023768283
Time: 4.127518035000321
