torch.Size([1, 3, 127, 127])
torch.Size([1, 3, 127, 127])
torch.Size([1, 3, 127, 127])
torch.Size([1, 3, 127, 127])
merged size without overlap : 14 14 192
Merged: torch.Size([1, 192, 14, 14])
torch.Size([1, 192, 8, 8])
torch.Size([1, 192, 8, 8])
torch.Size([1, 192, 8, 8])
torch.Size([1, 192, 8, 8])
merged size without overlap : 6 6 256
Merged: torch.Size([1, 256, 6, 6])
Waiting for key data/img_4814
Rerunning data/img_4814...
Waiting for key data/img_4814
Rerunning data/img_4814...
Waiting for key data/img_4814
Rerunning data/img_4814...
torch.Size([1, 1000])
Poll Time: 71.23965886799942
Layer Times: [0.14140012999996543, 0.15764615299940488, 70.94061258500005]
Store Push Time: 0.3683812460003537
Store Pull Time: 70.44614059697142
Merge Time: 0.0010083780007335008
Split Time: 0.0002443209996272344
Time: 74.13239612500001
