torch.Size([1, 3, 127, 127])
torch.Size([1, 3, 127, 127])
torch.Size([1, 3, 127, 127])
torch.Size([1, 3, 127, 127])
merged size without overlap : 14 14 192
Merged: torch.Size([1, 192, 14, 14])
torch.Size([1, 192, 8, 8])
torch.Size([1, 192, 8, 8])
torch.Size([1, 192, 8, 8])
torch.Size([1, 192, 8, 8])
merged size without overlap : 6 6 256
Merged: torch.Size([1, 256, 6, 6])
torch.Size([1, 1000])
Poll Time: 1.1951810720001959
Layer Times: [0.12271917499947449, 0.14557736300048418, 0.9268845340002372]
Store Push Time: 0.42541134700059047
Store Pull Time: 1.1929835219980305
Merge Time: 0.0010378489996583085
Split Time: 0.0968892169994433
Time: 4.285218564000388
