torch.Size([1, 3, 127, 127])
torch.Size([1, 3, 127, 127])
torch.Size([1, 3, 127, 127])
torch.Size([1, 3, 127, 127])
merged size without overlap : 14 14 192
Merged: torch.Size([1, 192, 14, 14])
torch.Size([1, 192, 8, 8])
torch.Size([1, 192, 8, 8])
torch.Size([1, 192, 8, 8])
torch.Size([1, 192, 8, 8])
merged size without overlap : 6 6 256
Merged: torch.Size([1, 256, 6, 6])
torch.Size([1, 1000])
Poll Time: 1.117109441998764
Layer Times: [0.19923185399966314, 0.11166574399976525, 0.8062118439993355]
Store Push Time: 0.35665704399889364
Store Pull Time: 1.1152971939964118
Merge Time: 0.0008034560005398816
Split Time: 0.0002131020000888384
Time: 3.869064803000583
