torch.Size([1, 3, 127, 127])
torch.Size([1, 3, 127, 127])
torch.Size([1, 3, 127, 127])
torch.Size([1, 3, 127, 127])
merged size without overlap : 14 14 192
Merged: torch.Size([1, 192, 14, 14])
torch.Size([1, 192, 8, 8])
torch.Size([1, 192, 8, 8])
torch.Size([1, 192, 8, 8])
torch.Size([1, 192, 8, 8])
merged size without overlap : 6 6 256
Merged: torch.Size([1, 256, 6, 6])
torch.Size([1, 1000])
Poll Time: 17.98856423799998
Layer Times: [17.15092244999994, 0.08331724000004215, 0.7543245479999996]
Store Push Time: 0.4041091540001389
Store Pull Time: 17.932385699994143
Merge Time: 0.0015603210000563195
Split Time: 0.0003024670000968399
Time: 20.478490986999986
