torch.Size([1, 3, 127, 127])
torch.Size([1, 3, 127, 127])
torch.Size([1, 3, 127, 127])
torch.Size([1, 3, 127, 127])
merged size without overlap : 14 14 192
Merged: torch.Size([1, 192, 14, 14])
torch.Size([1, 192, 8, 8])
torch.Size([1, 192, 8, 8])
torch.Size([1, 192, 8, 8])
torch.Size([1, 192, 8, 8])
merged size without overlap : 6 6 256
Merged: torch.Size([1, 256, 6, 6])
torch.Size([1, 1000])
Poll Time: 1.2390735539999014
Layer Times: [0.1422458719999895, 0.16857257499998468, 0.9282551069999272]
Store Push Time: 0.6012146650000432
Store Pull Time: 1.230658091000464
Merge Time: 0.0008066410000537871
Split Time: 0.00022435099992890173
Time: 4.30347395199999
