torch.Size([1, 3, 127, 127])
torch.Size([1, 3, 127, 127])
torch.Size([1, 3, 127, 127])
torch.Size([1, 3, 127, 127])
merged size without overlap : 14 14 192
Merged: torch.Size([1, 192, 14, 14])
torch.Size([1, 192, 8, 8])
torch.Size([1, 192, 8, 8])
torch.Size([1, 192, 8, 8])
torch.Size([1, 192, 8, 8])
merged size without overlap : 6 6 256
Merged: torch.Size([1, 256, 6, 6])
torch.Size([1, 1000])
Poll Time: 1.0524232770000026
Layer Times: [0.10669429899996885, 0.09253850000004604, 0.8531904779999877]
Store Push Time: 0.40609966499994243
Store Pull Time: 1.0507538400003114
Merge Time: 0.001052859999958855
Split Time: 0.00021677299992006738
Time: 4.136570765999977
