torch.Size([1, 3, 127, 127])
torch.Size([1, 3, 127, 127])
torch.Size([1, 3, 127, 127])
torch.Size([1, 3, 127, 127])
merged size without overlap : 14 14 192
Merged: torch.Size([1, 192, 14, 14])
torch.Size([1, 192, 8, 8])
torch.Size([1, 192, 8, 8])
torch.Size([1, 192, 8, 8])
torch.Size([1, 192, 8, 8])
merged size without overlap : 6 6 256
Merged: torch.Size([1, 256, 6, 6])
torch.Size([1, 1000])
Poll Time: 1.3126936129998512
Layer Times: [0.06833591299994168, 0.4129268909999837, 0.8314308089999258]
Store Push Time: 0.3501533500001415
Store Pull Time: 1.310937562000504
Merge Time: 0.0023779299999659997
Split Time: 0.0005945130000100107
Time: 3.6124443819999215
