torch.Size([1, 3, 127, 127])
torch.Size([1, 3, 127, 127])
torch.Size([1, 3, 127, 127])
torch.Size([1, 3, 127, 127])
merged size without overlap : 14 14 192
Merged: torch.Size([1, 192, 14, 14])
torch.Size([1, 192, 8, 8])
torch.Size([1, 192, 8, 8])
torch.Size([1, 192, 8, 8])
torch.Size([1, 192, 8, 8])
merged size without overlap : 6 6 256
Merged: torch.Size([1, 256, 6, 6])
torch.Size([1, 1000])
Poll Time: 1.1717557800000122
Layer Times: [0.11520809000001009, 0.14694662399995195, 0.9096010660000502]
Store Push Time: 0.38548511099986627
Store Pull Time: 1.1690504960008639
Merge Time: 0.0007279539998990003
Split Time: 0.0002262920000930535
Time: 3.9844002199999977
