torch.Size([1, 3, 127, 127])
torch.Size([1, 3, 127, 127])
torch.Size([1, 3, 127, 127])
torch.Size([1, 3, 127, 127])
merged size without overlap : 14 14 192
Merged: torch.Size([1, 192, 14, 14])
torch.Size([1, 192, 8, 8])
torch.Size([1, 192, 8, 8])
torch.Size([1, 192, 8, 8])
torch.Size([1, 192, 8, 8])
merged size without overlap : 6 6 256
Merged: torch.Size([1, 256, 6, 6])
torch.Size([1, 1000])
Poll Time: 0.9378761410000607
Layer Times: [0.07633493299999827, 0.09192610000002333, 0.7696151080000391]
Store Push Time: 0.34234644500008926
Store Pull Time: 0.9356050020002158
Merge Time: 0.0007433270000092307
Split Time: 0.00022110899999461253
Time: 3.7497473509999963
