torch.Size([1, 3, 127, 127])
torch.Size([1, 3, 127, 127])
torch.Size([1, 3, 127, 127])
torch.Size([1, 3, 127, 127])
merged size without overlap : 14 14 192
Merged: torch.Size([1, 192, 14, 14])
torch.Size([1, 192, 8, 8])
torch.Size([1, 192, 8, 8])
torch.Size([1, 192, 8, 8])
torch.Size([1, 192, 8, 8])
merged size without overlap : 6 6 256
Merged: torch.Size([1, 256, 6, 6])
torch.Size([1, 1000])
Poll Time: 1.1054354030000013
Layer Times: [0.09335526300003494, 0.1111382340000091, 0.9009419059999573]
Store Push Time: 0.4763511620000145
Store Pull Time: 1.1038780429998951
Merge Time: 0.000780515999963427
Split Time: 0.00021752599991486932
Time: 4.138037796000049
