torch.Size([1, 3, 127, 127])
torch.Size([1, 3, 127, 127])
torch.Size([1, 3, 127, 127])
torch.Size([1, 3, 127, 127])
merged size without overlap : 14 14 192
Merged: torch.Size([1, 192, 14, 14])
torch.Size([1, 192, 8, 8])
torch.Size([1, 192, 8, 8])
torch.Size([1, 192, 8, 8])
torch.Size([1, 192, 8, 8])
merged size without overlap : 6 6 256
Merged: torch.Size([1, 256, 6, 6])
torch.Size([1, 1000])
Poll Time: 1.1693743390001146
Layer Times: [0.12495207200004188, 0.1325598240000545, 0.9118624430000182]
Store Push Time: 0.5356776000000991
Store Pull Time: 1.1672312059989736
Merge Time: 0.0009639439999773458
Split Time: 0.0002107579999801601
Time: 4.375192346999938
