torch.Size([1, 3, 127, 127])
torch.Size([1, 3, 127, 127])
torch.Size([1, 3, 127, 127])
torch.Size([1, 3, 127, 127])
merged size without overlap : 14 14 192
Merged: torch.Size([1, 192, 14, 14])
torch.Size([1, 192, 8, 8])
torch.Size([1, 192, 8, 8])
torch.Size([1, 192, 8, 8])
torch.Size([1, 192, 8, 8])
merged size without overlap : 6 6 256
Merged: torch.Size([1, 256, 6, 6])
torch.Size([1, 1000])
Poll Time: 4.626624269999979
Layer Times: [3.715388434000033, 0.1489399559999356, 0.7622958800000106]
Store Push Time: 0.33248416000014913
Store Pull Time: 4.612386444998492
Merge Time: 0.0014131249999991269
Split Time: 0.00035193600001548475
Time: 6.536317044000043
