torch.Size([1, 3, 127, 127])
torch.Size([1, 3, 127, 127])
torch.Size([1, 3, 127, 127])
torch.Size([1, 3, 127, 127])
merged size without overlap : 14 14 192
Merged: torch.Size([1, 192, 14, 14])
torch.Size([1, 192, 8, 8])
torch.Size([1, 192, 8, 8])
torch.Size([1, 192, 8, 8])
torch.Size([1, 192, 8, 8])
merged size without overlap : 6 6 256
Merged: torch.Size([1, 256, 6, 6])
torch.Size([1, 1000])
Poll Time: 6.470141776999981
Layer Times: [5.454593593000027, 0.10093845899996268, 0.9146097249999912]
Store Push Time: 0.6558520710000266
Store Pull Time: 6.463455439001791
Merge Time: 0.0009998410000662261
Split Time: 0.00020608900013030507
Time: 9.772479128999976
