torch.Size([1, 3, 127, 127])
torch.Size([1, 3, 127, 127])
torch.Size([1, 3, 127, 127])
torch.Size([1, 3, 127, 127])
merged size without overlap : 14 14 192
Merged: torch.Size([1, 192, 14, 14])
torch.Size([1, 192, 8, 8])
torch.Size([1, 192, 8, 8])
torch.Size([1, 192, 8, 8])
torch.Size([1, 192, 8, 8])
merged size without overlap : 6 6 256
Merged: torch.Size([1, 256, 6, 6])
torch.Size([1, 1000])
Poll Time: 0.9638460119999763
Layer Times: [0.07973570900003324, 0.09278880499994102, 0.7913214980000021]
Store Push Time: 0.5574384769997778
Store Pull Time: 0.9621984310000471
Merge Time: 0.0008082320000539767
Split Time: 0.0002066060000061043
Time: 4.110477224999954
