torch.Size([1, 3, 127, 127])
torch.Size([1, 3, 127, 127])
torch.Size([1, 3, 127, 127])
torch.Size([1, 3, 127, 127])
merged size without overlap : 14 14 192
Merged: torch.Size([1, 192, 14, 14])
torch.Size([1, 192, 8, 8])
torch.Size([1, 192, 8, 8])
torch.Size([1, 192, 8, 8])
torch.Size([1, 192, 8, 8])
merged size without overlap : 6 6 256
Merged: torch.Size([1, 256, 6, 6])
torch.Size([1, 1000])
Poll Time: 1.2765526489999957
Layer Times: [0.09578860199997052, 0.09747452900001008, 1.083289518000015]
Store Push Time: 0.41319784999996045
Store Pull Time: 1.2741856059994916
Merge Time: 0.0007975779999469523
Split Time: 0.00021890799996526766
Time: 4.113060488999963
