torch.Size([1, 3, 127, 127])
torch.Size([1, 3, 127, 127])
torch.Size([1, 3, 127, 127])
torch.Size([1, 3, 127, 127])
merged size without overlap : 14 14 192
Merged: torch.Size([1, 192, 14, 14])
torch.Size([1, 192, 8, 8])
torch.Size([1, 192, 8, 8])
torch.Size([1, 192, 8, 8])
torch.Size([1, 192, 8, 8])
merged size without overlap : 6 6 256
Merged: torch.Size([1, 256, 6, 6])
torch.Size([1, 1000])
Poll Time: 1.0328919179999048
Layer Times: [0.04316234699990673, 0.08577613299996756, 0.9039534380000305]
Store Push Time: 0.35579898899982254
Store Pull Time: 1.0303579309999122
Merge Time: 0.0007414180000751003
Split Time: 0.0002297609999004635
Time: 3.9827323279999973
