torch.Size([1, 3, 127, 127])
torch.Size([1, 3, 127, 127])
torch.Size([1, 3, 127, 127])
torch.Size([1, 3, 127, 127])
merged size without overlap : 14 14 192
Merged: torch.Size([1, 192, 14, 14])
torch.Size([1, 192, 8, 8])
torch.Size([1, 192, 8, 8])
torch.Size([1, 192, 8, 8])
torch.Size([1, 192, 8, 8])
merged size without overlap : 6 6 256
Merged: torch.Size([1, 256, 6, 6])
torch.Size([1, 1000])
Poll Time: 1.149819804000117
Layer Times: [0.10893057800001316, 0.10127232100001038, 0.9396169050000935]
Store Push Time: 0.36445551300005263
Store Pull Time: 1.1443561980004233
Merge Time: 0.0007890409999617987
Split Time: 0.00022929200008547923
Time: 3.128121388000068
