torch.Size([1, 3, 127, 127])
torch.Size([1, 3, 127, 127])
torch.Size([1, 3, 127, 127])
torch.Size([1, 3, 127, 127])
merged size without overlap : 14 14 192
Merged: torch.Size([1, 192, 14, 14])
torch.Size([1, 192, 8, 8])
torch.Size([1, 192, 8, 8])
torch.Size([1, 192, 8, 8])
torch.Size([1, 192, 8, 8])
merged size without overlap : 6 6 256
Merged: torch.Size([1, 256, 6, 6])
torch.Size([1, 1000])
Poll Time: 1.0794061149998697
Layer Times: [0.07566119399996296, 0.08634940699994331, 0.9173955139999634]
Store Push Time: 0.4196549590002405
Store Pull Time: 1.076514367999721
Merge Time: 0.0007907579999937298
Split Time: 0.00020916000005399837
Time: 3.803337435000003
