torch.Size([1, 3, 127, 127])
torch.Size([1, 3, 127, 127])
torch.Size([1, 3, 127, 127])
torch.Size([1, 3, 127, 127])
merged size without overlap : 14 14 192
Merged: torch.Size([1, 192, 14, 14])
torch.Size([1, 192, 8, 8])
torch.Size([1, 192, 8, 8])
torch.Size([1, 192, 8, 8])
torch.Size([1, 192, 8, 8])
merged size without overlap : 6 6 256
Merged: torch.Size([1, 256, 6, 6])
torch.Size([1, 1000])
Poll Time: 1.1334576499999685
Layer Times: [0.09616105999998581, 0.10945507899998574, 0.9278415109999969]
Store Push Time: 0.40525996800010944
Store Pull Time: 1.1314119109985086
Merge Time: 0.0015942269999413838
Split Time: 0.00023217700004352082
Time: 4.1522068270001
