torch.Size([1, 3, 127, 127])
torch.Size([1, 3, 127, 127])
torch.Size([1, 3, 127, 127])
torch.Size([1, 3, 127, 127])
merged size without overlap : 14 14 192
Merged: torch.Size([1, 192, 14, 14])
torch.Size([1, 192, 8, 8])
torch.Size([1, 192, 8, 8])
torch.Size([1, 192, 8, 8])
torch.Size([1, 192, 8, 8])
merged size without overlap : 6 6 256
Merged: torch.Size([1, 256, 6, 6])
torch.Size([1, 1000])
Poll Time: 1.1434560169999486
Layer Times: [0.08795919099998173, 0.14578530799997225, 0.9097115179999946]
Store Push Time: 0.4382672869999169
Store Pull Time: 1.1417000060012015
Merge Time: 0.0007917030000044178
Split Time: 0.00023966199989899906
Time: 4.607660864999957
