torch.Size([1, 3, 127, 127])
torch.Size([1, 3, 127, 127])
torch.Size([1, 3, 127, 127])
torch.Size([1, 3, 127, 127])
merged size without overlap : 14 14 192
Merged: torch.Size([1, 192, 14, 14])
torch.Size([1, 192, 8, 8])
torch.Size([1, 192, 8, 8])
torch.Size([1, 192, 8, 8])
torch.Size([1, 192, 8, 8])
merged size without overlap : 6 6 256
Merged: torch.Size([1, 256, 6, 6])
torch.Size([1, 1000])
Poll Time: 1.0846768559998736
Layer Times: [0.15233309099994585, 0.16617801099994267, 0.7661657539999851]
Store Push Time: 0.39564316099995267
Store Pull Time: 1.0832035119997272
Merge Time: 0.0008701269998709904
Split Time: 0.0002262940000719027
Time: 4.356962660000022
