torch.Size([1, 3, 127, 127])
torch.Size([1, 3, 127, 127])
torch.Size([1, 3, 127, 127])
torch.Size([1, 3, 127, 127])
merged size without overlap : 14 14 192
Merged: torch.Size([1, 192, 14, 14])
torch.Size([1, 192, 8, 8])
torch.Size([1, 192, 8, 8])
torch.Size([1, 192, 8, 8])
torch.Size([1, 192, 8, 8])
merged size without overlap : 6 6 256
Merged: torch.Size([1, 256, 6, 6])
torch.Size([1, 1000])
Poll Time: 0.96289302699995
Layer Times: [0.10241844899996977, 0.09384103599995797, 0.7666335420000223]
Store Push Time: 0.40761259299995345
Store Pull Time: 0.959896638999453
Merge Time: 0.0007578639999792358
Split Time: 0.00023557500003335008
Time: 3.871900414000038
