torch.Size([1, 3, 127, 127])
torch.Size([1, 3, 127, 127])
torch.Size([1, 3, 127, 127])
torch.Size([1, 3, 127, 127])
merged size without overlap : 14 14 192
Merged: torch.Size([1, 192, 14, 14])
torch.Size([1, 192, 8, 8])
torch.Size([1, 192, 8, 8])
torch.Size([1, 192, 8, 8])
torch.Size([1, 192, 8, 8])
merged size without overlap : 6 6 256
Merged: torch.Size([1, 256, 6, 6])
torch.Size([1, 1000])
Poll Time: 1.0683720979999407
Layer Times: [0.13064093500008767, 0.17031810899993616, 0.7674130539999169]
Store Push Time: 0.453730334999932
Store Pull Time: 1.0668880650006258
Merge Time: 0.0007736759998806519
Split Time: 0.00021773899993604573
Time: 4.176081807999935
