torch.Size([1, 3, 127, 127])
torch.Size([1, 3, 127, 127])
torch.Size([1, 3, 127, 127])
torch.Size([1, 3, 127, 127])
merged size without overlap : 14 14 192
Merged: torch.Size([1, 192, 14, 14])
torch.Size([1, 192, 8, 8])
torch.Size([1, 192, 8, 8])
torch.Size([1, 192, 8, 8])
torch.Size([1, 192, 8, 8])
merged size without overlap : 6 6 256
Merged: torch.Size([1, 256, 6, 6])
torch.Size([1, 1000])
Poll Time: 0.9765621330001295
Layer Times: [0.1096561090000705, 0.1036385600000358, 0.7632674640000232]
Store Push Time: 0.3354566750001595
Store Pull Time: 0.9745518280008127
Merge Time: 0.0012972059998901386
Split Time: 0.0002958320000061576
Time: 3.7191452129999334
