torch.Size([1, 3, 127, 127])
torch.Size([1, 3, 127, 127])
torch.Size([1, 3, 127, 127])
torch.Size([1, 3, 127, 127])
merged size without overlap : 14 14 192
Merged: torch.Size([1, 192, 14, 14])
torch.Size([1, 192, 8, 8])
torch.Size([1, 192, 8, 8])
torch.Size([1, 192, 8, 8])
torch.Size([1, 192, 8, 8])
merged size without overlap : 6 6 256
Merged: torch.Size([1, 256, 6, 6])
torch.Size([1, 1000])
Poll Time: 1.1061968530000286
Layer Times: [0.11318325100000948, 0.10620821400004843, 0.8868053879999707]
Store Push Time: 0.3348797320003314
Store Pull Time: 1.1038687189997063
Merge Time: 0.0008180340000762953
Split Time: 0.0002599270000018805
Time: 3.882468100999972
