torch.Size([1, 3, 127, 127])
torch.Size([1, 3, 127, 127])
torch.Size([1, 3, 127, 127])
torch.Size([1, 3, 127, 127])
Waiting for key warmup/320bl1
Rerunning warmup/320bl1...
Waiting for key warmup/320bl1
Rerunning warmup/320bl1...
merged size without overlap : 14 14 192
Merged: torch.Size([1, 192, 14, 14])
torch.Size([1, 192, 8, 8])
torch.Size([1, 192, 8, 8])
torch.Size([1, 192, 8, 8])
torch.Size([1, 192, 8, 8])
merged size without overlap : 6 6 256
Merged: torch.Size([1, 256, 6, 6])
Waiting for key warmup/3194
Rerunning warmup/3194...
torch.Size([1, 1000])
Poll Time: 81.67707458300004
Layer Times: [80.81465883100009, 0.07638863699992271, 0.7860271150000244]
Store Push Time: 0.21416306199989776
Store Pull Time: 80.68126226297841
Merge Time: 0.0008282339999823307
Split Time: 0.00023508300000685267
Time: 82.91033691999996
