torch.Size([1, 3, 127, 127])
torch.Size([1, 3, 127, 127])
torch.Size([1, 3, 127, 127])
torch.Size([1, 3, 127, 127])
merged size without overlap : 14 14 192
Merged: torch.Size([1, 192, 14, 14])
torch.Size([1, 192, 8, 8])
torch.Size([1, 192, 8, 8])
torch.Size([1, 192, 8, 8])
torch.Size([1, 192, 8, 8])
merged size without overlap : 6 6 256
Merged: torch.Size([1, 256, 6, 6])
torch.Size([1, 1000])
Poll Time: 0.9674040840000089
Layer Times: [0.07854586999997082, 0.1046255439999868, 0.7842326700000513]
Store Push Time: 0.5073744549998764
Store Pull Time: 0.9657441129998006
Merge Time: 0.0008071580000432732
Split Time: 0.0002241420000927974
Time: 4.240383436000002
