torch.Size([1, 3, 127, 127])
torch.Size([1, 3, 127, 127])
torch.Size([1, 3, 127, 127])
torch.Size([1, 3, 127, 127])
merged size without overlap : 14 14 192
Merged: torch.Size([1, 192, 14, 14])
torch.Size([1, 192, 8, 8])
torch.Size([1, 192, 8, 8])
torch.Size([1, 192, 8, 8])
torch.Size([1, 192, 8, 8])
merged size without overlap : 6 6 256
Merged: torch.Size([1, 256, 6, 6])
torch.Size([1, 1000])
Poll Time: 1.2274660909999966
Layer Times: [0.18959945200003858, 0.08596810699998514, 0.9518985319999729]
Store Push Time: 0.2790159669999639
Store Pull Time: 1.2214361170016446
Merge Time: 0.000778194999952575
Split Time: 0.00022740899999007524
Time: 3.3573750409999548
