torch.Size([1, 3, 127, 127])
torch.Size([1, 3, 127, 127])
torch.Size([1, 3, 127, 127])
torch.Size([1, 3, 127, 127])
merged size without overlap : 14 14 192
Merged: torch.Size([1, 192, 14, 14])
torch.Size([1, 192, 8, 8])
torch.Size([1, 192, 8, 8])
torch.Size([1, 192, 8, 8])
torch.Size([1, 192, 8, 8])
merged size without overlap : 6 6 256
Merged: torch.Size([1, 256, 6, 6])
torch.Size([1, 1000])
Poll Time: 1.1710109519999605
Layer Times: [0.08904741599997124, 0.10013581999999133, 0.981827715999998]
Store Push Time: 0.4662186569998994
Store Pull Time: 1.1691508399995882
Merge Time: 0.0010655520000000251
Split Time: 0.00022051199994166382
Time: 4.404888944999925
