torch.Size([1, 3, 127, 127])
torch.Size([1, 3, 127, 127])
torch.Size([1, 3, 127, 127])
torch.Size([1, 3, 127, 127])
merged size without overlap : 14 14 192
Merged: torch.Size([1, 192, 14, 14])
torch.Size([1, 192, 8, 8])
torch.Size([1, 192, 8, 8])
torch.Size([1, 192, 8, 8])
torch.Size([1, 192, 8, 8])
merged size without overlap : 6 6 256
Merged: torch.Size([1, 256, 6, 6])
torch.Size([1, 1000])
Poll Time: 1.156855270000051
Layer Times: [0.09177831099998457, 0.11356009100006759, 0.9515168679999988]
Store Push Time: 0.3932850950000102
Store Pull Time: 1.1547883309995086
Merge Time: 0.0007517409999309166
Split Time: 0.00021527199999127333
Time: 4.176055012000006
