torch.Size([1, 3, 127, 127])
torch.Size([1, 3, 127, 127])
torch.Size([1, 3, 127, 127])
torch.Size([1, 3, 127, 127])
merged size without overlap : 14 14 192
Merged: torch.Size([1, 192, 14, 14])
torch.Size([1, 192, 8, 8])
torch.Size([1, 192, 8, 8])
torch.Size([1, 192, 8, 8])
torch.Size([1, 192, 8, 8])
merged size without overlap : 6 6 256
Merged: torch.Size([1, 256, 6, 6])
torch.Size([1, 1000])
Poll Time: 1.124815579999904
Layer Times: [0.07527013399999305, 0.25665464700000484, 0.7928907989999061]
Store Push Time: 0.38375170099971
Store Pull Time: 1.123142448000408
Merge Time: 0.000793181999938497
Split Time: 0.00022252099995512253
Time: 3.8706466990000763
