torch.Size([1, 3, 127, 127])
torch.Size([1, 3, 127, 127])
torch.Size([1, 3, 127, 127])
torch.Size([1, 3, 127, 127])
merged size without overlap : 14 14 192
Merged: torch.Size([1, 192, 14, 14])
torch.Size([1, 192, 8, 8])
torch.Size([1, 192, 8, 8])
torch.Size([1, 192, 8, 8])
torch.Size([1, 192, 8, 8])
merged size without overlap : 6 6 256
Merged: torch.Size([1, 256, 6, 6])
torch.Size([1, 1000])
Poll Time: 1.0460445149999487
Layer Times: [0.11239773900001637, 0.10127085699991767, 0.8323759190000146]
Store Push Time: 0.44718515499982914
Store Pull Time: 1.0441077710011086
Merge Time: 0.0007852959998899678
Split Time: 0.00026089399989359663
Time: 4.389633905999972
