torch.Size([1, 3, 127, 127])
torch.Size([1, 3, 127, 127])
torch.Size([1, 3, 127, 127])
torch.Size([1, 3, 127, 127])
merged size without overlap : 14 14 192
Merged: torch.Size([1, 192, 14, 14])
torch.Size([1, 192, 8, 8])
torch.Size([1, 192, 8, 8])
torch.Size([1, 192, 8, 8])
torch.Size([1, 192, 8, 8])
merged size without overlap : 6 6 256
Merged: torch.Size([1, 256, 6, 6])
torch.Size([1, 1000])
Poll Time: 1.0594541470001104
Layer Times: [0.1288698270000168, 0.13549241500004428, 0.7950919050000493]
Store Push Time: 0.3576645910000025
Store Pull Time: 1.0540105220010219
Merge Time: 0.0008295090000274286
Split Time: 0.00023181199992450274
Time: 3.177889209
