torch.Size([1, 3, 127, 127])
torch.Size([1, 3, 127, 127])
torch.Size([1, 3, 127, 127])
torch.Size([1, 3, 127, 127])
merged size without overlap : 14 14 192
Merged: torch.Size([1, 192, 14, 14])
torch.Size([1, 192, 8, 8])
torch.Size([1, 192, 8, 8])
torch.Size([1, 192, 8, 8])
torch.Size([1, 192, 8, 8])
merged size without overlap : 6 6 256
Merged: torch.Size([1, 256, 6, 6])
torch.Size([1, 1000])
Poll Time: 0.9771294639999724
Layer Times: [0.10466259999998329, 0.11784084700002495, 0.7546260169999641]
Store Push Time: 0.4785150400001612
Store Pull Time: 0.9755135629993674
Merge Time: 0.001171353000131603
Split Time: 0.00022923799997442984
Time: 4.371704979000015
