torch.Size([1, 3, 127, 127])
torch.Size([1, 3, 127, 127])
torch.Size([1, 3, 127, 127])
torch.Size([1, 3, 127, 127])
merged size without overlap : 14 14 192
Merged: torch.Size([1, 192, 14, 14])
torch.Size([1, 192, 8, 8])
torch.Size([1, 192, 8, 8])
torch.Size([1, 192, 8, 8])
torch.Size([1, 192, 8, 8])
merged size without overlap : 6 6 256
Merged: torch.Size([1, 256, 6, 6])
torch.Size([1, 1000])
Poll Time: 1.002712509999924
Layer Times: [0.0959115360000169, 0.14624403799996344, 0.7605569359999436]
Store Push Time: 0.14252324199981103
Store Pull Time: 0.9943228720009074
Merge Time: 0.000803344000019024
Split Time: 0.00021236500003851688
Time: 2.5844908950000445
