torch.Size([1, 3, 127, 127])
torch.Size([1, 3, 127, 127])
torch.Size([1, 3, 127, 127])
torch.Size([1, 3, 127, 127])
merged size without overlap : 14 14 192
Merged: torch.Size([1, 192, 14, 14])
torch.Size([1, 192, 8, 8])
torch.Size([1, 192, 8, 8])
torch.Size([1, 192, 8, 8])
torch.Size([1, 192, 8, 8])
merged size without overlap : 6 6 256
Merged: torch.Size([1, 256, 6, 6])
torch.Size([1, 1000])
Poll Time: 1.2790175889999773
Layer Times: [0.27067957899998873, 0.1018655249999938, 0.9064724849999948]
Store Push Time: 0.502103578999936
Store Pull Time: 1.2768798500013645
Merge Time: 0.0012089870000409064
Split Time: 0.0002416710000261446
Time: 4.398060482000005
