1.6509011170001031
1.3588300569999774
1.369856364000043
2.447056590000102
1.3074090730001444
2.483722426999975
1.3130011679995732
2.3378552919998583
1.4090436339997723
1.3526429459998326
1.514063919000364
1.2674338599999828
1.3365001539996229
1.2993332330001977
1.1984382650002772
1.433477868999944
1.2462731570003598
1.269666984000196
1.216809075999663
2.396174867999889
1.2584120830001666
1.260555402999671
1.2184115610002664
1.505338423000012
1.3113075569999637
1.5173507280001104
1.2227183969998805
1.2354852290000053
1.223776842999996
1.2393167100003666
1.4818635769997854
1.44579321800029
1.4232361610002044
1.3767103700001826
1.2431959270002153
1.2277385370002776
1.232626264999908
1.4026345820002462
1.2180300539998825
1.3098661320000247
1.2298355870002524
1.2546820150000713
1.2225400850002188
1.2370708559997183
1.2152044810000007
1.2689286650002032
1.2499052349999147
1.4479036689999703
1.278681712999969
1.2234822850000455
1.2397443109998676
1.7119420829999399
2.191324841000096
1.217289035000249
1.253672352999729
1.26813604400013
1.2222491479997188
2.0465216559996406
1.2361026600001424
1.263804646999688
1.2533853749996524
1.6074244490000638
1.212106606999896
1.1947921440000755
1.361599133999789
1.2486227499998677
1.2213523909999822
1.2680541249997077
1.2235916119998365
1.2081226660002358
1.3372304419999637
1.2222394529999292
1.2079543180002474
1.3303460840002117
1.2534996199997295
2.784987567999906
1.4445367529997384
1.2658343690000038
1.2392695180001283
1.2688527750001413
1.2298966530001962
1.3902518530003363
1.1902182320000065
2.40491835299963
1.269734483999855
1.2357128059998104
1.2312514179998288
1.2437705130000722
1.212011647000054
1.2610260609999386
1.1916569039999558
1.2556851949998418
1.3805805069996495
1.3244006250001803
1.22808511500034
2.3950160910003433
1.3311665689998335
1.3118869049999375
1.1987198970000463
1.2509539640000185
1.339333692999844
1.3911541600000419
1.183601580999948
1.238490675000321
1.2312145930000042
1.3987013450000632
1.2778350100002172
1.2657825950000188
1.2596485760000178
2.9253965079997215
1.209952157999851
1.4553918649999105
1.193743569000162
1.850205176000145
1.3003181880003467
1.2246098139999049
1.4013559080003688
1.2080265849999705
1.6999355009997998
1.2481711180003003
1.211466011000084
1.2580089409998436
1.219178716999977
1.3467114810000567
1.182193492999886
1.2238086600000315
1.2526848869997593
1.192458362999787
1.2786466529996687
1.2217036739998548
1.2115747470002134
2.1484721000001628
1.2550259090003237
1.2167440009998245
1.3625635819998934
1.2620406930000172
1.2813941219997105
1.2837682270001096
1.229199521999817
1.2732931780001309
1.3689941550001095
1.2267614910001612
2.2677219869997316
1.3817461029998412
1.2068993049997516
1.3499458710002727
1.9674254120000114
1.333462715999758
1.412953957999889
1.3472733329999755
1.3455694160002167
1.2350958590000118
1.1961219979998532
3.0623072839998713
1.5010290519999216
1.4176465569998982
2.5040191389998654
1.331371868000133
1.3601757580004232
1.246980277000148
1.387920701999974
1.3513743130001785
1.3713506630001575
1.525306272999842
1.4847516380000343
1.4475948009999229
1.4114895530001377
1.2643858980000005
1.2303108930000235
1.4921133289999489
1.2738519750000705
1.497955680999894
1.3221091890000025
1.3073164029997315
1.4621196210000562
1.3831783680002445
1.248254015999919
1.5534567360000437
2.7631210650001776
1.370540801000061
1.292896735999875
2.432561152999824
1.307107735000045
1.6321161000000757
1.3961373029997048
1.326847170000292
1.3984594730000026
1.419188915000177
1.410952447999989
1.5226556229999915
1.4085349920001136
1.6587423760001911
1.4050558049998472
1.2100370960001783
1.2048511890002374
1.4239016669998819
1.2862327009997898
1.586113585000021
1.2864298129998133
1.3752861949997168
1.2491345430003093
1.3928529009999693
1.183317949999946
1.501203562000228
1.2975626229999762
1.2327725599998303
1.2390962329996
1.413436536000063
1.324322788000245
1.3196543129997735
1.4318609410001955
1.2548320270002478
1.6423680580001019
1.4867217309997613
1.4871592829999827
1.3781509880000158
1.8305058569999346
1.2862684189999527
1.5524517989997548
1.3932459239999844
1.2690081929999906
1.6634178019999126
1.3419901949996529
2.2739198469998883
1.5142269569996643
1.3597794409997732
1.361728991000291
1.4469624019998264
1.9703248269997857
1.3389167049999742
1.4020181309997497
1.4065094689999569
1.3381383229998391
1.5605117769996468
1.4459196959996916
1.2687290160001794
1.8596010880000904
1.3898059449998073
1.3547933870004272
1.2460641409998061
1.3837197120001292
1.2635479559999112
2.3720693750001374
1.3924498239998684
1.2544210050000402
1.2809944939999696
1.6048726829999396
1.3332378499999322
3.548401282999748
1.4031974300000911
1.6444539929998427
3.022861120000016
1.239604080999925
1.5460398620002707
1.3489168639998752
1.551737041999786
1.453475857000285
1.3392044070001248
1.699531074999868
1.5251847720001024
1.6071972479999204
1.4039843020000262
1.361144312000306
1.5259568609999405
1.4416837680000754
1.4841713939999863
1.4078201860002082
4.136116742000013
1.292636827000024
1.3619884170002479
1.2697185029996945
1.610433933999957
1.4115827450000324
13.85562865799966
1.9275941250002688
1.528299111999786
1.4009009359997435
1.3137061620000168
1.5655713359997208
1.5679910270000619
1.819579585000156
1.4115382990003127
1.7600861079999959
1.324257118999867
1.5965049609999369
1.573905884999931
1.4132896510000137
1.3103518719999556
1.60037186999989
1.473044763999951
1.3970915740001146
1.9892568340001162
1.4940922569999202
14.85149710099995
1.3973285780002698
1.405618712999967
1.3315949279999586
1.5435139739997794
2.2514374709999174
2.4811671689999457
1.481823496999823
1.3741039380001894
3.3248633370003517
1.5880074950000562
1.4802916510002433
1.3952231630000824
1.396553527999913
1.316571422999914
1.542959637000422
1.3894421919999331
1.4243458730002203
1.6985502330003328
1.4867485129998386
1.6822877879999396
1.495547070000157
1.4213851580002483
1.4567678149996937
1.4235347560002083
1.469044588000088
1.5053279660000953
1.442226120000214
1.438246127000184
1.3023304779999307
1.2677283259999967
1.2480731749997176
1.3879184560000795
1.558992976999889
1.546145635999892
1.4387407139997777
1.4458555370001704
1.2928101809998225
1.4844524909999564
1.921627780000108
1.3646596869998575
1.5107620140001927
1.2969299719998162
1.5296466649997456
1.423144960999707
1.2880012260002331
1.3985444770000868
2.4132552099999884
1.5748547479997796
1.46648286799973
1.440813817000162
1.425677168999755
1.4074510569998893
1.427496594999866
1.431694528999742
1.4821329189999233
1.4416228599998249
1.2560353540002325
1.481523124999967
2.385740528000042
1.407955437000055
1.6873176109997985
1.3835924859999977
1.328060707000077
1.535559669000122
1.5084297960002004
1.5684103860003233
1.4194772939999893
1.4255680019996362
1.3376338499997473
1.539545223999994
65.80528758799983
2.038519841999914
1.3149955420003607
1.4237021479998475
1.4382960990001266
2.317221222000171
1.5599010450000605
1.5155747879998671
1.6270000100003017
1.5618091259998437
1.5053385289998005
1.7863659310000912
2.944229557000199
1.4301195170000938
1.7067726489999586
1.5876813240001866
1.5156464669998968
77.1634319560003
1.6356300170000395
1.6303447809996214
1.3831376180000916
1.5589536270003919
1.438202075999925
1.3867660689998047
1.4507632609997927
1.4262895599999865
2.64952402300014
1.37477287899992
1.4062693930000023
1.3851806509997004
1.3712619580001046
1.5497849459998179
1.3749868360000619
1.4689796560001014
1.407242616000076
1.3321893079996698
1.8967404619997978
1.2782349330000216
1.5808752309999363
1.5056721150003796
1.4695196400002715
1.5951731729996936
1.5378127020003376
1.6210248870002033
1.488128381000024
1.3518373029996837
1.415486516999863
1.6564949190001244
1.3981598450000092
1.5139426679997996
1.477012607999768
1.3623578809997525
1.3822527990000708
1.533116439999958
1.4421936869998717
1.5307447380000667
1.4792997550002838
3.098444160999861
1.5523504279999543
1.3837412580001
1.2557557810000617
1.392513923000024
1.6371066700003212
1.3646220219998213
70.14298850100022
78.44686512500039
1.3304749179997089
1.5221623699999327
1.4152740489998905
1.4785489579999194
2.1121483850001823
67.18284533099995
1.3993895509997856
1.2964395110002442
1.6280737890001546
1.3882327370001804
2.810580556000332
1.4036050390000128
1.651625043000422
2.400512750999951
1.2900172240001666
1.6624165339999308
1.2833105899999282
1.3830101130001822
1.4623396840001988
1.3473984199999904
1.4642346890000226
1.4030749500002457
2.705564706000132
1.3530509380002513
2.3947046950002004
1.4402962049998678
1.6036839190001047
78.94756440800029
2.20972833299993
1.593173034999836
1.4680606740002986
1.4052800750000642
1.3607569839996358
1.3988025230000858
1.7522873560001244
1.5512348480001492
1.3681871390003835
1.307396807999794
1.5033863200001178
1.4961662109999452
1.3503634850003436
1.2853208749997975
2.328302596999947
1.6362383420000697
1.5532311689999005
1.520121941999605
1.3763098089998493
1.4019494169997415
1.4220264939999652
1.6439232319999064
1.639041396000266
1.4887486359998547
73.47131317700041
1.3455926040001032
1.3141821949998302
1.512787096000011
1.6170511840000472
1.5392597629997908
1.476443577000282
1.3687549159999435
1.3640773600000102
1.8362476130000687
1.385494244000256
1.2833704320000834
1.5931386580000435
1.3869722190001994
3.0154455649999363
1.409462555999653
1.4983200589999797
1.8054257630001302
1.4155349729999216
1.3660785350002698
1.4340387030001693
3.0717566520002038
1.4261971850000918
1.8343960189999962
2.9909624010001608
1.6361466590001328
2.530231518999699
1.829041968999718
1.397936646999824
1.4561084659999324
3.051928694000253
1.9243111239998143
2.862999166999998
1.7828737990002992
3.031183548000172
1.4972849559999304
1.832822271999703
1.5619403889995738
1.356180893000328
1.4663932110001952
1.4537622809998538
1.46007213699977
1.437742402999902
2.2935454979997303
1.678431787000136
77.54462709900008
1.8285389939997003
1.7382295109996448
1.604184819999773
1.480776085999878
1.8279969670002174
1.6374724229999629
1.4480771110002024
3.1668868110000403
9.122716813999887
1.5483076620002976
1.7644984439998552
3.7092201780001233
1.541594497999995
1.6249118020000424
1.884148942000138
1.5461214799997833
8.815259718000107
1.8182449959999758
1.5783936799998628
1.5872257510000054
1.7651966359999278
1.7440230740003244
1.361274850999962
1.8158770820000427
1.6007677249999688
1.4603283929995996
1.3555756670002665
1.4386290729999018
1.3875679630000377
2.450383503000012
1.7287168709999605
5.652374089999739
1.5532782080003926
1.4476077260001148
1.4560103109997726
1.6536970459997065
2.3982751720000124
1.367297502999918
1.7967369839998355
1.4698951430000307
1.6845530139999028
1.615160824999748
1.4886981059999016
1.5521914529999776
1.7460194919999594
2.421226544000092
1.5183639019996917
1.3664796500002012
68.37882383000033
1.6479082840000956
1.5425094180000087
1.5824537349999446
1.4612793159999455
1.67726187199969
1.441510019999896
3.5427584690000913
1.4693420949997744
1.500195058999907
1.7117207839996809
1.4009533119997286
3.1230385339999884
1.4802068300000428
1.4170600350003042
1.5979340950002552
1.5905027829999199
1.563340487000005
1.506290282000009
1.6459948920000897
3.0754583200000525
1.5408788680001635
3.051039459999629
1.6013042739996308
1.4159003269996902
1.410548327000015
1.3498999359999289
3.4152926350002417
1.9344326880000153
1.7593259279997255
1.5013771910003015
1.6167604779998328
1.3948052010000538
1.610760965999816
1.90547880000031
1.4420200109998405
1.5743915419998302
4.50914511100018
1.4032047139999122
80.60427327299976
1.4016471630002343
1.5381014240001605
1.6821489089998067
1.6076952069997787
1.4049455879999186
2.9768498560001717
1.7132726780000667
1.6101185960001203
1.331434747000003
1.3726239519996852
1.6241275770003085
1.4326061629999458
1.768024804000106
1.55515556499995
1.4730410029997074
2.92408898199983
1.399279364999984
4.985926216999815
1.3622116209999149
1.6398997100000088
1.5268506499996874
2.2488451690001057
1.4389172950000102
1.3695350979996874
1.8503993379999883
1.3301080339997498
1.408984118999797
1.2761016489998838
1.5596921940000357
1.5543569609999395
1.8544061940001484
1.4441108249998251
1.3936836249999942
1.4229948389997844
3.1593250359997
1.9046849569999722
1.4139509080000607
1.7071775519998482
1.7278329760001725
2.5824430949996895
1.3771906659999331
1.9661414869997316
1.8176678579998224
1.6989644789996419
2.606025027999749
1.5486440459999358
1.715730966999672
1.4986519460003365
1.5478675839999596
1.4715233629999602
1.8382529770001383
1.549813949000054
1.4760717509998358
76.28822523899998
1.4030942290000894
1.3904451210000843
1.9231323619997056
1.4260889979996136
1.4338089789998776
1.8907628649999424
1.831228493999788
1.462855455999943
1.701765110999986
1.5126742489997014
1.4502339229998142
4.545731068999885
1.437930784999935
1.4865866129998722
1.4663561080001273
1.4530149510001138
2.3028252570002223
1.4329837690002023
1.7283058459997847
1.5871128060002775
1.5134523780002382
1.3710463960001107
1.5506183259999489
2.610030700999687
1.632433471999775
1.4783330760001263
1.5289195800000925
1.596990986000037
1.692138659000193
1.5979674339996564
1.4630512059998182
1.6803918099999464
1.3628806410001744
1.643538321000051
1.5850583660003394
1.472827170999608
1.9869234590000815
1.381173127999773
1.7532130620002135
1.5166207990000657
1.7048966199999995
1.8760756459996628
1.6363372760001766
1.4332546929999808
1.6777637559998766
1.5801402619999863
1.5945185870000387
71.26216153899986
1.4415399529998467
1.6769471769998745
72.84800797099979
1.5859359940000104
1.8982728860000861
1.5333655909998924
1.4502831620002326
84.54621299900009
1.6494950460000837
1.4061918130000777
2.9531961940001565
1.6449553450001986
1.5608711439999752
1.4308463560000746
1.6136428840000008
1.5267562560002261
1.5731219640001655
1.3738140679997741
1.435862566999731
1.7843535160000101
1.4216961570000421
1.4915076869997392
1.3670008150002104
1.5440101419999337
1.4350299679999807
2.266521969999758
1.6229261260000385
1.5646593010001197
1.3574654469998677
1.3223968180000156
1.6235555600001135
1.3945713909997721
1.4904996640002537
1.4678910200000246
1.4140137129998038
3.0364984939997157
1.6607456430001548
1.7158920540000508
1.425074241999937
1.736648126000091
1.4586811609997312
1.7869165050001357
1.451049803999922
83.05742938999992
3.1669774540000617
5.775523704999614
1.6885862990002352
2.1741811179999786
1.664526164000108
1.57599176299982
1.4876958360000572
1.8175694860001386
1.5075639970000339
1.8848957390000578
1.501066028000423
1.294701914000143
1.3845107189999908
1.6257671859998482
2.1350868600002286
1.4113631199998053
1.6382288039999366
3.1719161760001953
1.6742638289997558
1.4536855499995909
1.7058908639996844
1.4105719990002399
1.433889206999993
1.763077229999908
1.4775318169999991
1.6138855300000614
1.6087252389997957
1.4363605170001392
1.6349604800002453
1.3055798979999054
1.3880575080002018
1.784361581000212
1.4713301759998103
1.5226710530000673
1.4507327940000323
2.658854621000046
1.6571356730000844
1.4024012620002395
1.6710752559997673
2.4391420410001956
1.5730850339996323
75.2387752919999
1.7576306920000206
1.7793081340000754
1.5385508780000237
2.2998213710002346
1.3926645139999891
1.3451416319999225
1.4904504339997402
1.5987396440000339
1.4133631859999696
1.4334429609998551
3.2280796439999904
1.6973959420001847
3.1900504360000923
1.508244563000062
1.6307118050003737
1.6666122309998173
1.4515646220002054
70.4409714870003
2.025331635999919
1.6497088490000351
78.41703294099989
1.7113319350000893
1.675845949000177
1.719786154999838
1.4968751369997335
1.7582801909998125
1.5688872609998725
1.6301552340000853
1.577637907999815
1.6116754180002317
1.5593533739997838
2.65006762899975
1.6254572469997584
1.857728163000047
78.89322537299995
1.4905662649998703
1.70252047699978
1.621302734999972
1.3526538360001723
1.7787442369999553
1.4440927020000345
1.6741566160003458
2.55265439599998
1.4481585409998843
1.7971208130002196
1.6832241810002415
1.44024499499983
1.6860063220001393
1.5761342790001436
1.4427195230000507
1.6860336839999945
1.53560423800036
1.5758120749997033
1.5072200499998871
1.584844324000187
1.6413310070001899
1.5464526770001612
2.9649648670001625
3.147857521000333
1.8300844980003603
1.5013940680000815
1.7604654649999247
3.0220262080001703
1.7252505770002244
1.8214130890000888
1.8563340539999444
1.68539984500012
1.6450353509999331
1.5706493470001988
86.36859302300036
1.6439500639999096
1.6102201459998469
1.5428344530000686
1.6263826739996148
1.5605045039997094
2.047506333000001
1.4203386789999968
2.990024696999626
1.4780921629999284
1.4365901289997964
76.41452596999989
1.4247921340001994
1.5048268390000885
1.5888407439997536
1.4148075860002791
1.4773627149997992
3.085270262999984
1.4058009300001686
1.3601477560000603
1.824899066999933
1.4543739060000007
1.3808367090000502
1.3967668760001288
1.5446171499997945
1.6261256800003139
1.3741207160001068
1.2483535669998673
1.7102606270000251
1.4162482749998162
1.314147280999805
1.5353366020003705
1.4157539960001486
1.8187107960002322
1.544866101000025
1.6185983169998508
1.4243208279999635
1.348015750000286
1.4307720300002984
1.811962474000211
1.3968123839999862
1.4661475510001765
1.3477033430003758
1.4978946659998655
1.6210293270000875
1.3877925880001385
1.5463688820000243
1.3270486799997343
1.3702927230001478
1.4218511449998914
1.3060934149998502
1.5552365309999914
2.491845233999811
1.5616945059996397
1.4412997210001777
1.364408506000018
2.3969961860002513
1.377390801999809
1.663934853000228
1.4584794389998024
1.4187209179999627
1.3571032919999197
1.3862377370001013
1.3203320110001187
3.0357193909999296
1.5269928159996198
1.4875109099998554
1.3770649050002248
68.90522576700005
1.3882154610000725
1.4797025739999299
1.3865513310001916
74.56636527900037
1.687564535999627
1.6414642909999202
1.454506394999953
1.4741163449998567
1.478461213999708
1.318067487999997
78.5632254090001
1.3860381899999084
1.3849311750000197
1.642736641999818
1.4194270819998565
1.3739661250001518
1.6455731410001135
1.4584744669996326
5.555131748999884
1.5767974350001168
1.5968599410002753
1.5721886350002023
1.443569579999803
1.2780513439997776
1.6029826069998308
1.4587780010001552
1.5148120859998926
1.3180105290002757
1.6606635910002296
1.283750727000097
1.4512935490001837
1.7725535560002754
1.3508430850001787
1.3346213620002345
1.7942972910000208
1.5536847160001344
1.544195162000051
1.3028901490001772
1.6296807290000288
1.422401698000158
1.4229032700000062
1.7879753639999763
1.5017208039998877
1.371140220000143
2.0830549950001114
1.391567679000218
2.3735897709998426
76.71107647300005
59.63947943699986
75.45146888099998
82.15677871100024
65.58270695800002
69.67840433799984
73.79072873299992
69.42775753599972
78.32786404299986
85.56579800300005
215.9835496999999
