torch.Size([1, 3, 127, 127])
torch.Size([1, 3, 127, 127])
torch.Size([1, 3, 127, 127])
torch.Size([1, 3, 127, 127])
merged size without overlap : 14 14 192
Merged: torch.Size([1, 192, 14, 14])
torch.Size([1, 192, 8, 8])
torch.Size([1, 192, 8, 8])
torch.Size([1, 192, 8, 8])
torch.Size([1, 192, 8, 8])
merged size without overlap : 6 6 256
Merged: torch.Size([1, 256, 6, 6])
torch.Size([1, 1000])
Poll Time: 0.9678959390003001
Layer Times: [0.08257996800011824, 0.09509222399992723, 0.7902237470002547]
Store Push Time: 1.382081145002303
Store Pull Time: 0
Merge Time: 0.0009410430002390058
Split Time: 0.0002387680001447734
Time: 4.599539664000076
