torch.Size([1, 3, 127, 127])
torch.Size([1, 3, 127, 127])
torch.Size([1, 3, 127, 127])
torch.Size([1, 3, 127, 127])
merged size without overlap : 14 14 192
Merged: torch.Size([1, 192, 14, 14])
torch.Size([1, 192, 8, 8])
torch.Size([1, 192, 8, 8])
torch.Size([1, 192, 8, 8])
torch.Size([1, 192, 8, 8])
merged size without overlap : 6 6 256
Merged: torch.Size([1, 256, 6, 6])
torch.Size([1, 1000])
Poll Time: 0.974138622999817
Layer Times: [0.07073669900000823, 0.13799206799967578, 0.765409856000133]
Store Push Time: 1.2612643229977039
Store Pull Time: 0
Merge Time: 0.0007760850003251107
Split Time: 0.00022030400032235775
Time: 3.754306456999984
