torch.Size([1, 3, 127, 127])
torch.Size([1, 3, 127, 127])
torch.Size([1, 3, 127, 127])
torch.Size([1, 3, 127, 127])
merged size without overlap : 14 14 192
Merged: torch.Size([1, 192, 14, 14])
torch.Size([1, 192, 8, 8])
torch.Size([1, 192, 8, 8])
torch.Size([1, 192, 8, 8])
torch.Size([1, 192, 8, 8])
merged size without overlap : 6 6 256
Merged: torch.Size([1, 256, 6, 6])
torch.Size([1, 1000])
Poll Time: 1.1353105900002447
Layer Times: [0.1635154750001675, 0.20352748699997392, 0.7682676280001033]
Store Push Time: 1.5962342670004546
Store Pull Time: 0
Merge Time: 0.00836228999969535
Split Time: 0.00021919699975114781
Time: 4.3401510129997405
