torch.Size([1, 3, 127, 127])
torch.Size([1, 3, 127, 127])
torch.Size([1, 3, 127, 127])
torch.Size([1, 3, 127, 127])
merged size without overlap : 14 14 192
Merged: torch.Size([1, 192, 14, 14])
torch.Size([1, 192, 8, 8])
torch.Size([1, 192, 8, 8])
torch.Size([1, 192, 8, 8])
torch.Size([1, 192, 8, 8])
merged size without overlap : 6 6 256
Merged: torch.Size([1, 256, 6, 6])
torch.Size([1, 1000])
Poll Time: 0.9333249099995555
Layer Times: [0.07545631799985131, 0.09256914599973243, 0.7652994459999718]
Store Push Time: 1.2866972499987241
Store Pull Time: 0
Merge Time: 0.0007661309996365162
Split Time: 0.00021677100039596553
Time: 3.738248784999996
