torch.Size([1, 3, 127, 127])
torch.Size([1, 3, 127, 127])
torch.Size([1, 3, 127, 127])
torch.Size([1, 3, 127, 127])
merged size without overlap : 14 14 192
Merged: torch.Size([1, 192, 14, 14])
torch.Size([1, 192, 8, 8])
torch.Size([1, 192, 8, 8])
torch.Size([1, 192, 8, 8])
torch.Size([1, 192, 8, 8])
merged size without overlap : 6 6 256
Merged: torch.Size([1, 256, 6, 6])
torch.Size([1, 1000])
Poll Time: 1.102712282000084
Layer Times: [0.08358505600017452, 0.09708692899994276, 0.9220402969999668]
Store Push Time: 1.3609742220014596
Store Pull Time: 0
Merge Time: 0.0007866799996918417
Split Time: 0.0002501480003047618
Time: 3.4989550760001293
