torch.Size([1, 3, 127, 127])
torch.Size([1, 3, 127, 127])
torch.Size([1, 3, 127, 127])
torch.Size([1, 3, 127, 127])
merged size without overlap : 14 14 192
Merged: torch.Size([1, 192, 14, 14])
torch.Size([1, 192, 8, 8])
torch.Size([1, 192, 8, 8])
torch.Size([1, 192, 8, 8])
torch.Size([1, 192, 8, 8])
merged size without overlap : 6 6 256
Merged: torch.Size([1, 256, 6, 6])
torch.Size([1, 1000])
Poll Time: 1.1412192700004198
Layer Times: [0.09949077900000702, 0.1184701350002797, 0.9232583560001331]
Store Push Time: 1.5261102540084721
Store Pull Time: 0
Merge Time: 0.0007732310000392317
Split Time: 0.012194166999961453
Time: 4.0612007250001625
