torch.Size([1, 3, 127, 127])
torch.Size([1, 3, 127, 127])
torch.Size([1, 3, 127, 127])
torch.Size([1, 3, 127, 127])
merged size without overlap : 14 14 192
Merged: torch.Size([1, 192, 14, 14])
torch.Size([1, 192, 8, 8])
torch.Size([1, 192, 8, 8])
torch.Size([1, 192, 8, 8])
torch.Size([1, 192, 8, 8])
merged size without overlap : 6 6 256
Merged: torch.Size([1, 256, 6, 6])
torch.Size([1, 1000])
Poll Time: 1.1880827710006088
Layer Times: [0.10584273800031951, 0.12299065500019424, 0.959249378000095]
Store Push Time: 1.5904305789999853
Store Pull Time: 0
Merge Time: 0.0007862290003686212
Split Time: 0.0002172229997086106
Time: 4.252845371000149
