torch.Size([1, 3, 127, 127])
torch.Size([1, 3, 127, 127])
torch.Size([1, 3, 127, 127])
torch.Size([1, 3, 127, 127])
merged size without overlap : 14 14 192
Merged: torch.Size([1, 192, 14, 14])
torch.Size([1, 192, 8, 8])
torch.Size([1, 192, 8, 8])
torch.Size([1, 192, 8, 8])
torch.Size([1, 192, 8, 8])
merged size without overlap : 6 6 256
Merged: torch.Size([1, 256, 6, 6])
torch.Size([1, 1000])
Poll Time: 1.000894684999821
Layer Times: [0.1404585200002657, 0.10388537999961045, 0.7565507849999449]
Store Push Time: 1.4592824850001307
Store Pull Time: 0
Merge Time: 0.0010580109997135878
Split Time: 0.00021710700002586236
Time: 4.310981686000105
