torch.Size([1, 3, 127, 127])
torch.Size([1, 3, 127, 127])
torch.Size([1, 3, 127, 127])
torch.Size([1, 3, 127, 127])
merged size without overlap : 14 14 192
Merged: torch.Size([1, 192, 14, 14])
torch.Size([1, 192, 8, 8])
torch.Size([1, 192, 8, 8])
torch.Size([1, 192, 8, 8])
torch.Size([1, 192, 8, 8])
merged size without overlap : 6 6 256
Merged: torch.Size([1, 256, 6, 6])
torch.Size([1, 1000])
Poll Time: 0.9066782979998607
Layer Times: [0.061271537999800785, 0.087771592000081, 0.7576351679999789]
Store Push Time: 1.1082815920008215
Store Pull Time: 0
Merge Time: 0.0008213400001295668
Split Time: 0.00023577499996463303
Time: 2.7745646489997853
