torch.Size([1, 3, 127, 127])
torch.Size([1, 3, 127, 127])
torch.Size([1, 3, 127, 127])
torch.Size([1, 3, 127, 127])
merged size without overlap : 14 14 192
Merged: torch.Size([1, 192, 14, 14])
torch.Size([1, 192, 8, 8])
torch.Size([1, 192, 8, 8])
torch.Size([1, 192, 8, 8])
torch.Size([1, 192, 8, 8])
merged size without overlap : 6 6 256
Merged: torch.Size([1, 256, 6, 6])
torch.Size([1, 1000])
Poll Time: 1.1747946799996498
Layer Times: [0.09740332000001217, 0.17627981199984788, 0.9011115479997898]
Store Push Time: 1.5257481640060178
Store Pull Time: 0
Merge Time: 0.0008706929997970292
Split Time: 0.0002324609999959648
Time: 4.33521689600002
