torch.Size([1, 3, 127, 127])
torch.Size([1, 3, 127, 127])
torch.Size([1, 3, 127, 127])
torch.Size([1, 3, 127, 127])
merged size without overlap : 14 14 192
Merged: torch.Size([1, 192, 14, 14])
torch.Size([1, 192, 8, 8])
torch.Size([1, 192, 8, 8])
torch.Size([1, 192, 8, 8])
torch.Size([1, 192, 8, 8])
merged size without overlap : 6 6 256
Merged: torch.Size([1, 256, 6, 6])
torch.Size([1, 1000])
Poll Time: 1.1367464879999716
Layer Times: [0.10333941399994728, 0.0992512410002746, 0.9341558329997497]
Store Push Time: 1.571277509000538
Store Pull Time: 0
Merge Time: 0.0008584770002926234
Split Time: 0.00020944499965480645
Time: 4.325671142999909
