torch.Size([1, 3, 127, 127])
torch.Size([1, 3, 127, 127])
torch.Size([1, 3, 127, 127])
torch.Size([1, 3, 127, 127])
merged size without overlap : 14 14 192
Merged: torch.Size([1, 192, 14, 14])
torch.Size([1, 192, 8, 8])
torch.Size([1, 192, 8, 8])
torch.Size([1, 192, 8, 8])
torch.Size([1, 192, 8, 8])
merged size without overlap : 6 6 256
Merged: torch.Size([1, 256, 6, 6])
torch.Size([1, 1000])
Poll Time: 1.0964914799997132
Layer Times: [0.06777863999968758, 0.12039095199997973, 0.9083218880000459]
Store Push Time: 1.399050787993474
Store Pull Time: 0
Merge Time: 0.0007730729998911556
Split Time: 0.00021508000008907402
Time: 3.1784338090001256
