torch.Size([1, 3, 127, 127])
torch.Size([1, 3, 127, 127])
torch.Size([1, 3, 127, 127])
torch.Size([1, 3, 127, 127])
merged size without overlap : 14 14 192
Merged: torch.Size([1, 192, 14, 14])
torch.Size([1, 192, 8, 8])
torch.Size([1, 192, 8, 8])
torch.Size([1, 192, 8, 8])
torch.Size([1, 192, 8, 8])
merged size without overlap : 6 6 256
Merged: torch.Size([1, 256, 6, 6])
torch.Size([1, 1000])
Poll Time: 1.1324825360006798
Layer Times: [0.06293549900010476, 0.11789695200013739, 0.9516500850004377]
Store Push Time: 1.4981997169979877
Store Pull Time: 0
Merge Time: 0.0007529489998887584
Split Time: 0.0002390499998909945
Time: 3.9785078159998193
