torch.Size([1, 3, 127, 127])
torch.Size([1, 3, 127, 127])
torch.Size([1, 3, 127, 127])
torch.Size([1, 3, 127, 127])
merged size without overlap : 14 14 192
Merged: torch.Size([1, 192, 14, 14])
torch.Size([1, 192, 8, 8])
torch.Size([1, 192, 8, 8])
torch.Size([1, 192, 8, 8])
torch.Size([1, 192, 8, 8])
merged size without overlap : 6 6 256
Merged: torch.Size([1, 256, 6, 6])
torch.Size([1, 1000])
Poll Time: 1.0366022790003626
Layer Times: [0.12810581000030652, 0.11927285000001575, 0.7892236190000403]
Store Push Time: 1.3792011310019916
Store Pull Time: 0
Merge Time: 0.0017013919996315963
Split Time: 0.0003199900002073264
Time: 4.004761592999785
