torch.Size([1, 3, 127, 127])
torch.Size([1, 3, 127, 127])
torch.Size([1, 3, 127, 127])
torch.Size([1, 3, 127, 127])
merged size without overlap : 14 14 192
Merged: torch.Size([1, 192, 14, 14])
torch.Size([1, 192, 8, 8])
torch.Size([1, 192, 8, 8])
torch.Size([1, 192, 8, 8])
torch.Size([1, 192, 8, 8])
merged size without overlap : 6 6 256
Merged: torch.Size([1, 256, 6, 6])
torch.Size([1, 1000])
Poll Time: 0.9841694910001024
Layer Times: [0.06888262600023154, 0.13812305600004038, 0.7771638089998305]
Store Push Time: 0.40659112099911
Store Pull Time: 0.9825675139845771
Merge Time: 0.0011451270001998637
Split Time: 0.0002735679991019424
Time: 4.08235904600042
