torch.Size([1, 3, 127, 127])
torch.Size([1, 3, 127, 127])
torch.Size([1, 3, 127, 127])
torch.Size([1, 3, 127, 127])
merged size without overlap : 14 14 192
Merged: torch.Size([1, 192, 14, 14])
torch.Size([1, 192, 8, 8])
torch.Size([1, 192, 8, 8])
torch.Size([1, 192, 8, 8])
torch.Size([1, 192, 8, 8])
merged size without overlap : 6 6 256
Merged: torch.Size([1, 256, 6, 6])
torch.Size([1, 1000])
Poll Time: 1.003914707000149
Layer Times: [0.07517557200026204, 0.11524871499932487, 0.8134904200005622]
Store Push Time: 0.3242381869986275
Store Pull Time: 1.001792131005459
Merge Time: 0.0024651760004417156
Split Time: 0.16510629999993398
Time: 4.047124720999818
