torch.Size([1, 3, 127, 127])
torch.Size([1, 3, 127, 127])
torch.Size([1, 3, 127, 127])
torch.Size([1, 3, 127, 127])
merged size without overlap : 14 14 192
Merged: torch.Size([1, 192, 14, 14])
torch.Size([1, 192, 8, 8])
torch.Size([1, 192, 8, 8])
torch.Size([1, 192, 8, 8])
torch.Size([1, 192, 8, 8])
merged size without overlap : 6 6 256
Merged: torch.Size([1, 256, 6, 6])
torch.Size([1, 1000])
Poll Time: 1.0292719390008642
Layer Times: [0.1240397949995895, 0.14432844700058922, 0.7609036970006855]
Store Push Time: 0.4295585179997943
Store Pull Time: 1.027416615016591
Merge Time: 0.0008073299986790516
Split Time: 0.00021817500055476557
Time: 4.0803877170001215
