torch.Size([1, 3, 127, 127])
torch.Size([1, 3, 127, 127])
torch.Size([1, 3, 127, 127])
torch.Size([1, 3, 127, 127])
merged size without overlap : 14 14 192
Merged: torch.Size([1, 192, 14, 14])
torch.Size([1, 192, 8, 8])
torch.Size([1, 192, 8, 8])
torch.Size([1, 192, 8, 8])
torch.Size([1, 192, 8, 8])
merged size without overlap : 6 6 256
Merged: torch.Size([1, 256, 6, 6])
torch.Size([1, 1000])
Poll Time: 1.1318758819998038
Layer Times: [0.13203441099994961, 0.14208695999968768, 0.8577545110001665]
Store Push Time: 0.26004890100102784
Store Pull Time: 1.130114691003655
Merge Time: 0.0009571400005370378
Split Time: 0.00026880500081460923
Time: 3.869218101000115
