torch.Size([1, 3, 127, 127])
torch.Size([1, 3, 127, 127])
torch.Size([1, 3, 127, 127])
torch.Size([1, 3, 127, 127])
merged size without overlap : 14 14 192
Merged: torch.Size([1, 192, 14, 14])
torch.Size([1, 192, 8, 8])
torch.Size([1, 192, 8, 8])
torch.Size([1, 192, 8, 8])
torch.Size([1, 192, 8, 8])
merged size without overlap : 6 6 256
Merged: torch.Size([1, 256, 6, 6])
torch.Size([1, 1000])
Poll Time: 1.0017879850001918
Layer Times: [0.09816984999997658, 0.12929519899989828, 0.774322936000317]
Store Push Time: 0.35075669300113077
Store Pull Time: 1.0000885270037543
Merge Time: 0.0007604800002809498
Split Time: 0.00022255500061874045
Time: 3.7107814680002775
