torch.Size([1, 3, 127, 127])
torch.Size([1, 3, 127, 127])
torch.Size([1, 3, 127, 127])
torch.Size([1, 3, 127, 127])
merged size without overlap : 14 14 192
Merged: torch.Size([1, 192, 14, 14])
torch.Size([1, 192, 8, 8])
torch.Size([1, 192, 8, 8])
torch.Size([1, 192, 8, 8])
torch.Size([1, 192, 8, 8])
merged size without overlap : 6 6 256
Merged: torch.Size([1, 256, 6, 6])
torch.Size([1, 1000])
Poll Time: 1.0696692520004945
Layer Times: [0.21315700100058166, 0.09255359999951907, 0.7639586510003937]
Store Push Time: 0.3595012100013264
Store Pull Time: 1.0660368439630474
Merge Time: 0.0007872340001995326
Split Time: 0.00022337500013236422
Time: 3.5760678560000088
