torch.Size([1, 3, 127, 127])
torch.Size([1, 3, 127, 127])
torch.Size([1, 3, 127, 127])
torch.Size([1, 3, 127, 127])
merged size without overlap : 14 14 192
Merged: torch.Size([1, 192, 14, 14])
torch.Size([1, 192, 8, 8])
torch.Size([1, 192, 8, 8])
torch.Size([1, 192, 8, 8])
torch.Size([1, 192, 8, 8])
merged size without overlap : 6 6 256
Merged: torch.Size([1, 256, 6, 6])
torch.Size([1, 1000])
Poll Time: 1.1232976259998395
Layer Times: [0.19579307599997264, 0.1224608120000994, 0.8050437379997675]
Store Push Time: 0.38668727300137107
Store Pull Time: 1.1215586279840863
Merge Time: 0.0012665230005950434
Split Time: 0.0002721209993978846
Time: 4.145171649000076
