torch.Size([1, 3, 127, 127])
torch.Size([1, 3, 127, 127])
torch.Size([1, 3, 127, 127])
torch.Size([1, 3, 127, 127])
merged size without overlap : 14 14 192
Merged: torch.Size([1, 192, 14, 14])
torch.Size([1, 192, 8, 8])
torch.Size([1, 192, 8, 8])
torch.Size([1, 192, 8, 8])
torch.Size([1, 192, 8, 8])
merged size without overlap : 6 6 256
Merged: torch.Size([1, 256, 6, 6])
torch.Size([1, 1000])
Poll Time: 1.22632778300067
Layer Times: [0.10237739800049894, 0.2013124909999533, 0.9226378940002178]
Store Push Time: 0.3697613409976839
Store Pull Time: 1.2245249820116442
Merge Time: 0.0007639750001544598
Split Time: 0.00022244899992074352
Time: 4.205849573000705
