torch.Size([1, 3, 127, 127])
torch.Size([1, 3, 127, 127])
torch.Size([1, 3, 127, 127])
torch.Size([1, 3, 127, 127])
merged size without overlap : 14 14 192
Merged: torch.Size([1, 192, 14, 14])
torch.Size([1, 192, 8, 8])
torch.Size([1, 192, 8, 8])
torch.Size([1, 192, 8, 8])
torch.Size([1, 192, 8, 8])
merged size without overlap : 6 6 256
Merged: torch.Size([1, 256, 6, 6])
torch.Size([1, 1000])
Poll Time: 1.0595529080001143
Layer Times: [0.11417087799964065, 0.09470893100024114, 0.8506730990002325]
Store Push Time: 0.306178238000939
Store Pull Time: 1.057578593998187
Merge Time: 0.0007899640004325192
Split Time: 0.00024248200043075485
Time: 3.8886974629995166
