torch.Size([1, 3, 127, 127])
torch.Size([1, 3, 127, 127])
torch.Size([1, 3, 127, 127])
torch.Size([1, 3, 127, 127])
merged size without overlap : 14 14 192
Merged: torch.Size([1, 192, 14, 14])
torch.Size([1, 192, 8, 8])
torch.Size([1, 192, 8, 8])
torch.Size([1, 192, 8, 8])
torch.Size([1, 192, 8, 8])
merged size without overlap : 6 6 256
Merged: torch.Size([1, 256, 6, 6])
torch.Size([1, 1000])
Poll Time: 1.1913961589989412
Layer Times: [0.17693635599971458, 0.09865885999988677, 0.9158009429993399]
Store Push Time: 0.3812398150021181
Store Pull Time: 1.1895444650017453
Merge Time: 0.0007825519996913499
Split Time: 0.00021908599956077524
Time: 4.066195149999658
