torch.Size([1, 3, 127, 127])
torch.Size([1, 3, 127, 127])
torch.Size([1, 3, 127, 127])
torch.Size([1, 3, 127, 127])
merged size without overlap : 14 14 192
Merged: torch.Size([1, 192, 14, 14])
torch.Size([1, 192, 8, 8])
torch.Size([1, 192, 8, 8])
torch.Size([1, 192, 8, 8])
torch.Size([1, 192, 8, 8])
merged size without overlap : 6 6 256
Merged: torch.Size([1, 256, 6, 6])
torch.Size([1, 1000])
Poll Time: 1.034994351000023
Layer Times: [0.1692921550002211, 0.08326961399961874, 0.7824325820001832]
Store Push Time: 0.37214681600016775
Store Pull Time: 1.0332913470110725
Merge Time: 0.0007368010001300718
Split Time: 0.0002144820000467007
Time: 3.852307474000554
