torch.Size([1, 3, 127, 127])
torch.Size([1, 3, 127, 127])
torch.Size([1, 3, 127, 127])
torch.Size([1, 3, 127, 127])
merged size without overlap : 14 14 192
Merged: torch.Size([1, 192, 14, 14])
torch.Size([1, 192, 8, 8])
torch.Size([1, 192, 8, 8])
torch.Size([1, 192, 8, 8])
torch.Size([1, 192, 8, 8])
merged size without overlap : 6 6 256
Merged: torch.Size([1, 256, 6, 6])
torch.Size([1, 1000])
Poll Time: 1.279591545000585
Layer Times: [0.13475688500057004, 0.1439320259996748, 1.0009026340003402]
Store Push Time: 0.2018965629995364
Store Pull Time: 1.2775430660049096
Merge Time: 0.0009731130003274302
Split Time: 0.000253696000072523
Time: 3.699115270999755
