torch.Size([1, 3, 127, 127])
torch.Size([1, 3, 127, 127])
torch.Size([1, 3, 127, 127])
torch.Size([1, 3, 127, 127])
merged size without overlap : 14 14 192
Merged: torch.Size([1, 192, 14, 14])
torch.Size([1, 192, 8, 8])
torch.Size([1, 192, 8, 8])
torch.Size([1, 192, 8, 8])
torch.Size([1, 192, 8, 8])
merged size without overlap : 6 6 256
Merged: torch.Size([1, 256, 6, 6])
torch.Size([1, 1000])
Poll Time: 2.0498686480004835
Layer Times: [0.22200718300064182, 0.14732365100007883, 1.6805378139997629]
Store Push Time: 0.482777884002644
Store Pull Time: 2.039147660989329
Merge Time: 0.0008675310000398895
Split Time: 0.00022717400042893132
Time: 5.319273996999982
