torch.Size([1, 3, 127, 127])
torch.Size([1, 3, 127, 127])
torch.Size([1, 3, 127, 127])
torch.Size([1, 3, 127, 127])
merged size without overlap : 14 14 192
Merged: torch.Size([1, 192, 14, 14])
torch.Size([1, 192, 8, 8])
torch.Size([1, 192, 8, 8])
torch.Size([1, 192, 8, 8])
torch.Size([1, 192, 8, 8])
merged size without overlap : 6 6 256
Merged: torch.Size([1, 256, 6, 6])
Waiting for key data/img_6404
Rerunning data/img_6404...
Waiting for key data/img_6404
Rerunning data/img_6404...
Waiting for key data/img_6404
Rerunning data/img_6404...
Waiting for key data/img_6404
Rerunning data/img_6404...
Waiting for key data/img_6404
Rerunning data/img_6404...
Waiting for key data/img_6404
Rerunning data/img_6404...
Waiting for key data/img_6404
Rerunning data/img_6404...
Waiting for key data/img_6404
Rerunning data/img_6404...
Waiting for key data/img_6404
Rerunning data/img_6404...
Waiting for key data/img_6404
Rerunning data/img_6404...
Waiting for key data/img_6404
Rerunning data/img_6404...
Waiting for key data/img_6404
Rerunning data/img_6404...
Waiting for key data/img_6404
Rerunning data/img_6404...
Waiting for key data/img_6404
Rerunning data/img_6404...
Waiting for key data/img_6404
Rerunning data/img_6404...
Waiting for key data/img_6404
Rerunning data/img_6404...
Waiting for key data/img_6404
Rerunning data/img_6404...
Waiting for key data/img_6404
Rerunning data/img_6404...
Waiting for key data/img_6404
Rerunning data/img_6404...
Waiting for key data/img_6404
Rerunning data/img_6404...
Waiting for key data/img_6404
Rerunning data/img_6404...
torch.Size([1, 1000])
Poll Time: 80.71725686099944
Layer Times: [0.12049705499975971, 0.07682599700001447, 80.51993380899967]
Store Push Time: 0.35387864699896454
Store Pull Time: 78.68075895568745
Merge Time: 0.0008040849997996702
Split Time: 0.00021151000055397162
Time: 83.4289819099995
