torch.Size([1, 3, 127, 127])
torch.Size([1, 3, 127, 127])
torch.Size([1, 3, 127, 127])
torch.Size([1, 3, 127, 127])
merged size without overlap : 14 14 192
Merged: torch.Size([1, 192, 14, 14])
torch.Size([1, 192, 8, 8])
torch.Size([1, 192, 8, 8])
torch.Size([1, 192, 8, 8])
torch.Size([1, 192, 8, 8])
merged size without overlap : 6 6 256
Merged: torch.Size([1, 256, 6, 6])
torch.Size([1, 1000])
Poll Time: 1.879298941998968
Layer Times: [0.07227904999945167, 0.12980683499972656, 1.6772130569997898]
Store Push Time: 0.4242709680002008
Store Pull Time: 1.8760678610005925
Merge Time: 0.0014189240000632708
Split Time: 0.00021456800004671095
Time: 5.102944070000376
