torch.Size([1, 3, 127, 127])
torch.Size([1, 3, 127, 127])
torch.Size([1, 3, 127, 127])
torch.Size([1, 3, 127, 127])
merged size without overlap : 14 14 192
Merged: torch.Size([1, 192, 14, 14])
torch.Size([1, 192, 8, 8])
torch.Size([1, 192, 8, 8])
torch.Size([1, 192, 8, 8])
torch.Size([1, 192, 8, 8])
merged size without overlap : 6 6 256
Merged: torch.Size([1, 256, 6, 6])
torch.Size([1, 1000])
Poll Time: 0.9866289460005646
Layer Times: [0.10722592300044198, 0.09978710199993657, 0.7796159210001861]
Store Push Time: 0.3498013799999171
Store Pull Time: 0.9849007059956421
Merge Time: 0.0007757299999866518
Split Time: 0.00021011600074416492
Time: 3.7361835290003
