torch.Size([1, 3, 127, 127])
torch.Size([1, 3, 127, 127])
torch.Size([1, 3, 127, 127])
torch.Size([1, 3, 127, 127])
merged size without overlap : 14 14 192
Merged: torch.Size([1, 192, 14, 14])
torch.Size([1, 192, 8, 8])
torch.Size([1, 192, 8, 8])
torch.Size([1, 192, 8, 8])
torch.Size([1, 192, 8, 8])
merged size without overlap : 6 6 256
Merged: torch.Size([1, 256, 6, 6])
torch.Size([1, 1000])
Poll Time: 1.1142732440002874
Layer Times: [0.13267760300004738, 0.0871247700006279, 0.8944708709996121]
Store Push Time: 0.40529589299967483
Store Pull Time: 1.112608118013668
Merge Time: 0.0007616610009790747
Split Time: 0.00023200900068331975
Time: 4.027487250000377
