torch.Size([1, 3, 127, 127])
torch.Size([1, 3, 127, 127])
torch.Size([1, 3, 127, 127])
torch.Size([1, 3, 127, 127])
merged size without overlap : 14 14 192
Merged: torch.Size([1, 192, 14, 14])
torch.Size([1, 192, 8, 8])
torch.Size([1, 192, 8, 8])
torch.Size([1, 192, 8, 8])
torch.Size([1, 192, 8, 8])
merged size without overlap : 6 6 256
Merged: torch.Size([1, 256, 6, 6])
torch.Size([1, 1000])
Poll Time: 1.0502480430004653
Layer Times: [0.22908033800013072, 0.08752895999987231, 0.7336387450004622]
Store Push Time: 0.5306555960005426
Store Pull Time: 1.0486629590086523
Merge Time: 0.012776500000654778
Split Time: 0.00022361699939210666
Time: 4.4505398350002
