torch.Size([1, 3, 127, 127])
torch.Size([1, 3, 127, 127])
torch.Size([1, 3, 127, 127])
torch.Size([1, 3, 127, 127])
merged size without overlap : 14 14 192
Merged: torch.Size([1, 192, 14, 14])
torch.Size([1, 192, 8, 8])
torch.Size([1, 192, 8, 8])
torch.Size([1, 192, 8, 8])
torch.Size([1, 192, 8, 8])
merged size without overlap : 6 6 256
Merged: torch.Size([1, 256, 6, 6])
torch.Size([1, 1000])
Poll Time: 1.1182775300003414
Layer Times: [0.07499594099954265, 0.10862497200014332, 0.9346566170006554]
Store Push Time: 0.2857266700020773
Store Pull Time: 1.1163862869934746
Merge Time: 0.0008165609997377032
Split Time: 0.0002229310002803686
Time: 4.006952761000321
