torch.Size([1, 3, 127, 127])
torch.Size([1, 3, 127, 127])
torch.Size([1, 3, 127, 127])
torch.Size([1, 3, 127, 127])
merged size without overlap : 14 14 192
Merged: torch.Size([1, 192, 14, 14])
torch.Size([1, 192, 8, 8])
torch.Size([1, 192, 8, 8])
torch.Size([1, 192, 8, 8])
torch.Size([1, 192, 8, 8])
merged size without overlap : 6 6 256
Merged: torch.Size([1, 256, 6, 6])
torch.Size([1, 1000])
Poll Time: 0.9527044860005844
Layer Times: [0.08111155100050382, 0.11079642999993666, 0.760796505000144]
Store Push Time: 0.3883183249981812
Store Pull Time: 0.9505183609981032
Merge Time: 0.0007508149992645485
Split Time: 0.00022762800017517293
Time: 3.8827577129995916
