torch.Size([1, 3, 127, 127])
torch.Size([1, 3, 127, 127])
torch.Size([1, 3, 127, 127])
torch.Size([1, 3, 127, 127])
merged size without overlap : 14 14 192
Merged: torch.Size([1, 192, 14, 14])
torch.Size([1, 192, 8, 8])
torch.Size([1, 192, 8, 8])
torch.Size([1, 192, 8, 8])
torch.Size([1, 192, 8, 8])
merged size without overlap : 6 6 256
Merged: torch.Size([1, 256, 6, 6])
torch.Size([1, 1000])
Poll Time: 1.0077581069990629
Layer Times: [0.09255652799947711, 0.10194671800036303, 0.8132548609992227]
Store Push Time: 0.5483342909983548
Store Pull Time: 1.0040430590079268
Merge Time: 0.0008225639994634548
Split Time: 0.00021656999979313696
Time: 3.5410240569999587
