torch.Size([1, 3, 127, 127])
torch.Size([1, 3, 127, 127])
torch.Size([1, 3, 127, 127])
torch.Size([1, 3, 127, 127])
merged size without overlap : 14 14 192
Merged: torch.Size([1, 192, 14, 14])
torch.Size([1, 192, 8, 8])
torch.Size([1, 192, 8, 8])
torch.Size([1, 192, 8, 8])
torch.Size([1, 192, 8, 8])
merged size without overlap : 6 6 256
Merged: torch.Size([1, 256, 6, 6])
torch.Size([1, 1000])
Poll Time: 1.2263317139995706
Layer Times: [0.1699236619997464, 0.11137428100028046, 0.9450337709995438]
Store Push Time: 0.3351049060020159
Store Pull Time: 1.2244299460107868
Merge Time: 0.0007781999993312638
Split Time: 0.00021210799968685023
Time: 4.455368257999908
