torch.Size([1, 3, 127, 127])
torch.Size([1, 3, 127, 127])
torch.Size([1, 3, 127, 127])
torch.Size([1, 3, 127, 127])
merged size without overlap : 14 14 192
Merged: torch.Size([1, 192, 14, 14])
torch.Size([1, 192, 8, 8])
torch.Size([1, 192, 8, 8])
torch.Size([1, 192, 8, 8])
torch.Size([1, 192, 8, 8])
merged size without overlap : 6 6 256
Merged: torch.Size([1, 256, 6, 6])
torch.Size([1, 1000])
Poll Time: 1.126159935999567
Layer Times: [0.2586758249999548, 0.09985340799994447, 0.7676307029996678]
Store Push Time: 0.4705117329995119
Store Pull Time: 1.1240628240047954
Merge Time: 0.0010699470003601164
Split Time: 0.00025975100015784847
Time: 4.345607522000137
