torch.Size([1, 3, 127, 127])
torch.Size([1, 3, 127, 127])
torch.Size([1, 3, 127, 127])
torch.Size([1, 3, 127, 127])
merged size without overlap : 14 14 192
Merged: torch.Size([1, 192, 14, 14])
torch.Size([1, 192, 8, 8])
torch.Size([1, 192, 8, 8])
torch.Size([1, 192, 8, 8])
torch.Size([1, 192, 8, 8])
merged size without overlap : 6 6 256
Merged: torch.Size([1, 256, 6, 6])
torch.Size([1, 1000])
Poll Time: 1.029459020998729
Layer Times: [0.1190898049999305, 0.13754310499916755, 0.772826110999631]
Store Push Time: 0.30492168400087394
Store Pull Time: 1.027754070998526
Merge Time: 0.0009728630002427963
Split Time: 0.00020911199953843607
Time: 3.905309503999888
