torch.Size([1, 3, 127, 127])
torch.Size([1, 3, 127, 127])
torch.Size([1, 3, 127, 127])
torch.Size([1, 3, 127, 127])
merged size without overlap : 14 14 192
Merged: torch.Size([1, 192, 14, 14])
torch.Size([1, 192, 8, 8])
torch.Size([1, 192, 8, 8])
torch.Size([1, 192, 8, 8])
torch.Size([1, 192, 8, 8])
merged size without overlap : 6 6 256
Merged: torch.Size([1, 256, 6, 6])
torch.Size([1, 1000])
Poll Time: 1.0274837050001224
Layer Times: [0.1343581359997188, 0.09861889200055884, 0.7945066769998448]
Store Push Time: 0.24718592100271053
Store Pull Time: 1.0215294639983767
Merge Time: 0.000722085000234074
Split Time: 0.000228663000598317
Time: 2.856403078999392
