torch.Size([1, 3, 127, 127])
torch.Size([1, 3, 127, 127])
torch.Size([1, 3, 127, 127])
torch.Size([1, 3, 127, 127])
merged size without overlap : 14 14 192
Merged: torch.Size([1, 192, 14, 14])
torch.Size([1, 192, 8, 8])
torch.Size([1, 192, 8, 8])
torch.Size([1, 192, 8, 8])
torch.Size([1, 192, 8, 8])
merged size without overlap : 6 6 256
Merged: torch.Size([1, 256, 6, 6])
torch.Size([1, 1000])
Poll Time: 1.3594880439995904
Layer Times: [0.18678499100042245, 0.07321940799920412, 1.0994836449999639]
Store Push Time: 0.4027009809988158
Store Pull Time: 1.3573672639813594
Merge Time: 0.0011697440004354576
Split Time: 0.0002595289997771033
Time: 4.625546931999452
