torch.Size([1, 3, 127, 127])
torch.Size([1, 3, 127, 127])
torch.Size([1, 3, 127, 127])
torch.Size([1, 3, 127, 127])
merged size without overlap : 14 14 192
Merged: torch.Size([1, 192, 14, 14])
torch.Size([1, 192, 8, 8])
torch.Size([1, 192, 8, 8])
torch.Size([1, 192, 8, 8])
torch.Size([1, 192, 8, 8])
merged size without overlap : 6 6 256
Merged: torch.Size([1, 256, 6, 6])
torch.Size([1, 1000])
Poll Time: 1.0187806280009681
Layer Times: [0.13294240800041734, 0.12057736200040381, 0.765260858000147]
Store Push Time: 0.43354567700043845
Store Pull Time: 1.0144709209962457
Merge Time: 0.0009657089995016577
Split Time: 0.0002749980003500241
Time: 4.068982908999715
