torch.Size([1, 3, 127, 127])
torch.Size([1, 3, 127, 127])
torch.Size([1, 3, 127, 127])
torch.Size([1, 3, 127, 127])
merged size without overlap : 14 14 192
Merged: torch.Size([1, 192, 14, 14])
torch.Size([1, 192, 8, 8])
torch.Size([1, 192, 8, 8])
torch.Size([1, 192, 8, 8])
torch.Size([1, 192, 8, 8])
merged size without overlap : 6 6 256
Merged: torch.Size([1, 256, 6, 6])
torch.Size([1, 1000])
Poll Time: 2.9070716500000344
Layer Times: [0.09456469700035086, 0.11895106099927943, 2.693555892000404]
Store Push Time: 0.23503915699984645
Store Pull Time: 2.9025854610008537
Merge Time: 0.0009589370001776842
Split Time: 0.00021993699920130894
Time: 5.366247451999698
