torch.Size([1, 3, 127, 127])
torch.Size([1, 3, 127, 127])
torch.Size([1, 3, 127, 127])
torch.Size([1, 3, 127, 127])
merged size without overlap : 14 14 192
Merged: torch.Size([1, 192, 14, 14])
torch.Size([1, 192, 8, 8])
torch.Size([1, 192, 8, 8])
torch.Size([1, 192, 8, 8])
torch.Size([1, 192, 8, 8])
merged size without overlap : 6 6 256
Merged: torch.Size([1, 256, 6, 6])
torch.Size([1, 1000])
Poll Time: 1.2049478799999633
Layer Times: [0.12298799100062752, 0.1764235379996535, 0.9055363509996823]
Store Push Time: 0.42996995500016055
Store Pull Time: 1.203021326000453
Merge Time: 0.0009091419997275807
Split Time: 0.00021717500021622982
Time: 4.655179358000169
