torch.Size([1, 3, 127, 127])
torch.Size([1, 3, 127, 127])
torch.Size([1, 3, 127, 127])
torch.Size([1, 3, 127, 127])
merged size without overlap : 14 14 192
Merged: torch.Size([1, 192, 14, 14])
torch.Size([1, 192, 8, 8])
torch.Size([1, 192, 8, 8])
torch.Size([1, 192, 8, 8])
torch.Size([1, 192, 8, 8])
merged size without overlap : 6 6 256
Merged: torch.Size([1, 256, 6, 6])
torch.Size([1, 1000])
Poll Time: 1.0038044760003686
Layer Times: [0.14040904700050305, 0.0758159249999153, 0.7875795039999502]
Store Push Time: 0.46895384000163176
Store Pull Time: 1.0020050230095876
Merge Time: 0.0008644089994049864
Split Time: 0.00023731100009172224
Time: 4.01504733999991
