torch.Size([1, 3, 127, 127])
torch.Size([1, 3, 127, 127])
torch.Size([1, 3, 127, 127])
torch.Size([1, 3, 127, 127])
merged size without overlap : 14 14 192
Merged: torch.Size([1, 192, 14, 14])
torch.Size([1, 192, 8, 8])
torch.Size([1, 192, 8, 8])
torch.Size([1, 192, 8, 8])
torch.Size([1, 192, 8, 8])
merged size without overlap : 6 6 256
Merged: torch.Size([1, 256, 6, 6])
torch.Size([1, 1000])
Poll Time: 1.135230503999992
Layer Times: [0.09532038299948908, 0.21737383700019564, 0.8225362840003072]
Store Push Time: 0.4716276890003428
Store Pull Time: 1.1329605669925513
Merge Time: 0.0009806380003283266
Split Time: 0.00021504399956029374
Time: 5.169320432999484
