torch.Size([1, 3, 127, 127])
torch.Size([1, 3, 127, 127])
torch.Size([1, 3, 127, 127])
torch.Size([1, 3, 127, 127])
merged size without overlap : 14 14 192
Merged: torch.Size([1, 192, 14, 14])
torch.Size([1, 192, 8, 8])
torch.Size([1, 192, 8, 8])
torch.Size([1, 192, 8, 8])
torch.Size([1, 192, 8, 8])
merged size without overlap : 6 6 256
Merged: torch.Size([1, 256, 6, 6])
torch.Size([1, 1000])
Poll Time: 1.073629647999951
Layer Times: [0.1706757359997937, 0.1356141200003549, 0.7673397919998024]
Store Push Time: 0.3945628349983963
Store Pull Time: 1.071423378007239
Merge Time: 0.000737534000109008
Split Time: 0.00022676899970974773
Time: 4.0813450260002355
