torch.Size([1, 3, 127, 127])
torch.Size([1, 3, 127, 127])
torch.Size([1, 3, 127, 127])
torch.Size([1, 3, 127, 127])
merged size without overlap : 14 14 192
Merged: torch.Size([1, 192, 14, 14])
torch.Size([1, 192, 8, 8])
torch.Size([1, 192, 8, 8])
torch.Size([1, 192, 8, 8])
torch.Size([1, 192, 8, 8])
merged size without overlap : 6 6 256
Merged: torch.Size([1, 256, 6, 6])
torch.Size([1, 1000])
Poll Time: 1.1475605099985842
Layer Times: [0.14387296099994273, 0.13133668799946463, 0.8723508609991768]
Store Push Time: 0.3802529870008584
Store Pull Time: 1.1458071190154442
Merge Time: 0.0008263930003522546
Split Time: 0.00021285799994075205
Time: 4.167560840000078
