torch.Size([1, 3, 127, 127])
torch.Size([1, 3, 127, 127])
torch.Size([1, 3, 127, 127])
torch.Size([1, 3, 127, 127])
merged size without overlap : 14 14 192
Merged: torch.Size([1, 192, 14, 14])
torch.Size([1, 192, 8, 8])
torch.Size([1, 192, 8, 8])
torch.Size([1, 192, 8, 8])
torch.Size([1, 192, 8, 8])
merged size without overlap : 6 6 256
Merged: torch.Size([1, 256, 6, 6])
torch.Size([1, 1000])
Poll Time: 1.0089881520007111
Layer Times: [0.14206008099972678, 0.10484056100085581, 0.7620875100001285]
Store Push Time: 0.5290278079992277
Store Pull Time: 1.0075336170066294
Merge Time: 0.0008335450002050493
Split Time: 0.00021778200061817188
Time: 4.075407231999634
