torch.Size([1, 3, 127, 127])
torch.Size([1, 3, 127, 127])
torch.Size([1, 3, 127, 127])
torch.Size([1, 3, 127, 127])
merged size without overlap : 14 14 192
Merged: torch.Size([1, 192, 14, 14])
torch.Size([1, 192, 8, 8])
torch.Size([1, 192, 8, 8])
torch.Size([1, 192, 8, 8])
torch.Size([1, 192, 8, 8])
merged size without overlap : 6 6 256
Merged: torch.Size([1, 256, 6, 6])
torch.Size([1, 1000])
Poll Time: 1.1257929870007501
Layer Times: [0.08776319000025978, 0.12590387399995961, 0.9121259230005307]
Store Push Time: 0.4412250920013321
Store Pull Time: 1.1240228709966686
Merge Time: 0.0007823719997759326
Split Time: 0.00020939800015185028
Time: 4.052479764000054
