torch.Size([1, 3, 127, 127])
torch.Size([1, 3, 127, 127])
torch.Size([1, 3, 127, 127])
torch.Size([1, 3, 127, 127])
merged size without overlap : 14 14 192
Merged: torch.Size([1, 192, 14, 14])
torch.Size([1, 192, 8, 8])
torch.Size([1, 192, 8, 8])
torch.Size([1, 192, 8, 8])
torch.Size([1, 192, 8, 8])
merged size without overlap : 6 6 256
Merged: torch.Size([1, 256, 6, 6])
Waiting for key data/img_3894
Rerunning data/img_3894...
Waiting for key data/img_3894
Rerunning data/img_3894...
Waiting for key data/img_3894
Rerunning data/img_3894...
Waiting for key data/img_3894
Rerunning data/img_3894...
Waiting for key data/img_3894
Rerunning data/img_3894...
Waiting for key data/img_3894
Rerunning data/img_3894...
Waiting for key data/img_3894
Rerunning data/img_3894...
Waiting for key data/img_3894
Rerunning data/img_3894...
Waiting for key data/img_3894
Rerunning data/img_3894...
Waiting for key data/img_3894
Rerunning data/img_3894...
Waiting for key data/img_3894
Rerunning data/img_3894...
Waiting for key data/img_3894
Rerunning data/img_3894...
Waiting for key data/img_3894
Rerunning data/img_3894...
Waiting for key data/img_3894
Rerunning data/img_3894...
Waiting for key data/img_3894
Rerunning data/img_3894...
Waiting for key data/img_3894
Rerunning data/img_3894...
Waiting for key data/img_3894
Rerunning data/img_3894...
Waiting for key data/img_3894
Rerunning data/img_3894...
Waiting for key data/img_3894
Rerunning data/img_3894...
Waiting for key data/img_3894
Rerunning data/img_3894...
Waiting for key data/img_3894
Rerunning data/img_3894...
torch.Size([1, 1000])
Poll Time: 86.25868805499977
Layer Times: [0.0957479480002803, 0.09533648700016784, 86.06760361999932]
Store Push Time: 0.4216381870010082
Store Pull Time: 84.17670056500992
Merge Time: 0.001136570001108339
Split Time: 0.00026590399920678465
Time: 89.23135783999987
