torch.Size([1, 3, 127, 127])
torch.Size([1, 3, 127, 127])
torch.Size([1, 3, 127, 127])
torch.Size([1, 3, 127, 127])
merged size without overlap : 14 14 192
Merged: torch.Size([1, 192, 14, 14])
torch.Size([1, 192, 8, 8])
torch.Size([1, 192, 8, 8])
torch.Size([1, 192, 8, 8])
torch.Size([1, 192, 8, 8])
merged size without overlap : 6 6 256
Merged: torch.Size([1, 256, 6, 6])
torch.Size([1, 1000])
Poll Time: 1.3209076209996056
Layer Times: [0.21538753200002247, 0.08551236299990705, 1.020007725999676]
Store Push Time: 0.31489682700066624
Store Pull Time: 1.3167309840046073
Merge Time: 0.0007621329996254644
Split Time: 0.00021004700010962551
Time: 4.134496233999926
