torch.Size([1, 3, 127, 127])
torch.Size([1, 3, 127, 127])
torch.Size([1, 3, 127, 127])
torch.Size([1, 3, 127, 127])
merged size without overlap : 14 14 192
Merged: torch.Size([1, 192, 14, 14])
torch.Size([1, 192, 8, 8])
torch.Size([1, 192, 8, 8])
torch.Size([1, 192, 8, 8])
torch.Size([1, 192, 8, 8])
merged size without overlap : 6 6 256
Merged: torch.Size([1, 256, 6, 6])
torch.Size([1, 1000])
Poll Time: 1.3743181660001937
Layer Times: [0.12037751700063382, 0.158743076999599, 1.095197571999961]
Store Push Time: 0.3630059009992692
Store Pull Time: 1.3662898459861026
Merge Time: 0.0007970319993546582
Split Time: 0.00022060999981476925
Time: 4.3211172370001805
