torch.Size([1, 3, 127, 127])
torch.Size([1, 3, 127, 127])
torch.Size([1, 3, 127, 127])
torch.Size([1, 3, 127, 127])
merged size without overlap : 14 14 192
Merged: torch.Size([1, 192, 14, 14])
torch.Size([1, 192, 8, 8])
torch.Size([1, 192, 8, 8])
torch.Size([1, 192, 8, 8])
torch.Size([1, 192, 8, 8])
merged size without overlap : 6 6 256
Merged: torch.Size([1, 256, 6, 6])
torch.Size([1, 1000])
Poll Time: 1.2245882139995956
Layer Times: [0.11250130999997054, 0.13250819799941382, 0.9795787060002112]
Store Push Time: 0.5922516339987851
Store Pull Time: 1.210439402000702
Merge Time: 0.0010036399989985512
Split Time: 0.00026139999954466475
Time: 4.6661717030001455
