torch.Size([1, 3, 127, 127])
torch.Size([1, 3, 127, 127])
torch.Size([1, 3, 127, 127])
torch.Size([1, 3, 127, 127])
merged size without overlap : 14 14 192
Merged: torch.Size([1, 192, 14, 14])
torch.Size([1, 192, 8, 8])
torch.Size([1, 192, 8, 8])
torch.Size([1, 192, 8, 8])
torch.Size([1, 192, 8, 8])
merged size without overlap : 6 6 256
Merged: torch.Size([1, 256, 6, 6])
torch.Size([1, 1000])
Poll Time: 0.9150826509999206
Layer Times: [0.06367422599987549, 0.08354563900002177, 0.7678627860000233]
Store Push Time: 0.03907950099983282
Store Pull Time: 0.8999150489939893
Merge Time: 0.0010990299997502007
Split Time: 0.00020441399965420715
Time: 1.2222491479997188
