torch.Size([1, 3, 127, 127])
torch.Size([1, 3, 127, 127])
torch.Size([1, 3, 127, 127])
torch.Size([1, 3, 127, 127])
merged size without overlap : 14 14 192
Merged: torch.Size([1, 192, 14, 14])
torch.Size([1, 192, 8, 8])
torch.Size([1, 192, 8, 8])
torch.Size([1, 192, 8, 8])
torch.Size([1, 192, 8, 8])
merged size without overlap : 6 6 256
Merged: torch.Size([1, 256, 6, 6])
torch.Size([1, 1000])
Poll Time: 0.9271219820002443
Layer Times: [0.07908325900007185, 0.08961437600009958, 0.7584243470000729]
Store Push Time: 0.054768800000601914
Store Pull Time: 0.9117629199959083
Merge Time: 0.0009704949998194934
Split Time: 0.0002225500002168701
Time: 1.3622116209999149
