torch.Size([1, 3, 127, 127])
torch.Size([1, 3, 127, 127])
torch.Size([1, 3, 127, 127])
torch.Size([1, 3, 127, 127])
merged size without overlap : 14 14 192
Merged: torch.Size([1, 192, 14, 14])
torch.Size([1, 192, 8, 8])
torch.Size([1, 192, 8, 8])
torch.Size([1, 192, 8, 8])
torch.Size([1, 192, 8, 8])
merged size without overlap : 6 6 256
Merged: torch.Size([1, 256, 6, 6])
torch.Size([1, 1000])
Poll Time: 1.7487289599998803
Layer Times: [0.09693487999993522, 0.2523573690000376, 1.3994367109999075]
Store Push Time: 0.07930782999983421
Store Pull Time: 1.7308171990075607
Merge Time: 0.0008009370003492222
Split Time: 0.00022292699986792286
Time: 2.2488451690001057
