torch.Size([1, 3, 127, 127])
torch.Size([1, 3, 127, 127])
torch.Size([1, 3, 127, 127])
torch.Size([1, 3, 127, 127])
merged size without overlap : 14 14 192
Merged: torch.Size([1, 192, 14, 14])
torch.Size([1, 192, 8, 8])
torch.Size([1, 192, 8, 8])
torch.Size([1, 192, 8, 8])
torch.Size([1, 192, 8, 8])
merged size without overlap : 6 6 256
Merged: torch.Size([1, 256, 6, 6])
torch.Size([1, 1000])
Poll Time: 0.898377040000014
Layer Times: [0.06713167099997008, 0.07952200499994433, 0.7517233640000995]
Store Push Time: 0.034454330999778904
Store Pull Time: 0.890394964999814
Merge Time: 0.0007876589997977135
Split Time: 0.00021014699996158015
Time: 1.314147280999805
