torch.Size([1, 3, 127, 127])
torch.Size([1, 3, 127, 127])
torch.Size([1, 3, 127, 127])
torch.Size([1, 3, 127, 127])
merged size without overlap : 14 14 192
Merged: torch.Size([1, 192, 14, 14])
torch.Size([1, 192, 8, 8])
torch.Size([1, 192, 8, 8])
torch.Size([1, 192, 8, 8])
torch.Size([1, 192, 8, 8])
merged size without overlap : 6 6 256
Merged: torch.Size([1, 256, 6, 6])
torch.Size([1, 1000])
Poll Time: 0.9338570800000525
Layer Times: [0.08749312100007955, 0.08439320099978431, 0.7619707580001887]
Store Push Time: 0.042642192000585055
Store Pull Time: 0.9253098720027992
Merge Time: 0.0012409189998834336
Split Time: 0.00030440999989878037
Time: 1.4243208279999635
