torch.Size([1, 3, 127, 127])
torch.Size([1, 3, 127, 127])
torch.Size([1, 3, 127, 127])
torch.Size([1, 3, 127, 127])
merged size without overlap : 14 14 192
Merged: torch.Size([1, 192, 14, 14])
torch.Size([1, 192, 8, 8])
torch.Size([1, 192, 8, 8])
torch.Size([1, 192, 8, 8])
torch.Size([1, 192, 8, 8])
merged size without overlap : 6 6 256
Merged: torch.Size([1, 256, 6, 6])
torch.Size([1, 1000])
Poll Time: 0.9862155639998491
Layer Times: [0.12487622199978432, 0.07772350400000505, 0.7836158380000597]
Store Push Time: 0.053660776000015176
Store Pull Time: 0.9746431819971804
Merge Time: 0.0007914729994809022
Split Time: 0.00021189499966567382
Time: 1.392513923000024
