torch.Size([1, 3, 127, 127])
torch.Size([1, 3, 127, 127])
torch.Size([1, 3, 127, 127])
torch.Size([1, 3, 127, 127])
merged size without overlap : 14 14 192
Merged: torch.Size([1, 192, 14, 14])
torch.Size([1, 192, 8, 8])
torch.Size([1, 192, 8, 8])
torch.Size([1, 192, 8, 8])
torch.Size([1, 192, 8, 8])
merged size without overlap : 6 6 256
Merged: torch.Size([1, 256, 6, 6])
torch.Size([1, 1000])
Poll Time: 0.9403265849996387
Layer Times: [0.0781065099999978, 0.09408902999985003, 0.7681310449997909]
Store Push Time: 0.06641592700043475
Store Pull Time: 0.9291190569920218
Merge Time: 0.0017066660002456047
Split Time: 0.0003118499998890911
Time: 1.3304749179997089
