torch.Size([1, 3, 127, 127])
torch.Size([1, 3, 127, 127])
torch.Size([1, 3, 127, 127])
torch.Size([1, 3, 127, 127])
merged size without overlap : 14 14 192
Merged: torch.Size([1, 192, 14, 14])
torch.Size([1, 192, 8, 8])
torch.Size([1, 192, 8, 8])
torch.Size([1, 192, 8, 8])
torch.Size([1, 192, 8, 8])
merged size without overlap : 6 6 256
Merged: torch.Size([1, 256, 6, 6])
torch.Size([1, 1000])
Poll Time: 0.9532743750000918
Layer Times: [0.08992460500030575, 0.10605500900010156, 0.7572947609996845]
Store Push Time: 0.05583998300016901
Store Pull Time: 0.9446463369936282
Merge Time: 0.0014209099995241559
Split Time: 0.00031426800069311867
Time: 1.5951731729996936
