torch.Size([1, 3, 127, 127])
torch.Size([1, 3, 127, 127])
torch.Size([1, 3, 127, 127])
torch.Size([1, 3, 127, 127])
merged size without overlap : 14 14 192
Merged: torch.Size([1, 192, 14, 14])
torch.Size([1, 192, 8, 8])
torch.Size([1, 192, 8, 8])
torch.Size([1, 192, 8, 8])
torch.Size([1, 192, 8, 8])
merged size without overlap : 6 6 256
Merged: torch.Size([1, 256, 6, 6])
torch.Size([1, 1000])
Poll Time: 0.9921704710000085
Layer Times: [0.05581366300020818, 0.08440754499997638, 0.851949262999824]
Store Push Time: 0.0350547509997341
Store Pull Time: 0.9815273919862193
Merge Time: 0.0009038479997798277
Split Time: 0.0002034929998444568
Time: 1.2620406930000172
