torch.Size([1, 3, 127, 127])
torch.Size([1, 3, 127, 127])
torch.Size([1, 3, 127, 127])
torch.Size([1, 3, 127, 127])
merged size without overlap : 14 14 192
Merged: torch.Size([1, 192, 14, 14])
torch.Size([1, 192, 8, 8])
torch.Size([1, 192, 8, 8])
torch.Size([1, 192, 8, 8])
torch.Size([1, 192, 8, 8])
merged size without overlap : 6 6 256
Merged: torch.Size([1, 256, 6, 6])
torch.Size([1, 1000])
Poll Time: 0.9970553220000511
Layer Times: [0.09879124600001887, 0.0933316199998444, 0.8049324560001878]
Store Push Time: 0.06925379700032863
Store Pull Time: 0.988194053994448
Merge Time: 0.0007888669997555553
Split Time: 0.0003031339997505711
Time: 1.596990986000037
