torch.Size([1, 3, 127, 127])
torch.Size([1, 3, 127, 127])
torch.Size([1, 3, 127, 127])
torch.Size([1, 3, 127, 127])
merged size without overlap : 14 14 192
Merged: torch.Size([1, 192, 14, 14])
torch.Size([1, 192, 8, 8])
torch.Size([1, 192, 8, 8])
torch.Size([1, 192, 8, 8])
torch.Size([1, 192, 8, 8])
merged size without overlap : 6 6 256
Merged: torch.Size([1, 256, 6, 6])
torch.Size([1, 1000])
Poll Time: 1.0625364259999515
Layer Times: [0.09288033999973777, 0.09780499099997542, 0.8718510950002383]
Store Push Time: 0.056085569000060786
Store Pull Time: 1.0513198879862102
Merge Time: 0.0018595699998513737
Split Time: 0.00026210899977741065
Time: 1.5435139739997794
