torch.Size([1, 3, 127, 127])
torch.Size([1, 3, 127, 127])
torch.Size([1, 3, 127, 127])
torch.Size([1, 3, 127, 127])
merged size without overlap : 14 14 192
Merged: torch.Size([1, 192, 14, 14])
torch.Size([1, 192, 8, 8])
torch.Size([1, 192, 8, 8])
torch.Size([1, 192, 8, 8])
torch.Size([1, 192, 8, 8])
merged size without overlap : 6 6 256
Merged: torch.Size([1, 256, 6, 6])
torch.Size([1, 1000])
Poll Time: 0.9467461599997478
Layer Times: [0.09324041199988642, 0.08040185299978475, 0.7731038950000766]
Store Push Time: 0.06793198200057304
Store Pull Time: 0.9334947990155342
Merge Time: 0.000874406000093586
Split Time: 0.000388466000003973
Time: 1.4663932110001952
