torch.Size([1, 3, 127, 127])
torch.Size([1, 3, 127, 127])
torch.Size([1, 3, 127, 127])
torch.Size([1, 3, 127, 127])
merged size without overlap : 14 14 192
Merged: torch.Size([1, 192, 14, 14])
torch.Size([1, 192, 8, 8])
torch.Size([1, 192, 8, 8])
torch.Size([1, 192, 8, 8])
torch.Size([1, 192, 8, 8])
merged size without overlap : 6 6 256
Merged: torch.Size([1, 256, 6, 6])
torch.Size([1, 1000])
Poll Time: 0.9241046469996945
Layer Times: [0.08004993699978513, 0.08115318399995886, 0.7629015259999505]
Store Push Time: 0.035402423999130406
Store Pull Time: 0.9104336089890239
Merge Time: 0.0007857170003262581
Split Time: 0.00021561299945460632
Time: 1.193743569000162
