torch.Size([1, 3, 127, 127])
torch.Size([1, 3, 127, 127])
torch.Size([1, 3, 127, 127])
torch.Size([1, 3, 127, 127])
merged size without overlap : 14 14 192
Merged: torch.Size([1, 192, 14, 14])
torch.Size([1, 192, 8, 8])
torch.Size([1, 192, 8, 8])
torch.Size([1, 192, 8, 8])
torch.Size([1, 192, 8, 8])
merged size without overlap : 6 6 256
Merged: torch.Size([1, 256, 6, 6])
torch.Size([1, 1000])
Poll Time: 0.9138113889998749
Layer Times: [0.07257145899984607, 0.08102639700018699, 0.7602135329998418]
Store Push Time: 0.0399720220002564
Store Pull Time: 0.9028420550030205
Merge Time: 0.0012790109999514243
Split Time: 0.00021544200035350514
Time: 1.2560353540002325
