torch.Size([1, 3, 127, 127])
torch.Size([1, 3, 127, 127])
torch.Size([1, 3, 127, 127])
torch.Size([1, 3, 127, 127])
merged size without overlap : 14 14 192
Merged: torch.Size([1, 192, 14, 14])
torch.Size([1, 192, 8, 8])
torch.Size([1, 192, 8, 8])
torch.Size([1, 192, 8, 8])
torch.Size([1, 192, 8, 8])
merged size without overlap : 6 6 256
Merged: torch.Size([1, 256, 6, 6])
torch.Size([1, 1000])
Poll Time: 0.9361222499996984
Layer Times: [0.09577434299990273, 0.06809592499985229, 0.7722519819999434]
Store Push Time: 0.06941069499998775
Store Pull Time: 0.9227449929894647
Merge Time: 0.0017471780001869774
Split Time: 0.000348763999681978
Time: 1.4416228599998249
