torch.Size([1, 3, 127, 127])
torch.Size([1, 3, 127, 127])
torch.Size([1, 3, 127, 127])
torch.Size([1, 3, 127, 127])
merged size without overlap : 14 14 192
Merged: torch.Size([1, 192, 14, 14])
torch.Size([1, 192, 8, 8])
torch.Size([1, 192, 8, 8])
torch.Size([1, 192, 8, 8])
torch.Size([1, 192, 8, 8])
merged size without overlap : 6 6 256
Merged: torch.Size([1, 256, 6, 6])
torch.Size([1, 1000])
Poll Time: 0.9740671129998191
Layer Times: [0.09147288099984507, 0.1136885720002283, 0.7689056599997457]
Store Push Time: 0.0853182289997676
Store Pull Time: 0.9659937489918775
Merge Time: 0.0016519099999641185
Split Time: 0.0004090550000910298
Time: 1.687564535999627
