torch.Size([1, 3, 127, 127])
torch.Size([1, 3, 127, 127])
torch.Size([1, 3, 127, 127])
torch.Size([1, 3, 127, 127])
merged size without overlap : 14 14 192
Merged: torch.Size([1, 192, 14, 14])
torch.Size([1, 192, 8, 8])
torch.Size([1, 192, 8, 8])
torch.Size([1, 192, 8, 8])
torch.Size([1, 192, 8, 8])
merged size without overlap : 6 6 256
Merged: torch.Size([1, 256, 6, 6])
torch.Size([1, 1000])
Poll Time: 0.9492070950000198
Layer Times: [0.06024474299965732, 0.12051540400034355, 0.7684469480000189]
Store Push Time: 0.05917737599929751
Store Pull Time: 0.9362909910005328
Merge Time: 0.0013252589997136965
Split Time: 0.00023331100010182126
Time: 1.371140220000143
