torch.Size([1, 3, 127, 127])
torch.Size([1, 3, 127, 127])
torch.Size([1, 3, 127, 127])
torch.Size([1, 3, 127, 127])
merged size without overlap : 14 14 192
Merged: torch.Size([1, 192, 14, 14])
torch.Size([1, 192, 8, 8])
torch.Size([1, 192, 8, 8])
torch.Size([1, 192, 8, 8])
torch.Size([1, 192, 8, 8])
merged size without overlap : 6 6 256
Merged: torch.Size([1, 256, 6, 6])
torch.Size([1, 1000])
Poll Time: 1.037993904999439
Layer Times: [0.17669987899989792, 0.08915322099983314, 0.772140804999708]
Store Push Time: 0.08608810100031405
Store Pull Time: 1.0305511140022645
Merge Time: 0.0012994499998058018
Split Time: 0.00030441999979302636
Time: 1.7600861079999959
