torch.Size([1, 3, 127, 127])
torch.Size([1, 3, 127, 127])
torch.Size([1, 3, 127, 127])
torch.Size([1, 3, 127, 127])
merged size without overlap : 14 14 192
Merged: torch.Size([1, 192, 14, 14])
torch.Size([1, 192, 8, 8])
torch.Size([1, 192, 8, 8])
torch.Size([1, 192, 8, 8])
torch.Size([1, 192, 8, 8])
merged size without overlap : 6 6 256
Merged: torch.Size([1, 256, 6, 6])
torch.Size([1, 1000])
Poll Time: 2.698290184999678
Layer Times: [0.09065611200003332, 0.10349841199968068, 2.504135660999964]
Store Push Time: 0.0581968649994451
Store Pull Time: 2.677358241998718
Merge Time: 0.0015520649999416491
Split Time: 0.0002828649999173649
Time: 3.4152926350002417
