torch.Size([1, 3, 127, 127])
torch.Size([1, 3, 127, 127])
torch.Size([1, 3, 127, 127])
torch.Size([1, 3, 127, 127])
merged size without overlap : 14 14 192
Merged: torch.Size([1, 192, 14, 14])
torch.Size([1, 192, 8, 8])
torch.Size([1, 192, 8, 8])
torch.Size([1, 192, 8, 8])
torch.Size([1, 192, 8, 8])
merged size without overlap : 6 6 256
Merged: torch.Size([1, 256, 6, 6])
torch.Size([1, 1000])
Poll Time: 0.943434625000009
Layer Times: [0.11569993000011891, 0.07493145899979936, 0.7528032360000907]
Store Push Time: 0.055702045999623806
Store Pull Time: 0.9293071289998807
Merge Time: 0.001214275999700476
Split Time: 0.00033857099970191484
Time: 1.3928529009999693
