torch.Size([1, 3, 127, 127])
torch.Size([1, 3, 127, 127])
torch.Size([1, 3, 127, 127])
torch.Size([1, 3, 127, 127])
merged size without overlap : 14 14 192
Merged: torch.Size([1, 192, 14, 14])
torch.Size([1, 192, 8, 8])
torch.Size([1, 192, 8, 8])
torch.Size([1, 192, 8, 8])
torch.Size([1, 192, 8, 8])
merged size without overlap : 6 6 256
Merged: torch.Size([1, 256, 6, 6])
torch.Size([1, 1000])
Poll Time: 0.9945125350000126
Layer Times: [0.07372277700005725, 0.15460843599976215, 0.7661813220001932]
Store Push Time: 0.0424930129988752
Store Pull Time: 0.9810021360067367
Merge Time: 0.004683946000113792
Split Time: 0.0006196439999257564
Time: 1.3381383229998391
