torch.Size([1, 3, 127, 127])
torch.Size([1, 3, 127, 127])
torch.Size([1, 3, 127, 127])
torch.Size([1, 3, 127, 127])
merged size without overlap : 14 14 192
Merged: torch.Size([1, 192, 14, 14])
torch.Size([1, 192, 8, 8])
torch.Size([1, 192, 8, 8])
torch.Size([1, 192, 8, 8])
torch.Size([1, 192, 8, 8])
merged size without overlap : 6 6 256
Merged: torch.Size([1, 256, 6, 6])
torch.Size([1, 1000])
Poll Time: 1.0641289300001517
Layer Times: [0.20908702999986417, 0.07785067200029516, 0.7771912279999924]
Store Push Time: 0.05745298699912382
Store Pull Time: 1.053503703999013
Merge Time: 0.0011589700002332393
Split Time: 0.0002233209993391938
Time: 1.6455731410001135
