torch.Size([1, 3, 127, 127])
torch.Size([1, 3, 127, 127])
torch.Size([1, 3, 127, 127])
torch.Size([1, 3, 127, 127])
merged size without overlap : 14 14 192
Merged: torch.Size([1, 192, 14, 14])
torch.Size([1, 192, 8, 8])
torch.Size([1, 192, 8, 8])
torch.Size([1, 192, 8, 8])
torch.Size([1, 192, 8, 8])
merged size without overlap : 6 6 256
Merged: torch.Size([1, 256, 6, 6])
Waiting for key data/img_4154
Rerunning data/img_4154...
Waiting for key data/img_4154
Rerunning data/img_4154...
Waiting for key data/img_4154
Rerunning data/img_4154...
Waiting for key data/img_4154
Rerunning data/img_4154...
Waiting for key data/img_4154
Rerunning data/img_4154...
Waiting for key data/img_4154
Rerunning data/img_4154...
Waiting for key data/img_4154
Rerunning data/img_4154...
Waiting for key data/img_4154
Rerunning data/img_4154...
Waiting for key data/img_4154
Rerunning data/img_4154...
Waiting for key data/img_4154
Rerunning data/img_4154...
Waiting for key data/img_4154
Rerunning data/img_4154...
Waiting for key data/img_4154
Rerunning data/img_4154...
Waiting for key data/img_4154
Rerunning data/img_4154...
Waiting for key data/img_4154
Rerunning data/img_4154...
torch.Size([1, 1000])
Poll Time: 70.8561936139995
Layer Times: [0.09724080199976015, 0.07423699999981181, 70.68471581199992]
Store Push Time: 0.03613321999955588
Store Pull Time: 69.1687897980255
Merge Time: 0.003227968999908626
Split Time: 0.0006851929997537809
Time: 71.26216153899986
