torch.Size([1, 3, 127, 127])
torch.Size([1, 3, 127, 127])
torch.Size([1, 3, 127, 127])
torch.Size([1, 3, 127, 127])
merged size without overlap : 14 14 192
Merged: torch.Size([1, 192, 14, 14])
torch.Size([1, 192, 8, 8])
torch.Size([1, 192, 8, 8])
torch.Size([1, 192, 8, 8])
torch.Size([1, 192, 8, 8])
merged size without overlap : 6 6 256
Merged: torch.Size([1, 256, 6, 6])
torch.Size([1, 1000])
Poll Time: 0.962311134000629
Layer Times: [0.087832108999919, 0.09890206300042337, 0.7755769620002866]
Store Push Time: 0.05866468300064298
Store Pull Time: 0.9521764649871329
Merge Time: 0.0043284079997647495
Split Time: 0.0037196909997874172
Time: 1.4630512059998182
