torch.Size([1, 3, 127, 127])
torch.Size([1, 3, 127, 127])
torch.Size([1, 3, 127, 127])
torch.Size([1, 3, 127, 127])
merged size without overlap : 14 14 192
Merged: torch.Size([1, 192, 14, 14])
torch.Size([1, 192, 8, 8])
torch.Size([1, 192, 8, 8])
torch.Size([1, 192, 8, 8])
torch.Size([1, 192, 8, 8])
merged size without overlap : 6 6 256
Merged: torch.Size([1, 256, 6, 6])
torch.Size([1, 1000])
Poll Time: 0.8980594449994896
Layer Times: [0.05981426600010309, 0.07457558999976754, 0.763669588999619]
Store Push Time: 0.04021713600013754
Store Pull Time: 0.8888608369902613
Merge Time: 0.0024490969999533263
Split Time: 0.00021778200016342453
Time: 1.396553527999913
