torch.Size([1, 3, 127, 127])
torch.Size([1, 3, 127, 127])
torch.Size([1, 3, 127, 127])
torch.Size([1, 3, 127, 127])
merged size without overlap : 14 14 192
Merged: torch.Size([1, 192, 14, 14])
torch.Size([1, 192, 8, 8])
torch.Size([1, 192, 8, 8])
torch.Size([1, 192, 8, 8])
torch.Size([1, 192, 8, 8])
merged size without overlap : 6 6 256
Merged: torch.Size([1, 256, 6, 6])
torch.Size([1, 1000])
Poll Time: 0.9169911969997884
Layer Times: [0.08199754599991138, 0.0710415160001503, 0.7639521349997267]
Store Push Time: 0.03204913399895304
Store Pull Time: 0.9007534269962889
Merge Time: 0.0007675769998058968
Split Time: 0.0002040300000771822
Time: 1.2227183969998805
