torch.Size([1, 3, 127, 127])
torch.Size([1, 3, 127, 127])
torch.Size([1, 3, 127, 127])
torch.Size([1, 3, 127, 127])
merged size without overlap : 14 14 192
Merged: torch.Size([1, 192, 14, 14])
torch.Size([1, 192, 8, 8])
torch.Size([1, 192, 8, 8])
torch.Size([1, 192, 8, 8])
torch.Size([1, 192, 8, 8])
merged size without overlap : 6 6 256
Merged: torch.Size([1, 256, 6, 6])
torch.Size([1, 1000])
Poll Time: 0.9482909179996568
Layer Times: [0.09491937399980088, 0.06845859499981088, 0.784912949000045]
Store Push Time: 0.058169123000425316
Store Pull Time: 0.9404054799933874
Merge Time: 0.0007951359998514818
Split Time: 0.00023350299989033374
Time: 1.5408788680001635
