torch.Size([1, 3, 127, 127])
torch.Size([1, 3, 127, 127])
torch.Size([1, 3, 127, 127])
torch.Size([1, 3, 127, 127])
merged size without overlap : 14 14 192
Merged: torch.Size([1, 192, 14, 14])
torch.Size([1, 192, 8, 8])
torch.Size([1, 192, 8, 8])
torch.Size([1, 192, 8, 8])
torch.Size([1, 192, 8, 8])
merged size without overlap : 6 6 256
Merged: torch.Size([1, 256, 6, 6])
torch.Size([1, 1000])
Poll Time: 0.9333272670005499
Layer Times: [0.05993349400023362, 0.08863647099997252, 0.7847573020003438]
Store Push Time: 0.042552592000447476
Store Pull Time: 0.9212173230030203
Merge Time: 0.0007910579997769673
Split Time: 0.0002134790001946385
Time: 1.3489168639998752
