torch.Size([1, 3, 127, 127])
torch.Size([1, 3, 127, 127])
torch.Size([1, 3, 127, 127])
torch.Size([1, 3, 127, 127])
merged size without overlap : 14 14 192
Merged: torch.Size([1, 192, 14, 14])
torch.Size([1, 192, 8, 8])
torch.Size([1, 192, 8, 8])
torch.Size([1, 192, 8, 8])
torch.Size([1, 192, 8, 8])
merged size without overlap : 6 6 256
Merged: torch.Size([1, 256, 6, 6])
torch.Size([1, 1000])
Poll Time: 0.9730340189998969
Layer Times: [0.06753726199985977, 0.08948528400014766, 0.8160114729998895]
Store Push Time: 0.47680146700076875
Store Pull Time: 0.9508489239983646
Merge Time: 0.0010649020000528253
Split Time: 0.00023940199980643229
Time: 1.7119420829999399
