torch.Size([1, 3, 127, 127])
torch.Size([1, 3, 127, 127])
torch.Size([1, 3, 127, 127])
torch.Size([1, 3, 127, 127])
merged size without overlap : 14 14 192
Merged: torch.Size([1, 192, 14, 14])
torch.Size([1, 192, 8, 8])
torch.Size([1, 192, 8, 8])
torch.Size([1, 192, 8, 8])
torch.Size([1, 192, 8, 8])
merged size without overlap : 6 6 256
Merged: torch.Size([1, 256, 6, 6])
torch.Size([1, 1000])
Poll Time: 0.9881156940004985
Layer Times: [0.07348273300021901, 0.08301629200013849, 0.831616669000141]
Store Push Time: 0.05065915799968934
Store Pull Time: 0.9779927289978332
Merge Time: 0.0009602760001143906
Split Time: 0.0002123170002050756
Time: 1.6439500639999096
