torch.Size([1, 3, 127, 127])
torch.Size([1, 3, 127, 127])
torch.Size([1, 3, 127, 127])
torch.Size([1, 3, 127, 127])
merged size without overlap : 14 14 192
Merged: torch.Size([1, 192, 14, 14])
torch.Size([1, 192, 8, 8])
torch.Size([1, 192, 8, 8])
torch.Size([1, 192, 8, 8])
torch.Size([1, 192, 8, 8])
merged size without overlap : 6 6 256
Merged: torch.Size([1, 256, 6, 6])
torch.Size([1, 1000])
Poll Time: 0.9308176670001558
Layer Times: [0.08694317000026786, 0.08111023999981626, 0.7627642570000717]
Store Push Time: 0.06588568899951497
Store Pull Time: 0.9077976570056308
Merge Time: 0.0014687329999105714
Split Time: 0.00021422899999379297
Time: 1.440813817000162
