torch.Size([1, 3, 127, 127])
torch.Size([1, 3, 127, 127])
torch.Size([1, 3, 127, 127])
torch.Size([1, 3, 127, 127])
merged size without overlap : 14 14 192
Merged: torch.Size([1, 192, 14, 14])
torch.Size([1, 192, 8, 8])
torch.Size([1, 192, 8, 8])
torch.Size([1, 192, 8, 8])
torch.Size([1, 192, 8, 8])
merged size without overlap : 6 6 256
Merged: torch.Size([1, 256, 6, 6])
torch.Size([1, 1000])
Poll Time: 0.9573142479998751
Layer Times: [0.07547041999987414, 0.11503017799986992, 0.766813650000131]
Store Push Time: 0.05635953900082313
Store Pull Time: 0.9456154260064977
Merge Time: 0.0013036109999120526
Split Time: 0.00032931199984886916
Time: 1.5655713359997208
