torch.Size([1, 3, 127, 127])
torch.Size([1, 3, 127, 127])
torch.Size([1, 3, 127, 127])
torch.Size([1, 3, 127, 127])
merged size without overlap : 14 14 192
Merged: torch.Size([1, 192, 14, 14])
torch.Size([1, 192, 8, 8])
torch.Size([1, 192, 8, 8])
torch.Size([1, 192, 8, 8])
torch.Size([1, 192, 8, 8])
merged size without overlap : 6 6 256
Merged: torch.Size([1, 256, 6, 6])
torch.Size([1, 1000])
Poll Time: 2.119493333999799
Layer Times: [0.05536163699980534, 0.11111449400004858, 1.9530172029999449]
Store Push Time: 0.03938505600081044
Store Pull Time: 2.0882157599935454
Merge Time: 0.0007529459999204846
Split Time: 0.00021103299968672218
Time: 2.432561152999824
