torch.Size([1, 3, 127, 127])
torch.Size([1, 3, 127, 127])
torch.Size([1, 3, 127, 127])
torch.Size([1, 3, 127, 127])
merged size without overlap : 14 14 192
Merged: torch.Size([1, 192, 14, 14])
torch.Size([1, 192, 8, 8])
torch.Size([1, 192, 8, 8])
torch.Size([1, 192, 8, 8])
torch.Size([1, 192, 8, 8])
merged size without overlap : 6 6 256
Merged: torch.Size([1, 256, 6, 6])
torch.Size([1, 1000])
Poll Time: 0.9362727860002451
Layer Times: [0.07554673499998898, 0.07406085299999177, 0.7866651980002644]
Store Push Time: 0.05406853200020123
Store Pull Time: 0.9277686679984072
Merge Time: 0.0010918509997281944
Split Time: 0.0012829520001105266
Time: 1.4260889979996136
