torch.Size([1, 3, 127, 127])
torch.Size([1, 3, 127, 127])
torch.Size([1, 3, 127, 127])
torch.Size([1, 3, 127, 127])
merged size without overlap : 14 14 192
Merged: torch.Size([1, 192, 14, 14])
torch.Size([1, 192, 8, 8])
torch.Size([1, 192, 8, 8])
torch.Size([1, 192, 8, 8])
torch.Size([1, 192, 8, 8])
merged size without overlap : 6 6 256
Merged: torch.Size([1, 256, 6, 6])
torch.Size([1, 1000])
Poll Time: 0.9176934820006863
Layer Times: [0.052706565000335104, 0.0950306830000045, 0.7699562340003467]
Store Push Time: 0.1146784760007904
Store Pull Time: 0.9081209730079536
Merge Time: 0.006080617999941751
Split Time: 0.00034288799952264526
Time: 1.4365901289997964
