torch.Size([1, 3, 127, 127])
torch.Size([1, 3, 127, 127])
torch.Size([1, 3, 127, 127])
torch.Size([1, 3, 127, 127])
merged size without overlap : 14 14 192
Merged: torch.Size([1, 192, 14, 14])
torch.Size([1, 192, 8, 8])
torch.Size([1, 192, 8, 8])
torch.Size([1, 192, 8, 8])
torch.Size([1, 192, 8, 8])
merged size without overlap : 6 6 256
Merged: torch.Size([1, 256, 6, 6])
torch.Size([1, 1000])
Poll Time: 1.652271773999928
Layer Times: [0.770839530000103, 0.09907488199996806, 0.782357361999857]
Store Push Time: 0.0513003259998186
Store Pull Time: 1.6335981590004849
Merge Time: 0.002029784000114887
Split Time: 0.00023034099967844668
Time: 2.1741811179999786
