torch.Size([1, 3, 127, 127])
torch.Size([1, 3, 127, 127])
torch.Size([1, 3, 127, 127])
torch.Size([1, 3, 127, 127])
merged size without overlap : 14 14 192
Merged: torch.Size([1, 192, 14, 14])
torch.Size([1, 192, 8, 8])
torch.Size([1, 192, 8, 8])
torch.Size([1, 192, 8, 8])
torch.Size([1, 192, 8, 8])
merged size without overlap : 6 6 256
Merged: torch.Size([1, 256, 6, 6])
torch.Size([1, 1000])
Poll Time: 0.9741708239998843
Layer Times: [0.08601824000015768, 0.08760954499985019, 0.8005430389998764]
Store Push Time: 0.0823827229996823
Store Pull Time: 0.9608757129926744
Merge Time: 0.0010217879998890567
Split Time: 0.00020418699978108634
Time: 1.7967369839998355
