torch.Size([1, 3, 127, 127])
torch.Size([1, 3, 127, 127])
torch.Size([1, 3, 127, 127])
torch.Size([1, 3, 127, 127])
merged size without overlap : 14 14 192
Merged: torch.Size([1, 192, 14, 14])
torch.Size([1, 192, 8, 8])
torch.Size([1, 192, 8, 8])
torch.Size([1, 192, 8, 8])
torch.Size([1, 192, 8, 8])
merged size without overlap : 6 6 256
Merged: torch.Size([1, 256, 6, 6])
torch.Size([1, 1000])
Poll Time: 0.9551005750004151
Layer Times: [0.08793859100023838, 0.08694023500038384, 0.7802217489997929]
Store Push Time: 0.0336875929992857
Store Pull Time: 0.945898276002481
Merge Time: 0.0007966329999362642
Split Time: 0.00021678200027963612
Time: 1.3741207160001068
