torch.Size([1, 3, 127, 127])
torch.Size([1, 3, 127, 127])
torch.Size([1, 3, 127, 127])
torch.Size([1, 3, 127, 127])
merged size without overlap : 14 14 192
Merged: torch.Size([1, 192, 14, 14])
torch.Size([1, 192, 8, 8])
torch.Size([1, 192, 8, 8])
torch.Size([1, 192, 8, 8])
torch.Size([1, 192, 8, 8])
merged size without overlap : 6 6 256
Merged: torch.Size([1, 256, 6, 6])
torch.Size([1, 1000])
Poll Time: 0.9662943200000882
Layer Times: [0.10085293700012699, 0.06604746399989381, 0.7993939190000674]
Store Push Time: 0.04143634299907717
Store Pull Time: 0.9591413659877617
Merge Time: 0.0008110439998745278
Split Time: 0.00021191899986661156
Time: 1.6536970459997065
