torch.Size([1, 3, 127, 127])
torch.Size([1, 3, 127, 127])
torch.Size([1, 3, 127, 127])
torch.Size([1, 3, 127, 127])
merged size without overlap : 14 14 192
Merged: torch.Size([1, 192, 14, 14])
torch.Size([1, 192, 8, 8])
torch.Size([1, 192, 8, 8])
torch.Size([1, 192, 8, 8])
torch.Size([1, 192, 8, 8])
merged size without overlap : 6 6 256
Merged: torch.Size([1, 256, 6, 6])
torch.Size([1, 1000])
Poll Time: 0.9902711560007447
Layer Times: [0.10616212800005087, 0.09703102900039084, 0.787077999000303]
Store Push Time: 0.0407855709991054
Store Pull Time: 0.9811707929870863
Merge Time: 0.0007869730002312281
Split Time: 0.00021748300014223787
Time: 1.4536855499995909
