torch.Size([1, 3, 127, 127])
torch.Size([1, 3, 127, 127])
torch.Size([1, 3, 127, 127])
torch.Size([1, 3, 127, 127])
merged size without overlap : 14 14 192
Merged: torch.Size([1, 192, 14, 14])
torch.Size([1, 192, 8, 8])
torch.Size([1, 192, 8, 8])
torch.Size([1, 192, 8, 8])
torch.Size([1, 192, 8, 8])
merged size without overlap : 6 6 256
Merged: torch.Size([1, 256, 6, 6])
torch.Size([1, 1000])
Poll Time: 0.993852613999934
Layer Times: [0.09585217199992258, 0.0743876450001153, 0.8236127969998961]
Store Push Time: 0.03991726499998549
Store Pull Time: 0.9810909989932952
Merge Time: 0.00075516599963521
Split Time: 0.00043664499980877736
Time: 1.3221091890000025
