torch.Size([1, 3, 127, 127])
torch.Size([1, 3, 127, 127])
torch.Size([1, 3, 127, 127])
torch.Size([1, 3, 127, 127])
merged size without overlap : 14 14 192
Merged: torch.Size([1, 192, 14, 14])
torch.Size([1, 192, 8, 8])
torch.Size([1, 192, 8, 8])
torch.Size([1, 192, 8, 8])
torch.Size([1, 192, 8, 8])
merged size without overlap : 6 6 256
Merged: torch.Size([1, 256, 6, 6])
torch.Size([1, 1000])
Poll Time: 0.9869874339992748
Layer Times: [0.0935753669996302, 0.11166564999984985, 0.7817464169997947]
Store Push Time: 0.2601356769987433
Store Pull Time: 0.9791941219859837
Merge Time: 0.008193314999971335
Split Time: 0.0003549480002220662
Time: 1.539545223999994
