torch.Size([1, 3, 127, 127])
torch.Size([1, 3, 127, 127])
torch.Size([1, 3, 127, 127])
torch.Size([1, 3, 127, 127])
merged size without overlap : 14 14 192
Merged: torch.Size([1, 192, 14, 14])
torch.Size([1, 192, 8, 8])
torch.Size([1, 192, 8, 8])
torch.Size([1, 192, 8, 8])
torch.Size([1, 192, 8, 8])
merged size without overlap : 6 6 256
Merged: torch.Size([1, 256, 6, 6])
torch.Size([1, 1000])
Poll Time: 1.0001782469998943
Layer Times: [0.1083073400000103, 0.08559918199989625, 0.8062717249999878]
Store Push Time: 0.03586697699893193
Store Pull Time: 0.9859806869885688
Merge Time: 0.0013055409999651602
Split Time: 0.00023143400039771223
Time: 1.3196543129997735
