torch.Size([1, 3, 127, 127])
torch.Size([1, 3, 127, 127])
torch.Size([1, 3, 127, 127])
torch.Size([1, 3, 127, 127])
merged size without overlap : 14 14 192
Merged: torch.Size([1, 192, 14, 14])
torch.Size([1, 192, 8, 8])
torch.Size([1, 192, 8, 8])
torch.Size([1, 192, 8, 8])
torch.Size([1, 192, 8, 8])
merged size without overlap : 6 6 256
Merged: torch.Size([1, 256, 6, 6])
torch.Size([1, 1000])
Poll Time: 0.9791210969997337
Layer Times: [0.0988721879998593, 0.11002337799982342, 0.770225531000051]
Store Push Time: 0.05790864799837436
Store Pull Time: 0.9673540089947892
Merge Time: 0.0007808989998920879
Split Time: 0.0005666770002790145
Time: 1.6494950460000837
