torch.Size([1, 3, 127, 127])
torch.Size([1, 3, 127, 127])
torch.Size([1, 3, 127, 127])
torch.Size([1, 3, 127, 127])
merged size without overlap : 14 14 192
Merged: torch.Size([1, 192, 14, 14])
torch.Size([1, 192, 8, 8])
torch.Size([1, 192, 8, 8])
torch.Size([1, 192, 8, 8])
torch.Size([1, 192, 8, 8])
merged size without overlap : 6 6 256
Merged: torch.Size([1, 256, 6, 6])
torch.Size([1, 1000])
Poll Time: 0.9570823250001013
Layer Times: [0.0853209620004236, 0.08205533000000287, 0.7897060329996748]
Store Push Time: 0.05495658599966191
Store Pull Time: 0.945286384001065
Merge Time: 0.0008096740002656588
Split Time: 0.0004001950001111254
Time: 1.367297502999918
