torch.Size([1, 3, 127, 127])
torch.Size([1, 3, 127, 127])
torch.Size([1, 3, 127, 127])
torch.Size([1, 3, 127, 127])
merged size without overlap : 14 14 192
Merged: torch.Size([1, 192, 14, 14])
torch.Size([1, 192, 8, 8])
torch.Size([1, 192, 8, 8])
torch.Size([1, 192, 8, 8])
torch.Size([1, 192, 8, 8])
merged size without overlap : 6 6 256
Merged: torch.Size([1, 256, 6, 6])
torch.Size([1, 1000])
Poll Time: 2.530269119999957
Layer Times: [0.0769043390000661, 0.08880107599998155, 2.3645637049999095]
Store Push Time: 0.06114749900007155
Store Pull Time: 2.503160702997775
Merge Time: 0.0008190479998120281
Split Time: 0.0004097119999642018
Time: 2.9768498560001717
