torch.Size([1, 3, 127, 127])
torch.Size([1, 3, 127, 127])
torch.Size([1, 3, 127, 127])
torch.Size([1, 3, 127, 127])
merged size without overlap : 14 14 192
Merged: torch.Size([1, 192, 14, 14])
torch.Size([1, 192, 8, 8])
torch.Size([1, 192, 8, 8])
torch.Size([1, 192, 8, 8])
torch.Size([1, 192, 8, 8])
merged size without overlap : 6 6 256
Merged: torch.Size([1, 256, 6, 6])
torch.Size([1, 1000])
Poll Time: 1.1046725830001378
Layer Times: [0.2096928390001267, 0.10111644500011607, 0.793863298999895]
Store Push Time: 0.05027860200016221
Store Pull Time: 1.094613430008394
Merge Time: 0.0008811510001578426
Split Time: 0.00022944900001675705
Time: 1.8982728860000861
