torch.Size([1, 3, 127, 127])
torch.Size([1, 3, 127, 127])
torch.Size([1, 3, 127, 127])
torch.Size([1, 3, 127, 127])
merged size without overlap : 14 14 192
Merged: torch.Size([1, 192, 14, 14])
torch.Size([1, 192, 8, 8])
torch.Size([1, 192, 8, 8])
torch.Size([1, 192, 8, 8])
torch.Size([1, 192, 8, 8])
merged size without overlap : 6 6 256
Merged: torch.Size([1, 256, 6, 6])
torch.Size([1, 1000])
Poll Time: 1.0002787630000967
Layer Times: [0.08175924400029544, 0.11731427299991992, 0.8012052459998813]
Store Push Time: 0.04947938499981319
Store Pull Time: 0.9877536300027714
Merge Time: 0.0010386400003881135
Split Time: 0.00021145900018382235
Time: 1.4132896510000137
