torch.Size([1, 3, 127, 127])
torch.Size([1, 3, 127, 127])
torch.Size([1, 3, 127, 127])
torch.Size([1, 3, 127, 127])
merged size without overlap : 14 14 192
Merged: torch.Size([1, 192, 14, 14])
torch.Size([1, 192, 8, 8])
torch.Size([1, 192, 8, 8])
torch.Size([1, 192, 8, 8])
torch.Size([1, 192, 8, 8])
merged size without overlap : 6 6 256
Merged: torch.Size([1, 256, 6, 6])
torch.Size([1, 1000])
Poll Time: 1.5558350930000415
Layer Times: [0.08273137300011513, 0.07797032500002388, 1.3951333949999025]
Store Push Time: 0.06065580199992837
Store Pull Time: 1.539643213000545
Merge Time: 0.0036369300000842486
Split Time: 0.0006690200002594793
Time: 2.3028252570002223
