torch.Size([1, 3, 127, 127])
torch.Size([1, 3, 127, 127])
torch.Size([1, 3, 127, 127])
torch.Size([1, 3, 127, 127])
merged size without overlap : 14 14 192
Merged: torch.Size([1, 192, 14, 14])
torch.Size([1, 192, 8, 8])
torch.Size([1, 192, 8, 8])
torch.Size([1, 192, 8, 8])
torch.Size([1, 192, 8, 8])
merged size without overlap : 6 6 256
Merged: torch.Size([1, 256, 6, 6])
torch.Size([1, 1000])
Poll Time: 0.9452104480001253
Layer Times: [0.09424738200004867, 0.07792186500000753, 0.7730412010000691]
Store Push Time: 0.050416206999670976
Store Pull Time: 0.9359817059917077
Merge Time: 0.0011510540002745984
Split Time: 0.0003084160002799763
Time: 1.4420200109998405
