torch.Size([1, 3, 127, 127])
torch.Size([1, 3, 127, 127])
torch.Size([1, 3, 127, 127])
torch.Size([1, 3, 127, 127])
merged size without overlap : 14 14 192
Merged: torch.Size([1, 192, 14, 14])
torch.Size([1, 192, 8, 8])
torch.Size([1, 192, 8, 8])
torch.Size([1, 192, 8, 8])
torch.Size([1, 192, 8, 8])
merged size without overlap : 6 6 256
Merged: torch.Size([1, 256, 6, 6])
torch.Size([1, 1000])
Poll Time: 0.8933897830002024
Layer Times: [0.072414407999986, 0.06177500500007227, 0.7592003700001442]
Store Push Time: 0.08459370899981877
Store Pull Time: 0.8854610619973755
Merge Time: 0.0037427779998324695
Split Time: 0.0002457020000292687
Time: 1.9231323619997056
