torch.Size([1, 3, 127, 127])
torch.Size([1, 3, 127, 127])
torch.Size([1, 3, 127, 127])
torch.Size([1, 3, 127, 127])
merged size without overlap : 14 14 192
Merged: torch.Size([1, 192, 14, 14])
torch.Size([1, 192, 8, 8])
torch.Size([1, 192, 8, 8])
torch.Size([1, 192, 8, 8])
torch.Size([1, 192, 8, 8])
merged size without overlap : 6 6 256
Merged: torch.Size([1, 256, 6, 6])
torch.Size([1, 1000])
Poll Time: 1.06537411599993
Layer Times: [0.06871901400018032, 0.09319461099994442, 0.9034604909998052]
Store Push Time: 0.046747471000344376
Store Pull Time: 1.052484908000224
Merge Time: 0.0007809940002516669
Split Time: 0.0005132930000399938
Time: 1.5730850339996323
