torch.Size([1, 3, 127, 127])
torch.Size([1, 3, 127, 127])
torch.Size([1, 3, 127, 127])
torch.Size([1, 3, 127, 127])
merged size without overlap : 14 14 192
Merged: torch.Size([1, 192, 14, 14])
torch.Size([1, 192, 8, 8])
torch.Size([1, 192, 8, 8])
torch.Size([1, 192, 8, 8])
torch.Size([1, 192, 8, 8])
merged size without overlap : 6 6 256
Merged: torch.Size([1, 256, 6, 6])
torch.Size([1, 1000])
Poll Time: 1.08057206400008
Layer Times: [0.07256145300016215, 0.11663006900016626, 0.8913805419997516]
Store Push Time: 0.05387007799981802
Store Pull Time: 1.071396754999114
Merge Time: 0.002277968999806035
Split Time: 0.0002152649999516143
Time: 1.5871128060002775
