torch.Size([1, 3, 127, 127])
torch.Size([1, 3, 127, 127])
torch.Size([1, 3, 127, 127])
torch.Size([1, 3, 127, 127])
merged size without overlap : 14 14 192
Merged: torch.Size([1, 192, 14, 14])
torch.Size([1, 192, 8, 8])
torch.Size([1, 192, 8, 8])
torch.Size([1, 192, 8, 8])
torch.Size([1, 192, 8, 8])
merged size without overlap : 6 6 256
Merged: torch.Size([1, 256, 6, 6])
torch.Size([1, 1000])
Poll Time: 0.9534444810001332
Layer Times: [0.0734727499998371, 0.10873522000019875, 0.7712365110000974]
Store Push Time: 0.0357924559998537
Store Pull Time: 0.9364155959915479
Merge Time: 0.0007709069996053586
Split Time: 0.00020809199986615567
Time: 1.2437705130000722
