torch.Size([1, 3, 127, 127])
torch.Size([1, 3, 127, 127])
torch.Size([1, 3, 127, 127])
torch.Size([1, 3, 127, 127])
merged size without overlap : 14 14 192
Merged: torch.Size([1, 192, 14, 14])
torch.Size([1, 192, 8, 8])
torch.Size([1, 192, 8, 8])
torch.Size([1, 192, 8, 8])
torch.Size([1, 192, 8, 8])
merged size without overlap : 6 6 256
Merged: torch.Size([1, 256, 6, 6])
torch.Size([1, 1000])
Poll Time: 1.0902236780002568
Layer Times: [0.08571071899996241, 0.08908287200029008, 0.9154300870000043]
Store Push Time: 0.03644243299959271
Store Pull Time: 1.0808932770005413
Merge Time: 0.0011671580004986026
Split Time: 0.00032908200000747456
Time: 1.692138659000193
