torch.Size([1, 3, 127, 127])
torch.Size([1, 3, 127, 127])
torch.Size([1, 3, 127, 127])
torch.Size([1, 3, 127, 127])
merged size without overlap : 14 14 192
Merged: torch.Size([1, 192, 14, 14])
torch.Size([1, 192, 8, 8])
torch.Size([1, 192, 8, 8])
torch.Size([1, 192, 8, 8])
torch.Size([1, 192, 8, 8])
merged size without overlap : 6 6 256
Merged: torch.Size([1, 256, 6, 6])
torch.Size([1, 1000])
Poll Time: 5.08823743199946
Layer Times: [0.09536465899964242, 0.0748847959998784, 4.917987976999939]
Store Push Time: 0.07531930100094542
Store Pull Time: 5.029256751021876
Merge Time: 0.0008044620003602176
Split Time: 0.0002228700004707207
Time: 5.652374089999739
