torch.Size([1, 3, 127, 127])
torch.Size([1, 3, 127, 127])
torch.Size([1, 3, 127, 127])
torch.Size([1, 3, 127, 127])
merged size without overlap : 14 14 192
Merged: torch.Size([1, 192, 14, 14])
torch.Size([1, 192, 8, 8])
torch.Size([1, 192, 8, 8])
torch.Size([1, 192, 8, 8])
torch.Size([1, 192, 8, 8])
merged size without overlap : 6 6 256
Merged: torch.Size([1, 256, 6, 6])
torch.Size([1, 1000])
Poll Time: 0.9276333150005485
Layer Times: [0.05516740500024753, 0.10809233999998469, 0.7643735700003162]
Store Push Time: 0.03657655200049703
Store Pull Time: 0.9172957000041606
Merge Time: 0.001068282999767689
Split Time: 0.00023715999986961833
Time: 1.3451416319999225
