torch.Size([1, 3, 127, 127])
torch.Size([1, 3, 127, 127])
torch.Size([1, 3, 127, 127])
torch.Size([1, 3, 127, 127])
merged size without overlap : 14 14 192
Merged: torch.Size([1, 192, 14, 14])
torch.Size([1, 192, 8, 8])
torch.Size([1, 192, 8, 8])
torch.Size([1, 192, 8, 8])
torch.Size([1, 192, 8, 8])
merged size without overlap : 6 6 256
Merged: torch.Size([1, 256, 6, 6])
torch.Size([1, 1000])
Poll Time: 1.1281000610001684
Layer Times: [0.29044261099988944, 0.07172785200009457, 0.7659295980001843]
Store Push Time: 0.03665895300082411
Store Pull Time: 1.1200525030117205
Merge Time: 0.0007601100001011218
Split Time: 0.0002131649998773355
Time: 1.6185983169998508
