torch.Size([1, 3, 127, 127])
torch.Size([1, 3, 127, 127])
torch.Size([1, 3, 127, 127])
torch.Size([1, 3, 127, 127])
merged size without overlap : 14 14 192
Merged: torch.Size([1, 192, 14, 14])
torch.Size([1, 192, 8, 8])
torch.Size([1, 192, 8, 8])
torch.Size([1, 192, 8, 8])
torch.Size([1, 192, 8, 8])
merged size without overlap : 6 6 256
Merged: torch.Size([1, 256, 6, 6])
torch.Size([1, 1000])
Poll Time: 0.9075736109994068
Layer Times: [0.06793548999985433, 0.07107234799968865, 0.7685657729998638]
Store Push Time: 0.06504136500007007
Store Pull Time: 0.8917694109854892
Merge Time: 0.0008115069999803382
Split Time: 0.00021585900049103657
Time: 1.2481711180003003
