torch.Size([1, 3, 127, 127])
torch.Size([1, 3, 127, 127])
torch.Size([1, 3, 127, 127])
torch.Size([1, 3, 127, 127])
merged size without overlap : 14 14 192
Merged: torch.Size([1, 192, 14, 14])
torch.Size([1, 192, 8, 8])
torch.Size([1, 192, 8, 8])
torch.Size([1, 192, 8, 8])
torch.Size([1, 192, 8, 8])
merged size without overlap : 6 6 256
Merged: torch.Size([1, 256, 6, 6])
torch.Size([1, 1000])
Poll Time: 0.9619617680000374
Layer Times: [0.067860268000004, 0.09003293700016002, 0.8040685629998734]
Store Push Time: 0.08861259799959953
Store Pull Time: 0.9539500359956037
Merge Time: 0.013640511000176048
Split Time: 0.0003331670000079612
Time: 1.4152740489998905
