torch.Size([1, 3, 127, 127])
torch.Size([1, 3, 127, 127])
torch.Size([1, 3, 127, 127])
torch.Size([1, 3, 127, 127])
merged size without overlap : 14 14 192
Merged: torch.Size([1, 192, 14, 14])
torch.Size([1, 192, 8, 8])
torch.Size([1, 192, 8, 8])
torch.Size([1, 192, 8, 8])
torch.Size([1, 192, 8, 8])
merged size without overlap : 6 6 256
Merged: torch.Size([1, 256, 6, 6])
torch.Size([1, 1000])
Poll Time: 0.9592729999994845
Layer Times: [0.06801650799980052, 0.07757742800004053, 0.8136790639996434]
Store Push Time: 0.05498547000070175
Store Pull Time: 0.9491405830026451
Merge Time: 0.001730787000269629
Split Time: 0.0002342499997212144
Time: 1.397936646999824
