torch.Size([1, 3, 127, 127])
torch.Size([1, 3, 127, 127])
torch.Size([1, 3, 127, 127])
torch.Size([1, 3, 127, 127])
merged size without overlap : 14 14 192
Merged: torch.Size([1, 192, 14, 14])
torch.Size([1, 192, 8, 8])
torch.Size([1, 192, 8, 8])
torch.Size([1, 192, 8, 8])
torch.Size([1, 192, 8, 8])
merged size without overlap : 6 6 256
Merged: torch.Size([1, 256, 6, 6])
torch.Size([1, 1000])
Poll Time: 0.9681812300000274
Layer Times: [0.07784965400014698, 0.11927205299980415, 0.7710595230000763]
Store Push Time: 0.03399401399974522
Store Pull Time: 0.9515163379924161
Merge Time: 0.0008369439997295558
Split Time: 0.00021412300020529074
Time: 1.2486227499998677
