torch.Size([1, 3, 127, 127])
torch.Size([1, 3, 127, 127])
torch.Size([1, 3, 127, 127])
torch.Size([1, 3, 127, 127])
merged size without overlap : 14 14 192
Merged: torch.Size([1, 192, 14, 14])
torch.Size([1, 192, 8, 8])
torch.Size([1, 192, 8, 8])
torch.Size([1, 192, 8, 8])
torch.Size([1, 192, 8, 8])
merged size without overlap : 6 6 256
Merged: torch.Size([1, 256, 6, 6])
torch.Size([1, 1000])
Poll Time: 1.0947603539998454
Layer Times: [0.08763013699990552, 0.143829131000075, 0.8633010859998649]
Store Push Time: 0.06291044099998544
Store Pull Time: 1.08501798098996
Merge Time: 0.008190897000076802
Split Time: 0.002493353000318166
Time: 1.5221623699999327
