torch.Size([1, 3, 127, 127])
torch.Size([1, 3, 127, 127])
torch.Size([1, 3, 127, 127])
torch.Size([1, 3, 127, 127])
merged size without overlap : 14 14 192
Merged: torch.Size([1, 192, 14, 14])
torch.Size([1, 192, 8, 8])
torch.Size([1, 192, 8, 8])
torch.Size([1, 192, 8, 8])
torch.Size([1, 192, 8, 8])
merged size without overlap : 6 6 256
Merged: torch.Size([1, 256, 6, 6])
torch.Size([1, 1000])
Poll Time: 0.9386272780006948
Layer Times: [0.09764334800001961, 0.07234235500027353, 0.7686415750004016]
Store Push Time: 0.03593520799995531
Store Pull Time: 0.9282154889970116
Merge Time: 0.0008222740002565843
Split Time: 0.00022312399960355833
Time: 1.3203320110001187
