torch.Size([1, 3, 127, 127])
torch.Size([1, 3, 127, 127])
torch.Size([1, 3, 127, 127])
torch.Size([1, 3, 127, 127])
merged size without overlap : 14 14 192
Merged: torch.Size([1, 192, 14, 14])
torch.Size([1, 192, 8, 8])
torch.Size([1, 192, 8, 8])
torch.Size([1, 192, 8, 8])
torch.Size([1, 192, 8, 8])
merged size without overlap : 6 6 256
Merged: torch.Size([1, 256, 6, 6])
torch.Size([1, 1000])
Poll Time: 0.9614369769997211
Layer Times: [0.09593732499979524, 0.09954174699987561, 0.7659579050000502]
Store Push Time: 0.04239068400056567
Store Pull Time: 0.9499523570011661
Merge Time: 0.0010439239999868732
Split Time: 0.00020599100025719963
Time: 1.422401698000158
