torch.Size([1, 3, 127, 127])
torch.Size([1, 3, 127, 127])
torch.Size([1, 3, 127, 127])
torch.Size([1, 3, 127, 127])
merged size without overlap : 14 14 192
Merged: torch.Size([1, 192, 14, 14])
torch.Size([1, 192, 8, 8])
torch.Size([1, 192, 8, 8])
torch.Size([1, 192, 8, 8])
torch.Size([1, 192, 8, 8])
merged size without overlap : 6 6 256
Merged: torch.Size([1, 256, 6, 6])
torch.Size([1, 1000])
Poll Time: 0.949090874999456
Layer Times: [0.055774861999907444, 0.10835158299960312, 0.7849644299999454]
Store Push Time: 0.04595761000018683
Store Pull Time: 0.9327998460012168
Merge Time: 0.0040255670000988175
Split Time: 0.0009913740000229154
Time: 1.4013559080003688
