torch.Size([1, 3, 127, 127])
torch.Size([1, 3, 127, 127])
torch.Size([1, 3, 127, 127])
torch.Size([1, 3, 127, 127])
merged size without overlap : 14 14 192
Merged: torch.Size([1, 192, 14, 14])
torch.Size([1, 192, 8, 8])
torch.Size([1, 192, 8, 8])
torch.Size([1, 192, 8, 8])
torch.Size([1, 192, 8, 8])
merged size without overlap : 6 6 256
Merged: torch.Size([1, 256, 6, 6])
torch.Size([1, 1000])
Poll Time: 1.1111126370005877
Layer Times: [0.25762246200019945, 0.0773083110002517, 0.7761818640001366]
Store Push Time: 0.07615962799991394
Store Pull Time: 1.0969077770041622
Merge Time: 0.000877479999417119
Split Time: 0.00023991499983821996
Time: 1.621302734999972
