torch.Size([1, 3, 127, 127])
torch.Size([1, 3, 127, 127])
torch.Size([1, 3, 127, 127])
torch.Size([1, 3, 127, 127])
merged size without overlap : 14 14 192
Merged: torch.Size([1, 192, 14, 14])
torch.Size([1, 192, 8, 8])
torch.Size([1, 192, 8, 8])
torch.Size([1, 192, 8, 8])
torch.Size([1, 192, 8, 8])
merged size without overlap : 6 6 256
Merged: torch.Size([1, 256, 6, 6])
torch.Size([1, 1000])
Poll Time: 1.0141899910004213
Layer Times: [0.16731167099987942, 0.08212442200010628, 0.7647538980004356]
Store Push Time: 0.07900196999980835
Store Pull Time: 0.9984169130029841
Merge Time: 0.0014935619997231697
Split Time: 0.00029745199981334736
Time: 1.546145635999892
