torch.Size([1, 3, 127, 127])
torch.Size([1, 3, 127, 127])
torch.Size([1, 3, 127, 127])
torch.Size([1, 3, 127, 127])
merged size without overlap : 14 14 192
Merged: torch.Size([1, 192, 14, 14])
torch.Size([1, 192, 8, 8])
torch.Size([1, 192, 8, 8])
torch.Size([1, 192, 8, 8])
torch.Size([1, 192, 8, 8])
merged size without overlap : 6 6 256
Merged: torch.Size([1, 256, 6, 6])
torch.Size([1, 1000])
Poll Time: 1.0380902720003178
Layer Times: [0.08394380200024898, 0.08528606200025024, 0.8688604079998186]
Store Push Time: 0.04186477100074626
Store Pull Time: 1.028185301007852
Merge Time: 0.00390195699992546
Split Time: 0.0002457010000398441
Time: 1.5385508780000237
