torch.Size([1, 3, 127, 127])
torch.Size([1, 3, 127, 127])
torch.Size([1, 3, 127, 127])
torch.Size([1, 3, 127, 127])
merged size without overlap : 14 14 192
Merged: torch.Size([1, 192, 14, 14])
torch.Size([1, 192, 8, 8])
torch.Size([1, 192, 8, 8])
torch.Size([1, 192, 8, 8])
torch.Size([1, 192, 8, 8])
merged size without overlap : 6 6 256
Merged: torch.Size([1, 256, 6, 6])
torch.Size([1, 1000])
Poll Time: 0.9109486340003059
Layer Times: [0.06595754200043302, 0.07555466499979957, 0.7694364270000733]
Store Push Time: 0.05788566399951378
Store Pull Time: 0.9020962579988918
Merge Time: 0.0013331789996300358
Split Time: 0.00021223800013103755
Time: 1.3023304779999307
