torch.Size([1, 3, 127, 127])
torch.Size([1, 3, 127, 127])
torch.Size([1, 3, 127, 127])
torch.Size([1, 3, 127, 127])
merged size without overlap : 14 14 192
Merged: torch.Size([1, 192, 14, 14])
torch.Size([1, 192, 8, 8])
torch.Size([1, 192, 8, 8])
torch.Size([1, 192, 8, 8])
torch.Size([1, 192, 8, 8])
merged size without overlap : 6 6 256
Merged: torch.Size([1, 256, 6, 6])
torch.Size([1, 1000])
Poll Time: 1.3429725469995901
Layer Times: [0.10271892299988394, 0.08580999500009057, 1.1544436289996156]
Store Push Time: 0.046754699999382865
Store Pull Time: 1.3245615969808568
Merge Time: 0.009166196000023774
Split Time: 0.00037405500006570946
Time: 1.8305058569999346
