torch.Size([1, 3, 127, 127])
torch.Size([1, 3, 127, 127])
torch.Size([1, 3, 127, 127])
torch.Size([1, 3, 127, 127])
merged size without overlap : 14 14 192
Merged: torch.Size([1, 192, 14, 14])
torch.Size([1, 192, 8, 8])
torch.Size([1, 192, 8, 8])
torch.Size([1, 192, 8, 8])
torch.Size([1, 192, 8, 8])
merged size without overlap : 6 6 256
Merged: torch.Size([1, 256, 6, 6])
torch.Size([1, 1000])
Poll Time: 0.9483981170001243
Layer Times: [0.09569159500006208, 0.08465114099999482, 0.7680553810000674]
Store Push Time: 0.04485196999985419
Store Pull Time: 0.9371441460107235
Merge Time: 0.000785165999786841
Split Time: 0.00022436400013248203
Time: 1.3619884170002479
