torch.Size([1, 3, 127, 127])
torch.Size([1, 3, 127, 127])
torch.Size([1, 3, 127, 127])
torch.Size([1, 3, 127, 127])
merged size without overlap : 14 14 192
Merged: torch.Size([1, 192, 14, 14])
torch.Size([1, 192, 8, 8])
torch.Size([1, 192, 8, 8])
torch.Size([1, 192, 8, 8])
torch.Size([1, 192, 8, 8])
merged size without overlap : 6 6 256
Merged: torch.Size([1, 256, 6, 6])
torch.Size([1, 1000])
Poll Time: 0.9449099050002587
Layer Times: [0.06595519700022123, 0.1099139739999373, 0.7690407340001002]
Store Push Time: 0.034396329000173864
Store Pull Time: 0.9345140569921568
Merge Time: 0.0011423830001149327
Split Time: 0.00021569299997281632
Time: 1.2431959270002153
