torch.Size([1, 3, 127, 127])
torch.Size([1, 3, 127, 127])
torch.Size([1, 3, 127, 127])
torch.Size([1, 3, 127, 127])
merged size without overlap : 14 14 192
Merged: torch.Size([1, 192, 14, 14])
torch.Size([1, 192, 8, 8])
torch.Size([1, 192, 8, 8])
torch.Size([1, 192, 8, 8])
torch.Size([1, 192, 8, 8])
merged size without overlap : 6 6 256
Merged: torch.Size([1, 256, 6, 6])
Waiting for key data/img_9714
Rerunning data/img_9714...
Waiting for key data/img_9714
Rerunning data/img_9714...
Waiting for key data/img_9714
Rerunning data/img_9714...
Waiting for key data/img_9714
Rerunning data/img_9714...
Waiting for key data/img_9714
Rerunning data/img_9714...
Waiting for key data/img_9714
Rerunning data/img_9714...
Waiting for key data/img_9714
Rerunning data/img_9714...
Waiting for key data/img_9714
Rerunning data/img_9714...
Waiting for key data/img_9714
Rerunning data/img_9714...
Waiting for key data/img_9714
Rerunning data/img_9714...
Waiting for key data/img_9714
Rerunning data/img_9714...
Waiting for key data/img_9714
Rerunning data/img_9714...
Waiting for key data/img_9714
Rerunning data/img_9714...
Waiting for key data/img_9714
Rerunning data/img_9714...
Waiting for key data/img_9714
Rerunning data/img_9714...
Waiting for key data/img_9714
Rerunning data/img_9714...
Waiting for key data/img_9714
Rerunning data/img_9714...
Waiting for key data/img_9714
Rerunning data/img_9714...
Waiting for key data/img_9714
Rerunning data/img_9714...
Waiting for key data/img_9714
Rerunning data/img_9714...
Waiting for key data/img_9714
Rerunning data/img_9714...
torch.Size([1, 1000])
Poll Time: 79.4975713319991
Layer Times: [0.1281606649999958, 0.11896273299953464, 79.25044793399957]
Store Push Time: 0.4098803079996287
Store Pull Time: 77.55236638698352
Merge Time: 0.0008972120012913365
Split Time: 0.00022785199962527258
Time: 82.55552126400016
