torch.Size([1, 3, 127, 127])
torch.Size([1, 3, 127, 127])
torch.Size([1, 3, 127, 127])
torch.Size([1, 3, 127, 127])
merged size without overlap : 14 14 192
Merged: torch.Size([1, 192, 14, 14])
torch.Size([1, 192, 8, 8])
torch.Size([1, 192, 8, 8])
torch.Size([1, 192, 8, 8])
torch.Size([1, 192, 8, 8])
merged size without overlap : 6 6 256
Merged: torch.Size([1, 256, 6, 6])
torch.Size([1, 1000])
Poll Time: 1.1932381129990972
Layer Times: [0.30514009000035003, 0.07525554199946782, 0.8128424809992794]
Store Push Time: 0.5744190240002354
Store Pull Time: 1.1914449650003007
Merge Time: 0.0007737459991403739
Split Time: 0.00022251499922276707
Time: 4.014450003000093
