torch.Size([1, 3, 127, 127])
torch.Size([1, 3, 127, 127])
torch.Size([1, 3, 127, 127])
torch.Size([1, 3, 127, 127])
merged size without overlap : 14 14 192
Merged: torch.Size([1, 192, 14, 14])
torch.Size([1, 192, 8, 8])
torch.Size([1, 192, 8, 8])
torch.Size([1, 192, 8, 8])
torch.Size([1, 192, 8, 8])
merged size without overlap : 6 6 256
Merged: torch.Size([1, 256, 6, 6])
torch.Size([1, 1000])
Poll Time: 0.9974214410003697
Layer Times: [0.14942332900045585, 0.07010353799978475, 0.7778945740001291]
Store Push Time: 0.40982114500002353
Store Pull Time: 0.9956593609995252
Merge Time: 0.000819324000076449
Split Time: 0.0002282070008732262
Time: 4.0143516549997
