torch.Size([1, 3, 127, 127])
torch.Size([1, 3, 127, 127])
torch.Size([1, 3, 127, 127])
torch.Size([1, 3, 127, 127])
merged size without overlap : 14 14 192
Merged: torch.Size([1, 192, 14, 14])
torch.Size([1, 192, 8, 8])
torch.Size([1, 192, 8, 8])
torch.Size([1, 192, 8, 8])
torch.Size([1, 192, 8, 8])
merged size without overlap : 6 6 256
Merged: torch.Size([1, 256, 6, 6])
torch.Size([1, 1000])
Poll Time: 0.9773250719999851
Layer Times: [0.1142192809993503, 0.09165627200036397, 0.7714495190002708]
Store Push Time: 0.4142743430002156
Store Pull Time: 0.9759691479894173
Merge Time: 0.000925794000067981
Split Time: 0.0002469299997756025
Time: 4.09519381500013
