torch.Size([1, 3, 127, 127])
torch.Size([1, 3, 127, 127])
torch.Size([1, 3, 127, 127])
torch.Size([1, 3, 127, 127])
merged size without overlap : 14 14 192
Merged: torch.Size([1, 192, 14, 14])
torch.Size([1, 192, 8, 8])
torch.Size([1, 192, 8, 8])
torch.Size([1, 192, 8, 8])
torch.Size([1, 192, 8, 8])
merged size without overlap : 6 6 256
Merged: torch.Size([1, 256, 6, 6])
torch.Size([1, 1000])
Poll Time: 1.1226283760006481
Layer Times: [0.09994383899993409, 0.12335527400045976, 0.8993292630002543]
Store Push Time: 0.4864120099991851
Store Pull Time: 1.1207314009989204
Merge Time: 0.0008023810005397536
Split Time: 0.00021532000027946196
Time: 4.164897594000649
