torch.Size([1, 3, 127, 127])
torch.Size([1, 3, 127, 127])
torch.Size([1, 3, 127, 127])
torch.Size([1, 3, 127, 127])
merged size without overlap : 14 14 192
Merged: torch.Size([1, 192, 14, 14])
torch.Size([1, 192, 8, 8])
torch.Size([1, 192, 8, 8])
torch.Size([1, 192, 8, 8])
torch.Size([1, 192, 8, 8])
merged size without overlap : 6 6 256
Merged: torch.Size([1, 256, 6, 6])
torch.Size([1, 1000])
Poll Time: 1.2510466769999766
Layer Times: [0.08757168800002546, 0.33532659000047715, 0.828148398999474]
Store Push Time: 0.4441573209996932
Store Pull Time: 1.2487859389966616
Merge Time: 0.000848779999614635
Split Time: 0.00022139400061860215
Time: 4.1081021580002925
