torch.Size([1, 3, 127, 127])
torch.Size([1, 3, 127, 127])
torch.Size([1, 3, 127, 127])
torch.Size([1, 3, 127, 127])
merged size without overlap : 14 14 192
Merged: torch.Size([1, 192, 14, 14])
torch.Size([1, 192, 8, 8])
torch.Size([1, 192, 8, 8])
torch.Size([1, 192, 8, 8])
torch.Size([1, 192, 8, 8])
merged size without overlap : 6 6 256
Merged: torch.Size([1, 256, 6, 6])
torch.Size([1, 1000])
Poll Time: 1.1173240160014757
Layer Times: [0.08955585800049448, 0.10674983200078714, 0.9210183260001941]
Store Push Time: 0.3342456979999042
Store Pull Time: 1.1155295339922304
Merge Time: 0.0007276779997482663
Split Time: 0.00020926099932694342
Time: 4.825455471999703
