torch.Size([1, 3, 127, 127])
torch.Size([1, 3, 127, 127])
torch.Size([1, 3, 127, 127])
torch.Size([1, 3, 127, 127])
merged size without overlap : 14 14 192
Merged: torch.Size([1, 192, 14, 14])
torch.Size([1, 192, 8, 8])
torch.Size([1, 192, 8, 8])
torch.Size([1, 192, 8, 8])
torch.Size([1, 192, 8, 8])
merged size without overlap : 6 6 256
Merged: torch.Size([1, 256, 6, 6])
torch.Size([1, 1000])
Poll Time: 1.1372821239992845
Layer Times: [0.06813621699984651, 0.12822794699968654, 0.9409179599997515]
Store Push Time: 0.29186352499891655
Store Pull Time: 1.1356515299985404
Merge Time: 0.0008032970008571283
Split Time: 0.00020310399941081414
Time: 3.8888848509996023
