torch.Size([1, 3, 127, 127])
torch.Size([1, 3, 127, 127])
torch.Size([1, 3, 127, 127])
torch.Size([1, 3, 127, 127])
merged size without overlap : 14 14 192
Merged: torch.Size([1, 192, 14, 14])
torch.Size([1, 192, 8, 8])
torch.Size([1, 192, 8, 8])
torch.Size([1, 192, 8, 8])
torch.Size([1, 192, 8, 8])
merged size without overlap : 6 6 256
Merged: torch.Size([1, 256, 6, 6])
torch.Size([1, 1000])
Poll Time: 1.0219710880001003
Layer Times: [0.11081404400010797, 0.1371650609999051, 0.7739919830000872]
Store Push Time: 0.3976812119990427
Store Pull Time: 1.0204283479961305
Merge Time: 0.0009323779995611403
Split Time: 0.00024573000064265216
Time: 4.089936145999673
