torch.Size([1, 3, 127, 127])
torch.Size([1, 3, 127, 127])
torch.Size([1, 3, 127, 127])
torch.Size([1, 3, 127, 127])
merged size without overlap : 14 14 192
Merged: torch.Size([1, 192, 14, 14])
torch.Size([1, 192, 8, 8])
torch.Size([1, 192, 8, 8])
torch.Size([1, 192, 8, 8])
torch.Size([1, 192, 8, 8])
merged size without overlap : 6 6 256
Merged: torch.Size([1, 256, 6, 6])
torch.Size([1, 1000])
Poll Time: 1.270858565000708
Layer Times: [0.18193915800020477, 0.12128554999981134, 0.9676338570006919]
Store Push Time: 0.3571382620011718
Store Pull Time: 1.26841256300213
Merge Time: 0.0007413379998979508
Split Time: 0.00021671200011041947
Time: 4.199914380000337
