torch.Size([1, 3, 127, 127])
torch.Size([1, 3, 127, 127])
torch.Size([1, 3, 127, 127])
torch.Size([1, 3, 127, 127])
merged size without overlap : 14 14 192
Merged: torch.Size([1, 192, 14, 14])
torch.Size([1, 192, 8, 8])
torch.Size([1, 192, 8, 8])
torch.Size([1, 192, 8, 8])
torch.Size([1, 192, 8, 8])
merged size without overlap : 6 6 256
Merged: torch.Size([1, 256, 6, 6])
torch.Size([1, 1000])
Poll Time: 1.1302456109997365
Layer Times: [0.12094532499941124, 0.09979606199976843, 0.9095042240005569]
Store Push Time: 0.5913171199981662
Store Pull Time: 1.1282037179989857
Merge Time: 0.0007524689990532352
Split Time: 0.00021717799972975627
Time: 3.9572445819994755
