torch.Size([1, 3, 127, 127])
torch.Size([1, 3, 127, 127])
torch.Size([1, 3, 127, 127])
torch.Size([1, 3, 127, 127])
merged size without overlap : 14 14 192
Merged: torch.Size([1, 192, 14, 14])
torch.Size([1, 192, 8, 8])
torch.Size([1, 192, 8, 8])
torch.Size([1, 192, 8, 8])
torch.Size([1, 192, 8, 8])
merged size without overlap : 6 6 256
Merged: torch.Size([1, 256, 6, 6])
Waiting for key data/img_5324
Rerunning data/img_5324...
Waiting for key data/img_5324
Rerunning data/img_5324...
Waiting for key data/img_5324
Rerunning data/img_5324...
Waiting for key data/img_5324
Rerunning data/img_5324...
Waiting for key data/img_5324
Rerunning data/img_5324...
Waiting for key data/img_5324
Rerunning data/img_5324...
Waiting for key data/img_5324
Rerunning data/img_5324...
Waiting for key data/img_5324
Rerunning data/img_5324...
Waiting for key data/img_5324
Rerunning data/img_5324...
Waiting for key data/img_5324
Rerunning data/img_5324...
Waiting for key data/img_5324
Rerunning data/img_5324...
Waiting for key data/img_5324
Rerunning data/img_5324...
Waiting for key data/img_5324
Rerunning data/img_5324...
Waiting for key data/img_5324
Rerunning data/img_5324...
Waiting for key data/img_5324
Rerunning data/img_5324...
Waiting for key data/img_5324
Rerunning data/img_5324...
Waiting for key data/img_5324
Rerunning data/img_5324...
Waiting for key data/img_5324
Rerunning data/img_5324...
Waiting for key data/img_5324
Rerunning data/img_5324...
torch.Size([1, 1000])
Poll Time: 77.4422919360004
Layer Times: [0.08253090400012297, 0.10766641600002913, 77.25209461600025]
Store Push Time: 0.6341106170029889
Store Pull Time: 75.629996102929
Merge Time: 0.0009646539992900216
Split Time: 0.0002239500008727191
Time: 80.85490246799964
