torch.Size([1, 3, 127, 127])
torch.Size([1, 3, 127, 127])
torch.Size([1, 3, 127, 127])
torch.Size([1, 3, 127, 127])
merged size without overlap : 14 14 192
Merged: torch.Size([1, 192, 14, 14])
torch.Size([1, 192, 8, 8])
torch.Size([1, 192, 8, 8])
torch.Size([1, 192, 8, 8])
torch.Size([1, 192, 8, 8])
merged size without overlap : 6 6 256
Merged: torch.Size([1, 256, 6, 6])
torch.Size([1, 1000])
Poll Time: 1.2249276539996572
Layer Times: [0.0965843349995339, 0.21308000499993796, 0.9152633140001853]
Store Push Time: 0.5186321979981585
Store Pull Time: 1.223294429998532
Merge Time: 0.0008414249996349099
Split Time: 0.0002285430009578704
Time: 4.384708882999803
