torch.Size([1, 3, 127, 127])
torch.Size([1, 3, 127, 127])
torch.Size([1, 3, 127, 127])
torch.Size([1, 3, 127, 127])
merged size without overlap : 14 14 192
Merged: torch.Size([1, 192, 14, 14])
torch.Size([1, 192, 8, 8])
torch.Size([1, 192, 8, 8])
torch.Size([1, 192, 8, 8])
torch.Size([1, 192, 8, 8])
merged size without overlap : 6 6 256
Merged: torch.Size([1, 256, 6, 6])
torch.Size([1, 1000])
Poll Time: 1.0155973479986642
Layer Times: [0.15085279799950513, 0.09538692899968737, 0.7693576209994717]
Store Push Time: 0.4772693800014167
Store Pull Time: 1.0140364920171123
Merge Time: 0.0007994489997145138
Split Time: 0.00021935599943390116
Time: 4.135843484999896
