torch.Size([1, 3, 127, 127])
torch.Size([1, 3, 127, 127])
torch.Size([1, 3, 127, 127])
torch.Size([1, 3, 127, 127])
merged size without overlap : 14 14 192
Merged: torch.Size([1, 192, 14, 14])
torch.Size([1, 192, 8, 8])
torch.Size([1, 192, 8, 8])
torch.Size([1, 192, 8, 8])
torch.Size([1, 192, 8, 8])
merged size without overlap : 6 6 256
Merged: torch.Size([1, 256, 6, 6])
torch.Size([1, 1000])
Poll Time: 0.96878819199992
Layer Times: [0.10334584900010668, 0.07957309999983408, 0.7858692429999792]
Store Push Time: 0.4411569710000549
Store Pull Time: 0.9661559790110914
Merge Time: 0.0007502429998567095
Split Time: 0.00021227400065981783
Time: 3.884058568999535
