torch.Size([1, 3, 127, 127])
torch.Size([1, 3, 127, 127])
torch.Size([1, 3, 127, 127])
torch.Size([1, 3, 127, 127])
merged size without overlap : 14 14 192
Merged: torch.Size([1, 192, 14, 14])
torch.Size([1, 192, 8, 8])
torch.Size([1, 192, 8, 8])
torch.Size([1, 192, 8, 8])
torch.Size([1, 192, 8, 8])
merged size without overlap : 6 6 256
Merged: torch.Size([1, 256, 6, 6])
torch.Size([1, 1000])
Poll Time: 1.109030798999811
Layer Times: [0.08297899199988024, 0.11734025999976438, 0.9087115470001663]
Store Push Time: 0.5030948109988458
Store Pull Time: 1.1072032860020045
Merge Time: 0.019521910000548814
Split Time: 0.00028616899999178713
Time: 4.066741137999998
