 0.18726798900024733
 0.12616720599999098
 0.09696856099981233
 0.0984414159993321
 0.1401394939994134
 0.1581431419999717
 0.11329412199938815
 0.09467285100072331
 0.13588828699994338
 0.10300280299998121
 0.10425013400072203
 0.12414560899924254
 0.07706358199993701
 0.15117493100024149
 0.11131065700010367
 0.11716221099959512
 0.11792746700029966
 0.13760765400002128
 0.12696759599930374
 0.06725229899984697
 0.17904822400032572
 0.16421273200012365
 0.11435002399957739
 0.15603230000033363
 0.08156978100032575
 0.18442086100003507
 0.10066810700027418
 0.10402818799957458
 0.10423393500059319
 0.0933132559994192
 0.19011623400001554
 0.10893300599946087
 0.14658495799994853
 0.11718360200029565
 0.1516670350001732
 0.07319681899934949
 0.12390197400054603
 0.15225432400075078
 0.10522260200013989
 0.09627454400015267
 0.1602555970002868
 0.17433690300003946
 0.18757563400049548
 0.14924400100062485
 0.11925783099923137
 0.1480882690002545
 0.17700205799974356
 0.13978593000047113
 0.10010670799965737
 0.11178876600024523
 0.11037285199927283
 0.1669084479999583
 0.09778464499959227
 0.23626887799946417
 0.16488709900022513
 0.15147877700019308
 0.11785449700073514
 0.08891545999995287
 0.1313302399994427
 0.09809204300017882
 0.11239836200002173
 0.11634959900038666
 0.0932758239996474
 0.18130180800017115
 0.11195586800022284
 0.08419523899920023
 0.11009420400023373
 0.19873903900042933
 0.11477383900000859
 0.13336279999930412
 0.08977163899999141
 0.12121913999999379
 0.10805919599988556
 0.08871507000003476
 0.10749948900047457
 0.12907038899993495
 0.09761218699986784
 0.10325697100051912
 0.09563427299963223
 0.10760681800002203
 0.14424662399960653
 0.09346735899998748
 0.13210966200040275
 0.09194858800037764
 0.13292194999939966
 0.1420312529999137
 0.11240300700046646
 0.1024154759998055
 0.15497091700035526
 0.15224157800003013
 0.08730385299986665
 0.20774758900006418
 0.11906385400016006
 0.14860877200044342
 0.09777748200031056
 0.07767479799986177
 0.16769066300003033
 0.07824517999961245
 0.13632101199982571
 0.10495522500059451
 0.11738866500036238
 0.1628914929997336
 0.1833596309998029
 0.09062118499969074
 0.13360608299990417
 0.10450354299973696
 0.10342734200003179
 0.12982006400034152
 0.11637099600011425
 0.0975232649998361
 0.07698104800056171
 0.12343302099998255
 0.09143274100006238
 0.11306381400027021
 0.09835132900025201
 0.1115676010003881
 0.13387122899985116
 0.13804047899975558
 0.16577642900028877
 0.19411317399953987
 0.14452743399942847
 0.10479492099966592
 0.17956927999966865
 0.08823906100042223
 0.11153623099926335
 0.098875823000526
 0.10668459800035635
 0.1060483999999633
 0.08552321400020446
 0.14711712000007537
 0.12220091200015304
 0.1179362470002161
 0.1447046009998303
 0.10096523799984425
 0.12567861399929825
 0.12802212699989468
 0.09308032500030095
 0.11701877799987415
 0.10514981800042733
 0.13302558099985617
 0.11158494200026325
 0.139666785999907
 0.08710246499958885
 0.11407214000064414
 0.14179077300013887
 0.09389102899967838
 0.16042669200032833
 0.17085598899939214
 0.1607296470001529
 0.09151294700041035
 0.12650121200022113
 0.14852688900009525
 0.1608137409994015
 0.08447028499995213
 0.1306980810004461
 0.30876763699961884
 0.1742624969992903
 0.13268761899962556
 0.09961511399978917
 0.12986703400019906
 0.24065445599990198
 0.11649577699972724
 0.13362302299992734
 0.08193827800005238
 0.1449845400002232
 0.10940390300038416
 0.083649031999812
 0.14357721400028822
 0.10631186499995238
 0.12818207999953302
 0.1071646670006885
 0.12726101400039624
 0.1049918480002816
 0.10573990600005345
 0.13365234599950782
 0.08592174299974431
 0.09012491600060457
 0.12329478199990263
 0.17362546699951054
 0.10699371700047777
 0.14591255499999534
 0.0788215009997657
 0.09897265800009336
 0.13501015299971186
 0.11534230799952638
 0.1141301769994243
 0.31435516300007293
 0.1570033540001532
 0.09893278399977135
 0.07323016800000914
 0.10115715000029013
 0.11929249900003924
 0.1187695739999981
 0.10224854699936259
 0.14124946300034935
 0.13724478199947043
 0.1406550370002151
 0.16547694000018964
 0.10464205700009188
 0.19041402000038943
 0.07921382400036237
 0.0909313160000238
 0.09599136599990743
 0.12355505300001823
 0.11606978600048024
 0.11564308600009099
 0.1324239959994884
 0.09463998499995796
 0.10608119200060173
 0.14034041500053718
 0.1027516120002474
 0.14318390500011446
 0.07581990699964081
 0.11040819699974236
 0.07876600100007636
 0.14420782300021528
 0.09889354599999933
 0.13287766099983855
 0.10350111400020978
 0.10307313699922815
 0.1255547499995373
 0.08962030499969842
 0.1533224960003281
 0.09179001299980882
 0.09362643999975262
 0.10928692700053944
 0.2562488730000041
 0.17549934999988182
 0.10419637399991188
 0.13427081999998336
 0.09610491300009016
 0.13451542599977984
 0.1502778460007903
 0.07231477900040773
 0.13456202500037762
 0.10346237700014171
 0.10515160900013143
 0.10884878700016998
 0.06985797600009391
 0.11611895999976696
 0.1020147809995251
 0.11633630600044853
 0.13883378700029425
 0.12181870299991715
 0.14410285200028738
 0.16567283700078406
 0.10309243899973808
 0.09011134800039144
 0.16004151499964792
 0.10482697099996585
 0.11109089199999289
 0.14369744699979492
 0.1460228570003892
 0.17570397999952547
 0.10343403000024409
 0.13613489700037462
 0.15857726499962155
 0.11166574399976525
 0.12431661600021471
 0.10582317199987301
 0.13140742200084787
 0.14726665200032585
 0.10679429099945992
 0.12771164400055568
 0.13355906000015239
 0.09270215500055201
 0.1085346509998999
 0.20367587199962145
 0.20619353899928683
 0.12200367999957962
 0.06397730400021828
 0.14909724799963442
 0.08787079700050526
 0.11189211300006718
 0.16284872999949584
 0.08438602299975173
 0.08672305599975516
 0.16411079200042877
 0.07517805099996622
 0.09777318900069076
 0.19398954900043464
 0.12087749700003769
 0.09591570300017338
 0.08089438300066831
 0.11835098699975788
 0.08052442499956669
 0.12331572899984167
 0.11937559199941461
 0.08381751800061465
 0.11252199399950769
 0.11347966399989673
 0.07937332500023331
 0.1310758359995816
 0.10214426800030196
 0.0939554920005321
 0.11145361499984574
 0.0911553650003043
 0.09120671399978164
 0.08568371500041394
 0.10461787599979289
 0.1014886339999066
 0.11966637400018953
 0.12504533099945547
 0.18012335800085566
 0.11464951099969767
 0.1200330550000217
 0.13710983300006774
 0.16612894099944242
 0.1256843259998277
 0.10195410599953902
 0.12300152999978309
 0.0748418599996512
 0.11343909200058988
 0.08359800399921369
 0.12310007700034475
 0.12961728300069808
 0.16263450399947033
 0.11387414700038789
 0.15762942999936058
 0.1389740160002475
 0.10209791299985227
 0.18517849599993497
 0.11840598600065277
 0.09107633399980841
 0.11334374699981709
 0.11906147199988482
 0.13592901500032895
 0.1335343920000014
 0.12072853399968153
 0.1500835159995404
 0.15760331099954783
 0.14508149799985404
 0.13719092199971783
 0.10993062200032
 0.13232506199983618
 0.09948839700064127
 0.09594006499992247
 0.08672890099933284
 0.19134499600022536
 0.0723750850002034
 0.09930929399979505
 0.11610055600067426
 0.11169429500023398
 0.10769744299977901
 0.14035893799973564
 0.14436995100004424
 0.12463623699932214
 0.12624571099968307
 0.16318630400019174
 0.1066655719996561
 0.08401979500013113
 0.15265804799946636
 0.14742769300028158
 0.11147346399957314
 0.15688455999952566
 0.14557736300048418
 0.08290084599957481
 0.09686930099996971
 0.13725646900002175
 0.1619795470005556
 0.07569314500051405
 0.09960174900061247
 0.07485971900041477
 0.12939960999938194
 0.12224828699982027
 0.08535051899980317
 0.06177921700054867
 0.08103336600015609
 0.09649905799960834
 0.1298922619998848
 0.10177958300027967
 0.0827585890001501
 0.09931232700000692
 0.08795919899966975
 0.11135143199953745
 0.11332329099968774
 0.16505414299990662
 0.12321468700065452
 0.13229042399962054
 0.1269995390002805
 0.0971287440006563
 0.10899183400033507
 0.13324642299994593
 0.11775763899913727
 0.09626101400044718
 0.095445980000477
 0.10344291100045666
 0.15851951999957237
 0.09226282500003435
 0.0862220189992513
 0.1228719419996196
 0.09784561500055133
 0.12543840800026373
 0.09467796999979328
 0.10003992800011474
 0.09059011099998315
 0.08433947200046532
 0.09323362600025575
 0.12329597900043154
 0.07248697299928608
 0.12332498399973701
 0.15153104299952247
 0.052792761999626237
 0.08397168000010424
 0.08246119100022042
 0.1300557309996293
 0.08038509800007887
 0.12236043800021434
 0.07497743299973081
 0.08720549200006644
 0.10392943299939361
 0.1028936889997567
 0.10490324800048256
 0.08427749600014067
 0.11011811600019428
 0.12240650599960645
 0.10993349100044725
 0.07120821599983174
 0.11531313199975557
 0.11284188100034953
 0.13927018200047314
 0.11923805900005391
 0.1340425939997658
 0.09598647100028757
 0.09925417599970388
 0.12381394599924533
 0.12341406300038216
 0.12259912500030623
 0.10584725799981243
 0.11986482799966325
 0.2716135740001846
 0.1575838990002012
 0.13281414300035976
 0.163832100000036
 0.08484536200012371
 0.1154462060003425
 0.09720010799992451
 0.11517399100011971
 0.10676170300030208
 0.09531407400027092
 0.09749000600004365
 0.11724274700009119
 0.08716959599951224
 0.1399078139993435
 0.1222103079999215
 0.17380144299932
 0.12664460099949792
 0.12148146400068072
 0.14746210500015877
 0.1658266310005274
 0.16620764500021323
 0.0878550859997631
 0.10833395699955872
 0.14118714799951704
 0.11151006299951405
 0.10686369399991236
 0.11148664299980737
 0.10836322999966796
 0.11600965599973279
 0.1216607930000464
 0.16696227600004931
 0.08835758700024599
 0.09556656099994143
 0.11671568300062063
 0.07199469500028499
 0.1834277240004667
 0.12866830500024662
 0.10810507999940455
 0.08273298800031625
 0.10268526400068367
 0.10047370100073749
 0.12106447800033493
 0.09187038000072789
 0.0924836989997857
 0.12040845499996067
 0.11617935599952034
 0.14233944700026768
 0.12915335599973332
 0.12289762499949575
 0.10355417800019495
 0.10586430699913763
 0.107218809999722
 0.14172554900051182
 0.0995866550001665
 0.1469956250002724
 0.09552759500002139
 0.08854763300041668
 0.10222371300005761
 0.10486128000047756
 0.11602404800032673
 0.09293560900005104
 0.11625100299988844
 0.108128155000486
 0.0831971359993986
 0.08268791600039549
 0.08814385700043204
 0.1175973689996681
 0.11156320300051448
 0.11395745300069393
 0.11655978399994638
 0.12975032299982558
 0.12527928200051974
 0.11164525999993202
 0.09280522200060659
 0.10179762499956269
 0.12367332800022268
 0.12916755200058105
 0.13663999700020213
 0.11551122299988492
 0.14795098300055542
 0.09456340299948351
 0.09520541799975035
 0.14142085500043322
 0.12402766200011683
 0.1256546629992954
 0.10917408800014528
 0.12654760100031126
 0.10737017700012075
 0.09242299800007459
 0.10704058800001803
 0.09965852699951938
 0.12798637400010193
 0.09780263599986938
 0.07075862600049732
 0.09781641899917304
 0.06793734400071116
 0.09666491600000882
 0.1919719620000251
 0.10724220100019011
 0.17655457199998636
 0.09431789599966578
 0.10338200699970912
 0.12249252800029353
 0.09566052399986802
 0.09280683899942233
 0.13978369599954021
 0.11489943000015046
 0.09688815199933742
 0.08636129100068501
 0.17297483400034253
 0.09417756400034705
 0.09301427100035653
 0.10541105799984507
 0.09494586500022706
 0.10416642099971796
 0.0863636479998604
 0.08383994699943287
 0.07985474199995224
 0.10586424400025862
 0.1040108440001859
 0.1216483589996642
 0.07211045299936814
 0.07951828199929878
 0.11708378899948002
 0.1374521410007219
 0.12000415900001826
 0.12040659699960088
 0.10472731400022894
 0.10740222700042068
 0.11720903199966415
 0.08714944299936178
 0.15472491399941646
 0.1000272560004305
 0.08544475100006821
 0.15000244600014412
 0.09524646399950143
 0.08604123299937783
 0.09852509099982854
 0.12407531000008021
 0.0936938739996549
 0.12390651799978514
 0.12773392100007186
 0.13941599000008864
 0.12263672600056452
 0.0957422259998566
 0.09296934600024542
 0.128314249000141
 0.07491333200050576
 0.13119781899968075
 0.09698773099989921
 0.0946939140003451
 0.08582632300021942
 0.1301033070003541
 0.11520353200012323
 0.11767767599940271
 0.09089068299999781
 0.09180716999981087
 0.09606409200023336
 0.13120469299974502
 0.14432180400035577
 0.14169205000052898
 0.11425755399977788
 0.08732464399963646
 0.15960102699955314
 0.0976160139998683
 0.0843515810001918
 0.08823761999974522
 0.14399516399953427
 0.11932747500031837
 0.1426450039998599
 0.17115740200006258
 0.08946349800044118
 0.11549319400000968
 0.12338920300044265
 0.11610725500031549
 0.12347277800017764
 0.09754050799983816
 0.12539698599994153
 0.0773011969995423
 0.09789343800002825
 0.10363195300033112
 0.1163880349995452
 0.09942518199932238
 0.1291666509996503
 0.09171615900049801
 0.13712981499975285
 0.10010831199997483
 0.46071415200003685
 0.13536565100002917
 0.08697469199978514
 0.12156515999959083
 0.12588649899953452
 0.1461556490003204
 0.09141518099932
 0.08296253600019554
 0.1295942599999762
 0.09173827799986611
 0.10108329800004867
 0.1007130350008083
 0.09026410700062115
 0.06647438900017733
 0.08622688000014023
 0.16257092900013959
 0.0947763619997204
 0.16280567500052712
 0.0910077739999906
 0.10624339900004998
 0.12185996299922408
 0.08517826599927503
 0.08227999100017769
 0.0856244289998358
 0.08913214899985178
 0.09678731600070023
 0.1254680340007326
 0.11715149100018607
 0.11197712500052148
 0.0826366160008547
 0.2077767769997081
 0.0883105799994155
 0.15031324699975812
 0.1062226180001744
 0.08998415899986867
 0.15218639700015046
 0.11724544700064143
 0.09576371300045139
 0.11119464199964568
 0.10931144999995013
 0.14480565900066722
 0.11107396199986397
 0.16566717299974698
 0.10236949499994807
 0.09099547200003144
 0.08133514800010744
 0.0774091449993648
 0.09606042499945033
 0.09317247699982545
 0.10747025999990001
 0.08374091900077474
 0.17884272600076656
 0.099215336999805
 0.07618939000076352
 0.08266940499925113
 0.2752807140004734
 0.11678526699961367
 0.09549826700003905
 0.14891616800014162
 0.14561567700002342
 0.14439498699994147
 0.16813463800008321
 0.1539475580002545
 0.1056085489999532
 0.08498048599994945
 0.11738307099949452
 0.06751197499943373
 0.06771368499994423
 0.07355953200021759
 0.10756527200010169
 0.09015176399952907
 0.10475354399932257
 0.0921825360001094
 0.11109113099973911
 0.10644824099927064
 0.054233122000368894
 0.13381875999948534
 0.08135358100025769
 0.12103067900079623
 0.09538389299996197
 0.09164658800000325
 0.09735016100057692
 0.0646408690008684
 0.13487240399990696
 0.08599646800030314
 0.15222044700021797
 0.09316483400016295
 0.24127077299999655
 0.13769408099960856
 0.15016893899974093
 0.11519422499986831
 0.1680334650000077
 0.15183451899974898
 0.1252199059999839
 0.1095397260005484
 0.11857593800050381
 0.08729793000020436
 0.12494786200022645
 0.115316893000454
 0.09775977099980082
 0.1056842060006602
 0.11264478100019915
 0.08459325100011483
 0.10903551899991726
 0.2661797150003622
 0.1043099729995447
 0.08351155299988022
 0.08706130599966855
 0.15054988500014588
 0.08284336300039286
 0.09273879200009105
 0.07584327399945323
 0.09851980300027208
 0.13805526699979964
 0.15048730800026533
 0.11027926600036153
 0.07948539200060623
 0.09410812399983115
 0.1395607390004443
 0.12018593299944769
 0.11448433400073554
 0.10838829200019973
 0.09115767500043148
 0.15861479099930875
 0.10454604799997469
 0.10179249700013315
 0.08944154999971943
 0.09430821699970693
 0.07927973500045482
 0.1477524629999607
 0.07293942900014372
 0.12100685599943972
 0.09003003700036061
 0.10500072200011346
 0.1326226540004427
 0.11532870900009584
 0.08494683199933206
 0.08748429200022656
 0.08885597999960737
 0.1006994700001087
 0.12011943499965128
 0.0704035879998628
 0.08846833600000537
 0.1479620980007894
 0.10148350399958872
 0.12067221500001324
 0.08551293199980137
 0.09632096899986209
 0.08820898699923418
 0.0867147009994369
 0.07163520399990375
 0.09052808599972195
 0.10843202799969731
 0.083932941999592
 0.14162269400003424
 0.1174097069997515
 0.12212173100033397
 0.096491137999692
 0.09766034899985243
 0.09672677400067187
 0.08131958300054976
 0.11094672100080061
 0.10590138299994578
 0.096622484999898
 0.08761072899960709
 0.0853151949995663
 0.09075628099981259
 0.11934347099941078
 0.09520551900004648
 0.09941700700073852
 0.14843280500008404
 0.10093719300039083
 0.07992646799993963
 0.09483412300050986
 0.09561617100007425
 0.09808685400003014
 0.12563911199958966
 0.05706898299922614
 0.11432194499957404
 0.08741352499964705
 0.11608341099963582
 0.08462681899982272
 0.10950891500033322
 0.10750485599965032
 0.0753897020003933
 0.0865974449998248
 0.11472676199991838
 0.10187891500027035
 0.10767500699967059
 0.13062536400047975
 0.1381066819994885
 0.09049756600052206
 0.08660716299982596
 0.1013297559993589
 0.11192979800034664
 0.09649515999990399
 0.07589472500058037
 0.06379830399964703
 0.10440635600025416
 0.12610000499989837
 0.11374031200011814
 0.08341356500022812
 0.0980131739997887
 0.13410298899998452
 0.09189379399958852
 0.14142707400060317
 0.10998761500013643
 0.10024212499956775
 0.1313450229999944
 0.08443582199925004
 0.08733609299997624
 0.09509340399927169
 0.0881955940003536
 0.12249630600035744
 0.10316316199987341
 0.13382959600039612
 0.09928325999953813
 0.08743162799964921
 0.12685346299986122
 0.1018828050000593
 0.11545038400072372
 0.1803861099997448
 0.09195126499980688
 0.0758756369996263
 0.09835140099949058
 0.10276221500043903
 0.08797669800060248
 0.09038899900042452
 0.07751666599961027
 0.11242091300027823
 0.08025176800038025
 0.13395710900022095
 0.09059442499983561
 0.08325164800044149
 0.12740417100030754
 0.1065868750001755
 0.10219641099956789
 0.11185543800002051
 0.16516525800034287
 0.15973223900073208
 0.08464412899957097
 0.08633434399962425
 0.0946733150003638
 0.09426484899995557
 0.09150422200036701
 0.12327097399975173
 0.12227317999986553
 0.09231855300004099
 0.11641427800077508
 0.1368851730003371
 0.09435740899971279
 0.09570358800010581
 0.09009859900015726
 0.11456244799956039
 0.12729862200012576
 0.14146998800060828
 0.09145021800031827
 0.11261878099958267
 0.1857169580007394
 0.15718501799983642
 0.13403827599995566
 0.14365422500031855
 0.11541924399989512
 0.13080543300020508
 0.11843710799985274
 0.12353674700079864
 0.16183142999943811
 0.12671943700024713
 0.08488622799995937
 0.09033274899957178
 0.1387106889997085
 0.10044692199971905
 0.09403551600007631
 0.10498063700015337
 0.12423351500001445
 0.11279117899994162
 0.08656995399996958
 0.11788937199980865
 0.15434528599962505
 0.07709023999996134
 0.06840368300072441
 0.1242758970001887
 0.11657807200026582
 0.09158956800001761
 0.0878689299997859
 0.10812013300073886
 0.04548611300015182
 0.09927509699991788
 0.120649358999799
 0.1457144630003313
 0.12853772700054833
 0.13878422700054216
 0.10028842900010204
 0.08611950400063506
 0.1791123829998469
 0.12048340900037147
 0.08556313299959584
 0.11386157800006913
 0.09748600100010663
 0.09718653900017671
 0.10234372000013536
 0.08314932299981592
 0.12446298800023214
 0.12396280700068019
 0.0920826940000552
 0.09187551499962865
 0.11705329500000516
 0.10533458100053394
 0.0904595510000945
 0.08208569399994303
 0.12267995499951212
 0.09025065099922358
 0.09842049700000643
 0.12465239199991629
 0.12039128899959906
 0.09725990500010084
 0.08579302399994049
 0.1282484729999851
 0.1322763890002534
 0.15552808799930062
 0.11751867800012405
 0.07737886599988997
 0.11280796099981671
 0.11293039600059274
 0.0947135590004109
 0.0760134290003407
 0.10717448100058391
 0.1069756030001372
 0.1391750669999965
 0.08273742300025333
 0.09155496099992888
 0.10016894999989745
 0.0928908110008706
 0.08032033099971159
 0.08900146999985736
 0.11751850800010288
 0.149789924000288
 0.15450997699917934
 0.07943109600000753
 0.17010099800063472
 0.150002513999425
 0.07837587099947996
 0.22510210699965683
 0.0989433779996034
 0.08065140100006829
 0.15764615299940488
 0.11563420400034374
 0.19190948300001764
 0.1073448039996947
 0.09669307900003332
 0.07707574899995961
 0.1073389759994825
 0.0850557090006987
 0.13258169900018402
 0.11775634100013121
 0.22072478300015064
 0.07410512800015567
 0.32686599099997693
 0.1393497990002288
 0.13036723599998368
 0.0743017750000945
 0.08825058200000058
 0.11149399500027357
 0.10607890099981887
 0.1699234140005501
 0.07855864300017856
 0.1141118320001624
 0.1016389779997553
 0.11140712100041128
 0.14153045900002326
 0.07935271800033661
 0.13172872500035737
 0.10880437400010123
 0.12224381900068693
 0.07698204100051953
 0.11368722099996376
 0.07966007399954833
 0.08689709699956438
 0.10285270799977297
 0.0777489729998706
 0.1459301390004839
 0.07940826499998366
 0.10726822899960098
