0.0009194080012093764
0.0008788710001681466
0.0008366810006918968
0.0011859529995490448
0.0009257309993699891
0.0011869150002894457
0.0007539629996244912
0.0010158329996556859
0.0010879789997488842
0.013216680000368797
0.0009984739999708836
0.000796448000073724
0.0007769220010231948
0.002483361000486184
0.000986682000075234
0.0007672170004298096
0.0009758999995028717
0.0007925549998617498
0.0009337439996670582
0.0010767599997052457
0.0008384619995922549
0.0007876799991208827
0.0008533890004400746
0.0008772520004640683
0.0007425679996231338
0.0011552510004548822
0.0009454999990339275
0.0008298109996758285
0.00079228299910028
0.0012266439998711576
0.0008215620000555646
0.000745448999623477
0.0011849719994643237
0.0007746880010017776
0.0007981329990798258
0.0007520259996454115
0.000757163999878685
0.0007853800007069367
0.0008276660000774427
0.0007226710004033521
0.0007503260003431933
0.0007903269997768803
0.0008546239996576332
0.0007669020005778293
0.0007453629996234667
0.000842738999381254
0.0008650159998069284
0.0007616050006618025
0.0007741549998172559
0.0014977429991631652
0.0010848330002772855
0.005574589000389096
0.0007804819997545565
0.0007662930001970381
0.0008836039996822365
0.0010468300006323261
0.0007505820003643748
0.00482104100046854
0.0009068760000445764
0.0007343269999182667
0.0008219120009016478
0.0009340579999843612
0.0007131379998099874
0.0008481819995722617
0.0007854260002204683
0.0007750189997750567
0.000782451000304718
0.001041243999679864
0.0007869999999456923
0.0011130119992230902
0.0011753520002457662
0.0008144319999701111
0.000974349999523838
0.0007928889999675448
0.024383451000176137
0.0009720999996716273
0.0009022760004882002
0.000752999999349413
0.0007591700004923041
0.001209059999382589
0.0007749759997750516
0.006657924999672105
0.0008053760002439958
0.0010348969999540714
0.000900245999218896
0.0011993750003966852
0.000792253999861714
0.0009029780012497213
0.0007445439996445202
0.0008004830006029806
0.0009619000002203393
0.000791651000326965
0.0008837769992169342
0.0007856219999666791
0.0009676789995864965
0.0007620280002811342
0.0007830699996702606
0.0008270120006272919
0.0007455450004272279
0.000783929999670363
0.0007783959999869694
0.0009501470003669965
0.016955756999777805
0.0009798069995667902
0.0008313170001201797
0.0007807660003891215
0.001135972000156471
0.0011223699993934133
0.0007750059994577896
0.0007769180001560017
0.0008920550008042483
0.0008079979998001363
0.0008139990004565334
0.0008236900002884795
0.0007775189997119014
0.000850801999149553
0.0013474810011757654
0.007069260999742255
0.0009378369995829416
0.0009668880002209335
0.0009833080002863426
0.0009827520007092971
0.000781194999035506
0.000861475999954564
0.0007807740003045183
0.0007184649994087522
0.0010247679992971825
0.0010591120008029975
0.0011410490005800966
0.0009197099998345948
0.011427086999901803
0.0010262089999741875
0.0008479849993818789
0.0007907849994808203
0.0007626429996889783
0.001710851000098046
0.0007658840004296508
0.0008097509999061003
0.0007672700003240607
0.0007916619997558882
0.0007454979995600297
0.0010851249999177526
0.0007683909989282256
0.0007511719995818567
0.0008417230001214193
0.0007717919988863287
0.0007857570008127368
0.0011324580000291462
0.0009429179999642656
0.0007747820000076899
0.0008634839987280429
0.0009487719989920151
0.0007403629997497774
0.0008400910001000739
0.001059707999957027
0.0009851459999481449
0.0008059889996729908
0.000960164999924018
0.0007673550007893937
0.00084421400060819
0.0008166500001607346
0.0007937949994811788
0.0009157730000879383
0.001063462999809417
0.0010481990002517705
0.0007661059999009012
0.00074661000053311
0.0033288410004388425
0.0010438510007588775
0.0008728040002097259
0.0008059660003709723
0.0009200479989885935
0.0010255540000798646
0.0008762710003793472
0.000802737999947567
0.0007433450000462472
0.0008082920003289473
0.0009043740001288825
0.0007881030005592038
0.0010577720004221192
0.0007526720000896603
0.0007852339995224611
0.0007783449991620728
0.001090495001335512
0.0007602790001328685
0.0008917930008465191
0.0009375809995617601
0.0009799430008570198
0.0007587790005345596
0.000905859999875247
0.0009722649992909282
0.00078648599992448
0.0011235320007472183
0.004762797999319446
0.008085687999482616
0.0010369669998908648
0.0008327619998453883
0.0008594990003985004
0.0007904479998614988
0.001101619999644754
0.0008409630008827662
0.001111887000661227
0.0011779269998442032
0.0007606670005770866
0.0009022320009535179
0.0007757229996059323
0.0007461899995178101
0.0007559460009360919
0.001048009001351602
0.0007621210006618639
0.0009389030010424904
0.0007452039999407134
0.000716908999493171
0.0011665789998005494
0.001183649999802583
0.0009184930004266789
0.000898663000043598
0.0013644780001413892
0.0008817449997877702
0.0011020560004908475
0.0007850029996916419
0.001247347000571608
0.0027927729997827555
0.0008600379997005803
0.0008860689995344728
0.0008416560003752238
0.0007833820009182091
0.0008183179998013657
0.0007854400000724127
0.000898587999472511
0.0007617369992658496
0.003906961000211595
0.0007719640007053385
0.0008090420005828491
0.000872982000146294
0.0009805449999475968
0.0007514060007451917
0.0008216020005420432
0.0009286340000471682
0.0009537030000501545
0.0007759290001558838
0.0007292050004252815
0.00097939200077235
0.0007565539999632165
0.0007945409997773822
0.001156214999355143
0.0009695019998616772
0.0006921599988345406
0.0011584350004341104
0.00081859199963219
0.0007606740000483114
0.0008236160001615644
0.0007846389999031089
0.00075504800042836
0.0009005700003399397
0.0008667030006108689
0.0007900900000095135
0.0008034560005398816
0.0009792490000108955
0.0009619569991627941
0.0009130710004683351
0.0007517890007875394
0.0008856449994709692
0.0007581039999422501
0.0007598470001539681
0.0010579799991319305
0.0007754929993097903
0.0007651209998584818
0.000948834999690007
0.0007912379996923846
0.0007784979998177732
0.001018541001030826
0.000810374000138836
0.0009188150006593787
0.0009238940001523588
0.0007692049994147965
0.0009068399995157961
0.0009243360000255052
0.0007729239987384062
0.000815026000054786
0.0007187640003394336
0.0008674950004206039
0.0008644949994049966
0.0007268389999808278
0.0007516369996665162
0.000757812000301783
0.0010258000011162949
0.0008493860004818998
0.0007616519997100113
0.0008507169995937147
0.0007303250004042638
0.0007716469999650144
0.0007878229998823372
0.0007626879996678326
0.0008147480002662633
0.0007515649995184503
0.0008249649999925168
0.0008125070007736213
0.0007791249990987126
0.0007653990005564992
0.000814423000520037
0.0008496360005665338
0.0007550199998149765
0.0008533469999747467
0.0007840620000933995
0.001051001000632823
0.0007779879997542594
0.0007570990001113387
0.0007615269996676943
0.001155109999672277
0.0007685010004934156
0.0007892909998190589
0.0010091559997817967
0.0007725309997113072
0.0010661850010365015
0.0008262740002464852
0.0007783359997119987
0.0007922350005173939
0.0007347000000663684
0.000801707000391616
0.0010752460002549924
0.011809454000285768
0.0007678540005144896
0.0007553879995612078
0.0008184959997379337
0.0007668099997317768
0.0007526310009779991
0.0008293430000776425
0.0007229220000226633
0.0008088660006251303
0.0009165130004475941
0.0007483839999622433
0.0008921480002754834
0.0007684700003665057
0.0007502219996240456
0.0007062750000841334
0.000957117999860202
0.0008957260006354772
0.0010052190000351402
0.0008072539994827821
0.0007715149995419779
0.000914761000785802
0.0007282169999598409
0.003702584000166098
0.0007644310007890454
0.0007640739995622425
0.0007848870000088937
0.0007805080003890907
0.0007793820004735608
0.0007249510008477955
0.0008468099995297962
0.0007077279997247388
0.0008592809999754536
0.0008254039994426421
0.0007685709997531376
0.0010378489996583085
0.0007758549991194741
0.0007493120001527132
0.0007926390007924056
0.0009693659994809423
0.0007447479993061279
0.0007695670001339749
0.0007496879998143413
0.0007576629996037809
0.0007676180002818
0.0007746629999019206
0.0007584289996884763
0.0007381719997283653
0.0009210699990944704
0.0007820069995432277
0.0007777780001561041
0.0007995220003067516
0.0008453220007140771
0.0007689359999858425
0.000765048999710416
0.0011009260006176191
0.0007500540004912182
0.0009354290004921495
0.0007698210001763073
0.0007871890002206783
0.0007363239992628223
0.0007530599996243836
0.0007661800000278163
0.0009213129997078795
0.0007670090008105035
0.0007418489994961419
0.0010407600002508843
0.0009467460004088935
0.007871279000937648
0.0007601819997944403
0.0007800590001352248
0.0007617290002599475
0.0007888360005381401
0.0007819630000085454
0.0009219569992637844
0.0008121540004140115
0.0007425129997500335
0.0009449689996472443
0.000807389999863517
0.019363532001079875
0.0010335350007153465
0.0008440410001639975
0.0007501029995182762
0.0007788970006004092
0.0007841209999241983
0.0007774959985908936
0.0007555649999630987
0.0007477830013158382
0.0008687319996170118
0.0007832320006855298
0.0007243760001074406
0.0007704400004513445
0.0007788350003465894
0.000755609999941953
0.000994980999166728
0.000745532999644638
0.0008963780001067789
0.0007563629997093813
0.0008636069997010054
0.001014330999169033
0.008186045000002196
0.0007656439993297681
0.000779955999860249
0.0007967530000314582
0.004500137999457365
0.0008415040001636953
0.0007621440008733771
0.0007619359994350816
0.0008101560006252839
0.0008044389996939572
0.0008736810004847939
0.0007488149994969717
0.0007152520011004526
0.0007997049997356953
0.0007903589994384674
0.0007573940001748269
0.0007952819996717153
0.0007823060004739091
0.0007910640006230096
0.0007510329996875953
0.0007673660002183169
0.0007500800002162578
0.0008963649997895118
0.000947051999901305
0.0008715500007383525
0.0007913779991213232
0.000849587000629981
0.0008041390001380933
0.0007597379999424447
0.0011091820006186026
0.0008471050005027791
0.0007861300000513438
0.0008231620004153228
0.00077830800000811
0.0007758849997117068
0.0008486419992550509
0.0007689100002608029
0.0007982679999258835
0.0007846250000511645
0.0007767480001348304
0.0007891289997132844
0.0007633440000063274
0.000786610999966797
0.0008051350005189306
0.0008087109999905806
0.0010267110010317992
0.0007856930005800677
0.0007351809999818215
0.0007624700001542806
0.0006988129998717341
0.0008108990004984662
0.0007023020007181913
0.000722531999599596
0.0011357360008332762
0.0008675130002302467
0.0007661079998797504
0.0007717009993939428
0.0007755520000500837
0.0007928700006232248
0.0007864110002628877
0.0007834959988031187
0.0007489150002584211
0.004949656999997387
0.0007919809995655669
0.0008089030006885878
0.0007623310002600192
0.0007470520004062564
0.0007902179995653569
0.0007318449997910648
0.0007987680010046461
0.007654928999727417
0.0008005449999473058
0.0007624879999639234
0.000771015999816882
0.0007708759994784486
0.0008088360000328976
0.0007979470001373556
0.0007730180004728027
0.0007821520011930261
0.0007738149997749133
0.0008088700005828287
0.0007588349999423372
0.0007867680005801958
0.0007423240003845422
0.0007676299992454005
0.0007504470004278119
0.000829867999527778
0.0007589809993078234
0.0009681810006441083
0.0008077849997789599
0.0007816879997335491
0.0186354109991953
0.0007595140004923451
0.0007632940005350974
0.0010742829999799142
0.0008231310011979076
0.0007621610002388479
0.0007488060009563924
0.0009627559993532486
0.0007713230006629601
0.0007533629996032687
0.0007513640002798638
0.0008366450001631165
0.0008029179989534896
0.0008988330000647693
0.0008194940000976203
0.00073911900017265
0.0007574990004286519
0.0007433849996232311
0.0008487719996992382
0.000766563000070164
0.0008076109998000902
0.0007618080007887329
0.000760307000746252
0.01905191800051398
0.0007702939992668689
0.0007901740009401692
0.0007532830004493007
0.0008053179999478743
0.000718987000254856
0.0007419180001306813
0.0007320269996853312
0.0007995469995876192
0.0008785370000623516
0.003432311000324262
0.0007719240002188599
0.0007865389998187311
0.0007902240004113992
0.001292938000005961
0.0007309889997486607
0.0007277319991771947
0.002274729000419029
0.0007793459999447805
0.0007933219994811225
0.0008770399999775691
0.0007362269998338888
0.0007627439999851049
0.0007344670011661947
0.0007936390002214466
0.0007765470008962438
0.0008009789999050554
0.0007643950002602651
0.000822187998892332
0.0008161790001395275
0.000723970999388257
0.0007850350011722185
0.0007671849998587277
0.0007813129996065982
0.0007425160001730546
0.0007958060004966683
0.0007728880000286154
0.0008057530003497959
0.0007584550003230106
0.0007586570000057691
0.0007564610004919814
0.0007762929990349221
0.0008142749993567122
0.0007507590007662657
0.0007635569991180091
0.000737451000532019
0.0007599749988003168
0.0007894130003478494
0.013396104999628733
0.0007555720003438182
0.0007613849993504118
0.0007717170001342311
0.0007785899997543311
0.0010171049998461967
0.0008191379993149894
0.0007511199992222828
0.0007580429992231075
0.0007818440008122707
0.0007623460005561356
0.0007872820006014081
0.0007973359997777152
0.0007457190004060976
0.0007883499993113219
0.0007733259999440634
0.0007722679993094062
0.0007142130007196101
0.0007595560000481782
0.0007666319997952087
0.0007763749999867287
0.0007518359998357482
0.01666159499927744
0.0007324609996430809
0.000757647000682482
0.0007635330002813134
0.0007678190004298813
0.0007663030010007787
0.0008846270002322854
0.0007271929998751148
0.0007708439998168615
0.0007227219994092593
0.0007890739998401841
0.0009353079994980362
0.000750291000258585
0.000773595000282512
0.0007566580006823642
0.0009264439995604334
0.0007683890007683658
0.0007877719999669353
0.02154972500011354
0.0007529179993071011
0.0007877019997977186
0.0007233449996419949
0.0016281799998978386
0.0007808350001141662
0.0007806659987181774
0.0008112320001600892
0.000775753000198165
0.016353741000784794
0.0007546450005975203
0.0007722699992882553
0.0010961410007439554
0.0007237459994939854
0.0007447329999195063
0.0007296890007637558
0.0008045579997997265
0.0007571679998363834
0.0007818209996912628
0.015965949000019464
0.000802443999418756
0.0007210169997051707
0.0007705010002609924
0.0007314070007851114
0.0008145670008161687
0.0007416610005748225
0.008991517000140448
0.0007829429996490944
0.0007668379994356656
0.0007995599999048864
0.0012638009993679589
0.0007953550002639531
0.0007639719997314387
0.00079269099933299
0.0007536499997513602
0.0007598419988426031
0.0007908449997557909
0.0008164570008375449
0.0007906579994596541
0.0007632200004081824
0.0007656429997950909
0.0007755480000923853
0.0007908719999250025
0.0007871739999245619
0.0007628710000062711
0.000798609000412398
0.0007712710003033862
0.0007348039998760214
0.0007242090005092905
0.0007489200006602914
0.0007716470008745091
0.0007322009996642009
0.0007856690008338774
0.0007970790002218564
0.0007456510002157302
0.0007195809994300362
0.0007406270005958504
0.0007526420004069223
0.0007620670003234409
0.0007461370005330537
0.0007425720004903269
0.008994329000415746
0.00073996600076498
0.0007463779993486241
0.0007563579993075109
0.0007434010003635194
0.0007593810005346313
0.0007919620002212469
0.0007778449999022996
0.0007646960002603009
0.000781525001002592
0.0007591240000692778
0.0007549480005764053
0.0007797039997967659
0.0007527839998147101
0.0007847480001146323
0.0007068030008667847
0.0012994239996260148
0.0007510060004278785
0.000803828998868994
0.0007711329999438021
0.000758918000428821
0.0007997450011316687
0.0008052279999901657
0.0007594620001327712
0.0008260690001407056
0.0007494299998143106
0.0007779849993312382
0.0008058890007305308
0.0007889220005381503
0.0007480850008505513
0.0007427690006807097
0.0007493559996873955
0.0007749130008960492
0.0007949760001793038
0.0007613240004502586
0.0008104230000753887
0.0007937340005810256
0.000756943999476789
0.0007840179996492225
0.0007355119996645954
0.0007811780005795299
0.037387045999821567
0.0007593930004077265
0.0007794340008331346
0.0007839870004318072
0.0014799280006627669
0.0010742829999799142
0.0008798770004432299
0.0007940739997138735
0.000881047000802937
0.0007840709995434736
0.013150525998753437
0.0007820509999874048
0.0007877130001361365
0.0007922410004539415
0.00079817100049695
0.0007789020000927849
0.0007616280008733156
0.0007826299997759634
0.0007786969990775106
0.0007252840005094185
0.016050975000325707
0.0007831079992683954
0.000770472999647609
0.000769783999203355
0.001653633999012527
0.0007699329999013571
0.00097784599984152
0.000768734000303084
0.0007772950002618018
0.000762358999963908
0.0007775669992042822
0.0007326020004256861
0.007989838999492349
0.0007708940011070808
0.0010033629996542004
0.0009571380005581887
0.02078572700065706
0.000786541000707075
0.0007672269994145609
0.0007669719998375513
0.0011612090002017794
0.0007791589996486437
0.023341473999607842
0.0007919929994386621
0.0007749859996692976
0.0007844780002415064
0.000755085999117
0.0007863590008128085
0.0008009209996089339
0.0007459779999408056
0.0007571179994556587
0.0008054250001805485
0.0010427859997435007
0.0007368070000666194
0.0007884130000093137
0.000784253999881912
0.0007748520001769066
0.0007848790000934969
0.008078337999904761
0.000766135000048962
0.0007594150001750677
0.0008201089995054645
0.0007728099999440019
0.0007677169996895827
0.0007938699991427711
0.0007473049990949221
0.0010063799991257838
0.0007827200006431667
0.0007503360002374393
0.0007820669998181984
0.0008044830001381342
0.000780956999733462
0.0007674729995414964
0.0007445780001944513
0.0009046750001289183
0.0007563780009149923
0.0007871520001572208
0.0008029410000744974
0.000767070999245334
0.0007513310001741047
0.0007452959998772712
0.0007846990001780796
0.0008053279998421203
0.0007409170002574683
0.0007673600002817693
0.0007834160005586455
0.0007928060003905557
0.0086149460003071
0.0008754709997447208
0.0007832119999875431
0.0007975180005814764
0.0007738889999018284
0.0007686130002184655
0.0007992949995241361
0.0007275490006577456
0.0007741600002191262
0.0007515320003221859
0.0007244709986480302
0.0007512530000894913
0.0007800929997756612
0.0007482059991161805
0.000779239000621601
0.000738062999516842
0.0007721800011495361
0.0007569929994133417
0.0007400529993901728
0.0007452730005752528
0.0007506570000259671
0.0007783390010445146
0.008089378000477154
0.0007768379991830443
0.0007908959996711928
0.000735087998691597
0.0007890099996075151
0.0008041069995670114
0.0007472590004908852
0.0007547940003860276
0.0007483890003641136
0.0008105659999273485
0.0007715060000919038
0.01163617600013822
0.0008045810009207344
0.0007983559999047429
0.0008065600004556472
0.0007749679998596548
0.0007688810001127422
0.0007580589999633958
0.0008001319993127254
0.0008166459992935415
0.000822393000817101
0.0008002169997780584
0.0007549310003014398
0.0007520250001107343
0.0008093599999483558
0.0007742779998807237
0.0007860460000301828
0.0008141259995682049
0.0007421640002576169
0.0008199539988709148
0.0007689250005569193
0.0008227800008171471
0.0007912410001154058
0.0007345049998548348
0.0007947919993966934
0.0011310410000078264
0.0007740890005152323
0.0007835399992472958
0.0007467449995601783
0.0007978889998412342
0.0007454400010828977
0.0007671820003452012
0.0007861329995648703
0.0007979339998200885
0.0007566950007458217
0.0007553369996458059
0.0007740320006632828
0.0007863619994168403
0.0007720330004303833
0.0007686159997319919
0.0007668719999855966
0.0007475020001947996
0.0007584760005556745
0.0008021899993764237
0.01811944100063556
0.0008082100002866355
0.003916676000699226
0.0007408300007227808
0.0007833010004105745
0.0008103520003714948
0.0009699089996502153
0.0008332319994224235
0.0007392840007014456
0.02050829900053941
0.0007813659995008493
0.0007655519993932103
0.0007339710000451305
0.0007726260009803809
0.0007769159992676578
0.0007519520004279912
0.0007670200002394267
0.0007724090000920114
0.0008026160003282712
0.0007662799998797709
0.0008011560003069462
0.0007851739992474904
0.0018146519996662391
0.0007481410002583289
0.00996399899941025
0.0007770550000714138
0.00080106000041269
0.0007983440000316477
0.0007425910007441416
0.0007799040013196645
0.0007906569999249768
0.0007667470008527744
0.0007758390001981752
0.0008957090003605117
0.0007387079995169188
0.000851981999403506
0.0007630490008523338
0.0011072370007241261
0.0007659790007892298
0.0007892809999248129
0.0007536349994552438
0.0007742309990135254
0.00077274000068428
0.0007799550003255717
0.0007516020014008973
0.0007590780005557463
0.0007991660004336154
0.0007160369996199734
0.0007641249994776445
0.0007708430002821842
0.0007338410005104379
0.000780125000346743
0.0008917169998312602
0.0008074870002019452
0.0007278029988810886
0.0007912609999038978
0.000747381000110181
0.0009630889999243664
0.0007734279997748672
0.0007560369995189831
0.0009017139991556178
0.0007945280003696098
0.0007645729992873385
0.0007455989998561563
0.0007264130008479697
0.0008859139998094179
0.0007454469987351331
0.0008063719997153385
0.0007486109998353641
0.0007906709997769212
0.0007605289993080078
0.0007748440002615098
0.0008635889998913626
0.0008409719994233456
0.0008164429991666111
0.0010083780007335008
0.0007150299998102128
0.0008811960005914443
0.0008986010006992728
0.0007683940011702362
0.0007653599996046978
0.0008130709984470741
0.0007915810001577483
0.000791373001447937
0.0007514369999626069
0.0007643560002179584
0.0009043020008903113
0.0011053719990741229
0.0007765149994156673
0.001043793000462756
0.0008009910006876453
0.0007473879995814059
0.0007360890003837994
0.0008830839988149819
0.000791993999882834
0.0007825029997547972
0.001034975999573362
0.0007787739996274468
0.0007944190001580864
0.0008853290000843117
0.024039964000621694
0.0009904190001179813
0.0008076240001173574
0.0007629820001966436
0.019417109000642085
0.0007407610000882414
0.0007438769998771022
0.0007856760003051022
0.0007918129995232448
0.000779642999987118
0.0007918620003692922
0.0007421969994538813
0.0007414090005113394
