0.18219289999979082
0.3042854149998675
0.27406322300157626
0.2223814469998615
0.24802068199915084
0.20030214799953683
0.3844148799980758
0.24268959799974255
0.3174399199979234
0.30111311999917234
0.26682304500081955
0.3464943159988252
0.31976518599913106
0.2359128789994429
0.2712596850005866
0.29464150199964934
0.27749099399989063
0.3868796070019016
0.2628345190005348
0.3026384909999251
0.2877938350002296
0.33860214699961944
0.23332400499930372
0.3659351300011622
0.34226251099971705
0.29302869599814585
0.37960401799955434
0.3354683009993096
0.21279041600155324
0.34205294000094
0.29749300200001016
0.31700314299905585
0.2233752430011009
0.38467437899998913
0.3007379389982816
0.32084563199896365
0.2810697839977365
0.31520456000089325
0.3034102739993614
0.2696082940001361
0.36198308100028953
0.3611868010011676
0.3744422449990452
0.3455739769997308
0.3471917080005369
0.4384458539998377
0.38255198299975746
0.4172650419995989
0.3080222139988109
0.4072551849994852
0.7115356460008115
0.3114457580022645
0.3959955819991592
0.3336870999992243
0.4269968730004621
0.5019888259994332
0.4580531309984508
0.4321343440005876
0.5549920970006497
0.38643690000117203
0.4952513580001323
0.41902327700063324
0.4048930660001133
0.49726676100090117
0.5229453119991376
0.5040978110000651
0.43416558600256394
0.5438524669998515
0.44862079600079596
0.46579451600064203
0.6496543349994681
0.3620128359989394
0.47235953900053573
0.3471295249992181
0.5371174049996625
0.4841450719995919
0.49785984700065455
0.38392267000017455
0.3749299590017472
0.4219502639998609
0.3022075009994296
0.45878098599951045
0.39770135799790296
0.4772183989998666
0.3635617660002026
0.4389555220004695
0.4193728080026631
0.5346001730013086
0.4111834830009684
0.345581647000472
0.4402617060013654
0.3634740699981194
0.5687282450007842
0.4494500889995834
0.5038877950000824
0.44947366600081295
0.3993368150004244
0.41748578300030204
0.4840360589996635
0.39136425999822677
0.3297493440013568
0.5285128999994413
0.5374066559998028
0.36628410299999814
0.3596575070005201
0.40891244700105744
0.5311421230007909
0.39714987499974086
0.32854538399988087
0.4463905939983306
0.5096176450006169
0.42762076999952114
0.4308708690023195
0.43283008100297593
0.3567189019986472
0.33473559899994143
0.4864817599991511
0.4566457729997637
0.42427118999967206
0.4268353519983066
0.35911090100216825
0.48655206599960366
0.5116445119992932
0.4080450230021597
0.3379597479997756
0.32227259800038155
0.39731630900041637
0.47203655399971467
0.4605710590030867
0.5165376290005952
0.44915303999914613
0.39801587799956906
0.31364966799992544
0.4062135900003341
0.4959803740002826
0.4984394980001525
0.3072218620000058
0.3795863270015616
0.3348179339973285
0.44017175999670144
0.3726488040001641
0.5157483450002474
0.42331774899957963
0.39665771100044367
0.39561263299947313
0.412514299000577
0.4784571509999296
0.43762422500094544
0.36201669099955325
0.33541189399693394
0.4344597679992148
0.4211340009997002
0.2935868999993545
0.41912373900049715
0.36845062999964284
0.37927582300017093
0.32894112300255074
0.4563055200014787
0.3660533120009859
0.5187040420014455
0.44293411599937826
0.3756049019993952
0.2565757879992816
0.6774630100007926
0.4367982910025603
0.3357467739997446
0.5357408230001965
0.4496878900008596
0.47191362799821945
0.29814090400032
0.3727828020000743
0.4615756530001818
0.34258700999998837
0.3856880570001522
0.49403440700098145
0.3764705240018884
0.4001445549984055
0.4646270210005241
0.34752785000091535
0.43955202500183077
0.36752407899984973
0.4278329709995887
0.43113690100199165
0.3840318249986012
0.3322213740002553
0.4236567500020101
0.4222149580000405
0.43904019799992966
0.3778530379986478
0.4508149199991749
0.46020964899889805
0.4019500570020682
0.4824439899994104
0.391626957997687
0.44800641300025745
0.38699584800269804
0.5059497169995666
0.4546762829986619
0.42702307699983066
0.43963640699803364
0.35790757999984635
0.5372990950008898
0.4337205300007554
0.3464674520000699
0.3961681070022678
0.29972637400169333
0.35035061799953837
0.42186968100031663
0.43767174999902636
0.4289840519986683
0.5446408070010875
0.3906493629974648
0.44818001099883986
0.5163127489977342
0.4461444250009663
0.5150924719991963
0.4374780540019856
0.4131195629988724
0.3208099610010322
0.6903863230008938
0.4675835370017012
0.4487036650016307
0.3686489219990108
0.4204200269996363
0.40585663900037616
0.467309193998517
0.42215036299967323
0.548271386000124
0.35423224899841443
0.3920557440005723
0.360658270001295
0.4552807140007644
0.40100104799876135
0.3115042199997333
0.5043673200007106
0.6297294599989982
0.38423658199917554
0.37783072399997764
0.5626398110016453
0.4566795799992178
0.4313738149994606
0.2813066559992876
0.4201497600006405
0.44059307999850716
0.4577686430002359
0.39387949400043
0.44776715700027125
0.40275727399966854
0.4174866329994984
0.33958610800164024
0.4230951350000396
0.4015898429997833
0.371134896001422
0.342092880002383
0.4243183089993181
0.38634879999972327
0.3700553429998763
0.35665704399889364
0.45170156299900555
0.4300848559987571
0.4820665880024535
0.3003236829981688
0.4981218050006646
0.3396003420011766
0.3899496599997292
0.3172417250025319
0.3486865930008207
0.4278727370001434
0.3954115489987089
0.34424592700179346
0.44309560299734585
0.5201070030007031
0.332336249999571
0.29708440900139976
0.7509901330004141
0.3613803599992025
0.3923042489986983
0.34645853800066106
0.4943885599996065
0.31680544599930727
0.36137939900163474
0.48152791899792646
0.3772848229991723
0.3863423109996802
0.2738838850009415
0.3600958540018837
0.3038083219980763
0.38554114399903483
0.364544716000637
0.4326028179993955
0.3339315550010724
0.3556595880008899
0.375889458000529
0.38745627000025706
0.3528104880015235
0.4125282569993942
0.4427363510003488
0.4057051900026636
0.40225174199986213
0.49376723899786157
0.37954377599908184
0.42622572999789554
0.24950795499989908
0.277492609001456
0.32115321700075583
0.37971792799999093
0.3261638660005701
0.39915241500148113
0.4684449369988215
0.47681011500117165
0.4690112660000523
0.31989234299817326
0.3657387450002716
0.3432139879987517
0.4732862490009211
0.34151101400129846
0.2731902369996533
0.2976915680010279
0.4067121979996955
0.5013303649993759
0.3704142940005113
0.3660515690007742
0.4225455610003337
0.34025079799994273
0.40663927200057515
0.4475841440016666
0.3681812300001184
0.6794025790004525
0.3089825360011673
0.5546794430010777
0.312901282999519
0.3344420949988489
0.3838987190001717
0.5122167559984518
0.3842133990010552
0.43784922099894175
0.46328533300038544
0.52309294999759
0.5006367709984261
0.4051684160003788
0.34281677400122135
0.3328310139995665
0.3963172490011857
0.3098901849989488
0.3692719809996561
0.27855885900135036
0.349567112000841
0.4363913239985777
0.3679538610012969
0.44736846200066793
0.4756562339971424
0.41727881800034083
0.36921647300096083
0.30930874299883726
0.34739386399905925
0.42541134700059047
0.413221424000767
0.39447994100009964
0.4548105299991221
0.46492291599861346
0.45620493599926704
0.38156589699974575
0.40120417500020267
0.44369552199987083
0.37618288900102925
0.3569509089984422
0.3622282130008898
0.3401103240003067
0.402015354001378
0.3619357939978727
0.37502831800065906
0.3812560040005337
0.435370024999429
0.4273399370003972
0.37586317000022973
0.4932227959998272
0.38283938499898795
0.37605684000027395
0.39968320400203083
0.3948738039998716
0.3448610949990325
0.38043401400045695
0.38724906599964015
0.4651412610000989
0.34715227099968615
0.3255077830008304
0.49095127699820296
0.3106911599998057
0.336249483998472
0.2958369819998552
0.4137273839996851
0.49504739199983305
0.31457914199836523
0.29623205100142513
0.41643233699960547
0.3469018939995294
0.38409147600032156
0.522246236000683
0.34708569899885333
0.5187129559981258
0.3282139940001798
0.535111145000883
0.3754355659993962
0.42943937700056267
0.38855249300104333
0.5185659919989121
0.40777370300020266
0.42758482299814204
0.517498641000202
0.34152379800070776
0.4212386539993531
0.3653697089985144
0.6149164450007447
0.45147370399809006
0.4274449120011923
0.45069685600083176
0.36175674500100286
0.5078646819993082
0.42668215400044573
0.3802616710017901
0.4609334480001053
0.4614440879986432
0.43115567799850396
0.48637839300045016
0.3940747389979151
0.40218622100019275
0.29506125100215286
0.3786512090009637
0.43848249499842495
0.42694004199802293
0.41376051499901223
0.282358510999984
0.34763669799758645
0.34436997399734537
0.3749054139980217
0.3443949690017689
0.27365255299901037
0.42935706800199114
0.3901628779985913
0.39257723099944997
0.462603706999289
0.4325244000001476
0.4614654450015223
0.5269395640007133
0.3890768849996675
0.37444435699944734
0.35295665099965845
0.41752187199926993
0.44399704100123927
0.48680490300012025
0.36413799399815616
0.37402059200030635
0.45271282300200255
0.36831017499844165
0.402346694998414
0.40511135599990666
0.4638391099988439
0.4689826150006411
0.4635835960007171
0.4682494640010191
0.44100283600073453
0.4202186360007545
0.4830398689991853
0.48160437299884507
0.4218382790004398
0.41079191399967385
0.41021175799960474
0.39678293999986636
0.44686902900048153
0.37756550000085554
0.4318911099999241
0.42327256899807253
0.3687512060005247
0.5189984159987944
0.4107778709985723
0.47475843300071574
0.5663703779982825
0.3967957649992968
0.43958472100075596
0.3867725950012755
0.4093877750028696
0.3295195460013929
0.4633673700000145
0.46309875499900954
0.37940818299921375
0.44338421300199116
0.3636371920010788
0.41186104199823603
0.3509972920001019
0.43867500300257234
0.3286195199998474
0.3748033239990036
0.45113466599923413
0.3392291000000114
0.373313464999228
0.34900759699939954
0.3301140439998562
0.395455118999962
0.298752852000689
0.4130447470006402
0.384858284000984
0.41314039299777505
0.3567819479994796
0.4680522979997477
0.4647514950002005
0.37588907000099425
0.3798146770004678
0.4330065720005223
0.4703032509987679
0.40513163400100893
0.3289457880000555
0.3821041850014808
0.3653132910012573
0.3945083140006318
0.4163205539989576
0.4399343240011149
0.31974061999972037
0.45035858299979736
0.5745638420003161
0.4056760249995932
0.35543258000052447
0.4443133360009597
0.30834169600075256
0.3713147159978689
0.2934319759988284
0.4000553800005946
0.3425199209996208
0.3851463579994743
0.3800229489988851
0.4778030730012688
0.37267665899980784
0.4333403629998429
0.43536655900061305
0.3598228079972614
0.3459196290004911
0.30546915299873945
0.3922504520005532
0.3268603329979669
0.4185247209998124
0.38024514200060366
0.3320153729982849
0.30904408199694444
0.44187355499980185
0.32023202699929243
0.39845141200021317
0.3899490549983966
0.4235486099978516
0.4193613289990026
0.41595284399954835
0.41712692199871526
0.39756963000127143
0.38682868300020345
0.5285317000016221
0.3545552600007795
0.4197969180013388
0.46499926800061075
0.3993096539998078
0.4717261950008833
0.42198975599876576
0.3386329610020766
0.3429095439987577
0.3207365740008754
0.38206267400164506
0.4394388089986023
0.3852757590011606
0.38567209300072136
0.36014766700009204
0.3793534929991438
0.36693223000020225
0.455460093999136
0.38102419000097143
0.40542508399903454
0.3604460350006775
0.36087969599884673
0.39873825700124144
0.41410947299937106
0.35427501699905406
0.5134637609999118
0.38113563600018097
0.39547740000216436
0.3689739440005724
0.3778401789995769
0.3213390459995935
0.32004896700073004
0.366496531998564
0.3575256570002239
0.5966672029999245
0.5039617570009796
0.36490199400032
0.36796703500203876
0.37200725999900897
0.362462298000537
0.3775154540007861
0.32266266100032226
0.41199943399806216
0.38673422199917695
0.4081224120018305
0.4068945219987654
0.4150680749999083
0.2087011249996067
0.5079782669999986
0.44795312700080103
0.508994851999887
0.5039846190020398
0.3664732870020089
0.367335660002027
0.3900687229988762
0.36668455000017275
0.4909783429993695
0.4684350639990953
0.36462616700009676
0.4888223530024334
0.4084100789996228
0.3808410139981788
0.48201846899883094
0.36899231400002463
0.39723666600184515
0.45028941400141775
0.3341646850003599
0.38822444199922757
0.44325765700068587
0.39979720700011967
0.37648722599988105
0.3542976090011507
0.38362229199901776
0.3981327430010424
0.6080863189999945
0.5095050059990172
0.37202598999920156
0.3421816290010611
0.49958201500066934
0.23914023399902362
0.40020264699978725
0.3527302050006256
0.5380084850012281
0.40805210700182215
0.570085164999
0.4432213440013584
0.40290977799941174
0.33170669299943256
0.4756817489997047
0.3697501300021031
0.4333593440014738
0.35052237400032027
0.33276241699968523
0.29689099000188435
0.4165838149983756
0.3844528449981226
0.3039294879999943
0.27096719600103825
0.3989859940020324
0.39469891999942774
0.45157650299915986
0.4762642079995203
0.4238264980003805
0.4523906989998068
0.36596955099957995
0.3481575010009692
0.277217763000408
0.43235265700150194
0.3768757759999062
0.46097223600008874
0.3998825949993261
0.48939710200011177
0.4893221349993837
0.47721780000028957
0.3498133869998128
0.33974466000017856
0.3350610120005513
0.3563679239978228
0.36648067299756804
0.4505827839993799
0.3762982070002181
0.41023131600104534
0.31706265499997244
0.32612484799756203
0.3233890390010856
0.3779892890015617
0.3540447010009302
0.33778550599981827
0.3518012269987594
0.4482344929992905
0.3244211629998972
0.31665708900072786
0.42612963300143747
0.31557047800106375
0.4895513140018011
0.3899312749990713
0.3526040419983474
0.39388357900133997
0.3621187180006018
0.4222882829981245
0.23097874100221816
0.39952319500116573
0.4683725040013087
0.37671285799933685
0.36150453799837123
0.3308328030016128
0.3628015520007466
0.33727625099891156
0.4119164530011403
0.42692500300108804
0.41537437700026203
0.3722166749985263
0.41153592899991054
0.34979989400017075
0.31882307499927265
0.43288969000059296
0.35761767599979066
0.4721590720000677
0.4157546890010053
0.47248499500165053
0.3068202240010578
0.36250702799952705
0.36769156599984854
0.4580384220007545
0.3878806489992712
0.33391621600185317
0.34979064099843526
0.3601667240000097
0.45193337999899086
0.3441747659999237
0.3928359650008133
0.4388285500008351
0.3874807709989909
0.46512702600102784
0.3628451530003076
0.3180985779999901
0.4219255140005771
0.39900731299985637
0.3532697680002457
0.42560847500226373
0.436424582001564
0.36169147300006443
0.442796451000504
0.3957239449991903
0.3796271789988168
0.46626612300042325
0.3906319900006565
0.3145733419996759
0.36835252399851015
0.4286784070027352
0.4224624339985894
0.4077611619986783
0.3864189840005565
0.35651820600196515
0.37016817399944557
0.31470854400140524
0.4112420219980777
0.32913040700077545
0.38906210100049066
0.362367757001266
0.42731106100018224
0.4356479820007735
0.4595020420019864
0.3665959660002045
0.509952741998859
0.4267352629976813
0.42671422499915934
0.34932761800064327
0.4124047379982585
0.40220743699865125
0.3805928820002009
0.4521099490002598
0.48319220199846313
0.434227062998616
0.6022393999974156
0.36907934799910436
0.37279315700016014
0.3543420360019809
0.4044109109991041
0.42036563599958754
0.35256769999796234
0.4056055759974697
0.44500531099947693
0.3688062480014196
0.42743021300157125
0.38504243999886967
0.39955395300057717
0.44099810299758246
0.43486588099949586
0.44295299100122065
0.4290153480005756
0.4968489880011475
0.5039517620007246
0.3744567229987297
0.33752793399980874
0.3751477760015405
0.4039411609992385
0.41390752299957967
0.38157798099837237
0.4926362279975365
0.34037717299906944
0.3928347329992903
0.4916558819986676
0.4028450379992137
0.38058018700212415
0.4276132860022699
0.44586980100120854
0.30585211599918694
0.33395899500010273
0.31442715899993345
0.4506331830016279
0.4384844140004134
0.378566503998627
0.4238697799983129
0.4135169940000196
0.3369232529985311
0.39513248200091766
0.3810508200003824
0.3679803110007924
0.34523952400013513
0.4216002639996077
0.3703853409997464
0.486409943999206
0.3584845769992171
0.4138496990008207
0.3833436539998729
0.4034418290011672
0.31382991499958734
0.3731113789999654
0.556514141999287
0.4667531089980912
0.4685613569999987
0.37856581899904995
0.31957452400183683
0.3619654710009854
0.4692866530012907
0.41699364299984154
0.3800027580009555
0.4345768159992076
0.4077950669980055
0.45433925700217515
0.46411864400033664
0.37212968100084254
0.34749862199987547
0.3840100329989582
0.4699255930008803
0.44856760499897064
0.4168399319996752
0.429484225998749
0.399858762999429
0.4548989300019457
0.4443291739989945
0.6152320659975885
0.4111798849999104
0.3619842839998455
0.3597709940004279
0.5060898980000275
0.43201801699979114
0.4426818719985022
0.4344009759997789
0.3813707049994264
0.46838851899974543
0.38183589699929144
0.3772348439988491
0.4076259210023636
0.3937777460014331
0.4481148390004819
0.36928566499864246
0.363699233999796
0.3550468660005208
0.4421736350013816
0.3362549459998263
0.5209221689992773
0.3694989789992178
0.40090525599862303
0.3877861249993657
0.42916678999972646
0.3754950429993187
0.5420623580002939
0.38007547599863756
0.3898259930010681
0.3251897439995446
0.4667595969995091
0.44163069300066127
0.39459928599990235
0.4110856479992435
0.35764947599818697
0.37812891799967474
0.4339070530013487
0.43295828200007236
0.47974143299961725
0.3712500059973536
0.3777583080009208
0.3824557419984558
0.5629536619999271
0.4268870309988415
0.3633235880006396
0.3523687090009844
0.4572353169987764
0.4463418969999111
0.35321375600051397
0.5671507299994119
0.4627002060024097
0.4459967429993412
0.3755601180000667
0.3652691240013155
0.4183067410003787
0.3778416089999155
0.3685215879995667
0.5550691959988399
0.32779805999962264
0.484703186999468
0.4874542580000707
0.44621843400000216
0.4532223790010903
0.4727107020007679
0.5366229400005977
0.3957645990012679
0.4534595570003148
0.32272011900113284
0.4253662549999717
0.4560559279998415
0.41404278600111866
0.3988489589992241
0.31656797800042114
0.32907445799901325
0.350530789000004
0.5310831179986053
0.401195053002084
0.3058789339993382
0.46856725299949176
0.3541294049982753
0.3197607000001881
0.2693839820003632
0.31468771299842047
0.3191328020002402
0.3198863099987648
0.35108787899935123
0.3142779800000426
0.4710074699978577
0.2620394590012438
0.29899285300052725
0.3976902970007359
0.38743137500205194
0.3354241450006157
0.3260715260003053
0.3471713990002172
0.3292169960004685
0.3038641799976176
0.22816584200063517
0.27632255899879965
0.2986736409993682
0.4338212900001963
0.3094330980011364
0.22921545100052754
0.36790071799896396
0.4941719070002364
0.20118457900116482
0.26186693299951
0.23406192799757264
0.31567988299866556
0.30056096099815477
0.28711785599989526
0.2955464960004974
0.2936069250008586
0.29761950300053286
0.16494767500080343
0.341940204999446
0.3420615720006026
0.3182266840003649
0.3683812460003537
0.3528244490007637
0.4386060240003644
0.4951107180004328
0.34457636100069067
0.38866695699925913
0.3602207379990432
0.3685139609988255
0.4727720850005426
0.3441156779999801
0.3452987439968638
0.39399456099909
0.3900035630003913
0.2875319069989928
0.43396993599890266
0.4041771140000492
0.361542007000935
0.2903085829984775
0.39653653700133873
0.49921194599846785
0.3989956750001511
0.4528524709994599
0.3704440150013397
0.36100744099985604
0.44594876500013925
0.35133583299921156
0.4640209830013191
0.39693246400020143
0.4227102599998034
0.3221513609996691
0.39683820600021136
0.4585136870000497
0.4959626699992441
0.4378466660000413
0.3811616929997399
0.5312214299992775
0.38714269699903525
0.22657976400023472
