0.00023120799960452132
0.00022080200051277643
0.0002487520005161059
0.0002665430010893033
0.0002167249995181919
0.00024329000098077813
0.00021461100095621077
0.00021712299894716125
0.00023605900059919804
0.0003349389999129926
0.0002579829997557681
0.0002827670004990068
0.00027620299897535006
0.0002308390012331074
0.00023390900059894193
0.0002113069995175465
0.00031030300033307867
0.00022560900015378138
0.00023508999947807752
0.00021470599949680036
0.00023313399924518308
0.00023446299928764347
0.000217828998756886
0.0002444829997330089
0.00022723599977325648
0.00024751700038905255
0.04828644600092957
0.00020158299957984127
0.00022005500068189576
0.00021848100004717708
0.00022071800049161538
0.0002168199998777709
0.00024789200051600346
0.00024044700057856971
0.0002995369995915098
0.0002199040000050445
0.00021305900008883327
0.00020772400057467166
0.00024274400038848398
0.0002067280001938343
0.040742367999882845
0.00020660599966504378
0.037328205999983766
0.00022423500013246667
0.00022282299869402777
0.00024986700009321794
0.00021956499949737918
0.0002918310001405189
0.00021741200089309132
0.00023445800070476253
0.00023236400011228397
0.00020984899947507074
0.0002142569992429344
0.0002192210004068329
0.00027587099975789897
0.00027170500015927246
0.00021577100051217712
0.00024816099994495744
0.0002140180004062131
0.00020674500137829455
0.00023052800042933086
0.00023951100047270302
0.00021037999977124855
0.00021950199970888207
0.00022057400019548368
0.00021738500072387978
0.00021598199873551494
0.00023486800000682706
0.00021792800089315278
0.0002518760002203635
0.000238301000536012
0.00021660499987774529
0.00024932999986049253
0.00022105599964561407
0.000221763999434188
0.0002639189988258295
0.0002285350010424736
0.07377557600011642
0.00021461500091390917
0.00025096700028370833
0.08832727200024237
0.00021236500015220372
0.0002235809997728211
0.00024408500030403957
0.0002750869989540661
0.10614988399993308
0.00021003199981350917
0.00021599699994112598
0.0002624730004754383
0.00021723999998357613
0.0002700020004340331
0.09960933299953467
0.0002177280002797488
0.00021397800082922913
0.09134807200007344
0.0002197700005126535
0.0002233929990325123
0.0002203920003012172
0.00020237700027792016
0.00022682400049234275
0.000222316999497707
0.0002315579995411099
0.00022287899992079474
0.00032424399978481233
0.07633707400054845
0.00023949100068421103
0.00026218999937555054
0.00031430200033355504
0.07421569699999964
0.00022195899964572163
0.00022160100070323097
0.00020095200034120353
0.00022401399928639876
0.00022919899947737576
0.00022389700097846799
0.0002275179995194776
0.00021670500063919462
0.00021386099979281425
0.00025253799958591117
0.0002125370001522242
0.00025431499943806557
0.00022668600104225334
0.00022296900078799808
0.00021911099975113757
0.00022027400063961977
0.0002157319995603757
0.0002676460007933201
0.0002134910000677337
0.00020313300046836957
0.00025990099948103307
0.0002163540002584341
0.0002747409998846706
0.0002524639994589961
0.000231142999837175
0.0002252770000268356
0.0003388919994904427
0.0002083450008285581
0.000226043000111531
0.00021568899865087587
0.0002678700002434198
0.00021715200000471668
0.00023283399968931917
0.0002185200000894838
0.0002386759997534682
0.00021993700011080364
0.00022368199915945297
0.00021445399943331722
0.0002834229999280069
0.00021146600010979455
0.020338464999440475
0.00021374599964474328
0.0002489119988240418
0.0002175009994971333
0.00021951399958197726
0.08873153700096736
0.0002631090010254411
0.00022233200070331804
0.00021556100000452716
0.00021326899968698854
0.0002358819992878125
0.00021964300049148733
0.00021670899968739832
0.08835116800037213
0.00028815299992857035
0.0002836819994627149
0.0002099960001942236
0.00021498499972949503
0.00021560499953920953
0.00025517199992464157
0.10157387299932452
0.00023132000023906585
0.00022174000059749233
0.00023885099926701514
0.0002148590001525008
0.00021289499909471488
0.00021348399968701415
0.00022565299968846375
0.00021397900036390638
0.00021790699975099415
0.0002417839996269322
0.0002126239996869117
0.00021507100063899998
0.0002430889999232022
0.000275242999123293
0.00022301299941318575
0.00022565699964616215
0.0002620290006234427
0.0002569029993537697
0.0002163639992431854
0.00022832400009065168
0.00021827000000484986
0.00022437999996327562
0.00023596800019731745
0.0002144190002582036
0.000226815000132774
0.00026374800017947564
0.0002231800008303253
0.00021314699915819801
0.00022959000034461496
0.00022296999941318063
0.007264071000463446
0.00026628100022207946
0.00029793500016239705
0.00021155699960218044
0.00024391500028286828
0.00022267199983616592
0.00022958800036576577
0.0002150230002371245
0.00024086299890768714
0.00021716399987781188
0.00022182200063980417
0.00022126700059743598
0.0002088169994749478
0.00024390300040977309
0.0002739159999691765
0.000218979999772273
0.0002237010003227624
0.0002288309997311444
0.000216968000131601
0.00021935200038569747
0.00021300799926393665
0.00026754900045489194
0.00020940499962307513
0.00021485399975063046
0.00035682900033862097
0.00021399799970822642
0.00022397700013243593
0.0002275280003232183
0.00022149500000523403
0.00022265500047069509
0.00022048200025892584
0.00022144199920148822
0.0002290580005137599
0.00021680899953935295
0.00023896099992271047
0.00022063699907448608
0.000230780000492814
0.00021526100044866325
0.00021695000032195821
0.00022003199956088793
0.00021882300006836886
0.00021360800019465387
0.00025744699905771995
0.00023914499979582615
0.00022418399930757005
0.0002451739992466173
0.0002386029991612304
0.00021330600065994076
0.00026243299998895964
0.09228734600037569
0.00024223700074799126
0.0918305559998771
0.00021397100044850959
0.00021858400032215286
0.00022317899947665865
0.00028445499992812984
0.00025681699935375946
0.0002131020000888384
0.00021409200053312816
0.00024478200066369027
0.00022273700051300693
0.00021313399975042557
0.0003205600005458109
0.00022044199977244716
0.000214118999792845
0.0002877770002669422
0.0002614579998407862
0.00021609200030070497
0.0002480220000506961
0.00021932599975116318
0.0002185929997722269
0.00025735200051713036
0.00022194100074557355
0.0002189879996876698
0.000216500000533415
0.00021805100004712585
0.000326839000081236
0.0002553669992266805
0.0002175109993913793
0.04030850599974656
0.0002033789996858104
0.0002622360007080715
0.12998803600112296
0.00022481199994217604
0.0002424000012979377
0.00021412299975054339
0.00025018500036821933
0.00021268099953886122
0.00022655599968857132
0.0002477309990354115
0.00021672399998351466
0.0002389899991612765
0.045026844000858546
0.0002231879998362274
0.0002247870006613084
0.00020912600029987516
0.00022791000083088875
0.0002202220011895406
0.00021785500030091498
0.00022376400011125952
0.00022330800129566342
0.00023583899928780738
0.0002349540000068373
0.06994233399927907
0.00021810599901073147
0.0003013099994859658
0.00022699999954056693
0.00021788100002595456
0.00022442099998443155
0.0002727450000747922
0.00021466700036398834
0.0002214579999417765
0.00031022599978314247
0.00021337500038498547
0.0002569779999248567
0.00021985599960316904
0.16404315700037841
0.00022822399932920234
0.000227302999519452
0.0002425759994366672
0.0002780720005830517
0.0002333129996259231
0.00022243800049182028
0.00023048299954098184
0.0002209960002801381
0.00020694400063803187
0.0002216359998783446
0.00022207099937077146
0.00022736299888492795
0.00021483000000444008
0.00022006900053384015
0.0002233239993074676
0.00020814700019400334
0.00020837599913647864
0.00021482299962372053
0.00023221599985845387
0.00021355300032155355
0.00024105800093821017
0.00026470700049685547
0.0002202319992647972
0.00021050399936939357
0.00022461999924416887
0.0002193509990320308
0.00021231900063867215
0.052275413999268494
0.00021669800025847508
0.00021366500004660338
0.00022175899994181236
0.00022329100102069788
0.00021441399985633325
0.000248007999289257
0.00021962700066069374
0.00023050000072544208
0.00021791900053358404
0.11244575199998508
0.0968892169994433
0.00022011199962435057
0.00021763000040664338
0.0002156710006602225
0.00022786200042901328
0.00021315600042726146
0.017358865000460355
0.0002169660001527518
0.000219208999624243
0.00021387099968706025
0.0002154060002794722
0.00023390800106426468
0.00021205499979259912
0.00022696199994243216
0.11640886100030912
0.00022232600076677045
0.00022404200080927694
0.00022169199928612215
0.00022344800072460203
0.00022530000023834873
0.00022166300004755612
0.00021639299939124612
0.0002239700006612111
0.00022406399966712343
0.00022881399854668416
0.0002114020007866202
0.00022027399973012507
0.00022714800070389174
0.0002148179992218502
0.00021569599903159542
0.0002509100004317588
0.0002588580000519869
0.00021769599879917223
0.00020973199934815057
0.00022529899888468208
0.0002192759993704385
0.00021306699909473537
0.00021701599962398177
0.00022508899928652681
0.00021810700036439812
0.00022767300015402725
0.0002256479992865934
0.0002750350004134816
0.00023252400023920927
0.0002709339996727067
0.00027998600035061827
0.00022755199915991398
0.00022136200004752027
0.00022352399992087157
0.0002266850005980814
0.0002152460001525469
0.00023137300013331696
0.00021944899981463095
0.0002130109996869578
0.0002319450004506507
0.00022184400040714536
0.0942819869997038
0.00022041600095690228
0.0002237090002381592
0.00022499800070363563
0.00021800699960294878
0.0002202320010837866
0.0002234700004919432
0.0002173630009565386
0.00029667499984498136
0.0002184389995818492
0.00021755800025857752
0.00021895600002608262
0.00021118699987709988
0.00022437699954025447
0.00022351099960360443
0.00021545800063904608
0.0002135420008926303
0.00022682000144413905
0.00022379499932867475
0.00022019700008968357
0.00022359400009008823
0.00022903699937160127
0.00021717900017392822
0.00022034399989934172
0.00021849899894732516
0.00021756900059699547
0.00022625499968853546
0.00022247400011110585
0.00022007500047038775
0.00022019599964551162
0.0002185360008297721
0.0002361470005780575
0.00022318300034385175
0.0002138820000254782
0.00022650399932899745
0.0002186920000895043
0.00022432399964600336
0.00022536799951922148
0.00024132500038831495
0.0002214090000052238
0.00022338300004776102
0.00021578100040642312
0.07083182899896201
0.0002210180000474793
0.00026875300045503536
0.00022790000002714805
0.00022082400118961232
0.00022373200044967234
0.00023200899977382505
0.00022205400091479532
0.00022740599979442777
0.00022268899920163676
0.0002254880000691628
0.0002281319993926445
0.0002607179994811304
0.00021888500032218872
0.00022221600011107512
0.00021930700040684314
0.00022304699905362213
0.00021234199994069058
0.00021311799991963198
0.00022426499981520465
0.00028114700035075657
0.0002514930010875105
0.00022431100023823092
0.00023695500112808077
0.00021885099977225764
0.00023704399973212276
0.00022647499918093672
0.0002165949999834993
0.00021971000023768283
0.0002130370003214921
0.00023703099941485561
0.00022627899943472585
0.00021281499903125223
0.00021799199930683244
0.00021461599953909172
0.0002171140004065819
0.00024693900013517123
0.000213575999623572
0.00022235600044950843
0.00021888600076636067
0.00021507400015252642
0.00021427800038509304
0.00022651600011158735
0.0002351729999645613
0.0002156530008505797
0.00022981400070420932
0.00022055099998397054
0.0002200679991801735
0.0002202890000262414
0.00022493700089398772
0.00022995600011199713
0.00022840200017526513
0.00021912500051257666
0.00021190800089243567
0.00022221900053409627
0.00025677200119389454
0.00022958299996389542
0.00021437499981402652
0.00023729699933028314
0.0002302190014233929
0.00021355699936975725
0.00021384500087151537
0.0002251329997307039
0.00022223299947654596
0.000215205000131391
0.00026347099992563017
0.00022847299987915903
0.00022523299958265852
0.00021383100011007627
0.00022218400044948794
0.00022558999989996664
0.00023204599983728258
0.00022095099939178908
0.00021100200046930695
0.00022405900017474778
0.00022862100013298914
0.00022047800030122744
0.00022204299966688268
0.00023112100006983383
0.0002166759995816392
0.00022434000038629165
0.0002633799995237496
0.07231210200006899
0.00021250500049063703
0.00022490799892693758
0.0002237249991594581
0.0002163700000892277
0.00022941899987927172
0.00021775100049126195
0.00023610100015503122
0.00026884799990511965
0.00022268900102062616
0.00020857000072282972
0.00022968300072534475
0.0002213950001532794
0.00028845499946328346
0.00021879999985685572
0.00023110599977371749
0.00022003800040693022
0.00023195599987957394
0.00021767999987787334
0.0002256740008306224
0.00022780199924454791
0.00022670200087304693
0.00022258900025917683
0.0002308609991814592
0.00022386599994206335
0.06043134199990163
0.00022663999880023766
0.0002497040004527662
0.00023156100087362574
0.00023986600081116194
0.0002154969997718581
0.00022496600013255375
0.00020425700040505035
0.00020459700044739293
0.00022136200004752027
0.00022190500021679327
0.00022004699985700427
0.00021546000061789528
0.00021872199977224227
0.00023187999977380969
0.00022482500025944319
0.00021822899998369394
0.0002386840005783597
0.00022289399930741638
0.00021412800015241373
0.08527547299945581
0.0002137339997716481
0.00022454199915955542
0.0002154199992219219
0.00021770500006823568
0.0002278829997521825
0.0002276659997733077
0.000230151999858208
0.00021942799958196701
0.000231152999731421
0.00021513999945454998
0.01345437799955107
0.00022114300008979626
0.00022235599863051903
0.0002137809997293516
0.00021540100078709656
0.00021973000002617482
0.0002231920007034205
0.00023122899983718526
0.0002185969997299253
0.00022444100068241823
0.000217606000660453
0.0002255569997942075
0.00022259199977270328
0.00022263600021688035
0.00020630700055335183
0.00021673800074495375
0.00020910900002490962
0.00021237799955997616
0.00021048899907327723
0.0002523649991417187
0.0002154949997930089
0.00022507000085170148
0.00021850299981451826
0.00021980400106258458
0.06817885399959778
0.00021856000057596248
0.00022235599954001373
0.16073423700072453
0.00031175299955066293
0.00021477700011018896
0.0002315560004717554
0.00023209800110635115
0.00022124999941297574
0.13338786700023775
0.00023340500047197565
0.00022487299975182395
0.00021655299951817142
0.00022412599992094329
0.00022232199989957735
0.00022289099979388993
0.0002363760004300275
0.0002209310005127918
0.00021415900118881837
0.00023635099933017045
0.00021505399945453973
0.00020551500074361684
0.0002245559990114998
0.0002329319995624246
0.00022683599945594324
0.00022971799899096368
0.0002420900000288384
0.0002196220002588234
0.00021957500030111987
0.0002382950005994644
0.0002134589994966518
0.00022027600061846897
0.00022908999926585238
0.0002290840002387995
0.00021856199964531697
0.0002140199994755676
0.00022653299856756348
0.0002995830000145361
0.0002365809996263124
0.0002131100000042352
0.00022442499994212994
0.00021736600047006505
0.11034489999929065
0.00021210400063864654
0.00023747699924570043
0.0002307879994987161
0.00022250199981499463
0.0002177280002797488
0.00021533800008910475
0.00022713200087309815
0.0002518999990570592
0.00022632600030192407
0.0002305329999217065
0.00022795699987909757
0.0002195209999626968
0.00021555400053330231
0.00021643799937010044
0.0002167980001104297
0.0002151710004909546
0.0002200899998570094
0.00022118600099929608
0.00022934799926588312
0.00021318000017345184
0.0002198269994551083
0.00022722500034433324
0.00038079199930507457
0.00021342399941204349
0.00022221600011107512
0.0002182019998144824
0.00022545100000570528
0.00021095199917908758
0.00021439800002553966
0.00021654300053342013
0.00022547499975189567
0.0002160579997507739
0.0002143459996659658
0.00021089699930598726
0.00022396900021703914
0.00022530700061906828
0.00022363900006894255
0.00021560499953920953
0.00022516500030178577
0.0002168930004700087
0.00021519000074476935
0.0003344249998917803
0.004497421000451141
0.00022061799882067135
0.00024408599983871682
0.00022659500064037275
0.0002216769989900058
0.00022203699882084038
0.00022762600019632373
0.00022327599981508683
0.0002058969994322979
0.0002318679999007145
0.00021963800008961698
0.00021820300025865436
0.0002286809994984651
0.00022203299886314198
0.00021218500023678644
0.00022870399970997823
0.0002403270000286284
0.00022356999943440314
0.0002144010004485608
0.00022354200064000906
0.00021676399956049863
0.0002200820008511073
0.00021871799981454387
0.0002282960003867629
0.00030848699952912284
0.00021373300023697084
0.0002174889987145434
0.0002188140006182948
0.0002251229998364579
0.00022816899945610203
0.0002241239999420941
0.000227149000238569
0.0002345139992030454
0.00022229600017453777
0.00022257500040723244
0.00021985000057611614
0.012469242999941343
0.0002275260003443691
0.00022150099994178163
0.0002322649997950066
0.00021456600006786175
0.00022805999924457865
0.00022729400006937794
0.00022103999981482048
0.00022026700025890023
0.0002234860003227368
0.00021962899973004824
0.00023544099985883804
0.00022545499996340368
0.00021828200078743976
0.00023211200004880084
0.00022306400023808237
0.00022003200047038263
0.00022684299983666278
0.00022045400055503706
0.0002223939991381485
0.07271750300060376
0.00023747900013404433
0.00026654599969333503
0.0002598769997348427
0.00022608200015383773
0.00022482399981527124
0.00022076200002629776
0.00022025199996278388
0.00022366200028045569
0.0026500280009713606
0.00024187799954233924
0.00024134300019795774
0.00021996499981469242
0.00022321400047076168
0.000214956000490929
0.00023031900127534755
0.00023509500078944257
0.00023038000017550075
0.00022078199981478974
0.00022752499899070244
0.000262581999777467
0.00021550000019487925
0.00022363100015354576
0.00023135500032367418
0.00022065600023779552
0.00021751999884145334
0.00023073299962561578
0.00022182000066095497
0.00022141299996292219
0.0002332580006623175
0.00021833000027982052
0.00021766000008938136
0.00022205999994184822
0.00023150800006987993
0.00022275600076682167
0.00021478700000443496
0.00022064499989937758
0.000220619000174338
0.00023577400042995578
0.00022141799945529783
0.00022436099970946088
0.0002138070003638859
0.0002201329998570145
0.00021277500036376296
0.0002135700005965191
0.00022296299994195579
0.0002265249995616614
0.0002130209995812038
0.0002568619993326138
0.0002225599992016214
0.00022517100023833336
0.0002271409994136775
0.03660189200036257
0.0002184510003644391
0.00022949199956201483
0.00023413399958371883
0.00021836699943378335
0.00022011900091456482
0.00022516299941344187
0.00022085100044932915
0.00021777100027975393
0.00022709299992129672
0.0002195189999838476
0.00021830999958183384
0.0002278259989907383
0.0002185850007663248
0.0002228029998150305
0.0002190810000683996
0.00022104500021669082
0.0002113740001732367
0.0002242620003016782
0.00020266200044716243
0.0002183739989050082
0.00021889599975111196
0.000226490999921225
0.00021622500025841873
0.00022151000030135037
0.0002146340002582292
0.13008529099988664
0.00023220700040837983
0.0002099779994750861
0.00020994299939047778
0.00022026299939170713
0.0002114749995598686
0.00023158299973147223
0.0002266649999000947
0.00022248799996305024
0.00022002599962434033
0.00021860000015294645
0.00021402299989858875
0.0002463350001562503
0.00022014400019543245
0.00022054900000512134
0.00021738199939136393
0.0002034090002780431
0.00021885300066060154
0.00022259599973040167
0.00022917000023880973
0.00021832499987795018
0.11237962900031562
0.00021947499953967053
0.009128590999353037
0.00021594100053334842
0.00021764400025858777
0.00022346900004777126
0.00022095800068200333
0.00021104500046931207
0.0002139389998774277
0.00022214799901121296
0.0002348769994569011
0.00023143799990066327
0.09290826999949786
0.00022856200121168513
0.00021788499998365296
0.00022255300063989125
0.07834819500021695
0.0002253399998153327
0.11188944999958039
0.00022547300068254117
0.00022122199879959226
0.0002252770000268356
0.00022226500095712254
0.00021884500074520474
0.00021959100013191346
0.00022088399964559358
0.0002169600002162042
0.00022127699958218727
0.00021225999898888404
0.00022644700038654264
0.00021273099991958588
0.00023412199971062364
0.0002960600004371372
0.00021443700006784638
0.00021022399960202165
0.00021562300025834702
0.00022132899994176114
0.09228165999957127
0.00024832500002958113
0.00026762000015878584
0.000225804000365315
0.0003467680007815943
0.00022512200030178064
0.00023872299971117172
0.00022624900066148257
0.0002156689997718786
0.00021154300065973075
0.00021858399941265816
0.00021563799964496866
0.00022658499983663205
0.00023298099949897733
0.00022302300021692645
0.000220056000216573
0.00023161399985838216
0.000308804000269447
0.0005309130001478479
0.00021802999981446192
0.000217759999941336
0.0002126400004272
0.00021647900030075107
0.00022165500104165403
0.00021989900051266886
0.00022702500064042397
0.00022568300028069643
0.00022063000051275594
0.00022475000059785089
0.00022301899934973335
0.0002272930005347007
0.00021663099960278487
0.00022054300006857375
0.00022898799943504855
0.00022334900040732464
0.0002498889998605591
0.00021809000008943258
0.00021856900002603652
0.00021699999979318818
0.00022545100000570528
0.00021919499977229862
0.00022129100034362637
0.00022095500025898218
0.00022012299996276852
0.00021679000019503292
0.0002244360002805479
0.0002217210003436776
0.00022891299977345625
0.00022645199987891829
0.00023762300043017603
0.00021614599972963333
0.00022206100038602017
0.00036043500040250365
0.0002227729992227978
0.00022450200049206614
0.00022694400104228407
0.00022321099913824582
0.00040752600034466013
0.0002212999997937004
0.00021742700118920766
0.00026684800013754284
0.00022438799987867242
0.00021583800025837263
0.00021793100040667923
0.00021820700021635275
0.00022311599877866684
0.00022280600023805164
0.00022227299996302463
0.07233914900007221
0.00022701200032315683
0.0002443209996272344
0.0002243249991806806
0.00021973500042804517
0.00021910299983574077
0.00021108500004629605
0.00020637600118789123
0.00022074400021665497
0.00021857400042790687
0.0002244299994345056
0.0002208360001532128
0.00022498399994219653
0.00020968900025764015
0.00029410199931589887
0.00022214500040718121
0.00026348500068706926
0.00022789200011175126
0.00020962400139978854
0.09187346499948035
0.0002142610001101275
0.0002219180005340604
0.00022987200009083608
0.00022056899979361333
0.0003034029996342724
0.0002168020000681281
0.000258063999353908
0.0002268049993290333
0.00025704600011522416
0.13644634899992525
0.00022805200023867656
0.08432300599997689
0.0002163680001103785
0.00021730300068156794
0.00023111900100047933
0.0002155659994969028
0.000224956999772985
0.000222392000068794
0.00022960999922361225
0.00022859700038679875
