torch.Size([1, 3, 127, 127])
torch.Size([1, 3, 127, 127])
torch.Size([1, 3, 127, 127])
torch.Size([1, 3, 127, 127])
merged size without overlap : 14 14 192
Merged: torch.Size([1, 192, 14, 14])
torch.Size([1, 192, 8, 8])
torch.Size([1, 192, 8, 8])
torch.Size([1, 192, 8, 8])
torch.Size([1, 192, 8, 8])
merged size without overlap : 6 6 256
Merged: torch.Size([1, 256, 6, 6])
torch.Size([1, 1000])
Poll Time: 0.9237601760000871
Layer Times: [0.06705699100007223, 0.088400768999918, 0.7683024160000969]
Store Push Time: 0.033139631000040026
Store Pull Time: 0.9093839550025677
Merge Time: 0.000778286999775446
Split Time: 0.0002044560003469087
Time: 1.2102407060001497
