torch.Size([1, 3, 127, 127])
torch.Size([1, 3, 127, 127])
torch.Size([1, 3, 127, 127])
torch.Size([1, 3, 127, 127])
merged size without overlap : 14 14 192
Merged: torch.Size([1, 192, 14, 14])
torch.Size([1, 192, 8, 8])
torch.Size([1, 192, 8, 8])
torch.Size([1, 192, 8, 8])
torch.Size([1, 192, 8, 8])
merged size without overlap : 6 6 256
Merged: torch.Size([1, 256, 6, 6])
torch.Size([1, 1000])
Poll Time: 0.9394714900001873
Layer Times: [0.0706213089999892, 0.10472008800002186, 0.7641300930001762]
Store Push Time: 0.03316762900021786
Store Pull Time: 0.9231846310042329
Merge Time: 0.0012091249998320563
Split Time: 0.0002542219999668305
Time: 1.2160782920000202
