torch.Size([1, 3, 127, 127])
torch.Size([1, 3, 127, 127])
torch.Size([1, 3, 127, 127])
torch.Size([1, 3, 127, 127])
merged size without overlap : 14 14 192
Merged: torch.Size([1, 192, 14, 14])
torch.Size([1, 192, 8, 8])
torch.Size([1, 192, 8, 8])
torch.Size([1, 192, 8, 8])
torch.Size([1, 192, 8, 8])
merged size without overlap : 6 6 256
Merged: torch.Size([1, 256, 6, 6])
torch.Size([1, 1000])
Poll Time: 0.9168952510003692
Layer Times: [0.06815832500001306, 0.079664829000194, 0.7690720970001621]
Store Push Time: 0.046070463000205564
Store Pull Time: 0.9003063680067953
Merge Time: 0.0009457270000439166
Split Time: 0.00028775000032510434
Time: 1.2174567230001685
