torch.Size([1, 3, 127, 127])
torch.Size([1, 3, 127, 127])
torch.Size([1, 3, 127, 127])
torch.Size([1, 3, 127, 127])
merged size without overlap : 14 14 192
Merged: torch.Size([1, 192, 14, 14])
torch.Size([1, 192, 8, 8])
torch.Size([1, 192, 8, 8])
torch.Size([1, 192, 8, 8])
torch.Size([1, 192, 8, 8])
merged size without overlap : 6 6 256
Merged: torch.Size([1, 256, 6, 6])
torch.Size([1, 1000])
Poll Time: 1.0682486070002142
Layer Times: [0.07249916300020232, 0.08306182399996942, 0.9126876200000424]
Store Push Time: 0.0343989639998199
Store Pull Time: 1.0494505259980542
Merge Time: 0.0009829679997892526
Split Time: 0.0002557940001679526
Time: 1.3555578210000476
