torch.Size([1, 3, 127, 127])
torch.Size([1, 3, 127, 127])
torch.Size([1, 3, 127, 127])
torch.Size([1, 3, 127, 127])
merged size without overlap : 14 14 192
Merged: torch.Size([1, 192, 14, 14])
torch.Size([1, 192, 8, 8])
torch.Size([1, 192, 8, 8])
torch.Size([1, 192, 8, 8])
torch.Size([1, 192, 8, 8])
merged size without overlap : 6 6 256
Merged: torch.Size([1, 256, 6, 6])
torch.Size([1, 1000])
Poll Time: 0.9158925090000594
Layer Times: [0.06783709299998009, 0.07713873000011517, 0.7709166859999641]
Store Push Time: 0.04670111200039173
Store Pull Time: 0.8995537830012381
Merge Time: 0.0009923860000071727
Split Time: 0.0003130329998839443
Time: 1.2334368560000257
