torch.Size([1, 3, 127, 127])
torch.Size([1, 3, 127, 127])
torch.Size([1, 3, 127, 127])
torch.Size([1, 3, 127, 127])
merged size without overlap : 14 14 192
Merged: torch.Size([1, 192, 14, 14])
torch.Size([1, 192, 8, 8])
torch.Size([1, 192, 8, 8])
torch.Size([1, 192, 8, 8])
torch.Size([1, 192, 8, 8])
merged size without overlap : 6 6 256
Merged: torch.Size([1, 256, 6, 6])
torch.Size([1, 1000])
Poll Time: 0.9404586059999929
Layer Times: [0.06374038300009488, 0.09604630899980293, 0.7806719140000951]
Store Push Time: 0.03426278999995702
Store Pull Time: 0.9232228610082984
Merge Time: 0.0008564769998429256
Split Time: 0.000223387999994884
Time: 1.2194409520000136
