torch.Size([1, 3, 127, 127])
torch.Size([1, 3, 127, 127])
torch.Size([1, 3, 127, 127])
torch.Size([1, 3, 127, 127])
merged size without overlap : 14 14 192
Merged: torch.Size([1, 192, 14, 14])
torch.Size([1, 192, 8, 8])
torch.Size([1, 192, 8, 8])
torch.Size([1, 192, 8, 8])
torch.Size([1, 192, 8, 8])
merged size without overlap : 6 6 256
Merged: torch.Size([1, 256, 6, 6])
torch.Size([1, 1000])
Poll Time: 1.1039513170003374
Layer Times: [0.08022404799999094, 0.0890025810001589, 0.9347246880001876]
Store Push Time: 0.1193921520002732
Store Pull Time: 1.0853673949870881
Merge Time: 0.0008037799998419359
Split Time: 0.00023165099992183968
Time: 1.525704942999937
