torch.Size([1, 3, 127, 127])
torch.Size([1, 3, 127, 127])
torch.Size([1, 3, 127, 127])
torch.Size([1, 3, 127, 127])
merged size without overlap : 14 14 192
Merged: torch.Size([1, 192, 14, 14])
torch.Size([1, 192, 8, 8])
torch.Size([1, 192, 8, 8])
torch.Size([1, 192, 8, 8])
torch.Size([1, 192, 8, 8])
merged size without overlap : 6 6 256
Merged: torch.Size([1, 256, 6, 6])
torch.Size([1, 1000])
Poll Time: 0.9765589409998938
Layer Times: [0.08199335799986329, 0.11284453600001143, 0.7817210470000191]
Store Push Time: 0.04624317700017855
Store Pull Time: 0.9593773729980057
Merge Time: 0.0009252620000097522
Split Time: 0.0002049229999556701
Time: 1.2828439759998673
