torch.Size([1, 3, 127, 127])
torch.Size([1, 3, 127, 127])
torch.Size([1, 3, 127, 127])
torch.Size([1, 3, 127, 127])
merged size without overlap : 14 14 192
Merged: torch.Size([1, 192, 14, 14])
torch.Size([1, 192, 8, 8])
torch.Size([1, 192, 8, 8])
torch.Size([1, 192, 8, 8])
torch.Size([1, 192, 8, 8])
merged size without overlap : 6 6 256
Merged: torch.Size([1, 256, 6, 6])
torch.Size([1, 1000])
Poll Time: 0.9533373780000147
Layer Times: [0.09716520200004197, 0.0775306929999715, 0.7786414830000012]
Store Push Time: 0.033450374999574706
Store Pull Time: 0.936440405993153
Merge Time: 0.0008195089999389893
Split Time: 0.0003172340000219265
Time: 1.226559945999952
