torch.Size([1, 3, 127, 127])
torch.Size([1, 3, 127, 127])
torch.Size([1, 3, 127, 127])
torch.Size([1, 3, 127, 127])
merged size without overlap : 14 14 192
Merged: torch.Size([1, 192, 14, 14])
torch.Size([1, 192, 8, 8])
torch.Size([1, 192, 8, 8])
torch.Size([1, 192, 8, 8])
torch.Size([1, 192, 8, 8])
merged size without overlap : 6 6 256
Merged: torch.Size([1, 256, 6, 6])
torch.Size([1, 1000])
Poll Time: 0.9087295550000363
Layer Times: [0.06980326799998693, 0.0746660410000004, 0.7642602460000489]
Store Push Time: 0.033704515000181345
Store Pull Time: 0.8936354639915862
Merge Time: 0.0008211389999814855
Split Time: 0.00020816599999307073
Time: 1.2277907789998608
