torch.Size([1, 3, 127, 127])
torch.Size([1, 3, 127, 127])
torch.Size([1, 3, 127, 127])
torch.Size([1, 3, 127, 127])
merged size without overlap : 14 14 192
Merged: torch.Size([1, 192, 14, 14])
torch.Size([1, 192, 8, 8])
torch.Size([1, 192, 8, 8])
torch.Size([1, 192, 8, 8])
torch.Size([1, 192, 8, 8])
merged size without overlap : 6 6 256
Merged: torch.Size([1, 256, 6, 6])
torch.Size([1, 1000])
Poll Time: 0.9441190179998102
Layer Times: [0.0632762109999021, 0.08258899799989194, 0.7982538090000162]
Store Push Time: 0.03446730100017703
Store Pull Time: 0.926432743998248
Merge Time: 0.00103585000010753
Split Time: 0.00026508199994168535
Time: 1.2993443969999134
