torch.Size([1, 3, 127, 127])
torch.Size([1, 3, 127, 127])
torch.Size([1, 3, 127, 127])
torch.Size([1, 3, 127, 127])
merged size without overlap : 14 14 192
Merged: torch.Size([1, 192, 14, 14])
torch.Size([1, 192, 8, 8])
torch.Size([1, 192, 8, 8])
torch.Size([1, 192, 8, 8])
torch.Size([1, 192, 8, 8])
merged size without overlap : 6 6 256
Merged: torch.Size([1, 256, 6, 6])
torch.Size([1, 1000])
Poll Time: 1.0797336050002286
Layer Times: [0.06674733700015167, 0.09762934600007611, 0.9153569220000008]
Store Push Time: 0.03278158100010842
Store Pull Time: 1.061644542005297
Merge Time: 0.0008303980000619049
Split Time: 0.00022767900009057485
Time: 1.4296322139998665
