torch.Size([1, 3, 127, 127])
torch.Size([1, 3, 127, 127])
torch.Size([1, 3, 127, 127])
torch.Size([1, 3, 127, 127])
merged size without overlap : 14 14 192
Merged: torch.Size([1, 192, 14, 14])
torch.Size([1, 192, 8, 8])
torch.Size([1, 192, 8, 8])
torch.Size([1, 192, 8, 8])
torch.Size([1, 192, 8, 8])
merged size without overlap : 6 6 256
Merged: torch.Size([1, 256, 6, 6])
torch.Size([1, 1000])
Poll Time: 0.9094423669998832
Layer Times: [0.05753170999992108, 0.07760531700000683, 0.7743053399999553]
Store Push Time: 0.050499248000278385
Store Pull Time: 0.8936442780027392
Merge Time: 0.0008498299998791481
Split Time: 0.000313240999730624
Time: 1.2258479459999307
