torch.Size([1, 3, 127, 127])
torch.Size([1, 3, 127, 127])
torch.Size([1, 3, 127, 127])
torch.Size([1, 3, 127, 127])
merged size without overlap : 14 14 192
Merged: torch.Size([1, 192, 14, 14])
torch.Size([1, 192, 8, 8])
torch.Size([1, 192, 8, 8])
torch.Size([1, 192, 8, 8])
torch.Size([1, 192, 8, 8])
merged size without overlap : 6 6 256
Merged: torch.Size([1, 256, 6, 6])
torch.Size([1, 1000])
Poll Time: 0.9105126530000689
Layer Times: [0.05744233899986284, 0.0776270910000676, 0.7754432230001385]
Store Push Time: 0.050108538999893426
Store Pull Time: 0.8946858060007798
Merge Time: 0.0006952520000140794
Split Time: 0.00020036099999742873
Time: 1.2167108659998576
