torch.Size([1, 3, 127, 127])
torch.Size([1, 3, 127, 127])
torch.Size([1, 3, 127, 127])
torch.Size([1, 3, 127, 127])
merged size without overlap : 14 14 192
Merged: torch.Size([1, 192, 14, 14])
torch.Size([1, 192, 8, 8])
torch.Size([1, 192, 8, 8])
torch.Size([1, 192, 8, 8])
torch.Size([1, 192, 8, 8])
merged size without overlap : 6 6 256
Merged: torch.Size([1, 256, 6, 6])
torch.Size([1, 1000])
Poll Time: 0.9467109049999181
Layer Times: [0.06336954900007186, 0.1105093300000135, 0.7728320259998327]
Store Push Time: 0.034826887000008355
Store Pull Time: 0.9296653770038574
Merge Time: 0.0010125279998192127
Split Time: 0.0002190780001001258
Time: 1.257940383999994
