torch.Size([1, 3, 127, 127])
torch.Size([1, 3, 127, 127])
torch.Size([1, 3, 127, 127])
torch.Size([1, 3, 127, 127])
merged size without overlap : 14 14 192
Merged: torch.Size([1, 192, 14, 14])
torch.Size([1, 192, 8, 8])
torch.Size([1, 192, 8, 8])
torch.Size([1, 192, 8, 8])
torch.Size([1, 192, 8, 8])
merged size without overlap : 6 6 256
Merged: torch.Size([1, 256, 6, 6])
torch.Size([1, 1000])
Poll Time: 1.7007133060001252
Layer Times: [0.8309143730000415, 0.10158377300001575, 0.768215160000068]
Store Push Time: 0.055817076000153065
Store Pull Time: 1.6814116679997824
Merge Time: 0.0008387809999703677
Split Time: 0.00023324500000398984
Time: 2.0358845700000074
