torch.Size([1, 3, 127, 127])
torch.Size([1, 3, 127, 127])
torch.Size([1, 3, 127, 127])
torch.Size([1, 3, 127, 127])
merged size without overlap : 14 14 192
Merged: torch.Size([1, 192, 14, 14])
torch.Size([1, 192, 8, 8])
torch.Size([1, 192, 8, 8])
torch.Size([1, 192, 8, 8])
torch.Size([1, 192, 8, 8])
merged size without overlap : 6 6 256
Merged: torch.Size([1, 256, 6, 6])
torch.Size([1, 1000])
Poll Time: 0.9125828190003631
Layer Times: [0.07594221600015771, 0.07227556700013338, 0.764365036000072]
Store Push Time: 0.05306460100041477
Store Pull Time: 0.8983557049934916
Merge Time: 0.0007814900002358627
Split Time: 0.0002941509999345726
Time: 1.224153976000025
