torch.Size([1, 3, 127, 127])
torch.Size([1, 3, 127, 127])
torch.Size([1, 3, 127, 127])
torch.Size([1, 3, 127, 127])
merged size without overlap : 14 14 192
Merged: torch.Size([1, 192, 14, 14])
torch.Size([1, 192, 8, 8])
torch.Size([1, 192, 8, 8])
torch.Size([1, 192, 8, 8])
torch.Size([1, 192, 8, 8])
merged size without overlap : 6 6 256
Merged: torch.Size([1, 256, 6, 6])
torch.Size([1, 1000])
Poll Time: 0.9594769089999318
Layer Times: [0.0753540640000665, 0.10325010299993664, 0.7808727419999286]
Store Push Time: 0.03609685199990054
Store Pull Time: 0.9432776630019362
Merge Time: 0.0007369530001142266
Split Time: 0.00019848400006594602
Time: 1.2364414449998549
