torch.Size([1, 3, 127, 127])
torch.Size([1, 3, 127, 127])
torch.Size([1, 3, 127, 127])
torch.Size([1, 3, 127, 127])
merged size without overlap : 14 14 192
Merged: torch.Size([1, 192, 14, 14])
torch.Size([1, 192, 8, 8])
torch.Size([1, 192, 8, 8])
torch.Size([1, 192, 8, 8])
torch.Size([1, 192, 8, 8])
merged size without overlap : 6 6 256
Merged: torch.Size([1, 256, 6, 6])
torch.Size([1, 1000])
Poll Time: 1.1904562009999609
Layer Times: [0.15092567500005316, 0.08420990299987352, 0.9553206230000342]
Store Push Time: 0.03275675099985165
Store Pull Time: 1.169308027998568
Merge Time: 0.0008423319998200895
Split Time: 0.00022214300020095834
Time: 1.476628233999918
