torch.Size([1, 3, 127, 127])
torch.Size([1, 3, 127, 127])
torch.Size([1, 3, 127, 127])
torch.Size([1, 3, 127, 127])
merged size without overlap : 14 14 192
Merged: torch.Size([1, 192, 14, 14])
torch.Size([1, 192, 8, 8])
torch.Size([1, 192, 8, 8])
torch.Size([1, 192, 8, 8])
torch.Size([1, 192, 8, 8])
merged size without overlap : 6 6 256
Merged: torch.Size([1, 256, 6, 6])
torch.Size([1, 1000])
Poll Time: 0.9677827310001703
Layer Times: [0.06605338200006372, 0.12795412500008752, 0.7737752240000191]
Store Push Time: 0.03331723099995543
Store Pull Time: 0.9520967980035948
Merge Time: 0.0008483159997467737
Split Time: 0.0002377220000653324
Time: 1.2456823990000885
