torch.Size([1, 3, 127, 127])
torch.Size([1, 3, 127, 127])
torch.Size([1, 3, 127, 127])
torch.Size([1, 3, 127, 127])
merged size without overlap : 14 14 192
Merged: torch.Size([1, 192, 14, 14])
torch.Size([1, 192, 8, 8])
torch.Size([1, 192, 8, 8])
torch.Size([1, 192, 8, 8])
torch.Size([1, 192, 8, 8])
merged size without overlap : 6 6 256
Merged: torch.Size([1, 256, 6, 6])
torch.Size([1, 1000])
Poll Time: 1.1033295789998192
Layer Times: [0.07412780799995744, 0.0851129810000657, 0.9440887899997961]
Store Push Time: 0.032178568000063024
Store Pull Time: 1.0843262840060106
Merge Time: 0.0007246170000598795
Split Time: 0.00024155699998118507
Time: 1.3718745609999132
