torch.Size([1, 3, 127, 127])
torch.Size([1, 3, 127, 127])
torch.Size([1, 3, 127, 127])
torch.Size([1, 3, 127, 127])
merged size without overlap : 14 14 192
Merged: torch.Size([1, 192, 14, 14])
torch.Size([1, 192, 8, 8])
torch.Size([1, 192, 8, 8])
torch.Size([1, 192, 8, 8])
torch.Size([1, 192, 8, 8])
merged size without overlap : 6 6 256
Merged: torch.Size([1, 256, 6, 6])
torch.Size([1, 1000])
Poll Time: 0.914475402999642
Layer Times: [0.06328464599982908, 0.07878712699994139, 0.7724036299998716]
Store Push Time: 0.0331092979999994
Store Pull Time: 0.8989354230018307
Merge Time: 0.0008002730000953306
Split Time: 0.00031116100012695824
Time: 1.198653979000028
