torch.Size([1, 3, 127, 127])
torch.Size([1, 3, 127, 127])
torch.Size([1, 3, 127, 127])
torch.Size([1, 3, 127, 127])
merged size without overlap : 14 14 192
Merged: torch.Size([1, 192, 14, 14])
torch.Size([1, 192, 8, 8])
torch.Size([1, 192, 8, 8])
torch.Size([1, 192, 8, 8])
torch.Size([1, 192, 8, 8])
merged size without overlap : 6 6 256
Merged: torch.Size([1, 256, 6, 6])
torch.Size([1, 1000])
Poll Time: 0.9516329129996848
Layer Times: [0.05522455299978901, 0.08403105599995797, 0.8123773039999378]
Store Push Time: 0.034552927999584426
Store Pull Time: 0.9397816559996954
Merge Time: 0.0008090930000435037
Split Time: 0.0003288299999439914
Time: 1.25422120799999
