torch.Size([1, 3, 127, 127])
torch.Size([1, 3, 127, 127])
torch.Size([1, 3, 127, 127])
torch.Size([1, 3, 127, 127])
merged size without overlap : 14 14 192
Merged: torch.Size([1, 192, 14, 14])
torch.Size([1, 192, 8, 8])
torch.Size([1, 192, 8, 8])
torch.Size([1, 192, 8, 8])
torch.Size([1, 192, 8, 8])
merged size without overlap : 6 6 256
Merged: torch.Size([1, 256, 6, 6])
torch.Size([1, 1000])
Poll Time: 0.9500238520001858
Layer Times: [0.0649096270001337, 0.09016815300014969, 0.7949460719999024]
Store Push Time: 0.29398804199968254
Store Pull Time: 0.9341033339890146
Merge Time: 0.0011206809999748657
Split Time: 0.00026841099975172256
Time: 1.5206076750000648
