torch.Size([1, 3, 127, 127])
torch.Size([1, 3, 127, 127])
torch.Size([1, 3, 127, 127])
torch.Size([1, 3, 127, 127])
merged size without overlap : 14 14 192
Merged: torch.Size([1, 192, 14, 14])
torch.Size([1, 192, 8, 8])
torch.Size([1, 192, 8, 8])
torch.Size([1, 192, 8, 8])
torch.Size([1, 192, 8, 8])
merged size without overlap : 6 6 256
Merged: torch.Size([1, 256, 6, 6])
torch.Size([1, 1000])
Poll Time: 0.9284113780001917
Layer Times: [0.06105923400014035, 0.09712859399996887, 0.7702235500000825]
Store Push Time: 0.06686828099986997
Store Pull Time: 0.9116150480024316
Merge Time: 0.0011225040000226727
Split Time: 0.0002753200003553502
Time: 1.2823817329999656
