torch.Size([1, 3, 127, 127])
torch.Size([1, 3, 127, 127])
torch.Size([1, 3, 127, 127])
torch.Size([1, 3, 127, 127])
merged size without overlap : 14 14 192
Merged: torch.Size([1, 192, 14, 14])
torch.Size([1, 192, 8, 8])
torch.Size([1, 192, 8, 8])
torch.Size([1, 192, 8, 8])
torch.Size([1, 192, 8, 8])
merged size without overlap : 6 6 256
Merged: torch.Size([1, 256, 6, 6])
torch.Size([1, 1000])
Poll Time: 0.9262517240001671
Layer Times: [0.07163369799991415, 0.08294800700014093, 0.771670019000112]
Store Push Time: 0.04969862600000852
Store Pull Time: 0.9123665479987721
Merge Time: 0.0009274290000576002
Split Time: 0.00024057799987531325
Time: 1.270383751999816
