torch.Size([1, 3, 127, 127])
torch.Size([1, 3, 127, 127])
torch.Size([1, 3, 127, 127])
torch.Size([1, 3, 127, 127])
merged size without overlap : 14 14 192
Merged: torch.Size([1, 192, 14, 14])
torch.Size([1, 192, 8, 8])
torch.Size([1, 192, 8, 8])
torch.Size([1, 192, 8, 8])
torch.Size([1, 192, 8, 8])
merged size without overlap : 6 6 256
Merged: torch.Size([1, 256, 6, 6])
torch.Size([1, 1000])
Poll Time: 0.9263823610001509
Layer Times: [0.07774364500005504, 0.07514184399997248, 0.7734968720001234]
Store Push Time: 0.03546938599970417
Store Pull Time: 0.9101690209986373
Merge Time: 0.0007947379999677651
Split Time: 0.00033545500014042773
Time: 1.2293503299999884
