torch.Size([1, 3, 127, 127])
torch.Size([1, 3, 127, 127])
torch.Size([1, 3, 127, 127])
torch.Size([1, 3, 127, 127])
merged size without overlap : 14 14 192
Merged: torch.Size([1, 192, 14, 14])
torch.Size([1, 192, 8, 8])
torch.Size([1, 192, 8, 8])
torch.Size([1, 192, 8, 8])
torch.Size([1, 192, 8, 8])
merged size without overlap : 6 6 256
Merged: torch.Size([1, 256, 6, 6])
torch.Size([1, 1000])
Poll Time: 0.9488953520000223
Layer Times: [0.09515903700003037, 0.08028021600000557, 0.7734560989999864]
Store Push Time: 0.07546618399987892
Store Pull Time: 0.9371186589976332
Merge Time: 0.0008574359999329317
Split Time: 0.00023293399988233432
Time: 1.2930244240000093
