torch.Size([1, 3, 127, 127])
torch.Size([1, 3, 127, 127])
torch.Size([1, 3, 127, 127])
torch.Size([1, 3, 127, 127])
merged size without overlap : 14 14 192
Merged: torch.Size([1, 192, 14, 14])
torch.Size([1, 192, 8, 8])
torch.Size([1, 192, 8, 8])
torch.Size([1, 192, 8, 8])
torch.Size([1, 192, 8, 8])
merged size without overlap : 6 6 256
Merged: torch.Size([1, 256, 6, 6])
torch.Size([1, 1000])
Poll Time: 0.9481764360000398
Layer Times: [0.06209958199997345, 0.08056013400005213, 0.8055167200000142]
Store Push Time: 0.0464717229992857
Store Pull Time: 0.9317266229957113
Merge Time: 0.001096752999956152
Split Time: 0.0002443050000238145
Time: 1.252040678999947
