torch.Size([1, 3, 127, 127])
torch.Size([1, 3, 127, 127])
torch.Size([1, 3, 127, 127])
torch.Size([1, 3, 127, 127])
merged size without overlap : 14 14 192
Merged: torch.Size([1, 192, 14, 14])
torch.Size([1, 192, 8, 8])
torch.Size([1, 192, 8, 8])
torch.Size([1, 192, 8, 8])
torch.Size([1, 192, 8, 8])
merged size without overlap : 6 6 256
Merged: torch.Size([1, 256, 6, 6])
torch.Size([1, 1000])
Poll Time: 1.0744587800002137
Layer Times: [0.05576384000005419, 0.07993915300016852, 0.938755786999991]
Store Push Time: 0.031786835000048086
Store Pull Time: 1.0553726629998437
Merge Time: 0.0008508910000273318
Split Time: 0.00020899500009363692
Time: 1.3565677899998718
