torch.Size([1, 3, 127, 127])
torch.Size([1, 3, 127, 127])
torch.Size([1, 3, 127, 127])
torch.Size([1, 3, 127, 127])
merged size without overlap : 14 14 192
Merged: torch.Size([1, 192, 14, 14])
torch.Size([1, 192, 8, 8])
torch.Size([1, 192, 8, 8])
torch.Size([1, 192, 8, 8])
torch.Size([1, 192, 8, 8])
merged size without overlap : 6 6 256
Merged: torch.Size([1, 256, 6, 6])
torch.Size([1, 1000])
Poll Time: 0.8991438249997827
Layer Times: [0.05682625800000096, 0.07160717099986869, 0.7707103959999131]
Store Push Time: 0.03303804499978469
Store Pull Time: 0.8827852419904048
Merge Time: 0.0008245610001722525
Split Time: 0.0002323579999483627
Time: 1.2005011409999042
