torch.Size([1, 3, 127, 127])
torch.Size([1, 3, 127, 127])
torch.Size([1, 3, 127, 127])
torch.Size([1, 3, 127, 127])
merged size without overlap : 14 14 192
Merged: torch.Size([1, 192, 14, 14])
torch.Size([1, 192, 8, 8])
torch.Size([1, 192, 8, 8])
torch.Size([1, 192, 8, 8])
torch.Size([1, 192, 8, 8])
merged size without overlap : 6 6 256
Merged: torch.Size([1, 256, 6, 6])
torch.Size([1, 1000])
Poll Time: 0.9261912399995254
Layer Times: [0.06980149199989683, 0.08862176099978569, 0.7677679869998428]
Store Push Time: 0.23815818899947772
Store Pull Time: 0.9092183889933949
Merge Time: 0.0010061410000616888
Split Time: 0.000227034000090498
Time: 1.437307712999882
