torch.Size([1, 3, 127, 127])
torch.Size([1, 3, 127, 127])
torch.Size([1, 3, 127, 127])
torch.Size([1, 3, 127, 127])
merged size without overlap : 14 14 192
Merged: torch.Size([1, 192, 14, 14])
torch.Size([1, 192, 8, 8])
torch.Size([1, 192, 8, 8])
torch.Size([1, 192, 8, 8])
torch.Size([1, 192, 8, 8])
merged size without overlap : 6 6 256
Merged: torch.Size([1, 256, 6, 6])
torch.Size([1, 1000])
Poll Time: 1.9754835830001412
Layer Times: [0.07736460499995701, 0.0834783510001671, 1.814640627000017]
Store Push Time: 0.08515813000008166
Store Pull Time: 1.9363619409950843
Merge Time: 0.0009819619999689166
Split Time: 0.00023201199996947253
Time: 2.3674164890001066
