torch.Size([1, 3, 127, 127])
torch.Size([1, 3, 127, 127])
torch.Size([1, 3, 127, 127])
torch.Size([1, 3, 127, 127])
merged size without overlap : 14 14 192
Merged: torch.Size([1, 192, 14, 14])
torch.Size([1, 192, 8, 8])
torch.Size([1, 192, 8, 8])
torch.Size([1, 192, 8, 8])
torch.Size([1, 192, 8, 8])
merged size without overlap : 6 6 256
Merged: torch.Size([1, 256, 6, 6])
Waiting for key data/img_1894
Rerunning data/img_1894...
torch.Size([1, 1000])
Poll Time: 2.2365919489998305
Layer Times: [0.06989479100002427, 0.07511892200000148, 2.0915782359998047]
Store Push Time: 0.04740841700004239
Store Pull Time: 2.164954498997986
Merge Time: 0.0007364509999661095
Split Time: 0.00020411400009834324
Time: 2.547609943999987
