torch.Size([1, 3, 127, 127])
torch.Size([1, 3, 127, 127])
torch.Size([1, 3, 127, 127])
torch.Size([1, 3, 127, 127])
Waiting for key data/img_654tl1
Rerunning data/img_654tl1...
Waiting for key data/img_654tl1
Rerunning data/img_654tl1...
Waiting for key data/img_654tl1
Rerunning data/img_654tl1...
Waiting for key data/img_654tl1
Rerunning data/img_654tl1...
Waiting for key data/img_654tl1
Rerunning data/img_654tl1...
Waiting for key data/img_654tl1
Rerunning data/img_654tl1...
Waiting for key data/img_654tl1
Rerunning data/img_654tl1...
Waiting for key data/img_654tl1
Rerunning data/img_654tl1...
Waiting for key data/img_654tl1
Rerunning data/img_654tl1...
Waiting for key data/img_654tl1
Rerunning data/img_654tl1...
Waiting for key data/img_654tl1
Rerunning data/img_654tl1...
Waiting for key data/img_654tl1
Rerunning data/img_654tl1...
Waiting for key data/img_654tl1
Rerunning data/img_654tl1...
Waiting for key data/img_654tl1
Rerunning data/img_654tl1...
Waiting for key data/img_654tl1
Rerunning data/img_654tl1...
Waiting for key data/img_654tl1
Rerunning data/img_654tl1...
Waiting for key data/img_654tl1
Rerunning data/img_654tl1...
Waiting for key data/img_654tl1
Rerunning data/img_654tl1...
Waiting for key data/img_654tl1
Rerunning data/img_654tl1...
Waiting for key data/img_654tl1
Rerunning data/img_654tl1...
Waiting for key data/img_654tl1
Rerunning data/img_654tl1...
Waiting for key data/img_654tl1
Rerunning data/img_654tl1...
Waiting for key data/img_654tl1
Rerunning data/img_654tl1...
Waiting for key data/img_654tl1
Rerunning data/img_654tl1...
Waiting for key data/img_654tl1
Rerunning data/img_654tl1...
Waiting for key data/img_654tl1
Rerunning data/img_654tl1...
Waiting for key data/img_654tl1
Rerunning data/img_654tl1...
Waiting for key data/img_654tl1
Rerunning data/img_654tl1...
Waiting for key data/img_654tl1
Rerunning data/img_654tl1...
Waiting for key data/img_654tl1
Rerunning data/img_654tl1...
Waiting for key data/img_654tl1
Rerunning data/img_654tl1...
Waiting for key data/img_654tl1
Rerunning data/img_654tl1...
Waiting for key data/img_654tl1
Rerunning data/img_654tl1...
Waiting for key data/img_654tr1
Rerunning data/img_654tr1...
merged size without overlap : 14 14 192
Merged: torch.Size([1, 192, 14, 14])
torch.Size([1, 192, 8, 8])
torch.Size([1, 192, 8, 8])
torch.Size([1, 192, 8, 8])
torch.Size([1, 192, 8, 8])
merged size without overlap : 6 6 256
Merged: torch.Size([1, 256, 6, 6])
torch.Size([1, 1000])
Poll Time: 76.44651798200016
Layer Times: [75.44731427600004, 0.07418793200008622, 0.9250157740000304]
Store Push Time: 0.05174124500013022
Store Pull Time: 74.0398959719214
Merge Time: 0.0007915859998774977
Split Time: 0.0002187589998356998
Time: 76.77023063299998
