torch.Size([1, 3, 127, 127])
torch.Size([1, 3, 127, 127])
torch.Size([1, 3, 127, 127])
torch.Size([1, 3, 127, 127])
merged size without overlap : 14 14 192
Merged: torch.Size([1, 192, 14, 14])
torch.Size([1, 192, 8, 8])
torch.Size([1, 192, 8, 8])
torch.Size([1, 192, 8, 8])
torch.Size([1, 192, 8, 8])
merged size without overlap : 6 6 256
Merged: torch.Size([1, 256, 6, 6])
torch.Size([1, 1000])
Poll Time: 0.9053910790000828
Layer Times: [0.06673123500013389, 0.07347299399998519, 0.7651868499999637]
Store Push Time: 0.049019674000192026
Store Pull Time: 0.8892150760041204
Merge Time: 0.0008189699999547884
Split Time: 0.00023093400000107067
Time: 1.2446128429999135
