torch.Size([1, 3, 127, 127])
torch.Size([1, 3, 127, 127])
torch.Size([1, 3, 127, 127])
torch.Size([1, 3, 127, 127])
merged size without overlap : 14 14 192
Merged: torch.Size([1, 192, 14, 14])
torch.Size([1, 192, 8, 8])
torch.Size([1, 192, 8, 8])
torch.Size([1, 192, 8, 8])
torch.Size([1, 192, 8, 8])
merged size without overlap : 6 6 256
Merged: torch.Size([1, 256, 6, 6])
torch.Size([1, 1000])
Poll Time: 1.1120390610001323
Layer Times: [0.07784872599995651, 0.08238627900004758, 0.9518040560001282]
Store Push Time: 0.031109184000342793
Store Pull Time: 1.0938706800041018
Merge Time: 0.0009033970000018599
Split Time: 0.00020317699977567827
Time: 1.3780771050001022
