torch.Size([1, 3, 127, 127])
torch.Size([1, 3, 127, 127])
torch.Size([1, 3, 127, 127])
torch.Size([1, 3, 127, 127])
merged size without overlap : 14 14 192
Merged: torch.Size([1, 192, 14, 14])
torch.Size([1, 192, 8, 8])
torch.Size([1, 192, 8, 8])
torch.Size([1, 192, 8, 8])
torch.Size([1, 192, 8, 8])
merged size without overlap : 6 6 256
Merged: torch.Size([1, 256, 6, 6])
torch.Size([1, 1000])
Poll Time: 0.9368090990001292
Layer Times: [0.06344445700005963, 0.08593984499998442, 0.7874247970000852]
Store Push Time: 0.03487127399989731
Store Pull Time: 0.9205713940059468
Merge Time: 0.000787113000114914
Split Time: 0.000262008999925456
Time: 1.3103195490000417
