torch.Size([1, 3, 127, 127])
torch.Size([1, 3, 127, 127])
torch.Size([1, 3, 127, 127])
torch.Size([1, 3, 127, 127])
merged size without overlap : 14 14 192
Merged: torch.Size([1, 192, 14, 14])
torch.Size([1, 192, 8, 8])
torch.Size([1, 192, 8, 8])
torch.Size([1, 192, 8, 8])
torch.Size([1, 192, 8, 8])
merged size without overlap : 6 6 256
Merged: torch.Size([1, 256, 6, 6])
torch.Size([1, 1000])
Poll Time: 0.9612840319998668
Layer Times: [0.07998254799986171, 0.08610091699983968, 0.7952005670001654]
Store Push Time: 0.061755976000085866
Store Pull Time: 0.9452571310098392
Merge Time: 0.0007094340001003729
Split Time: 0.0002620060001845559
Time: 1.2958147609999742
