torch.Size([1, 3, 127, 127])
torch.Size([1, 3, 127, 127])
torch.Size([1, 3, 127, 127])
torch.Size([1, 3, 127, 127])
merged size without overlap : 14 14 192
Merged: torch.Size([1, 192, 14, 14])
torch.Size([1, 192, 8, 8])
torch.Size([1, 192, 8, 8])
torch.Size([1, 192, 8, 8])
torch.Size([1, 192, 8, 8])
merged size without overlap : 6 6 256
Merged: torch.Size([1, 256, 6, 6])
torch.Size([1, 1000])
Poll Time: 0.933504800000037
Layer Times: [0.07697214899985738, 0.09318878300018696, 0.7633438679999927]
Store Push Time: 0.047119594000150755
Store Pull Time: 0.9174418870009049
Merge Time: 0.0008672339997701783
Split Time: 0.0002225060000000667
Time: 1.231423231000008
