torch.Size([1, 3, 127, 127])
torch.Size([1, 3, 127, 127])
torch.Size([1, 3, 127, 127])
torch.Size([1, 3, 127, 127])
merged size without overlap : 14 14 192
Merged: torch.Size([1, 192, 14, 14])
torch.Size([1, 192, 8, 8])
torch.Size([1, 192, 8, 8])
torch.Size([1, 192, 8, 8])
torch.Size([1, 192, 8, 8])
merged size without overlap : 6 6 256
Merged: torch.Size([1, 256, 6, 6])
torch.Size([1, 1000])
Poll Time: 0.9189102209998055
Layer Times: [0.06968151199998829, 0.08225834499990015, 0.766970363999917]
Store Push Time: 0.03278302800026722
Store Pull Time: 0.9015021250040718
Merge Time: 0.0009668439997767564
Split Time: 0.00024510999992344296
Time: 1.2183604110000488
