torch.Size([1, 3, 127, 127])
torch.Size([1, 3, 127, 127])
torch.Size([1, 3, 127, 127])
torch.Size([1, 3, 127, 127])
merged size without overlap : 14 14 192
Merged: torch.Size([1, 192, 14, 14])
torch.Size([1, 192, 8, 8])
torch.Size([1, 192, 8, 8])
torch.Size([1, 192, 8, 8])
torch.Size([1, 192, 8, 8])
merged size without overlap : 6 6 256
Merged: torch.Size([1, 256, 6, 6])
torch.Size([1, 1000])
Poll Time: 1.0951963329998762
Layer Times: [0.1085732399999415, 0.07366379499990217, 0.9129592980000325]
Store Push Time: 0.043672937999872374
Store Pull Time: 1.077321691013367
Merge Time: 0.0008149020000018936
Split Time: 0.00021358300000429153
Time: 1.3654539979997935
