torch.Size([1, 3, 127, 127])
torch.Size([1, 3, 127, 127])
torch.Size([1, 3, 127, 127])
torch.Size([1, 3, 127, 127])
merged size without overlap : 14 14 192
Merged: torch.Size([1, 192, 14, 14])
torch.Size([1, 192, 8, 8])
torch.Size([1, 192, 8, 8])
torch.Size([1, 192, 8, 8])
torch.Size([1, 192, 8, 8])
merged size without overlap : 6 6 256
Merged: torch.Size([1, 256, 6, 6])
torch.Size([1, 1000])
Poll Time: 1.108232500000213
Layer Times: [0.07571918600001482, 0.08509416500010047, 0.9474191490000976]
Store Push Time: 0.04812740199986365
Store Pull Time: 1.0892109689968947
Merge Time: 0.0008108309998533514
Split Time: 0.00022093499978836917
Time: 1.3905440749999798
