torch.Size([1, 3, 127, 127])
torch.Size([1, 3, 127, 127])
torch.Size([1, 3, 127, 127])
torch.Size([1, 3, 127, 127])
merged size without overlap : 14 14 192
Merged: torch.Size([1, 192, 14, 14])
torch.Size([1, 192, 8, 8])
torch.Size([1, 192, 8, 8])
torch.Size([1, 192, 8, 8])
torch.Size([1, 192, 8, 8])
merged size without overlap : 6 6 256
Merged: torch.Size([1, 256, 6, 6])
Waiting for key data/img_8934
Rerunning data/img_8934...
torch.Size([1, 1000])
Poll Time: 2.3914378980000492
Layer Times: [0.08706570699996519, 0.08309538200001043, 2.2212768090000736]
Store Push Time: 0.03225799499978166
Store Pull Time: 2.3265702109995345
Merge Time: 0.000755111999978908
Split Time: 0.00020581100011440867
Time: 2.6488883550000537
