torch.Size([1, 3, 127, 127])
torch.Size([1, 3, 127, 127])
torch.Size([1, 3, 127, 127])
torch.Size([1, 3, 127, 127])
merged size without overlap : 14 14 192
Merged: torch.Size([1, 192, 14, 14])
torch.Size([1, 192, 8, 8])
torch.Size([1, 192, 8, 8])
torch.Size([1, 192, 8, 8])
torch.Size([1, 192, 8, 8])
merged size without overlap : 6 6 256
Merged: torch.Size([1, 256, 6, 6])
torch.Size([1, 1000])
Poll Time: 0.8994231420001597
Layer Times: [0.06243985000014618, 0.07153006600015033, 0.7654532259998632]
Store Push Time: 0.032484305999787466
Store Pull Time: 0.8837973700094608
Merge Time: 0.0007884869999088551
Split Time: 0.00020816599999307073
Time: 1.1842869340000561
