torch.Size([1, 3, 127, 127])
torch.Size([1, 3, 127, 127])
torch.Size([1, 3, 127, 127])
torch.Size([1, 3, 127, 127])
merged size without overlap : 14 14 192
Merged: torch.Size([1, 192, 14, 14])
torch.Size([1, 192, 8, 8])
torch.Size([1, 192, 8, 8])
torch.Size([1, 192, 8, 8])
torch.Size([1, 192, 8, 8])
merged size without overlap : 6 6 256
Merged: torch.Size([1, 256, 6, 6])
torch.Size([1, 1000])
Poll Time: 0.9137971889997516
Layer Times: [0.06750627299993539, 0.08005545599985453, 0.7662354599999617]
Store Push Time: 0.03396074699981
Store Pull Time: 0.8967894780066672
Merge Time: 0.0010536370000409079
Split Time: 0.0002432010001029994
Time: 1.2449193790000663
