torch.Size([1, 3, 127, 127])
torch.Size([1, 3, 127, 127])
torch.Size([1, 3, 127, 127])
torch.Size([1, 3, 127, 127])
merged size without overlap : 14 14 192
Merged: torch.Size([1, 192, 14, 14])
torch.Size([1, 192, 8, 8])
torch.Size([1, 192, 8, 8])
torch.Size([1, 192, 8, 8])
torch.Size([1, 192, 8, 8])
merged size without overlap : 6 6 256
Merged: torch.Size([1, 256, 6, 6])
torch.Size([1, 1000])
Poll Time: 0.9097872499999085
Layer Times: [0.06915659800006324, 0.07516105499985315, 0.7654695969999921]
Store Push Time: 0.03434499200011487
Store Pull Time: 0.8936267519991361
Merge Time: 0.0010114809999777208
Split Time: 0.0003065949999836448
Time: 1.2824365559999933
