torch.Size([1, 3, 127, 127])
torch.Size([1, 3, 127, 127])
torch.Size([1, 3, 127, 127])
torch.Size([1, 3, 127, 127])
merged size without overlap : 14 14 192
Merged: torch.Size([1, 192, 14, 14])
torch.Size([1, 192, 8, 8])
torch.Size([1, 192, 8, 8])
torch.Size([1, 192, 8, 8])
torch.Size([1, 192, 8, 8])
merged size without overlap : 6 6 256
Merged: torch.Size([1, 256, 6, 6])
torch.Size([1, 1000])
Poll Time: 0.9090533140001753
Layer Times: [0.06449616999998398, 0.07469833500022105, 0.7698588089999703]
Store Push Time: 0.033737895000058415
Store Pull Time: 0.8931864700030019
Merge Time: 0.0012841630002640159
Split Time: 0.0002910600001087005
Time: 1.2018579200000659
