torch.Size([1, 3, 127, 127])
torch.Size([1, 3, 127, 127])
torch.Size([1, 3, 127, 127])
torch.Size([1, 3, 127, 127])
merged size without overlap : 14 14 192
Merged: torch.Size([1, 192, 14, 14])
torch.Size([1, 192, 8, 8])
torch.Size([1, 192, 8, 8])
torch.Size([1, 192, 8, 8])
torch.Size([1, 192, 8, 8])
merged size without overlap : 6 6 256
Merged: torch.Size([1, 256, 6, 6])
torch.Size([1, 1000])
Poll Time: 0.9470209559997329
Layer Times: [0.06364480799993544, 0.10742703099981554, 0.7759491169999819]
Store Push Time: 0.05115161000048829
Store Pull Time: 0.9288189509986751
Merge Time: 0.000736976999860417
Split Time: 0.00021186100025261112
Time: 1.2302489159999368
