torch.Size([1, 3, 127, 127])
torch.Size([1, 3, 127, 127])
torch.Size([1, 3, 127, 127])
torch.Size([1, 3, 127, 127])
merged size without overlap : 14 14 192
Merged: torch.Size([1, 192, 14, 14])
torch.Size([1, 192, 8, 8])
torch.Size([1, 192, 8, 8])
torch.Size([1, 192, 8, 8])
torch.Size([1, 192, 8, 8])
merged size without overlap : 6 6 256
Merged: torch.Size([1, 256, 6, 6])
torch.Size([1, 1000])
Poll Time: 0.937502823000159
Layer Times: [0.062069141999927524, 0.07879685700004302, 0.7966368240001884]
Store Push Time: 0.047904057000096145
Store Pull Time: 0.9211931299930711
Merge Time: 0.0007254760000705573
Split Time: 0.00020250199986548978
Time: 1.259150623999858
