torch.Size([1, 3, 127, 127])
torch.Size([1, 3, 127, 127])
torch.Size([1, 3, 127, 127])
torch.Size([1, 3, 127, 127])
merged size without overlap : 14 14 192
Merged: torch.Size([1, 192, 14, 14])
torch.Size([1, 192, 8, 8])
torch.Size([1, 192, 8, 8])
torch.Size([1, 192, 8, 8])
torch.Size([1, 192, 8, 8])
merged size without overlap : 6 6 256
Merged: torch.Size([1, 256, 6, 6])
torch.Size([1, 1000])
Poll Time: 0.9188640810000379
Layer Times: [0.07130863599991244, 0.08048824000002242, 0.7670672050001031]
Store Push Time: 0.03242928199983908
Store Pull Time: 0.9040983019979194
Merge Time: 0.0007514119999996183
Split Time: 0.000204581000161852
Time: 1.2161191719999351
