torch.Size([1, 3, 127, 127])
torch.Size([1, 3, 127, 127])
torch.Size([1, 3, 127, 127])
torch.Size([1, 3, 127, 127])
merged size without overlap : 14 14 192
Merged: torch.Size([1, 192, 14, 14])
torch.Size([1, 192, 8, 8])
torch.Size([1, 192, 8, 8])
torch.Size([1, 192, 8, 8])
torch.Size([1, 192, 8, 8])
merged size without overlap : 6 6 256
Merged: torch.Size([1, 256, 6, 6])
torch.Size([1, 1000])
Poll Time: 0.9031469449998895
Layer Times: [0.06099916900006974, 0.07165763299985883, 0.7704901429999609]
Store Push Time: 0.0337559280003461
Store Pull Time: 0.887659764996215
Merge Time: 0.0010564270000941178
Split Time: 0.00026822800009540515
Time: 1.392249602999982
