torch.Size([1, 3, 127, 127])
torch.Size([1, 3, 127, 127])
torch.Size([1, 3, 127, 127])
torch.Size([1, 3, 127, 127])
merged size without overlap : 14 14 192
Merged: torch.Size([1, 192, 14, 14])
torch.Size([1, 192, 8, 8])
torch.Size([1, 192, 8, 8])
torch.Size([1, 192, 8, 8])
torch.Size([1, 192, 8, 8])
merged size without overlap : 6 6 256
Merged: torch.Size([1, 256, 6, 6])
torch.Size([1, 1000])
Poll Time: 0.9509900419998303
Layer Times: [0.06283727599998201, 0.0902259319998393, 0.797926834000009]
Store Push Time: 0.03163753400031055
Store Pull Time: 0.9341470899953492
Merge Time: 0.0007612559998051438
Split Time: 0.00020275199995012372
Time: 1.22932984199997
