torch.Size([1, 3, 127, 127])
torch.Size([1, 3, 127, 127])
torch.Size([1, 3, 127, 127])
torch.Size([1, 3, 127, 127])
merged size without overlap : 14 14 192
Merged: torch.Size([1, 192, 14, 14])
torch.Size([1, 192, 8, 8])
torch.Size([1, 192, 8, 8])
torch.Size([1, 192, 8, 8])
torch.Size([1, 192, 8, 8])
merged size without overlap : 6 6 256
Merged: torch.Size([1, 256, 6, 6])
torch.Size([1, 1000])
Poll Time: 0.9174399940002331
Layer Times: [0.07126203300003908, 0.07755356600000596, 0.7686243950001881]
Store Push Time: 0.03376063400014573
Store Pull Time: 0.9016285660004542
Merge Time: 0.0008947179999267973
Split Time: 0.00022412300018004316
Time: 1.2036748370001078
