torch.Size([1, 3, 127, 127])
torch.Size([1, 3, 127, 127])
torch.Size([1, 3, 127, 127])
torch.Size([1, 3, 127, 127])
merged size without overlap : 14 14 192
Merged: torch.Size([1, 192, 14, 14])
torch.Size([1, 192, 8, 8])
torch.Size([1, 192, 8, 8])
torch.Size([1, 192, 8, 8])
torch.Size([1, 192, 8, 8])
merged size without overlap : 6 6 256
Merged: torch.Size([1, 256, 6, 6])
torch.Size([1, 1000])
Poll Time: 1.0580686450000485
Layer Times: [0.07274527699996725, 0.07732733300008476, 0.9079960349999965]
Store Push Time: 0.032833545999437774
Store Pull Time: 1.0392472919929787
Merge Time: 0.0007916329998352012
Split Time: 0.00022235100004763808
Time: 1.3523107979999622
