torch.Size([1, 3, 127, 127])
torch.Size([1, 3, 127, 127])
torch.Size([1, 3, 127, 127])
torch.Size([1, 3, 127, 127])
merged size without overlap : 14 14 192
Merged: torch.Size([1, 192, 14, 14])
torch.Size([1, 192, 8, 8])
torch.Size([1, 192, 8, 8])
torch.Size([1, 192, 8, 8])
torch.Size([1, 192, 8, 8])
merged size without overlap : 6 6 256
Merged: torch.Size([1, 256, 6, 6])
torch.Size([1, 1000])
Poll Time: 0.9229344399998354
Layer Times: [0.07537383899989436, 0.08628343600003063, 0.7612771649999104]
Store Push Time: 0.03314506599986089
Store Pull Time: 0.9076275199913653
Merge Time: 0.0007526150000103371
Split Time: 0.0002481919998444937
Time: 1.1819526829999631
