torch.Size([1, 3, 127, 127])
torch.Size([1, 3, 127, 127])
torch.Size([1, 3, 127, 127])
torch.Size([1, 3, 127, 127])
merged size without overlap : 14 14 192
Merged: torch.Size([1, 192, 14, 14])
torch.Size([1, 192, 8, 8])
torch.Size([1, 192, 8, 8])
torch.Size([1, 192, 8, 8])
torch.Size([1, 192, 8, 8])
merged size without overlap : 6 6 256
Merged: torch.Size([1, 256, 6, 6])
torch.Size([1, 1000])
Poll Time: 0.9159068930002832
Layer Times: [0.06025156100008644, 0.08420466100005797, 0.7714506710001388]
Store Push Time: 0.2719929489999231
Store Pull Time: 0.8994093920011892
Merge Time: 0.0008013270000901684
Split Time: 0.00020862600013060728
Time: 1.411755650000032
