torch.Size([1, 3, 127, 127])
torch.Size([1, 3, 127, 127])
torch.Size([1, 3, 127, 127])
torch.Size([1, 3, 127, 127])
merged size without overlap : 14 14 192
Merged: torch.Size([1, 192, 14, 14])
torch.Size([1, 192, 8, 8])
torch.Size([1, 192, 8, 8])
torch.Size([1, 192, 8, 8])
torch.Size([1, 192, 8, 8])
merged size without overlap : 6 6 256
Merged: torch.Size([1, 256, 6, 6])
torch.Size([1, 1000])
Poll Time: 0.9050626790001388
Layer Times: [0.05806697899993196, 0.08427821000009317, 0.7627174900001137]
Store Push Time: 0.03134305600019616
Store Pull Time: 0.8904805310057782
Merge Time: 0.0008327390000886226
Split Time: 0.00020485000004555332
Time: 1.2048751620000075
