torch.Size([1, 3, 127, 127])
torch.Size([1, 3, 127, 127])
torch.Size([1, 3, 127, 127])
torch.Size([1, 3, 127, 127])
merged size without overlap : 14 14 192
Merged: torch.Size([1, 192, 14, 14])
torch.Size([1, 192, 8, 8])
torch.Size([1, 192, 8, 8])
torch.Size([1, 192, 8, 8])
torch.Size([1, 192, 8, 8])
merged size without overlap : 6 6 256
Merged: torch.Size([1, 256, 6, 6])
Waiting for key data/img_6124
Rerunning data/img_6124...
Waiting for key data/img_6124
Rerunning data/img_6124...
Waiting for key data/img_6124
Rerunning data/img_6124...
Waiting for key data/img_6124
Rerunning data/img_6124...
Waiting for key data/img_6124
Rerunning data/img_6124...
Waiting for key data/img_6124
Rerunning data/img_6124...
Waiting for key data/img_6124
Rerunning data/img_6124...
Waiting for key data/img_6124
Rerunning data/img_6124...
Waiting for key data/img_6124
Rerunning data/img_6124...
Waiting for key data/img_6124
Rerunning data/img_6124...
Waiting for key data/img_6124
Rerunning data/img_6124...
Waiting for key data/img_6124
Rerunning data/img_6124...
Waiting for key data/img_6124
Rerunning data/img_6124...
Waiting for key data/img_6124
Rerunning data/img_6124...
Waiting for key data/img_6124
Rerunning data/img_6124...
Waiting for key data/img_6124
Rerunning data/img_6124...
Waiting for key data/img_6124
Rerunning data/img_6124...
Waiting for key data/img_6124
Rerunning data/img_6124...
Waiting for key data/img_6124
Rerunning data/img_6124...
Waiting for key data/img_6124
Rerunning data/img_6124...
Waiting for key data/img_6124
Rerunning data/img_6124...
Waiting for key data/img_6124
Rerunning data/img_6124...
Waiting for key data/img_6124
Rerunning data/img_6124...
Waiting for key data/img_6124
Rerunning data/img_6124...
Waiting for key data/img_6124
Rerunning data/img_6124...
Waiting for key data/img_6124
Rerunning data/img_6124...
Waiting for key data/img_6124
Rerunning data/img_6124...
Waiting for key data/img_6124
Rerunning data/img_6124...
Waiting for key data/img_6124
Rerunning data/img_6124...
Waiting for key data/img_6124
Rerunning data/img_6124...
Waiting for key data/img_6124
Rerunning data/img_6124...
Waiting for key data/img_6124
Rerunning data/img_6124...
Waiting for key data/img_6124
Rerunning data/img_6124...
Waiting for key data/img_6124
Rerunning data/img_6124...
Waiting for key data/img_6124
Rerunning data/img_6124...
Waiting for key data/img_6124
Rerunning data/img_6124...
Waiting for key data/img_6124
Rerunning data/img_6124...
Waiting for key data/img_6124
Rerunning data/img_6124...
torch.Size([1, 1000])
Poll Time: 72.49154109999995
Layer Times: [0.060323643999936394, 0.08667042100000799, 72.344547035]
Store Push Time: 0.03197833000012906
Store Pull Time: 70.1201457780769
Merge Time: 0.0007362240000929887
Split Time: 0.00020595699993464223
Time: 72.76670626500004
