torch.Size([1, 3, 127, 127])
torch.Size([1, 3, 127, 127])
torch.Size([1, 3, 127, 127])
torch.Size([1, 3, 127, 127])
merged size without overlap : 14 14 192
Merged: torch.Size([1, 192, 14, 14])
torch.Size([1, 192, 8, 8])
torch.Size([1, 192, 8, 8])
torch.Size([1, 192, 8, 8])
torch.Size([1, 192, 8, 8])
merged size without overlap : 6 6 256
Merged: torch.Size([1, 256, 6, 6])
torch.Size([1, 1000])
Poll Time: 0.9151087749999078
Layer Times: [0.0711266479997903, 0.07797718899996653, 0.766004938000151]
Store Push Time: 0.046061081999596354
Store Pull Time: 0.898389094011236
Merge Time: 0.0007450400000834634
Split Time: 0.00020422700004019134
Time: 1.2209670689999257
