torch.Size([1, 3, 127, 127])
torch.Size([1, 3, 127, 127])
torch.Size([1, 3, 127, 127])
torch.Size([1, 3, 127, 127])
merged size without overlap : 14 14 192
Merged: torch.Size([1, 192, 14, 14])
torch.Size([1, 192, 8, 8])
torch.Size([1, 192, 8, 8])
torch.Size([1, 192, 8, 8])
torch.Size([1, 192, 8, 8])
merged size without overlap : 6 6 256
Merged: torch.Size([1, 256, 6, 6])
torch.Size([1, 1000])
Poll Time: 0.9114423920000263
Layer Times: [0.06458774199995787, 0.08117949899997257, 0.7656751510000959]
Store Push Time: 0.032445401999893875
Store Pull Time: 0.89469287200086
Merge Time: 0.0009905909998906282
Split Time: 0.0002612889998090395
Time: 1.2010783359999095
