torch.Size([1, 3, 127, 127])
torch.Size([1, 3, 127, 127])
torch.Size([1, 3, 127, 127])
torch.Size([1, 3, 127, 127])
merged size without overlap : 14 14 192
Merged: torch.Size([1, 192, 14, 14])
torch.Size([1, 192, 8, 8])
torch.Size([1, 192, 8, 8])
torch.Size([1, 192, 8, 8])
torch.Size([1, 192, 8, 8])
merged size without overlap : 6 6 256
Merged: torch.Size([1, 256, 6, 6])
torch.Size([1, 1000])
Poll Time: 0.9367730089998076
Layer Times: [0.07165982099991197, 0.0853300510000281, 0.7797831369998676]
Store Push Time: 0.03269531600017217
Store Pull Time: 0.9192064029937228
Merge Time: 0.0008727890001409833
Split Time: 0.00020189399992887047
Time: 1.2274893850001263
