torch.Size([1, 3, 127, 127])
torch.Size([1, 3, 127, 127])
torch.Size([1, 3, 127, 127])
torch.Size([1, 3, 127, 127])
Waiting for key data/img_877tl1
Rerunning data/img_877tl1...
Waiting for key data/img_877tl1
Rerunning data/img_877tl1...
Waiting for key data/img_877tl1
Rerunning data/img_877tl1...
Waiting for key data/img_877tl1
Rerunning data/img_877tl1...
Waiting for key data/img_877tl1
Rerunning data/img_877tl1...
Waiting for key data/img_877tl1
Rerunning data/img_877tl1...
Waiting for key data/img_877tl1
Rerunning data/img_877tl1...
Waiting for key data/img_877tl1
Rerunning data/img_877tl1...
Waiting for key data/img_877tl1
Rerunning data/img_877tl1...
Waiting for key data/img_877tl1
Rerunning data/img_877tl1...
Waiting for key data/img_877tl1
Rerunning data/img_877tl1...
Waiting for key data/img_877tl1
Rerunning data/img_877tl1...
Waiting for key data/img_877tl1
Rerunning data/img_877tl1...
Waiting for key data/img_877tl1
Rerunning data/img_877tl1...
Waiting for key data/img_877tl1
Rerunning data/img_877tl1...
Waiting for key data/img_877tl1
Rerunning data/img_877tl1...
Waiting for key data/img_877tl1
Rerunning data/img_877tl1...
Waiting for key data/img_877tl1
Rerunning data/img_877tl1...
Waiting for key data/img_877tl1
Rerunning data/img_877tl1...
Waiting for key data/img_877tl1
Rerunning data/img_877tl1...
Waiting for key data/img_877tl1
Rerunning data/img_877tl1...
Waiting for key data/img_877tl1
Rerunning data/img_877tl1...
Waiting for key data/img_877tl1
Rerunning data/img_877tl1...
Waiting for key data/img_877tl1
Rerunning data/img_877tl1...
Waiting for key data/img_877tl1
Rerunning data/img_877tl1...
Waiting for key data/img_877tl1
Rerunning data/img_877tl1...
Waiting for key data/img_877tl1
Rerunning data/img_877tl1...
Waiting for key data/img_877tl1
Rerunning data/img_877tl1...
Waiting for key data/img_877tl1
Rerunning data/img_877tl1...
Waiting for key data/img_877tl1
Rerunning data/img_877tl1...
Waiting for key data/img_877tl1
Rerunning data/img_877tl1...
merged size without overlap : 14 14 192
Merged: torch.Size([1, 192, 14, 14])
torch.Size([1, 192, 8, 8])
torch.Size([1, 192, 8, 8])
torch.Size([1, 192, 8, 8])
torch.Size([1, 192, 8, 8])
merged size without overlap : 6 6 256
Merged: torch.Size([1, 256, 6, 6])
torch.Size([1, 1000])
Poll Time: 78.82733837
Layer Times: [77.97192265500007, 0.08810720899987246, 0.7673085060000631]
Store Push Time: 0.05445583899972917
Store Pull Time: 76.31317286801664
Merge Time: 0.001046322999854965
Split Time: 0.00024814200014589005
Time: 79.15144274399995
