torch.Size([1, 3, 127, 127])
torch.Size([1, 3, 127, 127])
torch.Size([1, 3, 127, 127])
torch.Size([1, 3, 127, 127])
merged size without overlap : 14 14 192
Merged: torch.Size([1, 192, 14, 14])
torch.Size([1, 192, 8, 8])
torch.Size([1, 192, 8, 8])
torch.Size([1, 192, 8, 8])
torch.Size([1, 192, 8, 8])
merged size without overlap : 6 6 256
Merged: torch.Size([1, 256, 6, 6])
torch.Size([1, 1000])
Poll Time: 0.9744592609999927
Layer Times: [0.07267469599992182, 0.09628252000015891, 0.805502044999912]
Store Push Time: 0.04659204299969133
Store Pull Time: 0.9580858939934842
Merge Time: 0.0008552790000067034
Split Time: 0.00024755099980211526
Time: 1.2787367430000813
