torch.Size([1, 3, 127, 127])
torch.Size([1, 3, 127, 127])
torch.Size([1, 3, 127, 127])
torch.Size([1, 3, 127, 127])
merged size without overlap : 14 14 192
Merged: torch.Size([1, 192, 14, 14])
torch.Size([1, 192, 8, 8])
torch.Size([1, 192, 8, 8])
torch.Size([1, 192, 8, 8])
torch.Size([1, 192, 8, 8])
merged size without overlap : 6 6 256
Merged: torch.Size([1, 256, 6, 6])
torch.Size([1, 1000])
Poll Time: 0.9257537429998592
Layer Times: [0.07864271400012512, 0.08152618399981293, 0.7655848449999212]
Store Push Time: 0.03215699300039887
Store Pull Time: 0.9116325100062568
Merge Time: 0.0007518610000261106
Split Time: 0.00020866199997726653
Time: 1.1920363399999587
