torch.Size([1, 3, 127, 127])
torch.Size([1, 3, 127, 127])
torch.Size([1, 3, 127, 127])
torch.Size([1, 3, 127, 127])
merged size without overlap : 14 14 192
Merged: torch.Size([1, 192, 14, 14])
torch.Size([1, 192, 8, 8])
torch.Size([1, 192, 8, 8])
torch.Size([1, 192, 8, 8])
torch.Size([1, 192, 8, 8])
merged size without overlap : 6 6 256
Merged: torch.Size([1, 256, 6, 6])
torch.Size([1, 1000])
Poll Time: 1.6980048369998713
Layer Times: [0.08050927899989802, 0.7036597480000637, 0.9138358099999095]
Store Push Time: 0.04599872000017058
Store Pull Time: 1.6675510070097062
Merge Time: 0.0009232439999777853
Split Time: 0.0002447459999075363
Time: 2.015507523999986
