torch.Size([1, 3, 127, 127])
torch.Size([1, 3, 127, 127])
torch.Size([1, 3, 127, 127])
torch.Size([1, 3, 127, 127])
merged size without overlap : 14 14 192
Merged: torch.Size([1, 192, 14, 14])
torch.Size([1, 192, 8, 8])
torch.Size([1, 192, 8, 8])
torch.Size([1, 192, 8, 8])
torch.Size([1, 192, 8, 8])
merged size without overlap : 6 6 256
Merged: torch.Size([1, 256, 6, 6])
torch.Size([1, 1000])
Poll Time: 1.1093620239998927
Layer Times: [0.07303770199996507, 0.08222295599989593, 0.9541013660000317]
Store Push Time: 0.03248956899983568
Store Pull Time: 1.0899736249918988
Merge Time: 0.0008678799999870535
Split Time: 0.00022444499973062193
Time: 1.406628906999913
