torch.Size([1, 3, 127, 127])
torch.Size([1, 3, 127, 127])
torch.Size([1, 3, 127, 127])
torch.Size([1, 3, 127, 127])
merged size without overlap : 14 14 192
Merged: torch.Size([1, 192, 14, 14])
torch.Size([1, 192, 8, 8])
torch.Size([1, 192, 8, 8])
torch.Size([1, 192, 8, 8])
torch.Size([1, 192, 8, 8])
merged size without overlap : 6 6 256
Merged: torch.Size([1, 256, 6, 6])
torch.Size([1, 1000])
Poll Time: 1.1120933899999272
Layer Times: [0.0853222809998897, 0.08393727600014245, 0.9428338329998951]
Store Push Time: 0.031832308999810266
Store Pull Time: 1.0926184919896968
Merge Time: 0.0007494240003325103
Split Time: 0.00020478500005083333
Time: 1.4158214639999187
