torch.Size([1, 3, 127, 127])
torch.Size([1, 3, 127, 127])
torch.Size([1, 3, 127, 127])
torch.Size([1, 3, 127, 127])
merged size without overlap : 14 14 192
Merged: torch.Size([1, 192, 14, 14])
torch.Size([1, 192, 8, 8])
torch.Size([1, 192, 8, 8])
torch.Size([1, 192, 8, 8])
torch.Size([1, 192, 8, 8])
merged size without overlap : 6 6 256
Merged: torch.Size([1, 256, 6, 6])
torch.Size([1, 1000])
Poll Time: 0.9130402390001109
Layer Times: [0.0649074999998902, 0.07349070300006133, 0.7746420360001594]
Store Push Time: 0.032438429999729124
Store Pull Time: 0.8972453999974732
Merge Time: 0.0008923030000005383
Split Time: 0.00021021099996687553
Time: 1.206532131999893
