torch.Size([1, 3, 127, 127])
torch.Size([1, 3, 127, 127])
torch.Size([1, 3, 127, 127])
torch.Size([1, 3, 127, 127])
merged size without overlap : 14 14 192
Merged: torch.Size([1, 192, 14, 14])
torch.Size([1, 192, 8, 8])
torch.Size([1, 192, 8, 8])
torch.Size([1, 192, 8, 8])
torch.Size([1, 192, 8, 8])
merged size without overlap : 6 6 256
Merged: torch.Size([1, 256, 6, 6])
torch.Size([1, 1000])
Poll Time: 0.9176872470000035
Layer Times: [0.06513792999999168, 0.08333789399989655, 0.7692114230001152]
Store Push Time: 0.0338497099999131
Store Pull Time: 0.9023849339919252
Merge Time: 0.0008448190001217881
Split Time: 0.00028742200015585695
Time: 1.2388414360000297
