torch.Size([1, 3, 127, 127])
torch.Size([1, 3, 127, 127])
torch.Size([1, 3, 127, 127])
torch.Size([1, 3, 127, 127])
merged size without overlap : 14 14 192
Merged: torch.Size([1, 192, 14, 14])
torch.Size([1, 192, 8, 8])
torch.Size([1, 192, 8, 8])
torch.Size([1, 192, 8, 8])
torch.Size([1, 192, 8, 8])
merged size without overlap : 6 6 256
Merged: torch.Size([1, 256, 6, 6])
torch.Size([1, 1000])
Poll Time: 0.9151497270001983
Layer Times: [0.05937936999998783, 0.08002094300013596, 0.7757494140000745]
Store Push Time: 0.03303503199958868
Store Pull Time: 0.8992678509887355
Merge Time: 0.0011377630000879435
Split Time: 0.00026558199988357956
Time: 1.2177772499999264
