torch.Size([1, 3, 127, 127])
torch.Size([1, 3, 127, 127])
torch.Size([1, 3, 127, 127])
torch.Size([1, 3, 127, 127])
merged size without overlap : 14 14 192
Merged: torch.Size([1, 192, 14, 14])
torch.Size([1, 192, 8, 8])
torch.Size([1, 192, 8, 8])
torch.Size([1, 192, 8, 8])
torch.Size([1, 192, 8, 8])
merged size without overlap : 6 6 256
Merged: torch.Size([1, 256, 6, 6])
torch.Size([1, 1000])
Poll Time: 2.4292110729995784
Layer Times: [1.4202486879999014, 0.07569544299985864, 0.9332669419998183]
Store Push Time: 0.03717704899986529
Store Pull Time: 2.3933540250009173
Merge Time: 0.0007906549999461276
Split Time: 0.00022802000012234203
Time: 2.706759396000052
