torch.Size([1, 3, 127, 127])
torch.Size([1, 3, 127, 127])
torch.Size([1, 3, 127, 127])
torch.Size([1, 3, 127, 127])
merged size without overlap : 14 14 192
Merged: torch.Size([1, 192, 14, 14])
torch.Size([1, 192, 8, 8])
torch.Size([1, 192, 8, 8])
torch.Size([1, 192, 8, 8])
torch.Size([1, 192, 8, 8])
merged size without overlap : 6 6 256
Merged: torch.Size([1, 256, 6, 6])
torch.Size([1, 1000])
Poll Time: 1.1134880409995276
Layer Times: [0.10041369599980499, 0.07175642699985474, 0.9413179179998679]
Store Push Time: 0.03400239200004762
Store Pull Time: 1.0944992329909837
Merge Time: 0.0009399349999057449
Split Time: 0.0003389089999927819
Time: 1.4112226130000636
