torch.Size([1, 3, 127, 127])
torch.Size([1, 3, 127, 127])
torch.Size([1, 3, 127, 127])
torch.Size([1, 3, 127, 127])
merged size without overlap : 14 14 192
Merged: torch.Size([1, 192, 14, 14])
torch.Size([1, 192, 8, 8])
torch.Size([1, 192, 8, 8])
torch.Size([1, 192, 8, 8])
torch.Size([1, 192, 8, 8])
merged size without overlap : 6 6 256
Merged: torch.Size([1, 256, 6, 6])
torch.Size([1, 1000])
Poll Time: 1.041130103000114
Layer Times: [0.05867237200004638, 0.2146516719999454, 0.7678060590001223]
Store Push Time: 0.04782576900015556
Store Pull Time: 1.0233194199995523
Merge Time: 0.001030832999958875
Split Time: 0.0003083760000208713
Time: 1.351024481999957
