torch.Size([1, 3, 127, 127])
torch.Size([1, 3, 127, 127])
torch.Size([1, 3, 127, 127])
torch.Size([1, 3, 127, 127])
merged size without overlap : 14 14 192
Merged: torch.Size([1, 192, 14, 14])
torch.Size([1, 192, 8, 8])
torch.Size([1, 192, 8, 8])
torch.Size([1, 192, 8, 8])
torch.Size([1, 192, 8, 8])
merged size without overlap : 6 6 256
Merged: torch.Size([1, 256, 6, 6])
torch.Size([1, 1000])
Poll Time: 0.9414855369999486
Layer Times: [0.0896716339999557, 0.08174915999995847, 0.7700647430000345]
Store Push Time: 0.04792689800012795
Store Pull Time: 0.9295747490039048
Merge Time: 0.0008419980000553551
Split Time: 0.00021677500001260341
Time: 1.280721146000019
