torch.Size([1, 3, 127, 127])
torch.Size([1, 3, 127, 127])
torch.Size([1, 3, 127, 127])
torch.Size([1, 3, 127, 127])
merged size without overlap : 14 14 192
Merged: torch.Size([1, 192, 14, 14])
torch.Size([1, 192, 8, 8])
torch.Size([1, 192, 8, 8])
torch.Size([1, 192, 8, 8])
torch.Size([1, 192, 8, 8])
merged size without overlap : 6 6 256
Merged: torch.Size([1, 256, 6, 6])
torch.Size([1, 1000])
Poll Time: 2.30530430600038
Layer Times: [0.09509069600017028, 0.11784436400012055, 2.0923692460000893]
Store Push Time: 2.487614623999889
Store Pull Time: 0
Merge Time: 0.0011379560000932543
Split Time: 0.00023243199984790408
Time: 4.652375927999856
