torch.Size([1, 3, 127, 127])
torch.Size([1, 3, 127, 127])
torch.Size([1, 3, 127, 127])
torch.Size([1, 3, 127, 127])
merged size without overlap : 14 14 192
Merged: torch.Size([1, 192, 14, 14])
torch.Size([1, 192, 8, 8])
torch.Size([1, 192, 8, 8])
torch.Size([1, 192, 8, 8])
torch.Size([1, 192, 8, 8])
merged size without overlap : 6 6 256
Merged: torch.Size([1, 256, 6, 6])
torch.Size([1, 1000])
Poll Time: 1.148860063000484
Layer Times: [0.08500966800011156, 0.07963150500017946, 0.9842188900001929]
Store Push Time: 1.589307731003828
Store Pull Time: 0
Merge Time: 0.0008462810001219623
Split Time: 0.00028017600016028155
Time: 4.546532128999843
