torch.Size([1, 3, 127, 127])
torch.Size([1, 3, 127, 127])
torch.Size([1, 3, 127, 127])
torch.Size([1, 3, 127, 127])
merged size without overlap : 14 14 192
Merged: torch.Size([1, 192, 14, 14])
torch.Size([1, 192, 8, 8])
torch.Size([1, 192, 8, 8])
torch.Size([1, 192, 8, 8])
torch.Size([1, 192, 8, 8])
merged size without overlap : 6 6 256
Merged: torch.Size([1, 256, 6, 6])
torch.Size([1, 1000])
Poll Time: 0.9631172170002174
Layer Times: [0.09300592500039784, 0.10605042499992123, 0.7640608669998983]
Store Push Time: 1.4795917620026557
Store Pull Time: 0
Merge Time: 0.004681532000176958
Split Time: 0.00021136499981366796
Time: 3.887885290000213
