torch.Size([1, 3, 127, 127])
torch.Size([1, 3, 127, 127])
torch.Size([1, 3, 127, 127])
torch.Size([1, 3, 127, 127])
merged size without overlap : 14 14 192
Merged: torch.Size([1, 192, 14, 14])
torch.Size([1, 192, 8, 8])
torch.Size([1, 192, 8, 8])
torch.Size([1, 192, 8, 8])
torch.Size([1, 192, 8, 8])
merged size without overlap : 6 6 256
Merged: torch.Size([1, 256, 6, 6])
torch.Size([1, 1000])
Poll Time: 1.0876899089998915
Layer Times: [0.13069682600007582, 0.0866466180000316, 0.8703464649997841]
Store Push Time: 1.3896300489959685
Store Pull Time: 0
Merge Time: 0.0007669470001019363
Split Time: 0.00020327400034148013
Time: 2.9894844479999847
