torch.Size([1, 3, 127, 127])
torch.Size([1, 3, 127, 127])
torch.Size([1, 3, 127, 127])
torch.Size([1, 3, 127, 127])
merged size without overlap : 14 14 192
Merged: torch.Size([1, 192, 14, 14])
torch.Size([1, 192, 8, 8])
torch.Size([1, 192, 8, 8])
torch.Size([1, 192, 8, 8])
torch.Size([1, 192, 8, 8])
merged size without overlap : 6 6 256
Merged: torch.Size([1, 256, 6, 6])
torch.Size([1, 1000])
Poll Time: 0.9569946440001331
Layer Times: [0.07534713599989118, 0.11649750600008701, 0.7651500020001549]
Store Push Time: 1.3855278689970874
Store Pull Time: 0
Merge Time: 0.0007794999996804108
Split Time: 0.0002168910004911595
Time: 3.8377443889999086
