torch.Size([1, 3, 127, 127])
torch.Size([1, 3, 127, 127])
torch.Size([1, 3, 127, 127])
torch.Size([1, 3, 127, 127])
merged size without overlap : 14 14 192
Merged: torch.Size([1, 192, 14, 14])
torch.Size([1, 192, 8, 8])
torch.Size([1, 192, 8, 8])
torch.Size([1, 192, 8, 8])
torch.Size([1, 192, 8, 8])
merged size without overlap : 6 6 256
Merged: torch.Size([1, 256, 6, 6])
torch.Size([1, 1000])
Poll Time: 1.0629475520004235
Layer Times: [0.07917217200019877, 0.09611505700013367, 0.887660323000091]
Store Push Time: 1.4146005840038924
Store Pull Time: 0
Merge Time: 0.0007856980000724434
Split Time: 0.00022048799974072608
Time: 3.8751639450001676
