torch.Size([1, 3, 127, 127])
torch.Size([1, 3, 127, 127])
torch.Size([1, 3, 127, 127])
torch.Size([1, 3, 127, 127])
merged size without overlap : 14 14 192
Merged: torch.Size([1, 192, 14, 14])
torch.Size([1, 192, 8, 8])
torch.Size([1, 192, 8, 8])
torch.Size([1, 192, 8, 8])
torch.Size([1, 192, 8, 8])
merged size without overlap : 6 6 256
Merged: torch.Size([1, 256, 6, 6])
Waiting for key warmup/1494
Rerunning warmup/1494...
Waiting for key warmup/1494
Rerunning warmup/1494...
Waiting for key warmup/1494
Rerunning warmup/1494...
Waiting for key warmup/1494
Rerunning warmup/1494...
Waiting for key warmup/1494
Rerunning warmup/1494...
Waiting for key warmup/1494
Rerunning warmup/1494...
Waiting for key warmup/1494
Rerunning warmup/1494...
Waiting for key warmup/1494
Rerunning warmup/1494...
Waiting for key warmup/1494
Rerunning warmup/1494...
Waiting for key warmup/1494
Rerunning warmup/1494...
Waiting for key warmup/1494
Rerunning warmup/1494...
Waiting for key warmup/1494
Rerunning warmup/1494...
Waiting for key warmup/1494
Rerunning warmup/1494...
Waiting for key warmup/1494
Rerunning warmup/1494...
Waiting for key warmup/1494
Rerunning warmup/1494...
Waiting for key warmup/1494
Rerunning warmup/1494...
Waiting for key warmup/1494
Rerunning warmup/1494...
Waiting for key warmup/1494
Rerunning warmup/1494...
Waiting for key warmup/1494
Rerunning warmup/1494...
Waiting for key warmup/1494
Rerunning warmup/1494...
Waiting for key warmup/1494
Rerunning warmup/1494...
Waiting for key warmup/1494
Rerunning warmup/1494...
Waiting for key warmup/1494
Rerunning warmup/1494...
Waiting for key warmup/1494
Rerunning warmup/1494...
Waiting for key warmup/1494
Rerunning warmup/1494...
Waiting for key warmup/1494
Rerunning warmup/1494...
torch.Size([1, 1000])
Poll Time: 72.86912528200037
Layer Times: [0.1714665860004061, 0.10034492700015107, 72.59731376899981]
Store Push Time: 70.9432474231462
Store Pull Time: 0
Merge Time: 0.021042535999640677
Split Time: 0.00022577300023840507
Time: 75.65652357099998
