torch.Size([1, 3, 127, 127])
torch.Size([1, 3, 127, 127])
torch.Size([1, 3, 127, 127])
torch.Size([1, 3, 127, 127])
merged size without overlap : 14 14 192
Merged: torch.Size([1, 192, 14, 14])
torch.Size([1, 192, 8, 8])
torch.Size([1, 192, 8, 8])
torch.Size([1, 192, 8, 8])
torch.Size([1, 192, 8, 8])
merged size without overlap : 6 6 256
Merged: torch.Size([1, 256, 6, 6])
torch.Size([1, 1000])
Poll Time: 0.9442912200001956
Layer Times: [0.0757847159998164, 0.08140208700024232, 0.7871044170001369]
Store Push Time: 1.394757712002047
Store Pull Time: 0
Merge Time: 0.0008134989998325182
Split Time: 0.00021631199979310622
Time: 3.971462689999953
