torch.Size([1, 3, 127, 127])
torch.Size([1, 3, 127, 127])
torch.Size([1, 3, 127, 127])
torch.Size([1, 3, 127, 127])
merged size without overlap : 14 14 192
Merged: torch.Size([1, 192, 14, 14])
torch.Size([1, 192, 8, 8])
torch.Size([1, 192, 8, 8])
torch.Size([1, 192, 8, 8])
torch.Size([1, 192, 8, 8])
merged size without overlap : 6 6 256
Merged: torch.Size([1, 256, 6, 6])
torch.Size([1, 1000])
Poll Time: 0.9795234420002998
Layer Times: [0.104160974000024, 0.09752555600016422, 0.7778369120001116]
Store Push Time: 1.412648965995686
Store Pull Time: 0
Merge Time: 0.0008288440003525466
Split Time: 0.00021902600019529928
Time: 4.086304749000192
