torch.Size([1, 3, 127, 127])
torch.Size([1, 3, 127, 127])
torch.Size([1, 3, 127, 127])
torch.Size([1, 3, 127, 127])
merged size without overlap : 14 14 192
Merged: torch.Size([1, 192, 14, 14])
torch.Size([1, 192, 8, 8])
torch.Size([1, 192, 8, 8])
torch.Size([1, 192, 8, 8])
torch.Size([1, 192, 8, 8])
merged size without overlap : 6 6 256
Merged: torch.Size([1, 256, 6, 6])
torch.Size([1, 1000])
Poll Time: 1.012106797999877
Layer Times: [0.1081552739997278, 0.1325623990001077, 0.7713891250000415]
Store Push Time: 1.4037624440024956
Store Pull Time: 0
Merge Time: 0.001194650999877922
Split Time: 0.0002747120001913572
Time: 4.152142582000124
