torch.Size([1, 3, 127, 127])
torch.Size([1, 3, 127, 127])
torch.Size([1, 3, 127, 127])
torch.Size([1, 3, 127, 127])
merged size without overlap : 14 14 192
Merged: torch.Size([1, 192, 14, 14])
torch.Size([1, 192, 8, 8])
torch.Size([1, 192, 8, 8])
torch.Size([1, 192, 8, 8])
torch.Size([1, 192, 8, 8])
merged size without overlap : 6 6 256
Merged: torch.Size([1, 256, 6, 6])
torch.Size([1, 1000])
Poll Time: 1.1264411119996112
Layer Times: [0.06985279599985006, 0.09589602300002298, 0.9606922929997381]
Store Push Time: 1.305001260001518
Store Pull Time: 0
Merge Time: 0.0008026249997783452
Split Time: 0.00020436500017240178
Time: 3.4439546950002295
