torch.Size([1, 3, 127, 127])
torch.Size([1, 3, 127, 127])
torch.Size([1, 3, 127, 127])
torch.Size([1, 3, 127, 127])
merged size without overlap : 14 14 192
Merged: torch.Size([1, 192, 14, 14])
torch.Size([1, 192, 8, 8])
torch.Size([1, 192, 8, 8])
torch.Size([1, 192, 8, 8])
torch.Size([1, 192, 8, 8])
merged size without overlap : 6 6 256
Merged: torch.Size([1, 256, 6, 6])
torch.Size([1, 1000])
Poll Time: 1.0357572040002196
Layer Times: [0.12710473900006036, 0.09583485199982533, 0.812817613000334]
Store Push Time: 1.4628915320004126
Store Pull Time: 0
Merge Time: 0.0007956160002322576
Split Time: 0.00020841400009885547
Time: 3.989103952000278
