torch.Size([1, 3, 127, 127])
torch.Size([1, 3, 127, 127])
torch.Size([1, 3, 127, 127])
torch.Size([1, 3, 127, 127])
merged size without overlap : 14 14 192
Merged: torch.Size([1, 192, 14, 14])
torch.Size([1, 192, 8, 8])
torch.Size([1, 192, 8, 8])
torch.Size([1, 192, 8, 8])
torch.Size([1, 192, 8, 8])
merged size without overlap : 6 6 256
Merged: torch.Size([1, 256, 6, 6])
torch.Size([1, 1000])
Poll Time: 1.1400059780007723
Layer Times: [0.12306494800031942, 0.18470306700010042, 0.8322379630003525]
Store Push Time: 1.6267149139944195
Store Pull Time: 0
Merge Time: 0.0008383770000364166
Split Time: 0.00021712599982492975
Time: 4.241481491999821
