torch.Size([1, 3, 127, 127])
torch.Size([1, 3, 127, 127])
torch.Size([1, 3, 127, 127])
torch.Size([1, 3, 127, 127])
merged size without overlap : 14 14 192
Merged: torch.Size([1, 192, 14, 14])
torch.Size([1, 192, 8, 8])
torch.Size([1, 192, 8, 8])
torch.Size([1, 192, 8, 8])
torch.Size([1, 192, 8, 8])
merged size without overlap : 6 6 256
Merged: torch.Size([1, 256, 6, 6])
torch.Size([1, 1000])
Poll Time: 0.9990442539992728
Layer Times: [0.08584920499970394, 0.12758549499994842, 0.7856095539996204]
Store Push Time: 1.378181306001352
Store Pull Time: 0
Merge Time: 0.0007774030000291532
Split Time: 0.00022303400010059704
Time: 4.144343757000115
