torch.Size([1, 3, 127, 127])
torch.Size([1, 3, 127, 127])
torch.Size([1, 3, 127, 127])
torch.Size([1, 3, 127, 127])
merged size without overlap : 14 14 192
Merged: torch.Size([1, 192, 14, 14])
torch.Size([1, 192, 8, 8])
torch.Size([1, 192, 8, 8])
torch.Size([1, 192, 8, 8])
torch.Size([1, 192, 8, 8])
merged size without overlap : 6 6 256
Merged: torch.Size([1, 256, 6, 6])
torch.Size([1, 1000])
Poll Time: 1.0165404330000456
Layer Times: [0.13544414199986932, 0.11798716700013756, 0.7631091240000387]
Store Push Time: 1.3297661609972238
Store Pull Time: 0
Merge Time: 0.0007560829999420093
Split Time: 0.00021642500041707535
Time: 3.725698222000119
