torch.Size([1, 3, 127, 127])
torch.Size([1, 3, 127, 127])
torch.Size([1, 3, 127, 127])
torch.Size([1, 3, 127, 127])
merged size without overlap : 14 14 192
Merged: torch.Size([1, 192, 14, 14])
torch.Size([1, 192, 8, 8])
torch.Size([1, 192, 8, 8])
torch.Size([1, 192, 8, 8])
torch.Size([1, 192, 8, 8])
merged size without overlap : 6 6 256
Merged: torch.Size([1, 256, 6, 6])
torch.Size([1, 1000])
Poll Time: 1.165065806000257
Layer Times: [0.08021873400002733, 0.1620395540003301, 0.9228075179998996]
Store Push Time: 1.4893933030048174
Store Pull Time: 0
Merge Time: 0.0007658549998268427
Split Time: 0.015524896999522753
Time: 4.122405387000072
