torch.Size([1, 3, 127, 127])
torch.Size([1, 3, 127, 127])
torch.Size([1, 3, 127, 127])
torch.Size([1, 3, 127, 127])
merged size without overlap : 14 14 192
Merged: torch.Size([1, 192, 14, 14])
torch.Size([1, 192, 8, 8])
torch.Size([1, 192, 8, 8])
torch.Size([1, 192, 8, 8])
torch.Size([1, 192, 8, 8])
merged size without overlap : 6 6 256
Merged: torch.Size([1, 256, 6, 6])
Waiting for key warmup/2854
Rerunning warmup/2854...
Waiting for key warmup/2854
Rerunning warmup/2854...
Waiting for key warmup/2854
Rerunning warmup/2854...
Waiting for key warmup/2854
Rerunning warmup/2854...
Waiting for key warmup/2854
Rerunning warmup/2854...
Waiting for key warmup/2854
Rerunning warmup/2854...
Waiting for key warmup/2854
Rerunning warmup/2854...
Waiting for key warmup/2854
Rerunning warmup/2854...
Waiting for key warmup/2854
Rerunning warmup/2854...
Waiting for key warmup/2854
Rerunning warmup/2854...
Waiting for key warmup/2854
Rerunning warmup/2854...
Waiting for key warmup/2854
Rerunning warmup/2854...
Waiting for key warmup/2854
Rerunning warmup/2854...
Waiting for key warmup/2854
Rerunning warmup/2854...
Waiting for key warmup/2854
Rerunning warmup/2854...
Waiting for key warmup/2854
Rerunning warmup/2854...
Waiting for key warmup/2854
Rerunning warmup/2854...
Waiting for key warmup/2854
Rerunning warmup/2854...
Waiting for key warmup/2854
Rerunning warmup/2854...
Waiting for key warmup/2854
Rerunning warmup/2854...
Waiting for key warmup/2854
Rerunning warmup/2854...
Waiting for key warmup/2854
Rerunning warmup/2854...
Waiting for key warmup/2854
Rerunning warmup/2854...
Waiting for key warmup/2854
Rerunning warmup/2854...
Waiting for key warmup/2854
Rerunning warmup/2854...
torch.Size([1, 1000])
Poll Time: 72.46905498299975
Layer Times: [0.09800317200006248, 0.11966394399996716, 72.25138786699972]
Store Push Time: 70.92887633893133
Store Pull Time: 0
Merge Time: 0.0008206239999708487
Split Time: 0.00024234600005001994
Time: 75.270647241
