torch.Size([1, 3, 127, 127])
torch.Size([1, 3, 127, 127])
torch.Size([1, 3, 127, 127])
torch.Size([1, 3, 127, 127])
merged size without overlap : 14 14 192
Merged: torch.Size([1, 192, 14, 14])
torch.Size([1, 192, 8, 8])
torch.Size([1, 192, 8, 8])
torch.Size([1, 192, 8, 8])
torch.Size([1, 192, 8, 8])
merged size without overlap : 6 6 256
Merged: torch.Size([1, 256, 6, 6])
torch.Size([1, 1000])
Poll Time: 1.1826149630001055
Layer Times: [0.11272277700027189, 0.14151210799991532, 0.9283800779999183]
Store Push Time: 1.48620731700521
Store Pull Time: 0
Merge Time: 0.0008944149999479123
Split Time: 0.00022834699984741746
Time: 3.8831869030000234
