torch.Size([1, 3, 127, 127])
torch.Size([1, 3, 127, 127])
torch.Size([1, 3, 127, 127])
torch.Size([1, 3, 127, 127])
merged size without overlap : 14 14 192
Merged: torch.Size([1, 192, 14, 14])
torch.Size([1, 192, 8, 8])
torch.Size([1, 192, 8, 8])
torch.Size([1, 192, 8, 8])
torch.Size([1, 192, 8, 8])
merged size without overlap : 6 6 256
Merged: torch.Size([1, 256, 6, 6])
torch.Size([1, 1000])
Poll Time: 1.0125398670002141
Layer Times: [0.11770073299976502, 0.12164196800040372, 0.7731971660000454]
Store Push Time: 1.3138190550007494
Store Pull Time: 0
Merge Time: 0.0009229090001099394
Split Time: 0.00020545699999274802
Time: 3.8705891399999928
