torch.Size([1, 3, 127, 127])
torch.Size([1, 3, 127, 127])
torch.Size([1, 3, 127, 127])
torch.Size([1, 3, 127, 127])
merged size without overlap : 14 14 192
Merged: torch.Size([1, 192, 14, 14])
torch.Size([1, 192, 8, 8])
torch.Size([1, 192, 8, 8])
torch.Size([1, 192, 8, 8])
torch.Size([1, 192, 8, 8])
merged size without overlap : 6 6 256
Merged: torch.Size([1, 256, 6, 6])
torch.Size([1, 1000])
Poll Time: 1.1441592369992577
Layer Times: [0.1342875689997527, 0.10217845499983014, 0.9076932129996749]
Store Push Time: 1.478340345997367
Store Pull Time: 0
Merge Time: 0.000763639000524563
Split Time: 0.00021762200003649923
Time: 4.241674160999992
