torch.Size([1, 3, 127, 127])
torch.Size([1, 3, 127, 127])
torch.Size([1, 3, 127, 127])
torch.Size([1, 3, 127, 127])
merged size without overlap : 14 14 192
Merged: torch.Size([1, 192, 14, 14])
torch.Size([1, 192, 8, 8])
torch.Size([1, 192, 8, 8])
torch.Size([1, 192, 8, 8])
torch.Size([1, 192, 8, 8])
merged size without overlap : 6 6 256
Merged: torch.Size([1, 256, 6, 6])
torch.Size([1, 1000])
Poll Time: 1.0358237889995507
Layer Times: [0.07015484099974856, 0.12206090500012579, 0.8436080429996764]
Store Push Time: 1.3454971559967817
Store Pull Time: 0
Merge Time: 0.0007845149998502166
Split Time: 0.0002106930005538743
Time: 3.6986310249999406
