torch.Size([1, 3, 127, 127])
torch.Size([1, 3, 127, 127])
torch.Size([1, 3, 127, 127])
torch.Size([1, 3, 127, 127])
merged size without overlap : 14 14 192
Merged: torch.Size([1, 192, 14, 14])
torch.Size([1, 192, 8, 8])
torch.Size([1, 192, 8, 8])
torch.Size([1, 192, 8, 8])
torch.Size([1, 192, 8, 8])
merged size without overlap : 6 6 256
Merged: torch.Size([1, 256, 6, 6])
torch.Size([1, 1000])
Poll Time: 1.151013917000455
Layer Times: [0.06630486100038979, 0.1410204280000471, 0.9436886280000181]
Store Push Time: 1.4756690420026644
Store Pull Time: 0
Merge Time: 0.0008624439997220179
Split Time: 0.00022506699997393298
Time: 4.040326584000013
