torch.Size([1, 3, 127, 127])
torch.Size([1, 3, 127, 127])
torch.Size([1, 3, 127, 127])
torch.Size([1, 3, 127, 127])
merged size without overlap : 14 14 192
Merged: torch.Size([1, 192, 14, 14])
torch.Size([1, 192, 8, 8])
torch.Size([1, 192, 8, 8])
torch.Size([1, 192, 8, 8])
torch.Size([1, 192, 8, 8])
merged size without overlap : 6 6 256
Merged: torch.Size([1, 256, 6, 6])
torch.Size([1, 1000])
Poll Time: 0.9981854100001328
Layer Times: [0.08372297300002174, 0.10639654799979326, 0.8080658890003178]
Store Push Time: 1.4321364159941368
Store Pull Time: 0
Merge Time: 0.0009919509998326248
Split Time: 0.00020647600013035117
Time: 4.851355284999954
