torch.Size([1, 3, 127, 127])
torch.Size([1, 3, 127, 127])
torch.Size([1, 3, 127, 127])
torch.Size([1, 3, 127, 127])
merged size without overlap : 14 14 192
Merged: torch.Size([1, 192, 14, 14])
torch.Size([1, 192, 8, 8])
torch.Size([1, 192, 8, 8])
torch.Size([1, 192, 8, 8])
torch.Size([1, 192, 8, 8])
merged size without overlap : 6 6 256
Merged: torch.Size([1, 256, 6, 6])
torch.Size([1, 1000])
Poll Time: 1.0428732700002001
Layer Times: [0.07083727500003079, 0.17521528199995373, 0.7968207130002156]
Store Push Time: 1.4601378320048752
Store Pull Time: 0
Merge Time: 0.0010113510002156545
Split Time: 0.00020915799996146234
Time: 3.967904519000058
