torch.Size([1, 3, 127, 127])
torch.Size([1, 3, 127, 127])
torch.Size([1, 3, 127, 127])
torch.Size([1, 3, 127, 127])
merged size without overlap : 14 14 192
Merged: torch.Size([1, 192, 14, 14])
torch.Size([1, 192, 8, 8])
torch.Size([1, 192, 8, 8])
torch.Size([1, 192, 8, 8])
torch.Size([1, 192, 8, 8])
merged size without overlap : 6 6 256
Merged: torch.Size([1, 256, 6, 6])
torch.Size([1, 1000])
Poll Time: 1.1035737769998377
Layer Times: [0.08553131999997277, 0.09452135999981692, 0.923521097000048]
Store Push Time: 1.4199566030001733
Store Pull Time: 0
Merge Time: 0.0007580120000056922
Split Time: 0.00021677799986719037
Time: 4.063568978999683
