torch.Size([1, 3, 127, 127])
torch.Size([1, 3, 127, 127])
torch.Size([1, 3, 127, 127])
torch.Size([1, 3, 127, 127])
merged size without overlap : 14 14 192
Merged: torch.Size([1, 192, 14, 14])
torch.Size([1, 192, 8, 8])
torch.Size([1, 192, 8, 8])
torch.Size([1, 192, 8, 8])
torch.Size([1, 192, 8, 8])
merged size without overlap : 6 6 256
Merged: torch.Size([1, 256, 6, 6])
torch.Size([1, 1000])
Poll Time: 0.9355122930001016
Layer Times: [0.08667975599973943, 0.08849701899998763, 0.7603355180003746]
Store Push Time: 1.1646771270102363
Store Pull Time: 0
Merge Time: 0.0007507049999730953
Split Time: 0.00021151300006749807
Time: 2.752611255999909
