torch.Size([1, 3, 127, 127])
torch.Size([1, 3, 127, 127])
torch.Size([1, 3, 127, 127])
torch.Size([1, 3, 127, 127])
merged size without overlap : 14 14 192
Merged: torch.Size([1, 192, 14, 14])
torch.Size([1, 192, 8, 8])
torch.Size([1, 192, 8, 8])
torch.Size([1, 192, 8, 8])
torch.Size([1, 192, 8, 8])
merged size without overlap : 6 6 256
Merged: torch.Size([1, 256, 6, 6])
torch.Size([1, 1000])
Poll Time: 1.2452412839998033
Layer Times: [0.11607713200010039, 0.1773431389997313, 0.9518210129999716]
Store Push Time: 1.5659307800037823
Store Pull Time: 0
Merge Time: 0.0007722129998910532
Split Time: 0.00022072199953981908
Time: 3.9255443429997285
