torch.Size([1, 3, 127, 127])
torch.Size([1, 3, 127, 127])
torch.Size([1, 3, 127, 127])
torch.Size([1, 3, 127, 127])
merged size without overlap : 14 14 192
Merged: torch.Size([1, 192, 14, 14])
torch.Size([1, 192, 8, 8])
torch.Size([1, 192, 8, 8])
torch.Size([1, 192, 8, 8])
torch.Size([1, 192, 8, 8])
merged size without overlap : 6 6 256
Merged: torch.Size([1, 256, 6, 6])
torch.Size([1, 1000])
Poll Time: 1.064152438000292
Layer Times: [0.09533696900007271, 0.10091126800034544, 0.8679042009998739]
Store Push Time: 1.7093135199988865
Store Pull Time: 0
Merge Time: 0.0007367350003733009
Split Time: 0.00022232699984670035
Time: 3.972643767000136
