torch.Size([1, 3, 127, 127])
torch.Size([1, 3, 127, 127])
torch.Size([1, 3, 127, 127])
torch.Size([1, 3, 127, 127])
merged size without overlap : 14 14 192
Merged: torch.Size([1, 192, 14, 14])
torch.Size([1, 192, 8, 8])
torch.Size([1, 192, 8, 8])
torch.Size([1, 192, 8, 8])
torch.Size([1, 192, 8, 8])
merged size without overlap : 6 6 256
Merged: torch.Size([1, 256, 6, 6])
torch.Size([1, 1000])
Poll Time: 0.9685776550004448
Layer Times: [0.07552845600002911, 0.1281859720002103, 0.7648632270002054]
Store Push Time: 1.3896019279973189
Store Pull Time: 0
Merge Time: 0.0008102320002763008
Split Time: 0.00022071200010032044
Time: 4.0300988819999475
