torch.Size([1, 3, 127, 127])
torch.Size([1, 3, 127, 127])
torch.Size([1, 3, 127, 127])
torch.Size([1, 3, 127, 127])
merged size without overlap : 14 14 192
Merged: torch.Size([1, 192, 14, 14])
torch.Size([1, 192, 8, 8])
torch.Size([1, 192, 8, 8])
torch.Size([1, 192, 8, 8])
torch.Size([1, 192, 8, 8])
merged size without overlap : 6 6 256
Merged: torch.Size([1, 256, 6, 6])
torch.Size([1, 1000])
Poll Time: 1.0006374230001711
Layer Times: [0.0967216140002165, 0.08149601800005257, 0.822419790999902]
Store Push Time: 1.4606579789970056
Store Pull Time: 0
Merge Time: 0.00084779000007984
Split Time: 0.00022329600005832617
Time: 4.274759225999787
