torch.Size([1, 3, 127, 127])
torch.Size([1, 3, 127, 127])
torch.Size([1, 3, 127, 127])
torch.Size([1, 3, 127, 127])
merged size without overlap : 14 14 192
Merged: torch.Size([1, 192, 14, 14])
torch.Size([1, 192, 8, 8])
torch.Size([1, 192, 8, 8])
torch.Size([1, 192, 8, 8])
torch.Size([1, 192, 8, 8])
merged size without overlap : 6 6 256
Merged: torch.Size([1, 256, 6, 6])
torch.Size([1, 1000])
Poll Time: 1.0027634719999696
Layer Times: [0.13463824900009058, 0.07777258799978881, 0.7903526350000902]
Store Push Time: 1.239688643003774
Store Pull Time: 0
Merge Time: 0.0007670129998587072
Split Time: 0.000243325999690569
Time: 2.8283193369998116
