torch.Size([1, 3, 127, 127])
torch.Size([1, 3, 127, 127])
torch.Size([1, 3, 127, 127])
torch.Size([1, 3, 127, 127])
merged size without overlap : 14 14 192
Merged: torch.Size([1, 192, 14, 14])
torch.Size([1, 192, 8, 8])
torch.Size([1, 192, 8, 8])
torch.Size([1, 192, 8, 8])
torch.Size([1, 192, 8, 8])
merged size without overlap : 6 6 256
Merged: torch.Size([1, 256, 6, 6])
torch.Size([1, 1000])
Poll Time: 0.9944605619998583
Layer Times: [0.0688165299998218, 0.07676750099972196, 0.8488765310003146]
Store Push Time: 1.3650728479969985
Store Pull Time: 0
Merge Time: 0.0007515390007029055
Split Time: 0.00022132699996291194
Time: 3.8090199490002306
