torch.Size([1, 3, 127, 127])
torch.Size([1, 3, 127, 127])
torch.Size([1, 3, 127, 127])
torch.Size([1, 3, 127, 127])
merged size without overlap : 14 14 192
Merged: torch.Size([1, 192, 14, 14])
torch.Size([1, 192, 8, 8])
torch.Size([1, 192, 8, 8])
torch.Size([1, 192, 8, 8])
torch.Size([1, 192, 8, 8])
merged size without overlap : 6 6 256
Merged: torch.Size([1, 256, 6, 6])
torch.Size([1, 1000])
Poll Time: 0.9018679960004192
Layer Times: [0.08560661799992886, 0.07252542700007325, 0.7437359510004171]
Store Push Time: 1.2614304390008328
Store Pull Time: 0
Merge Time: 0.0008291799999824434
Split Time: 0.001961730999937572
Time: 3.9773769520002134
