torch.Size([1, 3, 127, 127])
torch.Size([1, 3, 127, 127])
torch.Size([1, 3, 127, 127])
torch.Size([1, 3, 127, 127])
merged size without overlap : 14 14 192
Merged: torch.Size([1, 192, 14, 14])
torch.Size([1, 192, 8, 8])
torch.Size([1, 192, 8, 8])
torch.Size([1, 192, 8, 8])
torch.Size([1, 192, 8, 8])
merged size without overlap : 6 6 256
Merged: torch.Size([1, 256, 6, 6])
torch.Size([1, 1000])
Poll Time: 1.1198322029995325
Layer Times: [0.20459926499961512, 0.1265753410002617, 0.7886575969996557]
Store Push Time: 1.5782652409989169
Store Pull Time: 0
Merge Time: 0.0007419410003421945
Split Time: 0.00021596699980364065
Time: 4.625290512999982
