torch.Size([1, 3, 127, 127])
torch.Size([1, 3, 127, 127])
torch.Size([1, 3, 127, 127])
torch.Size([1, 3, 127, 127])
merged size without overlap : 14 14 192
Merged: torch.Size([1, 192, 14, 14])
torch.Size([1, 192, 8, 8])
torch.Size([1, 192, 8, 8])
torch.Size([1, 192, 8, 8])
torch.Size([1, 192, 8, 8])
merged size without overlap : 6 6 256
Merged: torch.Size([1, 256, 6, 6])
torch.Size([1, 1000])
Poll Time: 1.0531813830002648
Layer Times: [0.1964387530001659, 0.09018369900013568, 0.7665589309999632]
Store Push Time: 1.4677552710018062
Store Pull Time: 0
Merge Time: 0.0008160259999385744
Split Time: 0.00021574099991994444
Time: 4.369432255999982
