torch.Size([1, 3, 127, 127])
torch.Size([1, 3, 127, 127])
torch.Size([1, 3, 127, 127])
torch.Size([1, 3, 127, 127])
merged size without overlap : 14 14 192
Merged: torch.Size([1, 192, 14, 14])
torch.Size([1, 192, 8, 8])
torch.Size([1, 192, 8, 8])
torch.Size([1, 192, 8, 8])
torch.Size([1, 192, 8, 8])
merged size without overlap : 6 6 256
Merged: torch.Size([1, 256, 6, 6])
torch.Size([1, 1000])
Poll Time: 1.0977077610000379
Layer Times: [0.1100083880000966, 0.10325522299990553, 0.8844441500000357]
Store Push Time: 1.689583931000925
Store Pull Time: 0
Merge Time: 0.0010127880000254663
Split Time: 0.0002627339999889955
Time: 4.04314053600001
