torch.Size([1, 3, 127, 127])
torch.Size([1, 3, 127, 127])
torch.Size([1, 3, 127, 127])
torch.Size([1, 3, 127, 127])
merged size without overlap : 14 14 192
Merged: torch.Size([1, 192, 14, 14])
torch.Size([1, 192, 8, 8])
torch.Size([1, 192, 8, 8])
torch.Size([1, 192, 8, 8])
torch.Size([1, 192, 8, 8])
merged size without overlap : 6 6 256
Merged: torch.Size([1, 256, 6, 6])
torch.Size([1, 1000])
Poll Time: 1.1986103039994305
Layer Times: [0.07222385799968833, 0.18994935599994278, 0.9364370899997994]
Store Push Time: 1.6530175569992025
Store Pull Time: 0
Merge Time: 0.0007494629999200697
Split Time: 0.00021010999989812262
Time: 3.9444914640002935
