torch.Size([1, 3, 127, 127])
torch.Size([1, 3, 127, 127])
torch.Size([1, 3, 127, 127])
torch.Size([1, 3, 127, 127])
merged size without overlap : 14 14 192
Merged: torch.Size([1, 192, 14, 14])
torch.Size([1, 192, 8, 8])
torch.Size([1, 192, 8, 8])
torch.Size([1, 192, 8, 8])
torch.Size([1, 192, 8, 8])
merged size without overlap : 6 6 256
Merged: torch.Size([1, 256, 6, 6])
torch.Size([1, 1000])
Poll Time: 0.9793040699996709
Layer Times: [0.1100924299998951, 0.08310580199986362, 0.7861058379999122]
Store Push Time: 1.3529198330006693
Store Pull Time: 0
Merge Time: 0.0007536520001849567
Split Time: 0.00021259200048007187
Time: 4.015986641999916
