torch.Size([1, 3, 127, 127])
torch.Size([1, 3, 127, 127])
torch.Size([1, 3, 127, 127])
torch.Size([1, 3, 127, 127])
merged size without overlap : 14 14 192
Merged: torch.Size([1, 192, 14, 14])
torch.Size([1, 192, 8, 8])
torch.Size([1, 192, 8, 8])
torch.Size([1, 192, 8, 8])
torch.Size([1, 192, 8, 8])
merged size without overlap : 6 6 256
Merged: torch.Size([1, 256, 6, 6])
torch.Size([1, 1000])
Poll Time: 1.1730027889998382
Layer Times: [0.10056426300025123, 0.1263007640000069, 0.9461377619995801]
Store Push Time: 1.5291383609983313
Store Pull Time: 0
Merge Time: 0.0007609530002810061
Split Time: 0.0002124090005963808
Time: 3.932954547999998
