torch.Size([1, 3, 127, 127])
torch.Size([1, 3, 127, 127])
torch.Size([1, 3, 127, 127])
torch.Size([1, 3, 127, 127])
merged size without overlap : 14 14 192
Merged: torch.Size([1, 192, 14, 14])
torch.Size([1, 192, 8, 8])
torch.Size([1, 192, 8, 8])
torch.Size([1, 192, 8, 8])
torch.Size([1, 192, 8, 8])
merged size without overlap : 6 6 256
Merged: torch.Size([1, 256, 6, 6])
torch.Size([1, 1000])
Poll Time: 1.0286609189993214
Layer Times: [0.08341737999990073, 0.14107769799966263, 0.8041658409997581]
Store Push Time: 1.3545691919898672
Store Pull Time: 0
Merge Time: 0.0010007340001720877
Split Time: 0.000251156000103947
Time: 3.8747086939997644
