torch.Size([1, 3, 127, 127])
torch.Size([1, 3, 127, 127])
torch.Size([1, 3, 127, 127])
torch.Size([1, 3, 127, 127])
merged size without overlap : 14 14 192
Merged: torch.Size([1, 192, 14, 14])
torch.Size([1, 192, 8, 8])
torch.Size([1, 192, 8, 8])
torch.Size([1, 192, 8, 8])
torch.Size([1, 192, 8, 8])
merged size without overlap : 6 6 256
Merged: torch.Size([1, 256, 6, 6])
torch.Size([1, 1000])
Poll Time: 0.9979893409999931
Layer Times: [0.1108814290000737, 0.09582804699994085, 0.7912798649999786]
Store Push Time: 1.2401850120077142
Store Pull Time: 0
Merge Time: 0.0008021049998205854
Split Time: 0.00022012599993104232
Time: 3.5896455769998283
