torch.Size([1, 3, 127, 127])
torch.Size([1, 3, 127, 127])
torch.Size([1, 3, 127, 127])
torch.Size([1, 3, 127, 127])
merged size without overlap : 14 14 192
Merged: torch.Size([1, 192, 14, 14])
torch.Size([1, 192, 8, 8])
torch.Size([1, 192, 8, 8])
torch.Size([1, 192, 8, 8])
torch.Size([1, 192, 8, 8])
merged size without overlap : 6 6 256
Merged: torch.Size([1, 256, 6, 6])
torch.Size([1, 1000])
Poll Time: 1.0705322789990532
Layer Times: [0.07563247399957618, 0.1573936249997132, 0.8375061799997638]
Store Push Time: 0.32241853899904527
Store Pull Time: 1.0677396169940039
Merge Time: 0.0009554459993523778
Split Time: 0.00026510800034884596
Time: 3.7680320850004136
