torch.Size([1, 3, 127, 127])
torch.Size([1, 3, 127, 127])
torch.Size([1, 3, 127, 127])
torch.Size([1, 3, 127, 127])
merged size without overlap : 14 14 192
Merged: torch.Size([1, 192, 14, 14])
torch.Size([1, 192, 8, 8])
torch.Size([1, 192, 8, 8])
torch.Size([1, 192, 8, 8])
torch.Size([1, 192, 8, 8])
merged size without overlap : 6 6 256
Merged: torch.Size([1, 256, 6, 6])
torch.Size([1, 1000])
Poll Time: 1.6976213340003596
Layer Times: [0.14123087999996642, 0.08832533700024214, 1.468065117000151]
Store Push Time: 0.3608462039983351
Store Pull Time: 1.6942510240205593
Merge Time: 0.0008403589990848559
Split Time: 0.00022099300076661166
Time: 4.67646657899968
