torch.Size([1, 3, 127, 127])
torch.Size([1, 3, 127, 127])
torch.Size([1, 3, 127, 127])
torch.Size([1, 3, 127, 127])
merged size without overlap : 14 14 192
Merged: torch.Size([1, 192, 14, 14])
torch.Size([1, 192, 8, 8])
torch.Size([1, 192, 8, 8])
torch.Size([1, 192, 8, 8])
torch.Size([1, 192, 8, 8])
merged size without overlap : 6 6 256
Merged: torch.Size([1, 256, 6, 6])
torch.Size([1, 1000])
Poll Time: 1.048476564998964
Layer Times: [0.12867519699921104, 0.10487091899994994, 0.814930448999803]
Store Push Time: 0.47919381500196323
Store Pull Time: 1.046943176998866
Merge Time: 0.0008307059997605393
Split Time: 0.00020608399972843472
Time: 4.602280117999726
