torch.Size([1, 3, 127, 127])
torch.Size([1, 3, 127, 127])
torch.Size([1, 3, 127, 127])
torch.Size([1, 3, 127, 127])
merged size without overlap : 14 14 192
Merged: torch.Size([1, 192, 14, 14])
torch.Size([1, 192, 8, 8])
torch.Size([1, 192, 8, 8])
torch.Size([1, 192, 8, 8])
torch.Size([1, 192, 8, 8])
merged size without overlap : 6 6 256
Merged: torch.Size([1, 256, 6, 6])
torch.Size([1, 1000])
Poll Time: 1.0409196839991637
Layer Times: [0.12729488799959654, 0.14609269199991104, 0.7675321039996561]
Store Push Time: 0.32214133299930836
Store Pull Time: 1.0342230350042882
Merge Time: 0.000768670000070415
Split Time: 0.00023771900032443227
Time: 2.963778165999429
