torch.Size([1, 3, 127, 127])
torch.Size([1, 3, 127, 127])
torch.Size([1, 3, 127, 127])
torch.Size([1, 3, 127, 127])
merged size without overlap : 14 14 192
Merged: torch.Size([1, 192, 14, 14])
torch.Size([1, 192, 8, 8])
torch.Size([1, 192, 8, 8])
torch.Size([1, 192, 8, 8])
torch.Size([1, 192, 8, 8])
merged size without overlap : 6 6 256
Merged: torch.Size([1, 256, 6, 6])
torch.Size([1, 1000])
Poll Time: 1.1564431980004883
Layer Times: [0.08877829999983078, 0.10608592700009467, 0.9615789710005629]
Store Push Time: 0.35041842099963105
Store Pull Time: 1.1539001109968012
Merge Time: 0.0007634710000274936
Split Time: 0.0002242009995825356
Time: 4.065724150999813
