torch.Size([1, 3, 127, 127])
torch.Size([1, 3, 127, 127])
torch.Size([1, 3, 127, 127])
torch.Size([1, 3, 127, 127])
merged size without overlap : 14 14 192
Merged: torch.Size([1, 192, 14, 14])
torch.Size([1, 192, 8, 8])
torch.Size([1, 192, 8, 8])
torch.Size([1, 192, 8, 8])
torch.Size([1, 192, 8, 8])
merged size without overlap : 6 6 256
Merged: torch.Size([1, 256, 6, 6])
torch.Size([1, 1000])
Poll Time: 1.1826787190002506
Layer Times: [0.13140619300065737, 0.13252858299983927, 0.9187439429997539]
Store Push Time: 0.41225330700126506
Store Pull Time: 1.1803280270059986
Merge Time: 0.0007900589998826035
Split Time: 0.00021616199956042692
Time: 4.236753066999881
