torch.Size([1, 3, 127, 127])
torch.Size([1, 3, 127, 127])
torch.Size([1, 3, 127, 127])
torch.Size([1, 3, 127, 127])
merged size without overlap : 14 14 192
Merged: torch.Size([1, 192, 14, 14])
torch.Size([1, 192, 8, 8])
torch.Size([1, 192, 8, 8])
torch.Size([1, 192, 8, 8])
torch.Size([1, 192, 8, 8])
merged size without overlap : 6 6 256
Merged: torch.Size([1, 256, 6, 6])
torch.Size([1, 1000])
Poll Time: 1.1413345099999788
Layer Times: [0.1243232930000886, 0.08692535599948314, 0.930085861000407]
Store Push Time: 0.4173585769995043
Store Pull Time: 1.1391635279951515
Merge Time: 0.0008462799996777903
Split Time: 0.00024394100000790786
Time: 4.346769191000021
