torch.Size([1, 3, 127, 127])
torch.Size([1, 3, 127, 127])
torch.Size([1, 3, 127, 127])
torch.Size([1, 3, 127, 127])
merged size without overlap : 14 14 192
Merged: torch.Size([1, 192, 14, 14])
torch.Size([1, 192, 8, 8])
torch.Size([1, 192, 8, 8])
torch.Size([1, 192, 8, 8])
torch.Size([1, 192, 8, 8])
merged size without overlap : 6 6 256
Merged: torch.Size([1, 256, 6, 6])
Waiting for key data/img_954
Rerunning data/img_954...
Waiting for key data/img_954
Rerunning data/img_954...
Waiting for key data/img_954
Rerunning data/img_954...
Waiting for key data/img_954
Rerunning data/img_954...
Waiting for key data/img_954
Rerunning data/img_954...
Waiting for key data/img_954
Rerunning data/img_954...
Waiting for key data/img_954
Rerunning data/img_954...
Waiting for key data/img_954
Rerunning data/img_954...
Waiting for key data/img_954
Rerunning data/img_954...
Waiting for key data/img_954
Rerunning data/img_954...
Waiting for key data/img_954
Rerunning data/img_954...
Waiting for key data/img_954
Rerunning data/img_954...
Waiting for key data/img_954
Rerunning data/img_954...
Waiting for key data/img_954
Rerunning data/img_954...
Waiting for key data/img_954
Rerunning data/img_954...
Waiting for key data/img_954
Rerunning data/img_954...
Waiting for key data/img_954
Rerunning data/img_954...
Waiting for key data/img_954
Rerunning data/img_954...
Waiting for key data/img_954
Rerunning data/img_954...
Waiting for key data/img_954
Rerunning data/img_954...
Waiting for key data/img_954
Rerunning data/img_954...
torch.Size([1, 1000])
Poll Time: 68.91251351999836
Layer Times: [0.1254046219992233, 0.12954381999952602, 68.6575650779996]
Store Push Time: 0.663236684000367
Store Pull Time: 67.10290460502347
Merge Time: 0.0007743040005152579
Split Time: 0.0002154220001102658
Time: 72.19518400400011
