torch.Size([1, 3, 127, 127])
torch.Size([1, 3, 127, 127])
torch.Size([1, 3, 127, 127])
torch.Size([1, 3, 127, 127])
merged size without overlap : 14 14 192
Merged: torch.Size([1, 192, 14, 14])
torch.Size([1, 192, 8, 8])
torch.Size([1, 192, 8, 8])
torch.Size([1, 192, 8, 8])
torch.Size([1, 192, 8, 8])
merged size without overlap : 6 6 256
Merged: torch.Size([1, 256, 6, 6])
Waiting for key data/img_7524
Rerunning data/img_7524...
Waiting for key data/img_7524
Rerunning data/img_7524...
Waiting for key data/img_7524
Rerunning data/img_7524...
Waiting for key data/img_7524
Rerunning data/img_7524...
Waiting for key data/img_7524
Rerunning data/img_7524...
Waiting for key data/img_7524
Rerunning data/img_7524...
Waiting for key data/img_7524
Rerunning data/img_7524...
Waiting for key data/img_7524
Rerunning data/img_7524...
Waiting for key data/img_7524
Rerunning data/img_7524...
Waiting for key data/img_7524
Rerunning data/img_7524...
Waiting for key data/img_7524
Rerunning data/img_7524...
Waiting for key data/img_7524
Rerunning data/img_7524...
Waiting for key data/img_7524
Rerunning data/img_7524...
Waiting for key data/img_7524
Rerunning data/img_7524...
Waiting for key data/img_7524
Rerunning data/img_7524...
Waiting for key data/img_7524
Rerunning data/img_7524...
Waiting for key data/img_7524
Rerunning data/img_7524...
Waiting for key data/img_7524
Rerunning data/img_7524...
Waiting for key data/img_7524
Rerunning data/img_7524...
Waiting for key data/img_7524
Rerunning data/img_7524...
Waiting for key data/img_7524
Rerunning data/img_7524...
Waiting for key data/img_7524
Rerunning data/img_7524...
Waiting for key data/img_7524
Rerunning data/img_7524...
Waiting for key data/img_7524
Rerunning data/img_7524...
Waiting for key data/img_7524
Rerunning data/img_7524...
Waiting for key data/img_7524
Rerunning data/img_7524...
Waiting for key data/img_7524
Rerunning data/img_7524...
Waiting for key data/img_7524
Rerunning data/img_7524...
Waiting for key data/img_7524
Rerunning data/img_7524...
Waiting for key data/img_7524
Rerunning data/img_7524...
Waiting for key data/img_7524
Rerunning data/img_7524...
Waiting for key data/img_7524
Rerunning data/img_7524...
Waiting for key data/img_7524
Rerunning data/img_7524...
torch.Size([1, 1000])
Poll Time: 87.67606539100052
Layer Times: [0.09572872899934737, 0.10844998300035513, 87.47188667900082]
Store Push Time: 0.42199906499809003
Store Pull Time: 84.96723149120862
Merge Time: 0.0007661249992452213
Split Time: 0.00021538800046982942
Time: 90.29960886000026
