torch.Size([1, 3, 127, 127])
torch.Size([1, 3, 127, 127])
torch.Size([1, 3, 127, 127])
torch.Size([1, 3, 127, 127])
merged size without overlap : 14 14 192
Merged: torch.Size([1, 192, 14, 14])
torch.Size([1, 192, 8, 8])
torch.Size([1, 192, 8, 8])
torch.Size([1, 192, 8, 8])
torch.Size([1, 192, 8, 8])
merged size without overlap : 6 6 256
Merged: torch.Size([1, 256, 6, 6])
torch.Size([1, 1000])
Poll Time: 1.0425915810001243
Layer Times: [0.12101236599937693, 0.1552288540005975, 0.7663503610001499]
Store Push Time: 0.4302811620000284
Store Pull Time: 1.0410438949984382
Merge Time: 0.0009066729999176459
Split Time: 0.000228902000344533
Time: 4.506917740999597
