torch.Size([1, 3, 127, 127])
torch.Size([1, 3, 127, 127])
torch.Size([1, 3, 127, 127])
torch.Size([1, 3, 127, 127])
merged size without overlap : 14 14 192
Merged: torch.Size([1, 192, 14, 14])
torch.Size([1, 192, 8, 8])
torch.Size([1, 192, 8, 8])
torch.Size([1, 192, 8, 8])
torch.Size([1, 192, 8, 8])
merged size without overlap : 6 6 256
Merged: torch.Size([1, 256, 6, 6])
Waiting for key data/img_4264
Rerunning data/img_4264...
Waiting for key data/img_4264
Rerunning data/img_4264...
Waiting for key data/img_4264
Rerunning data/img_4264...
Waiting for key data/img_4264
Rerunning data/img_4264...
Waiting for key data/img_4264
Rerunning data/img_4264...
Waiting for key data/img_4264
Rerunning data/img_4264...
Waiting for key data/img_4264
Rerunning data/img_4264...
Waiting for key data/img_4264
Rerunning data/img_4264...
Waiting for key data/img_4264
Rerunning data/img_4264...
Waiting for key data/img_4264
Rerunning data/img_4264...
Waiting for key data/img_4264
Rerunning data/img_4264...
Waiting for key data/img_4264
Rerunning data/img_4264...
Waiting for key data/img_4264
Rerunning data/img_4264...
Waiting for key data/img_4264
Rerunning data/img_4264...
Waiting for key data/img_4264
Rerunning data/img_4264...
Waiting for key data/img_4264
Rerunning data/img_4264...
Waiting for key data/img_4264
Rerunning data/img_4264...
Waiting for key data/img_4264
Rerunning data/img_4264...
Waiting for key data/img_4264
Rerunning data/img_4264...
Waiting for key data/img_4264
Rerunning data/img_4264...
Waiting for key data/img_4264
Rerunning data/img_4264...
Waiting for key data/img_4264
Rerunning data/img_4264...
Waiting for key data/img_4264
Rerunning data/img_4264...
Waiting for key data/img_4264
Rerunning data/img_4264...
Waiting for key data/img_4264
Rerunning data/img_4264...
torch.Size([1, 1000])
Poll Time: 78.0852464919999
Layer Times: [0.19879602099990734, 0.09266249600023002, 77.79378797499976]
Store Push Time: 0.3520001199995022
Store Pull Time: 75.80480364703362
Merge Time: 0.0007812560015736381
Split Time: 0.0002238750003016321
Time: 81.7218081179999
