torch.Size([1, 3, 127, 127])
torch.Size([1, 3, 127, 127])
torch.Size([1, 3, 127, 127])
torch.Size([1, 3, 127, 127])
merged size without overlap : 14 14 192
Merged: torch.Size([1, 192, 14, 14])
torch.Size([1, 192, 8, 8])
torch.Size([1, 192, 8, 8])
torch.Size([1, 192, 8, 8])
torch.Size([1, 192, 8, 8])
merged size without overlap : 6 6 256
Merged: torch.Size([1, 256, 6, 6])
torch.Size([1, 1000])
Poll Time: 1.0286462399999436
Layer Times: [0.08807266500025435, 0.16738843500024814, 0.7731851399994412]
Store Push Time: 0.4072045290004098
Store Pull Time: 1.026466705009625
Merge Time: 0.00088144899928011
Split Time: 0.0002205240007242537
Time: 3.9653576099999555
