torch.Size([1, 3, 127, 127])
torch.Size([1, 3, 127, 127])
torch.Size([1, 3, 127, 127])
torch.Size([1, 3, 127, 127])
merged size without overlap : 14 14 192
Merged: torch.Size([1, 192, 14, 14])
torch.Size([1, 192, 8, 8])
torch.Size([1, 192, 8, 8])
torch.Size([1, 192, 8, 8])
torch.Size([1, 192, 8, 8])
merged size without overlap : 6 6 256
Merged: torch.Size([1, 256, 6, 6])
torch.Size([1, 1000])
Poll Time: 0.9738317309993363
Layer Times: [0.09867672199925437, 0.09954300499975943, 0.7756120040003225]
Store Push Time: 0.3902619369991953
Store Pull Time: 0.9720570469999075
Merge Time: 0.0008870809997461038
Split Time: 0.0002168099999835249
Time: 4.027456596000775
