torch.Size([1, 3, 127, 127])
torch.Size([1, 3, 127, 127])
torch.Size([1, 3, 127, 127])
torch.Size([1, 3, 127, 127])
merged size without overlap : 14 14 192
Merged: torch.Size([1, 192, 14, 14])
torch.Size([1, 192, 8, 8])
torch.Size([1, 192, 8, 8])
torch.Size([1, 192, 8, 8])
torch.Size([1, 192, 8, 8])
merged size without overlap : 6 6 256
Merged: torch.Size([1, 256, 6, 6])
torch.Size([1, 1000])
Poll Time: 1.2087507050009663
Layer Times: [0.2512659010008065, 0.0975527240007068, 0.859932079999453]
Store Push Time: 0.2728428239997811
Store Pull Time: 1.2048085360038385
Merge Time: 0.000792527000157861
Split Time: 0.0002114019998771255
Time: 3.263696252000045
