torch.Size([1, 3, 127, 127])
torch.Size([1, 3, 127, 127])
torch.Size([1, 3, 127, 127])
torch.Size([1, 3, 127, 127])
merged size without overlap : 14 14 192
Merged: torch.Size([1, 192, 14, 14])
torch.Size([1, 192, 8, 8])
torch.Size([1, 192, 8, 8])
torch.Size([1, 192, 8, 8])
torch.Size([1, 192, 8, 8])
merged size without overlap : 6 6 256
Merged: torch.Size([1, 256, 6, 6])
torch.Size([1, 1000])
Poll Time: 1.1081459009992614
Layer Times: [0.0825457720002305, 0.08705725299932965, 0.9385428759997012]
Store Push Time: 0.36361712899906706
Store Pull Time: 1.1058156539993433
Merge Time: 0.0007922850008981186
Split Time: 0.00021508199915842852
Time: 3.884965791000468
