torch.Size([1, 3, 127, 127])
torch.Size([1, 3, 127, 127])
torch.Size([1, 3, 127, 127])
torch.Size([1, 3, 127, 127])
merged size without overlap : 14 14 192
Merged: torch.Size([1, 192, 14, 14])
torch.Size([1, 192, 8, 8])
torch.Size([1, 192, 8, 8])
torch.Size([1, 192, 8, 8])
torch.Size([1, 192, 8, 8])
merged size without overlap : 6 6 256
Merged: torch.Size([1, 256, 6, 6])
torch.Size([1, 1000])
Poll Time: 1.2282821440003318
Layer Times: [0.12519178000002285, 0.16610664100062422, 0.9369837229996847]
Store Push Time: 0.4362360449986227
Store Pull Time: 1.2264049519953915
Merge Time: 0.0009983169993574847
Split Time: 0.00022368999998434447
Time: 4.481802559999778
