torch.Size([1, 3, 127, 127])
torch.Size([1, 3, 127, 127])
torch.Size([1, 3, 127, 127])
torch.Size([1, 3, 127, 127])
merged size without overlap : 14 14 192
Merged: torch.Size([1, 192, 14, 14])
torch.Size([1, 192, 8, 8])
torch.Size([1, 192, 8, 8])
torch.Size([1, 192, 8, 8])
torch.Size([1, 192, 8, 8])
merged size without overlap : 6 6 256
Merged: torch.Size([1, 256, 6, 6])
torch.Size([1, 1000])
Poll Time: 1.0637829919996875
Layer Times: [0.16248662799989688, 0.13139608599976782, 0.7699002780000228]
Store Push Time: 0.34713593399919773
Store Pull Time: 1.0622575700062953
Merge Time: 0.0007478259994968539
Split Time: 0.00021428499985631788
Time: 4.447958693000146
