torch.Size([1, 3, 127, 127])
torch.Size([1, 3, 127, 127])
torch.Size([1, 3, 127, 127])
torch.Size([1, 3, 127, 127])
merged size without overlap : 14 14 192
Merged: torch.Size([1, 192, 14, 14])
torch.Size([1, 192, 8, 8])
torch.Size([1, 192, 8, 8])
torch.Size([1, 192, 8, 8])
torch.Size([1, 192, 8, 8])
merged size without overlap : 6 6 256
Merged: torch.Size([1, 256, 6, 6])
torch.Size([1, 1000])
Poll Time: 1.060090701000263
Layer Times: [0.09175542200000564, 0.0874548000001596, 0.8808804790000977]
Store Push Time: 0.12564925599917842
Store Pull Time: 1.0550524849986687
Merge Time: 0.000991822999822034
Split Time: 0.00024083300013444386
Time: 1.9443759609998779
