torch.Size([1, 3, 127, 127])
torch.Size([1, 3, 127, 127])
torch.Size([1, 3, 127, 127])
torch.Size([1, 3, 127, 127])
merged size without overlap : 14 14 192
Merged: torch.Size([1, 192, 14, 14])
torch.Size([1, 192, 8, 8])
torch.Size([1, 192, 8, 8])
torch.Size([1, 192, 8, 8])
torch.Size([1, 192, 8, 8])
merged size without overlap : 6 6 256
Merged: torch.Size([1, 256, 6, 6])
torch.Size([1, 1000])
Poll Time: 1.1104764990000149
Layer Times: [0.07137235500022143, 0.12232955699982995, 0.9167745869999635]
Store Push Time: 0.46289832299999034
Store Pull Time: 1.102919945999929
Merge Time: 0.0008072719997471722
Split Time: 0.0002349799997318769
Time: 4.201413884999965
