torch.Size([1, 3, 127, 127])
torch.Size([1, 3, 127, 127])
torch.Size([1, 3, 127, 127])
torch.Size([1, 3, 127, 127])
merged size without overlap : 14 14 192
Merged: torch.Size([1, 192, 14, 14])
torch.Size([1, 192, 8, 8])
torch.Size([1, 192, 8, 8])
torch.Size([1, 192, 8, 8])
torch.Size([1, 192, 8, 8])
merged size without overlap : 6 6 256
Merged: torch.Size([1, 256, 6, 6])
torch.Size([1, 1000])
Poll Time: 1.1835747710006217
Layer Times: [0.31814909300010186, 0.08724963400027264, 0.7781760440002472]
Store Push Time: 0.4118878629997198
Store Pull Time: 1.1812752690048
Merge Time: 0.0007997900002010283
Split Time: 0.0002373070005887712
Time: 4.094896968999819
