torch.Size([1, 3, 127, 127])
torch.Size([1, 3, 127, 127])
torch.Size([1, 3, 127, 127])
torch.Size([1, 3, 127, 127])
merged size without overlap : 14 14 192
Merged: torch.Size([1, 192, 14, 14])
torch.Size([1, 192, 8, 8])
torch.Size([1, 192, 8, 8])
torch.Size([1, 192, 8, 8])
torch.Size([1, 192, 8, 8])
merged size without overlap : 6 6 256
Merged: torch.Size([1, 256, 6, 6])
torch.Size([1, 1000])
Poll Time: 1.18456918999982
Layer Times: [0.15638487500018527, 0.058530670999971335, 0.9696536439996635]
Store Push Time: 0.48226135700042505
Store Pull Time: 1.1823347530007595
Merge Time: 0.0007999250001375913
Split Time: 0.00023055900010149344
Time: 4.15183601400031
