torch.Size([1, 3, 127, 127])
torch.Size([1, 3, 127, 127])
torch.Size([1, 3, 127, 127])
torch.Size([1, 3, 127, 127])
merged size without overlap : 14 14 192
Merged: torch.Size([1, 192, 14, 14])
torch.Size([1, 192, 8, 8])
torch.Size([1, 192, 8, 8])
torch.Size([1, 192, 8, 8])
torch.Size([1, 192, 8, 8])
merged size without overlap : 6 6 256
Merged: torch.Size([1, 256, 6, 6])
torch.Size([1, 1000])
Poll Time: 0.9232319960001405
Layer Times: [0.06711987800008501, 0.08449844100005066, 0.7716136770000048]
Store Push Time: 0.3779207369998403
Store Pull Time: 0.9211762500040095
Merge Time: 0.0007613470002070244
Split Time: 0.00023493499975302257
Time: 3.8008200399999623
