torch.Size([1, 3, 127, 127])
torch.Size([1, 3, 127, 127])
torch.Size([1, 3, 127, 127])
torch.Size([1, 3, 127, 127])
merged size without overlap : 14 14 192
Merged: torch.Size([1, 192, 14, 14])
torch.Size([1, 192, 8, 8])
torch.Size([1, 192, 8, 8])
torch.Size([1, 192, 8, 8])
torch.Size([1, 192, 8, 8])
merged size without overlap : 6 6 256
Merged: torch.Size([1, 256, 6, 6])
torch.Size([1, 1000])
Poll Time: 1.0305002760001116
Layer Times: [0.10451270400017165, 0.13180738999972164, 0.7941801820002183]
Store Push Time: 0.4488897849996647
Store Pull Time: 1.0285541649982406
Merge Time: 0.0007813349993739394
Split Time: 0.000221396000142704
Time: 3.96246880300032
