torch.Size([1, 3, 127, 127])
torch.Size([1, 3, 127, 127])
torch.Size([1, 3, 127, 127])
torch.Size([1, 3, 127, 127])
merged size without overlap : 14 14 192
Merged: torch.Size([1, 192, 14, 14])
torch.Size([1, 192, 8, 8])
torch.Size([1, 192, 8, 8])
torch.Size([1, 192, 8, 8])
torch.Size([1, 192, 8, 8])
merged size without overlap : 6 6 256
Merged: torch.Size([1, 256, 6, 6])
torch.Size([1, 1000])
Poll Time: 0.9632949890001328
Layer Times: [0.10140526800023508, 0.09954914399986592, 0.7623405770000318]
Store Push Time: 0.4657854329998372
Store Pull Time: 0.9615937819989995
Merge Time: 0.0007756310005788691
Split Time: 0.0002384569997957442
Time: 4.206365086000005
