torch.Size([1, 3, 127, 127])
torch.Size([1, 3, 127, 127])
torch.Size([1, 3, 127, 127])
torch.Size([1, 3, 127, 127])
merged size without overlap : 14 14 192
Merged: torch.Size([1, 192, 14, 14])
torch.Size([1, 192, 8, 8])
torch.Size([1, 192, 8, 8])
torch.Size([1, 192, 8, 8])
torch.Size([1, 192, 8, 8])
merged size without overlap : 6 6 256
Merged: torch.Size([1, 256, 6, 6])
torch.Size([1, 1000])
Poll Time: 1.134545772000365
Layer Times: [0.11949141000013697, 0.09092469500001243, 0.9241296670002157]
Store Push Time: 0.3748745420002706
Store Pull Time: 1.1325761529988085
Merge Time: 0.0007449989998349338
Split Time: 0.0003204879999429977
Time: 4.126199474000259
