torch.Size([1, 3, 127, 127])
torch.Size([1, 3, 127, 127])
torch.Size([1, 3, 127, 127])
torch.Size([1, 3, 127, 127])
merged size without overlap : 14 14 192
Merged: torch.Size([1, 192, 14, 14])
torch.Size([1, 192, 8, 8])
torch.Size([1, 192, 8, 8])
torch.Size([1, 192, 8, 8])
torch.Size([1, 192, 8, 8])
merged size without overlap : 6 6 256
Merged: torch.Size([1, 256, 6, 6])
torch.Size([1, 1000])
Poll Time: 0.9936621189999642
Layer Times: [0.07828664499993465, 0.08998088099997403, 0.8253945930000555]
Store Push Time: 0.050684193000961386
Store Pull Time: 0.9898912180110528
Merge Time: 0.0007772229996589886
Split Time: 0.00024953499996627215
Time: 1.8070251029998872
