torch.Size([1, 3, 127, 127])
torch.Size([1, 3, 127, 127])
torch.Size([1, 3, 127, 127])
torch.Size([1, 3, 127, 127])
merged size without overlap : 14 14 192
Merged: torch.Size([1, 192, 14, 14])
torch.Size([1, 192, 8, 8])
torch.Size([1, 192, 8, 8])
torch.Size([1, 192, 8, 8])
torch.Size([1, 192, 8, 8])
merged size without overlap : 6 6 256
Merged: torch.Size([1, 256, 6, 6])
Waiting for key data/img_2384
Rerunning data/img_2384...
Waiting for key data/img_2384
Rerunning data/img_2384...
Waiting for key data/img_2384
Rerunning data/img_2384...
torch.Size([1, 1000])
Poll Time: 76.45095951899975
Layer Times: [0.0701738889997614, 0.12432602299986684, 76.25645960700012]
Store Push Time: 0.3927970099994127
Store Pull Time: 76.07392549396036
Merge Time: 0.000770745999943756
Split Time: 0.00023248800016517635
Time: 79.33933140499994
