torch.Size([1, 3, 127, 127])
torch.Size([1, 3, 127, 127])
torch.Size([1, 3, 127, 127])
torch.Size([1, 3, 127, 127])
merged size without overlap : 14 14 192
Merged: torch.Size([1, 192, 14, 14])
torch.Size([1, 192, 8, 8])
torch.Size([1, 192, 8, 8])
torch.Size([1, 192, 8, 8])
torch.Size([1, 192, 8, 8])
merged size without overlap : 6 6 256
Merged: torch.Size([1, 256, 6, 6])
torch.Size([1, 1000])
Poll Time: 0.9593697519999296
Layer Times: [0.08444422499997017, 0.09154803199999151, 0.7833774949999679]
Store Push Time: 0.4437857940010872
Store Pull Time: 0.9572127270039346
Merge Time: 0.007975065000209725
Split Time: 0.00021288299967636704
Time: 3.9455030589997477
