torch.Size([1, 3, 127, 127])
torch.Size([1, 3, 127, 127])
torch.Size([1, 3, 127, 127])
torch.Size([1, 3, 127, 127])
merged size without overlap : 14 14 192
Merged: torch.Size([1, 192, 14, 14])
torch.Size([1, 192, 8, 8])
torch.Size([1, 192, 8, 8])
torch.Size([1, 192, 8, 8])
torch.Size([1, 192, 8, 8])
merged size without overlap : 6 6 256
Merged: torch.Size([1, 256, 6, 6])
torch.Size([1, 1000])
Poll Time: 1.3261718539997673
Layer Times: [0.2825328549997721, 0.09111233400017227, 0.952526664999823]
Store Push Time: 0.3789111639998737
Store Pull Time: 1.3237121110009866
Merge Time: 0.0007920620000732015
Split Time: 0.00021933900052317767
Time: 3.9782908440001847
