torch.Size([1, 3, 127, 127])
torch.Size([1, 3, 127, 127])
torch.Size([1, 3, 127, 127])
torch.Size([1, 3, 127, 127])
merged size without overlap : 14 14 192
Merged: torch.Size([1, 192, 14, 14])
torch.Size([1, 192, 8, 8])
torch.Size([1, 192, 8, 8])
torch.Size([1, 192, 8, 8])
torch.Size([1, 192, 8, 8])
merged size without overlap : 6 6 256
Merged: torch.Size([1, 256, 6, 6])
torch.Size([1, 1000])
Poll Time: 6.720275228999526
Layer Times: [0.13996520299997428, 5.796249641999566, 0.7840603839999858]
Store Push Time: 0.33632793099968694
Store Pull Time: 6.704201742002169
Merge Time: 0.0008007420001376886
Split Time: 0.00022796899975219276
Time: 9.50101143899974
