torch.Size([1, 3, 127, 127])
torch.Size([1, 3, 127, 127])
torch.Size([1, 3, 127, 127])
torch.Size([1, 3, 127, 127])
merged size without overlap : 14 14 192
Merged: torch.Size([1, 192, 14, 14])
torch.Size([1, 192, 8, 8])
torch.Size([1, 192, 8, 8])
torch.Size([1, 192, 8, 8])
torch.Size([1, 192, 8, 8])
merged size without overlap : 6 6 256
Merged: torch.Size([1, 256, 6, 6])
torch.Size([1, 1000])
Poll Time: 1.0696126349994302
Layer Times: [0.06756301999985226, 0.1344447289998243, 0.8676048859997536]
Store Push Time: 0.4168544929998461
Store Pull Time: 1.0678734619937131
Merge Time: 0.0007658060003450373
Split Time: 0.0002390109998486878
Time: 3.965717132000009
