torch.Size([1, 3, 127, 127])
torch.Size([1, 3, 127, 127])
torch.Size([1, 3, 127, 127])
torch.Size([1, 3, 127, 127])
merged size without overlap : 14 14 192
Merged: torch.Size([1, 192, 14, 14])
torch.Size([1, 192, 8, 8])
torch.Size([1, 192, 8, 8])
torch.Size([1, 192, 8, 8])
torch.Size([1, 192, 8, 8])
merged size without overlap : 6 6 256
Merged: torch.Size([1, 256, 6, 6])
Waiting for key data/img_2044
Rerunning data/img_2044...
Waiting for key data/img_2044
Rerunning data/img_2044...
Waiting for key data/img_2044
Rerunning data/img_2044...
Waiting for key data/img_2044
Rerunning data/img_2044...
Waiting for key data/img_2044
Rerunning data/img_2044...
Waiting for key data/img_2044
Rerunning data/img_2044...
Waiting for key data/img_2044
Rerunning data/img_2044...
torch.Size([1, 1000])
Poll Time: 88.61711211800002
Layer Times: [0.08482224399995175, 0.09746645899986106, 88.43482341500021]
Store Push Time: 0.6729822740007876
Store Pull Time: 87.93299197694432
Merge Time: 0.0008281939999505994
Split Time: 0.00022913999964657705
Time: 91.72077250799975
