torch.Size([1, 3, 127, 127])
torch.Size([1, 3, 127, 127])
torch.Size([1, 3, 127, 127])
torch.Size([1, 3, 127, 127])
merged size without overlap : 14 14 192
Merged: torch.Size([1, 192, 14, 14])
torch.Size([1, 192, 8, 8])
torch.Size([1, 192, 8, 8])
torch.Size([1, 192, 8, 8])
torch.Size([1, 192, 8, 8])
merged size without overlap : 6 6 256
Merged: torch.Size([1, 256, 6, 6])
torch.Size([1, 1000])
Poll Time: 0.9614102749997073
Layer Times: [0.07665426999983538, 0.1057656970001517, 0.7789903079997202]
Store Push Time: 0.4215462480001406
Store Pull Time: 0.9594458120022864
Merge Time: 0.0007600700000693905
Split Time: 0.000238978000197676
Time: 3.9727545840000857
