torch.Size([1, 3, 127, 127])
torch.Size([1, 3, 127, 127])
torch.Size([1, 3, 127, 127])
torch.Size([1, 3, 127, 127])
merged size without overlap : 14 14 192
Merged: torch.Size([1, 192, 14, 14])
torch.Size([1, 192, 8, 8])
torch.Size([1, 192, 8, 8])
torch.Size([1, 192, 8, 8])
torch.Size([1, 192, 8, 8])
merged size without overlap : 6 6 256
Merged: torch.Size([1, 256, 6, 6])
Waiting for key data/img_1394
Rerunning data/img_1394...
torch.Size([1, 1000])
Poll Time: 19.003103828999883
Layer Times: [0.16061565900008645, 0.10780175199988662, 18.73468641799991]
Store Push Time: 0.4180581830000847
Store Pull Time: 18.696178630984377
Merge Time: 0.0007946020000417775
Split Time: 0.00023788700036675436
Time: 21.998484320999978
