torch.Size([1, 3, 127, 127])
torch.Size([1, 3, 127, 127])
torch.Size([1, 3, 127, 127])
torch.Size([1, 3, 127, 127])
merged size without overlap : 14 14 192
Merged: torch.Size([1, 192, 14, 14])
torch.Size([1, 192, 8, 8])
torch.Size([1, 192, 8, 8])
torch.Size([1, 192, 8, 8])
torch.Size([1, 192, 8, 8])
merged size without overlap : 6 6 256
Merged: torch.Size([1, 256, 6, 6])
torch.Size([1, 1000])
Poll Time: 15.159793755000464
Layer Times: [0.2924844510002913, 0.14205880100007562, 14.725250503000098]
Store Push Time: 0.3098676309991788
Store Pull Time: 15.126999108975724
Merge Time: 0.0007920389998616884
Split Time: 0.00023516199962614337
Time: 17.556677165999645
