torch.Size([1, 3, 127, 127])
torch.Size([1, 3, 127, 127])
torch.Size([1, 3, 127, 127])
torch.Size([1, 3, 127, 127])
merged size without overlap : 14 14 192
Merged: torch.Size([1, 192, 14, 14])
torch.Size([1, 192, 8, 8])
torch.Size([1, 192, 8, 8])
torch.Size([1, 192, 8, 8])
torch.Size([1, 192, 8, 8])
merged size without overlap : 6 6 256
Merged: torch.Size([1, 256, 6, 6])
torch.Size([1, 1000])
Poll Time: 1.863485184000183
Layer Times: [0.06739172800007509, 0.08272147000025143, 1.7133719859998564]
Store Push Time: 0.442174150000028
Store Pull Time: 1.8595001270068678
Merge Time: 0.0008288969997920503
Split Time: 0.00023555200004921062
Time: 5.100551916999848
