torch.Size([1, 3, 127, 127])
torch.Size([1, 3, 127, 127])
torch.Size([1, 3, 127, 127])
torch.Size([1, 3, 127, 127])
merged size without overlap : 14 14 192
Merged: torch.Size([1, 192, 14, 14])
torch.Size([1, 192, 8, 8])
torch.Size([1, 192, 8, 8])
torch.Size([1, 192, 8, 8])
torch.Size([1, 192, 8, 8])
merged size without overlap : 6 6 256
Merged: torch.Size([1, 256, 6, 6])
torch.Size([1, 1000])
Poll Time: 2.5118041609998727
Layer Times: [0.08554925399994318, 0.10039712200023132, 2.325857784999698]
Store Push Time: 0.651825622999695
Store Pull Time: 2.5038147599939293
Merge Time: 0.0008178369998859125
Split Time: 0.00022798999953010934
Time: 5.657046856000306
