torch.Size([1, 3, 127, 127])
torch.Size([1, 3, 127, 127])
torch.Size([1, 3, 127, 127])
torch.Size([1, 3, 127, 127])
merged size without overlap : 14 14 192
Merged: torch.Size([1, 192, 14, 14])
torch.Size([1, 192, 8, 8])
torch.Size([1, 192, 8, 8])
torch.Size([1, 192, 8, 8])
torch.Size([1, 192, 8, 8])
merged size without overlap : 6 6 256
Merged: torch.Size([1, 256, 6, 6])
torch.Size([1, 1000])
Poll Time: 1.3180146820000118
Layer Times: [0.12608674400007658, 0.314363252000021, 0.8775646859999142]
Store Push Time: 0.346432791001007
Store Pull Time: 1.316649204998157
Merge Time: 0.0009511380003459635
Split Time: 0.0003499229997032671
Time: 4.42685588500035
