torch.Size([1, 3, 127, 127])
torch.Size([1, 3, 127, 127])
torch.Size([1, 3, 127, 127])
torch.Size([1, 3, 127, 127])
merged size without overlap : 14 14 192
Merged: torch.Size([1, 192, 14, 14])
torch.Size([1, 192, 8, 8])
torch.Size([1, 192, 8, 8])
torch.Size([1, 192, 8, 8])
torch.Size([1, 192, 8, 8])
merged size without overlap : 6 6 256
Merged: torch.Size([1, 256, 6, 6])
torch.Size([1, 1000])
Poll Time: 1.125218135999603
Layer Times: [0.09682827000006, 0.12511612199978117, 0.9032737439997618]
Store Push Time: 0.39326714300023013
Store Pull Time: 1.1226142729983621
Merge Time: 0.0008083159996203904
Split Time: 0.00023880200023995712
Time: 3.99850681099997
