torch.Size([1, 3, 127, 127])
torch.Size([1, 3, 127, 127])
torch.Size([1, 3, 127, 127])
torch.Size([1, 3, 127, 127])
merged size without overlap : 14 14 192
Merged: torch.Size([1, 192, 14, 14])
torch.Size([1, 192, 8, 8])
torch.Size([1, 192, 8, 8])
torch.Size([1, 192, 8, 8])
torch.Size([1, 192, 8, 8])
merged size without overlap : 6 6 256
Merged: torch.Size([1, 256, 6, 6])
torch.Size([1, 1000])
Poll Time: 0.9611034659997131
Layer Times: [0.09711830200012628, 0.09879228899990267, 0.7651928749996841]
Store Push Time: 0.38668448499993247
Store Pull Time: 0.9594768209990434
Merge Time: 0.0007952939995448105
Split Time: 0.0002390709996689111
Time: 4.132335029999922
