torch.Size([1, 3, 127, 127])
torch.Size([1, 3, 127, 127])
torch.Size([1, 3, 127, 127])
torch.Size([1, 3, 127, 127])
merged size without overlap : 14 14 192
Merged: torch.Size([1, 192, 14, 14])
torch.Size([1, 192, 8, 8])
torch.Size([1, 192, 8, 8])
torch.Size([1, 192, 8, 8])
torch.Size([1, 192, 8, 8])
merged size without overlap : 6 6 256
Merged: torch.Size([1, 256, 6, 6])
torch.Size([1, 1000])
Poll Time: 1.1050956719996066
Layer Times: [0.08332830099971034, 0.09739136300004247, 0.9243760079998538]
Store Push Time: 0.3922148900001048
Store Pull Time: 1.102544492999641
Merge Time: 0.0007940939999571128
Split Time: 0.00021805799997309805
Time: 4.056268992999776
