torch.Size([1, 3, 127, 127])
torch.Size([1, 3, 127, 127])
torch.Size([1, 3, 127, 127])
torch.Size([1, 3, 127, 127])
merged size without overlap : 14 14 192
Merged: torch.Size([1, 192, 14, 14])
torch.Size([1, 192, 8, 8])
torch.Size([1, 192, 8, 8])
torch.Size([1, 192, 8, 8])
torch.Size([1, 192, 8, 8])
merged size without overlap : 6 6 256
Merged: torch.Size([1, 256, 6, 6])
torch.Size([1, 1000])
Poll Time: 1.1653030079996824
Layer Times: [0.09832541600007971, 0.12467068399973869, 0.942306907999864]
Store Push Time: 0.5294058239996957
Store Pull Time: 1.1630933960009315
Merge Time: 0.0007953510003062547
Split Time: 0.0002334040000278037
Time: 4.643739282999832
