torch.Size([1, 3, 127, 127])
torch.Size([1, 3, 127, 127])
torch.Size([1, 3, 127, 127])
torch.Size([1, 3, 127, 127])
merged size without overlap : 14 14 192
Merged: torch.Size([1, 192, 14, 14])
torch.Size([1, 192, 8, 8])
torch.Size([1, 192, 8, 8])
torch.Size([1, 192, 8, 8])
torch.Size([1, 192, 8, 8])
merged size without overlap : 6 6 256
Merged: torch.Size([1, 256, 6, 6])
torch.Size([1, 1000])
Poll Time: 1.4672846560001744
Layer Times: [0.08134250800003429, 0.0834761820001404, 1.3024659659999998]
Store Push Time: 0.4554725769999095
Store Pull Time: 1.4640026609995402
Merge Time: 0.0010132349998457357
Split Time: 0.00022911700034455862
Time: 4.443942061000143
