torch.Size([1, 3, 127, 127])
torch.Size([1, 3, 127, 127])
torch.Size([1, 3, 127, 127])
torch.Size([1, 3, 127, 127])
merged size without overlap : 14 14 192
Merged: torch.Size([1, 192, 14, 14])
torch.Size([1, 192, 8, 8])
torch.Size([1, 192, 8, 8])
torch.Size([1, 192, 8, 8])
torch.Size([1, 192, 8, 8])
merged size without overlap : 6 6 256
Merged: torch.Size([1, 256, 6, 6])
torch.Size([1, 1000])
Poll Time: 0.9785775140003352
Layer Times: [0.07482515400033662, 0.12040492899996025, 0.7833474310000383]
Store Push Time: 0.3926742019998528
Store Pull Time: 0.9763087730048028
Merge Time: 0.0008097290001387591
Split Time: 0.00024371900008191005
Time: 3.8544545929999003
