torch.Size([1, 3, 127, 127])
torch.Size([1, 3, 127, 127])
torch.Size([1, 3, 127, 127])
torch.Size([1, 3, 127, 127])
merged size without overlap : 14 14 192
Merged: torch.Size([1, 192, 14, 14])
torch.Size([1, 192, 8, 8])
torch.Size([1, 192, 8, 8])
torch.Size([1, 192, 8, 8])
torch.Size([1, 192, 8, 8])
merged size without overlap : 6 6 256
Merged: torch.Size([1, 256, 6, 6])
torch.Size([1, 1000])
Poll Time: 2.813310950999494
Layer Times: [0.11758342599978278, 0.10140854099972785, 2.594318983999983]
Store Push Time: 0.5127165929998228
Store Pull Time: 2.8065091080043203
Merge Time: 0.0007549839997409435
Split Time: 0.0002317930002391222
Time: 5.861697351999737
