torch.Size([1, 3, 127, 127])
torch.Size([1, 3, 127, 127])
torch.Size([1, 3, 127, 127])
torch.Size([1, 3, 127, 127])
merged size without overlap : 14 14 192
Merged: torch.Size([1, 192, 14, 14])
torch.Size([1, 192, 8, 8])
torch.Size([1, 192, 8, 8])
torch.Size([1, 192, 8, 8])
torch.Size([1, 192, 8, 8])
merged size without overlap : 6 6 256
Merged: torch.Size([1, 256, 6, 6])
torch.Size([1, 1000])
Poll Time: 2.576746608000576
Layer Times: [0.9482557280002766, 0.8484505820001687, 0.7800402980001309]
Store Push Time: 0.4729006929997013
Store Pull Time: 2.573217575004037
Merge Time: 0.0007682219998059736
Split Time: 0.00023423300035574357
Time: 6.038390589999835
