torch.Size([1, 3, 127, 127])
torch.Size([1, 3, 127, 127])
torch.Size([1, 3, 127, 127])
torch.Size([1, 3, 127, 127])
merged size without overlap : 14 14 192
Merged: torch.Size([1, 192, 14, 14])
torch.Size([1, 192, 8, 8])
torch.Size([1, 192, 8, 8])
torch.Size([1, 192, 8, 8])
torch.Size([1, 192, 8, 8])
merged size without overlap : 6 6 256
Merged: torch.Size([1, 256, 6, 6])
torch.Size([1, 1000])
Poll Time: 6.749454300999787
Layer Times: [0.2534787729996424, 5.713472657999773, 0.7825028700003713]
Store Push Time: 0.3610605429998941
Store Pull Time: 6.739723612991384
Merge Time: 0.0010167209998144244
Split Time: 0.00021916299965596409
Time: 9.620351609000409
