torch.Size([1, 3, 127, 127])
torch.Size([1, 3, 127, 127])
torch.Size([1, 3, 127, 127])
torch.Size([1, 3, 127, 127])
merged size without overlap : 14 14 192
Merged: torch.Size([1, 192, 14, 14])
torch.Size([1, 192, 8, 8])
torch.Size([1, 192, 8, 8])
torch.Size([1, 192, 8, 8])
torch.Size([1, 192, 8, 8])
merged size without overlap : 6 6 256
Merged: torch.Size([1, 256, 6, 6])
torch.Size([1, 1000])
Poll Time: 24.9977504389999
Layer Times: [0.1759742889998961, 24.018844183000056, 0.8029319669999495]
Store Push Time: 0.38617246700005126
Store Pull Time: 24.93990478101614
Merge Time: 0.004645828999855439
Split Time: 0.00023518799935118295
Time: 27.69716888899984
