torch.Size([1, 3, 127, 127])
torch.Size([1, 3, 127, 127])
torch.Size([1, 3, 127, 127])
torch.Size([1, 3, 127, 127])
merged size without overlap : 14 14 192
Merged: torch.Size([1, 192, 14, 14])
torch.Size([1, 192, 8, 8])
torch.Size([1, 192, 8, 8])
torch.Size([1, 192, 8, 8])
torch.Size([1, 192, 8, 8])
merged size without overlap : 6 6 256
Merged: torch.Size([1, 256, 6, 6])
torch.Size([1, 1000])
Poll Time: 1.2619594149996374
Layer Times: [0.2555782760000511, 0.0809099260000039, 0.9254712129995823]
Store Push Time: 0.26639732900002855
Store Pull Time: 1.2596613109958525
Merge Time: 0.0007719040004303679
Split Time: 0.00023428299982697354
Time: 4.011344075000125
