torch.Size([1, 3, 127, 127])
torch.Size([1, 3, 127, 127])
torch.Size([1, 3, 127, 127])
torch.Size([1, 3, 127, 127])
merged size without overlap : 14 14 192
Merged: torch.Size([1, 192, 14, 14])
torch.Size([1, 192, 8, 8])
torch.Size([1, 192, 8, 8])
torch.Size([1, 192, 8, 8])
torch.Size([1, 192, 8, 8])
merged size without overlap : 6 6 256
Merged: torch.Size([1, 256, 6, 6])
torch.Size([1, 1000])
Poll Time: 17.547041198999523
Layer Times: [0.13168044799976997, 0.15516249499978585, 17.260198255999967]
Store Push Time: 0.48140156899944486
Store Pull Time: 17.511538307016508
Merge Time: 0.0008161640002981585
Split Time: 0.00022204700007932843
Time: 20.620656630000212
