torch.Size([1, 3, 127, 127])
torch.Size([1, 3, 127, 127])
torch.Size([1, 3, 127, 127])
torch.Size([1, 3, 127, 127])
merged size without overlap : 14 14 192
Merged: torch.Size([1, 192, 14, 14])
torch.Size([1, 192, 8, 8])
torch.Size([1, 192, 8, 8])
torch.Size([1, 192, 8, 8])
torch.Size([1, 192, 8, 8])
merged size without overlap : 6 6 256
Merged: torch.Size([1, 256, 6, 6])
torch.Size([1, 1000])
Poll Time: 0.9630491600005371
Layer Times: [0.08097947500027658, 0.10432456800026557, 0.7777451169999949]
Store Push Time: 0.39772959999936575
Store Pull Time: 0.9610055370062582
Merge Time: 0.0007839639997655468
Split Time: 0.00023647800026083132
Time: 4.062530327999866
