torch.Size([1, 3, 127, 127])
torch.Size([1, 3, 127, 127])
torch.Size([1, 3, 127, 127])
torch.Size([1, 3, 127, 127])
merged size without overlap : 14 14 192
Merged: torch.Size([1, 192, 14, 14])
torch.Size([1, 192, 8, 8])
torch.Size([1, 192, 8, 8])
torch.Size([1, 192, 8, 8])
torch.Size([1, 192, 8, 8])
merged size without overlap : 6 6 256
Merged: torch.Size([1, 256, 6, 6])
torch.Size([1, 1000])
Poll Time: 1.1167986010004824
Layer Times: [0.09775053300018044, 0.08343164700045236, 0.9356164209998497]
Store Push Time: 0.538575091000439
Store Pull Time: 1.1146000910030125
Merge Time: 0.0008193529997697624
Split Time: 0.00023043999999572407
Time: 4.531118991000312
