torch.Size([1, 3, 127, 127])
torch.Size([1, 3, 127, 127])
torch.Size([1, 3, 127, 127])
torch.Size([1, 3, 127, 127])
merged size without overlap : 14 14 192
Merged: torch.Size([1, 192, 14, 14])
torch.Size([1, 192, 8, 8])
torch.Size([1, 192, 8, 8])
torch.Size([1, 192, 8, 8])
torch.Size([1, 192, 8, 8])
merged size without overlap : 6 6 256
Merged: torch.Size([1, 256, 6, 6])
torch.Size([1, 1000])
Poll Time: 1.3476871240000037
Layer Times: [0.09117011400030606, 0.30394606199979535, 0.9525709479999023]
Store Push Time: 0.4489327889982633
Store Pull Time: 1.345248707000792
Merge Time: 0.0007933639999464503
Split Time: 0.00023779999992257217
Time: 4.206087969000237
