torch.Size([1, 3, 127, 127])
torch.Size([1, 3, 127, 127])
torch.Size([1, 3, 127, 127])
torch.Size([1, 3, 127, 127])
merged size without overlap : 14 14 192
Merged: torch.Size([1, 192, 14, 14])
torch.Size([1, 192, 8, 8])
torch.Size([1, 192, 8, 8])
torch.Size([1, 192, 8, 8])
torch.Size([1, 192, 8, 8])
merged size without overlap : 6 6 256
Merged: torch.Size([1, 256, 6, 6])
torch.Size([1, 1000])
Poll Time: 0.9129683749997639
Layer Times: [0.06381830699956481, 0.085204911999881, 0.7639451560003181]
Store Push Time: 0.363976941999681
Store Pull Time: 0.9108607970019875
Merge Time: 0.0008020559998840326
Split Time: 0.00023414399993271218
Time: 3.9179138300000886
