torch.Size([1, 3, 127, 127])
torch.Size([1, 3, 127, 127])
torch.Size([1, 3, 127, 127])
torch.Size([1, 3, 127, 127])
merged size without overlap : 14 14 192
Merged: torch.Size([1, 192, 14, 14])
torch.Size([1, 192, 8, 8])
torch.Size([1, 192, 8, 8])
torch.Size([1, 192, 8, 8])
torch.Size([1, 192, 8, 8])
merged size without overlap : 6 6 256
Merged: torch.Size([1, 256, 6, 6])
Waiting for key data/img_9604
Rerunning data/img_9604...
Waiting for key data/img_9604
Rerunning data/img_9604...
Waiting for key data/img_9604
Rerunning data/img_9604...
Waiting for key data/img_9604
Rerunning data/img_9604...
Waiting for key data/img_9604
Rerunning data/img_9604...
Waiting for key data/img_9604
Rerunning data/img_9604...
torch.Size([1, 1000])
Poll Time: 97.32740666399968
Layer Times: [0.11203367600001002, 0.0915415459999167, 97.12383144199976]
Store Push Time: 0.46653095899910113
Store Pull Time: 96.76971494198824
Merge Time: 0.0011449290000200563
Split Time: 0.0003457299999354291
Time: 100.54065386599996
