torch.Size([1, 3, 127, 127])
torch.Size([1, 3, 127, 127])
torch.Size([1, 3, 127, 127])
torch.Size([1, 3, 127, 127])
merged size without overlap : 14 14 192
Merged: torch.Size([1, 192, 14, 14])
torch.Size([1, 192, 8, 8])
torch.Size([1, 192, 8, 8])
torch.Size([1, 192, 8, 8])
torch.Size([1, 192, 8, 8])
merged size without overlap : 6 6 256
Merged: torch.Size([1, 256, 6, 6])
torch.Size([1, 1000])
Poll Time: 75.17423914099982
Layer Times: [74.18735642699994, 0.08244883499992284, 0.9044338789999529]
Store Push Time: 0.24634078500002943
Store Pull Time: 75.05913426001598
Merge Time: 0.001489784000114014
Split Time: 0.05090600299945436
Time: 76.85569609799995
