torch.Size([1, 3, 127, 127])
torch.Size([1, 3, 127, 127])
torch.Size([1, 3, 127, 127])
torch.Size([1, 3, 127, 127])
merged size without overlap : 14 14 192
Merged: torch.Size([1, 192, 14, 14])
torch.Size([1, 192, 8, 8])
torch.Size([1, 192, 8, 8])
torch.Size([1, 192, 8, 8])
torch.Size([1, 192, 8, 8])
merged size without overlap : 6 6 256
Merged: torch.Size([1, 256, 6, 6])
torch.Size([1, 1000])
Poll Time: 1.5522548390003976
Layer Times: [0.08231498400027704, 0.09420564399988507, 1.3757342110002355]
Store Push Time: 0.569057401999089
Store Pull Time: 1.5485126250018766
Merge Time: 0.0007852339999772084
Split Time: 0.00023010600034467643
Time: 4.557410078999965
