torch.Size([1, 3, 127, 127])
torch.Size([1, 3, 127, 127])
torch.Size([1, 3, 127, 127])
torch.Size([1, 3, 127, 127])
merged size without overlap : 14 14 192
Merged: torch.Size([1, 192, 14, 14])
torch.Size([1, 192, 8, 8])
torch.Size([1, 192, 8, 8])
torch.Size([1, 192, 8, 8])
torch.Size([1, 192, 8, 8])
merged size without overlap : 6 6 256
Merged: torch.Size([1, 256, 6, 6])
torch.Size([1, 1000])
Poll Time: 1.5534500110002227
Layer Times: [0.1139239379999708, 0.5300903000002108, 0.9094357730000411]
Store Push Time: 0.35127072299974316
Store Pull Time: 1.5511376070062397
Merge Time: 0.0008107039998321852
Split Time: 0.00022454600002674852
Time: 4.420882118000009
