torch.Size([1, 3, 127, 127])
torch.Size([1, 3, 127, 127])
torch.Size([1, 3, 127, 127])
torch.Size([1, 3, 127, 127])
merged size without overlap : 14 14 192
Merged: torch.Size([1, 192, 14, 14])
torch.Size([1, 192, 8, 8])
torch.Size([1, 192, 8, 8])
torch.Size([1, 192, 8, 8])
torch.Size([1, 192, 8, 8])
merged size without overlap : 6 6 256
Merged: torch.Size([1, 256, 6, 6])
torch.Size([1, 1000])
Poll Time: 1.0110681420001129
Layer Times: [0.11804844200014486, 0.09180272999992667, 0.8012169700000413]
Store Push Time: 0.47751387599919326
Store Pull Time: 1.0088464669970563
Merge Time: 0.0007887639999353269
Split Time: 0.0002477359998920292
Time: 4.292867800999829
