torch.Size([1, 3, 127, 127])
torch.Size([1, 3, 127, 127])
torch.Size([1, 3, 127, 127])
torch.Size([1, 3, 127, 127])
merged size without overlap : 14 14 192
Merged: torch.Size([1, 192, 14, 14])
torch.Size([1, 192, 8, 8])
torch.Size([1, 192, 8, 8])
torch.Size([1, 192, 8, 8])
torch.Size([1, 192, 8, 8])
merged size without overlap : 6 6 256
Merged: torch.Size([1, 256, 6, 6])
torch.Size([1, 1000])
Poll Time: 1.0968184420003126
Layer Times: [0.15431478200025595, 0.1063902330001838, 0.8361134269998729]
Store Push Time: 0.49730518600108553
Store Pull Time: 1.0949061979949875
Merge Time: 0.0010485140001037507
Split Time: 0.12887761100000716
Time: 4.701973386000191
