torch.Size([1, 3, 127, 127])
torch.Size([1, 3, 127, 127])
torch.Size([1, 3, 127, 127])
torch.Size([1, 3, 127, 127])
merged size without overlap : 14 14 192
Merged: torch.Size([1, 192, 14, 14])
torch.Size([1, 192, 8, 8])
torch.Size([1, 192, 8, 8])
torch.Size([1, 192, 8, 8])
torch.Size([1, 192, 8, 8])
merged size without overlap : 6 6 256
Merged: torch.Size([1, 256, 6, 6])
torch.Size([1, 1000])
Poll Time: 1.8094202569996014
Layer Times: [0.10211950899974909, 0.09231409399990298, 1.6149866539999493]
Store Push Time: 0.3566890940005578
Store Pull Time: 1.8060027899923625
Merge Time: 0.0008874830000422662
Split Time: 0.09627417699994112
Time: 4.713186342999961
