torch.Size([1, 3, 127, 127])
torch.Size([1, 3, 127, 127])
torch.Size([1, 3, 127, 127])
torch.Size([1, 3, 127, 127])
merged size without overlap : 14 14 192
Merged: torch.Size([1, 192, 14, 14])
torch.Size([1, 192, 8, 8])
torch.Size([1, 192, 8, 8])
torch.Size([1, 192, 8, 8])
torch.Size([1, 192, 8, 8])
merged size without overlap : 6 6 256
Merged: torch.Size([1, 256, 6, 6])
torch.Size([1, 1000])
Poll Time: 1.0795639210004992
Layer Times: [0.05788416400037022, 0.13886391799997, 0.882815839000159]
Store Push Time: 0.41762729100037177
Store Pull Time: 1.0772083029937676
Merge Time: 0.0008216809997065866
Split Time: 0.00023105599984774017
Time: 4.27130979399999
