torch.Size([1, 3, 127, 127])
torch.Size([1, 3, 127, 127])
torch.Size([1, 3, 127, 127])
torch.Size([1, 3, 127, 127])
merged size without overlap : 14 14 192
Merged: torch.Size([1, 192, 14, 14])
torch.Size([1, 192, 8, 8])
torch.Size([1, 192, 8, 8])
torch.Size([1, 192, 8, 8])
torch.Size([1, 192, 8, 8])
merged size without overlap : 6 6 256
Merged: torch.Size([1, 256, 6, 6])
torch.Size([1, 1000])
Poll Time: 0.9736489119995895
Layer Times: [0.1182260559999122, 0.10343144299986307, 0.7519914129998142]
Store Push Time: 0.47201706199984983
Store Pull Time: 0.9714550530034103
Merge Time: 0.0008494519997839234
Split Time: 0.0349492319996898
Time: 3.961761316999855
