torch.Size([1, 3, 127, 127])
torch.Size([1, 3, 127, 127])
torch.Size([1, 3, 127, 127])
torch.Size([1, 3, 127, 127])
merged size without overlap : 14 14 192
Merged: torch.Size([1, 192, 14, 14])
torch.Size([1, 192, 8, 8])
torch.Size([1, 192, 8, 8])
torch.Size([1, 192, 8, 8])
torch.Size([1, 192, 8, 8])
merged size without overlap : 6 6 256
Merged: torch.Size([1, 256, 6, 6])
torch.Size([1, 1000])
Poll Time: 0.9831453829997372
Layer Times: [0.1266719289997127, 0.08716617700019924, 0.7693072769998253]
Store Push Time: 0.5600975649999782
Store Pull Time: 0.981179943996267
Merge Time: 0.0007633910004187783
Split Time: 0.00023039500001686974
Time: 4.281611263999821
