torch.Size([1, 3, 127, 127])
torch.Size([1, 3, 127, 127])
torch.Size([1, 3, 127, 127])
torch.Size([1, 3, 127, 127])
merged size without overlap : 14 14 192
Merged: torch.Size([1, 192, 14, 14])
torch.Size([1, 192, 8, 8])
torch.Size([1, 192, 8, 8])
torch.Size([1, 192, 8, 8])
torch.Size([1, 192, 8, 8])
merged size without overlap : 6 6 256
Merged: torch.Size([1, 256, 6, 6])
torch.Size([1, 1000])
Poll Time: 2.1834814029998597
Layer Times: [0.08392864699999336, 0.13374715999998443, 1.965805595999882]
Store Push Time: 0.4761795699992035
Store Pull Time: 2.178859968003053
Merge Time: 0.0008309449999615026
Split Time: 0.00022860500030219555
Time: 5.107835489000081
