torch.Size([1, 3, 127, 127])
torch.Size([1, 3, 127, 127])
torch.Size([1, 3, 127, 127])
torch.Size([1, 3, 127, 127])
merged size without overlap : 14 14 192
Merged: torch.Size([1, 192, 14, 14])
torch.Size([1, 192, 8, 8])
torch.Size([1, 192, 8, 8])
torch.Size([1, 192, 8, 8])
torch.Size([1, 192, 8, 8])
merged size without overlap : 6 6 256
Merged: torch.Size([1, 256, 6, 6])
torch.Size([1, 1000])
Poll Time: 11.818816839999727
Layer Times: [0.2135364689997914, 10.814128783999877, 0.7911515870000585]
Store Push Time: 0.3844002269993325
Store Pull Time: 11.794767447987851
Merge Time: 0.0009577110004101996
Split Time: 0.00035363399956622743
Time: 14.60777896000036
