torch.Size([1, 3, 127, 127])
torch.Size([1, 3, 127, 127])
torch.Size([1, 3, 127, 127])
torch.Size([1, 3, 127, 127])
merged size without overlap : 14 14 192
Merged: torch.Size([1, 192, 14, 14])
torch.Size([1, 192, 8, 8])
torch.Size([1, 192, 8, 8])
torch.Size([1, 192, 8, 8])
torch.Size([1, 192, 8, 8])
merged size without overlap : 6 6 256
Merged: torch.Size([1, 256, 6, 6])
torch.Size([1, 1000])
Poll Time: 13.485203318000003
Layer Times: [0.1390013350001027, 0.1307483340001454, 13.215453648999755]
Store Push Time: 0.4631414279983801
Store Pull Time: 13.45255573600025
Merge Time: 0.0009550300001137657
Split Time: 0.00023553699975309428
Time: 16.442112542999894
