torch.Size([1, 3, 127, 127])
torch.Size([1, 3, 127, 127])
torch.Size([1, 3, 127, 127])
torch.Size([1, 3, 127, 127])
merged size without overlap : 14 14 192
Merged: torch.Size([1, 192, 14, 14])
torch.Size([1, 192, 8, 8])
torch.Size([1, 192, 8, 8])
torch.Size([1, 192, 8, 8])
torch.Size([1, 192, 8, 8])
merged size without overlap : 6 6 256
Merged: torch.Size([1, 256, 6, 6])
torch.Size([1, 1000])
Poll Time: 0.9102176349997535
Layer Times: [0.08747996500005684, 0.06123992899983932, 0.7614977409998573]
Store Push Time: 0.5212071709993324
Store Pull Time: 0.9081168289967536
Merge Time: 0.0007842969998819171
Split Time: 0.00023409000004903646
Time: 3.868618389999938
