torch.Size([1, 3, 127, 127])
torch.Size([1, 3, 127, 127])
torch.Size([1, 3, 127, 127])
torch.Size([1, 3, 127, 127])
merged size without overlap : 14 14 192
Merged: torch.Size([1, 192, 14, 14])
torch.Size([1, 192, 8, 8])
torch.Size([1, 192, 8, 8])
torch.Size([1, 192, 8, 8])
torch.Size([1, 192, 8, 8])
merged size without overlap : 6 6 256
Merged: torch.Size([1, 256, 6, 6])
torch.Size([1, 1000])
Poll Time: 1.371905558999515
Layer Times: [0.08557605999976658, 0.3073843219999617, 0.9789451769997868]
Store Push Time: 0.4097734360002505
Store Pull Time: 1.3698167339953216
Merge Time: 0.0010590980000415584
Split Time: 0.00022913399971002946
Time: 4.311550741999781
