torch.Size([1, 3, 127, 127])
torch.Size([1, 3, 127, 127])
torch.Size([1, 3, 127, 127])
torch.Size([1, 3, 127, 127])
merged size without overlap : 14 14 192
Merged: torch.Size([1, 192, 14, 14])
torch.Size([1, 192, 8, 8])
torch.Size([1, 192, 8, 8])
torch.Size([1, 192, 8, 8])
torch.Size([1, 192, 8, 8])
merged size without overlap : 6 6 256
Merged: torch.Size([1, 256, 6, 6])
torch.Size([1, 1000])
Poll Time: 1.175682620000316
Layer Times: [0.09777883300012036, 0.2924820190000901, 0.7854217680001057]
Store Push Time: 0.39429989800009935
Store Pull Time: 1.1734660640040602
Merge Time: 0.0008175289999599045
Split Time: 0.00023748999956296757
Time: 3.9167470600000343
