torch.Size([1, 3, 127, 127])
torch.Size([1, 3, 127, 127])
torch.Size([1, 3, 127, 127])
torch.Size([1, 3, 127, 127])
merged size without overlap : 14 14 192
Merged: torch.Size([1, 192, 14, 14])
torch.Size([1, 192, 8, 8])
torch.Size([1, 192, 8, 8])
torch.Size([1, 192, 8, 8])
torch.Size([1, 192, 8, 8])
merged size without overlap : 6 6 256
Merged: torch.Size([1, 256, 6, 6])
torch.Size([1, 1000])
Poll Time: 0.9990384910006469
Layer Times: [0.09926620900023408, 0.09449412100002519, 0.8052781610003876]
Store Push Time: 0.4311627409988432
Store Pull Time: 0.9969298750020243
Merge Time: 0.0008324030004587257
Split Time: 0.00023353999995379127
Time: 3.8923999009998624
