torch.Size([1, 3, 127, 127])
torch.Size([1, 3, 127, 127])
torch.Size([1, 3, 127, 127])
torch.Size([1, 3, 127, 127])
merged size without overlap : 14 14 192
Merged: torch.Size([1, 192, 14, 14])
torch.Size([1, 192, 8, 8])
torch.Size([1, 192, 8, 8])
torch.Size([1, 192, 8, 8])
torch.Size([1, 192, 8, 8])
merged size without overlap : 6 6 256
Merged: torch.Size([1, 256, 6, 6])
torch.Size([1, 1000])
Poll Time: 1.1717400860002272
Layer Times: [0.1325667300002351, 0.1013997830000335, 0.9377735729999586]
Store Push Time: 0.5895378169989272
Store Pull Time: 1.1599939719999384
Merge Time: 0.0012263780004104774
Split Time: 0.0003167949998896802
Time: 4.766599614999905
