torch.Size([1, 3, 127, 127])
torch.Size([1, 3, 127, 127])
torch.Size([1, 3, 127, 127])
torch.Size([1, 3, 127, 127])
merged size without overlap : 14 14 192
Merged: torch.Size([1, 192, 14, 14])
torch.Size([1, 192, 8, 8])
torch.Size([1, 192, 8, 8])
torch.Size([1, 192, 8, 8])
torch.Size([1, 192, 8, 8])
merged size without overlap : 6 6 256
Merged: torch.Size([1, 256, 6, 6])
torch.Size([1, 1000])
Poll Time: 1.1591309690002163
Layer Times: [0.10027839899976243, 0.11636370500036719, 0.9424888650000867]
Store Push Time: 0.5261313959999825
Store Pull Time: 1.1568061059965657
Merge Time: 0.0008190489998014527
Split Time: 0.00024064900026132818
Time: 3.785584973999903
