torch.Size([1, 3, 127, 127])
torch.Size([1, 3, 127, 127])
torch.Size([1, 3, 127, 127])
torch.Size([1, 3, 127, 127])
merged size without overlap : 14 14 192
Merged: torch.Size([1, 192, 14, 14])
torch.Size([1, 192, 8, 8])
torch.Size([1, 192, 8, 8])
torch.Size([1, 192, 8, 8])
torch.Size([1, 192, 8, 8])
merged size without overlap : 6 6 256
Merged: torch.Size([1, 256, 6, 6])
torch.Size([1, 1000])
Poll Time: 1.0092993619996378
Layer Times: [0.14469233499994516, 0.10490562999984832, 0.7597013969998443]
Store Push Time: 0.4159681350001847
Store Pull Time: 1.007230879992676
Merge Time: 0.02237661399976787
Split Time: 0.0002922740000030899
Time: 3.8966463930000828
