torch.Size([1, 3, 127, 127])
torch.Size([1, 3, 127, 127])
torch.Size([1, 3, 127, 127])
torch.Size([1, 3, 127, 127])
merged size without overlap : 14 14 192
Merged: torch.Size([1, 192, 14, 14])
torch.Size([1, 192, 8, 8])
torch.Size([1, 192, 8, 8])
torch.Size([1, 192, 8, 8])
torch.Size([1, 192, 8, 8])
merged size without overlap : 6 6 256
Merged: torch.Size([1, 256, 6, 6])
torch.Size([1, 1000])
Poll Time: 17.871892385999672
Layer Times: [0.11884586599990143, 0.14682024700005059, 17.60622627299972]
Store Push Time: 0.4209414770002695
Store Pull Time: 17.83533962100364
Merge Time: 0.0009205280002788641
Split Time: 0.00023190100000647362
Time: 21.009545036999953
