torch.Size([1, 3, 127, 127])
torch.Size([1, 3, 127, 127])
torch.Size([1, 3, 127, 127])
torch.Size([1, 3, 127, 127])
merged size without overlap : 14 14 192
Merged: torch.Size([1, 192, 14, 14])
torch.Size([1, 192, 8, 8])
torch.Size([1, 192, 8, 8])
torch.Size([1, 192, 8, 8])
torch.Size([1, 192, 8, 8])
merged size without overlap : 6 6 256
Merged: torch.Size([1, 256, 6, 6])
torch.Size([1, 1000])
Poll Time: 1.0416764669998884
Layer Times: [0.12182826799971735, 0.09380224599999565, 0.8260459530001754]
Store Push Time: 0.4328927090000434
Store Pull Time: 1.039660398995693
Merge Time: 0.0008602630005043466
Split Time: 0.0002310660001967335
Time: 3.8774380899999414
