torch.Size([1, 3, 127, 127])
torch.Size([1, 3, 127, 127])
torch.Size([1, 3, 127, 127])
torch.Size([1, 3, 127, 127])
merged size without overlap : 14 14 192
Merged: torch.Size([1, 192, 14, 14])
torch.Size([1, 192, 8, 8])
torch.Size([1, 192, 8, 8])
torch.Size([1, 192, 8, 8])
torch.Size([1, 192, 8, 8])
merged size without overlap : 6 6 256
Merged: torch.Size([1, 256, 6, 6])
torch.Size([1, 1000])
Poll Time: 0.9601619089999076
Layer Times: [0.09868383599996378, 0.07971308600008342, 0.7817649869998604]
Store Push Time: 0.39180127499912487
Store Pull Time: 0.9579896660020495
Merge Time: 0.0021505979998437397
Split Time: 0.00022987700003795908
Time: 4.109148388999984
