torch.Size([1, 3, 127, 127])
torch.Size([1, 3, 127, 127])
torch.Size([1, 3, 127, 127])
torch.Size([1, 3, 127, 127])
merged size without overlap : 14 14 192
Merged: torch.Size([1, 192, 14, 14])
torch.Size([1, 192, 8, 8])
torch.Size([1, 192, 8, 8])
torch.Size([1, 192, 8, 8])
torch.Size([1, 192, 8, 8])
merged size without overlap : 6 6 256
Merged: torch.Size([1, 256, 6, 6])
torch.Size([1, 1000])
Poll Time: 1.1821095400000559
Layer Times: [0.086874667000302, 0.12179834899961861, 0.9734365240001353]
Store Push Time: 0.30816476099971624
Store Pull Time: 1.173514519998207
Merge Time: 0.001191576999190147
Split Time: 0.06352896299995336
Time: 3.8750984870002867
