torch.Size([1, 3, 127, 127])
torch.Size([1, 3, 127, 127])
torch.Size([1, 3, 127, 127])
torch.Size([1, 3, 127, 127])
merged size without overlap : 14 14 192
Merged: torch.Size([1, 192, 14, 14])
torch.Size([1, 192, 8, 8])
torch.Size([1, 192, 8, 8])
torch.Size([1, 192, 8, 8])
torch.Size([1, 192, 8, 8])
merged size without overlap : 6 6 256
Merged: torch.Size([1, 256, 6, 6])
torch.Size([1, 1000])
Poll Time: 1.0808850450002865
Layer Times: [0.20032862999960344, 0.10872583000036684, 0.7718305850003162]
Store Push Time: 0.4256906330001584
Store Pull Time: 1.075189768992459
Merge Time: 0.000881951999872399
Split Time: 0.0002860989998225705
Time: 3.513601041000584
