torch.Size([1, 3, 127, 127])
torch.Size([1, 3, 127, 127])
torch.Size([1, 3, 127, 127])
torch.Size([1, 3, 127, 127])
merged size without overlap : 14 14 192
Merged: torch.Size([1, 192, 14, 14])
torch.Size([1, 192, 8, 8])
torch.Size([1, 192, 8, 8])
torch.Size([1, 192, 8, 8])
torch.Size([1, 192, 8, 8])
merged size without overlap : 6 6 256
Merged: torch.Size([1, 256, 6, 6])
torch.Size([1, 1000])
Poll Time: 1.005021652999858
Layer Times: [0.15352170999994996, 0.09376026799964166, 0.7577396750002663]
Store Push Time: 0.29429609999897366
Store Pull Time: 0.9960879160034892
Merge Time: 0.0009046309987752466
Split Time: 0.00025843999992503086
Time: 2.9239686189994245
