torch.Size([1, 3, 127, 127])
torch.Size([1, 3, 127, 127])
torch.Size([1, 3, 127, 127])
torch.Size([1, 3, 127, 127])
merged size without overlap : 14 14 192
Merged: torch.Size([1, 192, 14, 14])
torch.Size([1, 192, 8, 8])
torch.Size([1, 192, 8, 8])
torch.Size([1, 192, 8, 8])
torch.Size([1, 192, 8, 8])
merged size without overlap : 6 6 256
Merged: torch.Size([1, 256, 6, 6])
torch.Size([1, 1000])
Poll Time: 0.9586624449993906
Layer Times: [0.10431440799948177, 0.08213291599986405, 0.7722151210000447]
Store Push Time: 0.24850827700174705
Store Pull Time: 0.9504340579778727
Merge Time: 0.0008431039996139589
Split Time: 0.00021181000010983553
Time: 2.7841388800006825
