torch.Size([1, 3, 127, 127])
torch.Size([1, 3, 127, 127])
torch.Size([1, 3, 127, 127])
torch.Size([1, 3, 127, 127])
merged size without overlap : 14 14 192
Merged: torch.Size([1, 192, 14, 14])
torch.Size([1, 192, 8, 8])
torch.Size([1, 192, 8, 8])
torch.Size([1, 192, 8, 8])
torch.Size([1, 192, 8, 8])
merged size without overlap : 6 6 256
Merged: torch.Size([1, 256, 6, 6])
torch.Size([1, 1000])
Poll Time: 1.1969728620006208
Layer Times: [0.1366574470002888, 0.12212103199999547, 0.9381943830003365]
Store Push Time: 0.31745232499815756
Store Pull Time: 1.1945569200061072
Merge Time: 0.0009535959989079856
Split Time: 0.00021335000019462314
Time: 3.763061676999314
