torch.Size([1, 3, 127, 127])
torch.Size([1, 3, 127, 127])
torch.Size([1, 3, 127, 127])
torch.Size([1, 3, 127, 127])
merged size without overlap : 14 14 192
Merged: torch.Size([1, 192, 14, 14])
torch.Size([1, 192, 8, 8])
torch.Size([1, 192, 8, 8])
torch.Size([1, 192, 8, 8])
torch.Size([1, 192, 8, 8])
merged size without overlap : 6 6 256
Merged: torch.Size([1, 256, 6, 6])
torch.Size([1, 1000])
Poll Time: 1.87431848200049
Layer Times: [0.23894125900005747, 0.14464184300049965, 1.4907353799999328]
Store Push Time: 1.2895375129983222
Store Pull Time: 1.8493355849986983
Merge Time: 0.0007395760003419127
Split Time: 0.00020808300087082898
Time: 4.654886890999478
