torch.Size([1, 3, 127, 127])
torch.Size([1, 3, 127, 127])
torch.Size([1, 3, 127, 127])
torch.Size([1, 3, 127, 127])
merged size without overlap : 14 14 192
Merged: torch.Size([1, 192, 14, 14])
torch.Size([1, 192, 8, 8])
torch.Size([1, 192, 8, 8])
torch.Size([1, 192, 8, 8])
torch.Size([1, 192, 8, 8])
merged size without overlap : 6 6 256
Merged: torch.Size([1, 256, 6, 6])
torch.Size([1, 1000])
Poll Time: 1.1910903770003642
Layer Times: [0.08931061699968268, 0.11481177000041498, 0.9869679900002666]
Store Push Time: 0.26316752699949575
Store Pull Time: 1.1890880800001469
Merge Time: 0.0009142849994532298
Split Time: 0.00021198500053287717
Time: 3.768259960999785
