torch.Size([1, 3, 127, 127])
torch.Size([1, 3, 127, 127])
torch.Size([1, 3, 127, 127])
torch.Size([1, 3, 127, 127])
merged size without overlap : 14 14 192
Merged: torch.Size([1, 192, 14, 14])
torch.Size([1, 192, 8, 8])
torch.Size([1, 192, 8, 8])
torch.Size([1, 192, 8, 8])
torch.Size([1, 192, 8, 8])
merged size without overlap : 6 6 256
Merged: torch.Size([1, 256, 6, 6])
torch.Size([1, 1000])
Poll Time: 1.2110458739989554
Layer Times: [0.08594182999968325, 0.1712391450000723, 0.9538648989991998]
Store Push Time: 0.3033320009990348
Store Pull Time: 1.2016101879908092
Merge Time: 0.0007321260000026086
Split Time: 0.09699876600006974
Time: 3.53088889799983
