torch.Size([1, 3, 127, 127])
torch.Size([1, 3, 127, 127])
torch.Size([1, 3, 127, 127])
torch.Size([1, 3, 127, 127])
merged size without overlap : 14 14 192
Merged: torch.Size([1, 192, 14, 14])
torch.Size([1, 192, 8, 8])
torch.Size([1, 192, 8, 8])
torch.Size([1, 192, 8, 8])
torch.Size([1, 192, 8, 8])
merged size without overlap : 6 6 256
Merged: torch.Size([1, 256, 6, 6])
torch.Size([1, 1000])
Poll Time: 0.9720121010004732
Layer Times: [0.09549960599997576, 0.12543840800026373, 0.7510740870002337]
Store Push Time: 0.31457914199836523
Store Pull Time: 0.9699777539981369
Merge Time: 0.0007888360005381401
Split Time: 0.00021701599962398177
Time: 3.857308992000071
