torch.Size([1, 3, 127, 127])
torch.Size([1, 3, 127, 127])
torch.Size([1, 3, 127, 127])
torch.Size([1, 3, 127, 127])
merged size without overlap : 14 14 192
Merged: torch.Size([1, 192, 14, 14])
torch.Size([1, 192, 8, 8])
torch.Size([1, 192, 8, 8])
torch.Size([1, 192, 8, 8])
torch.Size([1, 192, 8, 8])
merged size without overlap : 6 6 256
Merged: torch.Size([1, 256, 6, 6])
torch.Size([1, 1000])
Poll Time: 0.9874905040005615
Layer Times: [0.07923234900044918, 0.12916755200058105, 0.7790906029995313]
Store Push Time: 0.3798146770004678
Store Pull Time: 0.9854637370081036
Merge Time: 0.000829867999527778
Split Time: 0.00021190800089243567
Time: 4.04261304099964
