torch.Size([1, 3, 127, 127])
torch.Size([1, 3, 127, 127])
torch.Size([1, 3, 127, 127])
torch.Size([1, 3, 127, 127])
merged size without overlap : 14 14 192
Merged: torch.Size([1, 192, 14, 14])
torch.Size([1, 192, 8, 8])
torch.Size([1, 192, 8, 8])
torch.Size([1, 192, 8, 8])
torch.Size([1, 192, 8, 8])
merged size without overlap : 6 6 256
Merged: torch.Size([1, 256, 6, 6])
torch.Size([1, 1000])
Poll Time: 1.0382778780003719
Layer Times: [0.1346867829997791, 0.09242299800007459, 0.8111680970005182]
Store Push Time: 0.5745638420003161
Store Pull Time: 1.0364422340162491
Merge Time: 0.0009627559993532486
Split Time: 0.00026347099992563017
Time: 4.069921647000228
