torch.Size([1, 3, 127, 127])
torch.Size([1, 3, 127, 127])
torch.Size([1, 3, 127, 127])
torch.Size([1, 3, 127, 127])
merged size without overlap : 14 14 192
Merged: torch.Size([1, 192, 14, 14])
torch.Size([1, 192, 8, 8])
torch.Size([1, 192, 8, 8])
torch.Size([1, 192, 8, 8])
torch.Size([1, 192, 8, 8])
merged size without overlap : 6 6 256
Merged: torch.Size([1, 256, 6, 6])
torch.Size([1, 1000])
Poll Time: 1.1579020049994142
Layer Times: [0.1313890880001054, 0.12300152999978309, 0.9035113869995257]
Store Push Time: 0.4690112660000523
Store Pull Time: 1.1557617059925178
Merge Time: 0.0007685010004934156
Split Time: 0.00021466700036398834
Time: 4.279621662999489
