torch.Size([1, 3, 127, 127])
torch.Size([1, 3, 127, 127])
torch.Size([1, 3, 127, 127])
torch.Size([1, 3, 127, 127])
merged size without overlap : 14 14 192
Merged: torch.Size([1, 192, 14, 14])
torch.Size([1, 192, 8, 8])
torch.Size([1, 192, 8, 8])
torch.Size([1, 192, 8, 8])
torch.Size([1, 192, 8, 8])
merged size without overlap : 6 6 256
Merged: torch.Size([1, 256, 6, 6])
torch.Size([1, 1000])
Poll Time: 1.0442767810000078
Layer Times: [0.07378042199979973, 0.08814385700043204, 0.882352501999776]
Store Push Time: 0.34900759699939954
Store Pull Time: 1.042549291000796
Merge Time: 0.0008088360000328976
Split Time: 0.00022651600011158735
Time: 4.020622111999728
