torch.Size([1, 3, 127, 127])
torch.Size([1, 3, 127, 127])
torch.Size([1, 3, 127, 127])
torch.Size([1, 3, 127, 127])
merged size without overlap : 14 14 192
Merged: torch.Size([1, 192, 14, 14])
torch.Size([1, 192, 8, 8])
torch.Size([1, 192, 8, 8])
torch.Size([1, 192, 8, 8])
torch.Size([1, 192, 8, 8])
merged size without overlap : 6 6 256
Merged: torch.Size([1, 256, 6, 6])
torch.Size([1, 1000])
Poll Time: 1.564852872999836
Layer Times: [0.7108073819999845, 0.08854763300041668, 0.7654978579994349]
Store Push Time: 0.3636371920010788
Store Pull Time: 1.5624557290166194
Merge Time: 0.0007470520004062564
Split Time: 0.00021799199930683244
Time: 4.715162440000313
