torch.Size([1, 3, 127, 127])
torch.Size([1, 3, 127, 127])
torch.Size([1, 3, 127, 127])
torch.Size([1, 3, 127, 127])
merged size without overlap : 14 14 192
Merged: torch.Size([1, 192, 14, 14])
torch.Size([1, 192, 8, 8])
torch.Size([1, 192, 8, 8])
torch.Size([1, 192, 8, 8])
torch.Size([1, 192, 8, 8])
merged size without overlap : 6 6 256
Merged: torch.Size([1, 256, 6, 6])
torch.Size([1, 1000])
Poll Time: 1.06173988700084
Layer Times: [0.10402844400050526, 0.17956927999966865, 0.7781421630006662]
Store Push Time: 0.5116445119992932
Store Pull Time: 1.0601146809904094
Merge Time: 0.000781194999035506
Split Time: 0.00022296900078799808
Time: 4.154208110000582
