torch.Size([1, 3, 127, 127])
torch.Size([1, 3, 127, 127])
torch.Size([1, 3, 127, 127])
torch.Size([1, 3, 127, 127])
merged size without overlap : 14 14 192
Merged: torch.Size([1, 192, 14, 14])
torch.Size([1, 192, 8, 8])
torch.Size([1, 192, 8, 8])
torch.Size([1, 192, 8, 8])
torch.Size([1, 192, 8, 8])
merged size without overlap : 6 6 256
Merged: torch.Size([1, 256, 6, 6])
torch.Size([1, 1000])
Poll Time: 1.0669485119997262
Layer Times: [0.16302992199962318, 0.1014886339999066, 0.8024299560001964]
Store Push Time: 0.37954377599908184
Store Pull Time: 1.0654599380013678
Merge Time: 0.000814423000520037
Split Time: 0.00022330800129566342
Time: 4.141382828000133
