torch.Size([1, 3, 127, 127])
torch.Size([1, 3, 127, 127])
torch.Size([1, 3, 127, 127])
torch.Size([1, 3, 127, 127])
merged size without overlap : 14 14 192
Merged: torch.Size([1, 192, 14, 14])
torch.Size([1, 192, 8, 8])
torch.Size([1, 192, 8, 8])
torch.Size([1, 192, 8, 8])
torch.Size([1, 192, 8, 8])
merged size without overlap : 6 6 256
Merged: torch.Size([1, 256, 6, 6])
torch.Size([1, 1000])
Poll Time: 1.0364218120002988
Layer Times: [0.1164639549997446, 0.149789924000288, 0.7701679330002662]
Store Push Time: 0.30056096099815477
Store Pull Time: 1.0318324299751112
Merge Time: 0.0007454469987351331
Split Time: 0.00022438799987867242
Time: 3.119791057999464
