torch.Size([1, 3, 127, 127])
torch.Size([1, 3, 127, 127])
torch.Size([1, 3, 127, 127])
torch.Size([1, 3, 127, 127])
merged size without overlap : 14 14 192
Merged: torch.Size([1, 192, 14, 14])
torch.Size([1, 192, 8, 8])
torch.Size([1, 192, 8, 8])
torch.Size([1, 192, 8, 8])
torch.Size([1, 192, 8, 8])
merged size without overlap : 6 6 256
Merged: torch.Size([1, 256, 6, 6])
torch.Size([1, 1000])
Poll Time: 3.064789330998792
Layer Times: [0.09135074699952384, 0.13119781899968075, 2.8422407649995876]
Store Push Time: 0.38113563600018097
Store Pull Time: 3.058557943007145
Merge Time: 0.0007635569991180091
Split Time: 0.00022289399930741638
Time: 6.127042482000434
