torch.Size([1, 3, 127, 127])
torch.Size([1, 3, 127, 127])
torch.Size([1, 3, 127, 127])
torch.Size([1, 3, 127, 127])
merged size without overlap : 14 14 192
Merged: torch.Size([1, 192, 14, 14])
torch.Size([1, 192, 8, 8])
torch.Size([1, 192, 8, 8])
torch.Size([1, 192, 8, 8])
torch.Size([1, 192, 8, 8])
merged size without overlap : 6 6 256
Merged: torch.Size([1, 256, 6, 6])
Waiting for key data/img_4124
Rerunning data/img_4124...
Waiting for key data/img_4124
Rerunning data/img_4124...
Waiting for key data/img_4124
Rerunning data/img_4124...
Waiting for key data/img_4124
Rerunning data/img_4124...
torch.Size([1, 1000])
Poll Time: 70.95648570000048
Layer Times: [0.1713799770004698, 0.1073448039996947, 70.67776091900032]
Store Push Time: 0.4951107180004328
Store Pull Time: 70.02868481389305
Merge Time: 0.0008986010006992728
Split Time: 0.00021910299983574077
Time: 74.33730401399953
