torch.Size([1, 3, 127, 127])
torch.Size([1, 3, 127, 127])
torch.Size([1, 3, 127, 127])
torch.Size([1, 3, 127, 127])
merged size without overlap : 14 14 192
Merged: torch.Size([1, 192, 14, 14])
torch.Size([1, 192, 8, 8])
torch.Size([1, 192, 8, 8])
torch.Size([1, 192, 8, 8])
torch.Size([1, 192, 8, 8])
merged size without overlap : 6 6 256
Merged: torch.Size([1, 256, 6, 6])
torch.Size([1, 1000])
Poll Time: 1.1541314459991554
Layer Times: [0.10941112099953898, 0.1395607390004443, 0.9051595859991721]
Store Push Time: 0.3957239449991903
Store Pull Time: 1.1515743600130008
Merge Time: 0.0007820509999874048
Split Time: 0.00021985000057611614
Time: 4.205248277000464
