torch.Size([1, 3, 127, 127])
torch.Size([1, 3, 127, 127])
torch.Size([1, 3, 127, 127])
torch.Size([1, 3, 127, 127])
merged size without overlap : 14 14 192
Merged: torch.Size([1, 192, 14, 14])
torch.Size([1, 192, 8, 8])
torch.Size([1, 192, 8, 8])
torch.Size([1, 192, 8, 8])
torch.Size([1, 192, 8, 8])
merged size without overlap : 6 6 256
Merged: torch.Size([1, 256, 6, 6])
torch.Size([1, 1000])
Poll Time: 0.9581339979995391
Layer Times: [0.09067310599948541, 0.08459325100011483, 0.7828676409999389]
Store Push Time: 0.3601667240000097
Store Pull Time: 0.956688761985788
Merge Time: 0.0007937340005810256
Split Time: 0.00022354200064000906
Time: 4.173442915999658
