torch.Size([1, 3, 127, 127])
torch.Size([1, 3, 127, 127])
torch.Size([1, 3, 127, 127])
torch.Size([1, 3, 127, 127])
merged size without overlap : 14 14 192
Merged: torch.Size([1, 192, 14, 14])
torch.Size([1, 192, 8, 8])
torch.Size([1, 192, 8, 8])
torch.Size([1, 192, 8, 8])
torch.Size([1, 192, 8, 8])
merged size without overlap : 6 6 256
Merged: torch.Size([1, 256, 6, 6])
torch.Size([1, 1000])
Poll Time: 0.983094926999911
Layer Times: [0.09924140900056955, 0.07706358199993701, 0.8067899359994044]
Store Push Time: 0.31976518599913106
Store Pull Time: 0.9815793350016975
Merge Time: 0.0007769220010231948
Split Time: 0.00027620299897535006
Time: 3.9263072489993647
