torch.Size([1, 3, 127, 127])
torch.Size([1, 3, 127, 127])
torch.Size([1, 3, 127, 127])
torch.Size([1, 3, 127, 127])
merged size without overlap : 14 14 192
Merged: torch.Size([1, 192, 14, 14])
torch.Size([1, 192, 8, 8])
torch.Size([1, 192, 8, 8])
torch.Size([1, 192, 8, 8])
torch.Size([1, 192, 8, 8])
merged size without overlap : 6 6 256
Merged: torch.Size([1, 256, 6, 6])
torch.Size([1, 1000])
Poll Time: 0.9845981569997093
Layer Times: [0.12075880399970629, 0.09576371300045139, 0.7680756399995516]
Store Push Time: 0.4238264980003805
Store Pull Time: 0.9826084840087788
Merge Time: 0.0007639719997314387
Split Time: 0.0002131100000042352
Time: 3.963952443999915
