torch.Size([1, 3, 127, 127])
torch.Size([1, 3, 127, 127])
torch.Size([1, 3, 127, 127])
torch.Size([1, 3, 127, 127])
merged size without overlap : 14 14 192
Merged: torch.Size([1, 192, 14, 14])
torch.Size([1, 192, 8, 8])
torch.Size([1, 192, 8, 8])
torch.Size([1, 192, 8, 8])
torch.Size([1, 192, 8, 8])
merged size without overlap : 6 6 256
Merged: torch.Size([1, 256, 6, 6])
torch.Size([1, 1000])
Poll Time: 1.002754764999736
Layer Times: [0.11174925299928873, 0.12148146400068072, 0.7695240479997665]
Store Push Time: 0.41752187199926993
Store Pull Time: 1.0012170560112281
Merge Time: 0.0008041390001380933
Split Time: 0.00022432399964600336
Time: 3.9913085500002126
