torch.Size([1, 3, 127, 127])
torch.Size([1, 3, 127, 127])
torch.Size([1, 3, 127, 127])
torch.Size([1, 3, 127, 127])
merged size without overlap : 14 14 192
Merged: torch.Size([1, 192, 14, 14])
torch.Size([1, 192, 8, 8])
torch.Size([1, 192, 8, 8])
torch.Size([1, 192, 8, 8])
torch.Size([1, 192, 8, 8])
merged size without overlap : 6 6 256
Merged: torch.Size([1, 256, 6, 6])
torch.Size([1, 1000])
Poll Time: 1.635774539000522
Layer Times: [0.10214294600064022, 0.10024212499956775, 1.433389468000314]
Store Push Time: 0.37856581899904995
Store Pull Time: 1.632269687023836
Merge Time: 0.0007482059991161805
Split Time: 0.00022104500021669082
Time: 4.759147849999863
