torch.Size([1, 3, 127, 127])
torch.Size([1, 3, 127, 127])
torch.Size([1, 3, 127, 127])
torch.Size([1, 3, 127, 127])
merged size without overlap : 14 14 192
Merged: torch.Size([1, 192, 14, 14])
torch.Size([1, 192, 8, 8])
torch.Size([1, 192, 8, 8])
torch.Size([1, 192, 8, 8])
torch.Size([1, 192, 8, 8])
merged size without overlap : 6 6 256
Merged: torch.Size([1, 256, 6, 6])
torch.Size([1, 1000])
Poll Time: 0.9643843999992896
Layer Times: [0.1100137649991666, 0.08227999100017769, 0.7720906439999453]
Store Push Time: 0.33170669299943256
Store Pull Time: 0.962459004998891
Merge Time: 0.0007571679998363834
Split Time: 0.00022683599945594324
Time: 4.09521651400064
