torch.Size([1, 3, 127, 127])
torch.Size([1, 3, 127, 127])
torch.Size([1, 3, 127, 127])
torch.Size([1, 3, 127, 127])
merged size without overlap : 14 14 192
Merged: torch.Size([1, 192, 14, 14])
torch.Size([1, 192, 8, 8])
torch.Size([1, 192, 8, 8])
torch.Size([1, 192, 8, 8])
torch.Size([1, 192, 8, 8])
merged size without overlap : 6 6 256
Merged: torch.Size([1, 256, 6, 6])
torch.Size([1, 1000])
Poll Time: 1.2382283060005648
Layer Times: [0.20109637000041403, 0.11158494200026325, 0.9255469939998875]
Store Push Time: 0.3726488040001641
Store Pull Time: 1.236461312989377
Merge Time: 0.0007454979995600297
Split Time: 0.00021715200000471668
Time: 3.926028202999987
