torch.Size([1, 3, 127, 127])
torch.Size([1, 3, 127, 127])
torch.Size([1, 3, 127, 127])
torch.Size([1, 3, 127, 127])
merged size without overlap : 14 14 192
Merged: torch.Size([1, 192, 14, 14])
torch.Size([1, 192, 8, 8])
torch.Size([1, 192, 8, 8])
torch.Size([1, 192, 8, 8])
torch.Size([1, 192, 8, 8])
merged size without overlap : 6 6 256
Merged: torch.Size([1, 256, 6, 6])
torch.Size([1, 1000])
Poll Time: 1.0634451810001337
Layer Times: [0.13864134899995406, 0.1447046009998303, 0.7800992310003494]
Store Push Time: 0.31364966799992544
Store Pull Time: 1.0616919849917394
Merge Time: 0.0008479849993818789
Split Time: 0.0002524639994589961
Time: 4.039059212000211
