torch.Size([1, 3, 127, 127])
torch.Size([1, 3, 127, 127])
torch.Size([1, 3, 127, 127])
torch.Size([1, 3, 127, 127])
merged size without overlap : 14 14 192
Merged: torch.Size([1, 192, 14, 14])
torch.Size([1, 192, 8, 8])
torch.Size([1, 192, 8, 8])
torch.Size([1, 192, 8, 8])
torch.Size([1, 192, 8, 8])
merged size without overlap : 6 6 256
Merged: torch.Size([1, 256, 6, 6])
torch.Size([1, 1000])
Poll Time: 1.06581972100048
Layer Times: [0.07165853900005459, 0.16516525800034287, 0.8289959240000826]
Store Push Time: 0.3772348439988491
Store Pull Time: 1.0634129080008279
Merge Time: 0.0007549310003014398
Split Time: 0.11237962900031562
Time: 4.402084612999715
