torch.Size([1, 3, 127, 127])
torch.Size([1, 3, 127, 127])
torch.Size([1, 3, 127, 127])
torch.Size([1, 3, 127, 127])
merged size without overlap : 14 14 192
Merged: torch.Size([1, 192, 14, 14])
torch.Size([1, 192, 8, 8])
torch.Size([1, 192, 8, 8])
torch.Size([1, 192, 8, 8])
torch.Size([1, 192, 8, 8])
merged size without overlap : 6 6 256
Merged: torch.Size([1, 256, 6, 6])
torch.Size([1, 1000])
Poll Time: 0.9705109779997656
Layer Times: [0.08115135500065662, 0.09696856099981233, 0.7923910619992967]
Store Push Time: 0.27406322300157626
Store Pull Time: 0.9690656829898217
Merge Time: 0.0008366810006918968
Split Time: 0.0002487520005161059
Time: 3.4807158439998602
