torch.Size([1, 3, 127, 127])
torch.Size([1, 3, 127, 127])
torch.Size([1, 3, 127, 127])
torch.Size([1, 3, 127, 127])
merged size without overlap : 14 14 192
Merged: torch.Size([1, 192, 14, 14])
torch.Size([1, 192, 8, 8])
torch.Size([1, 192, 8, 8])
torch.Size([1, 192, 8, 8])
torch.Size([1, 192, 8, 8])
merged size without overlap : 6 6 256
Merged: torch.Size([1, 256, 6, 6])
Waiting for key data/img_4734
Rerunning data/img_4734...
Waiting for key data/img_4734
Rerunning data/img_4734...
Waiting for key data/img_4734
Rerunning data/img_4734...
Waiting for key data/img_4734
Rerunning data/img_4734...
Waiting for key data/img_4734
Rerunning data/img_4734...
Waiting for key data/img_4734
Rerunning data/img_4734...
Waiting for key data/img_4734
Rerunning data/img_4734...
torch.Size([1, 1000])
Poll Time: 73.20127677400069
Layer Times: [0.050706867999906535, 0.1699234140005501, 72.98064649200023]
Store Push Time: 0.49921194599846785
Store Pull Time: 72.00809524993838
Merge Time: 0.000791993999882834
Split Time: 0.0002219180005340604
Time: 76.12804764499924
