torch.Size([1, 3, 127, 127])
torch.Size([1, 3, 127, 127])
torch.Size([1, 3, 127, 127])
torch.Size([1, 3, 127, 127])
merged size without overlap : 14 14 192
Merged: torch.Size([1, 192, 14, 14])
torch.Size([1, 192, 8, 8])
torch.Size([1, 192, 8, 8])
torch.Size([1, 192, 8, 8])
torch.Size([1, 192, 8, 8])
merged size without overlap : 6 6 256
Merged: torch.Size([1, 256, 6, 6])
torch.Size([1, 1000])
Poll Time: 0.9770926349992806
Layer Times: [0.1021552120000706, 0.11153623099926335, 0.7634011919999466]
Store Push Time: 0.3379597479997756
Store Pull Time: 0.9727283379870642
Merge Time: 0.0007807740003045183
Split Time: 0.00022027400063961977
Time: 3.6413090450005257
