torch.Size([1, 3, 127, 127])
torch.Size([1, 3, 127, 127])
torch.Size([1, 3, 127, 127])
torch.Size([1, 3, 127, 127])
merged size without overlap : 14 14 192
Merged: torch.Size([1, 192, 14, 14])
torch.Size([1, 192, 8, 8])
torch.Size([1, 192, 8, 8])
torch.Size([1, 192, 8, 8])
torch.Size([1, 192, 8, 8])
merged size without overlap : 6 6 256
Merged: torch.Size([1, 256, 6, 6])
torch.Size([1, 1000])
Poll Time: 1.035742392999964
Layer Times: [0.15803078499993717, 0.13080543300020508, 0.7469061749998218]
Store Push Time: 0.4339070530013487
Store Pull Time: 1.0341230299964081
Merge Time: 0.0007863619994168403
Split Time: 0.00022088399964559358
Time: 4.423087691000546
