torch.Size([1, 3, 127, 127])
torch.Size([1, 3, 127, 127])
torch.Size([1, 3, 127, 127])
torch.Size([1, 3, 127, 127])
merged size without overlap : 14 14 192
Merged: torch.Size([1, 192, 14, 14])
torch.Size([1, 192, 8, 8])
torch.Size([1, 192, 8, 8])
torch.Size([1, 192, 8, 8])
torch.Size([1, 192, 8, 8])
merged size without overlap : 6 6 256
Merged: torch.Size([1, 256, 6, 6])
torch.Size([1, 1000])
Poll Time: 1.6065422359988588
Layer Times: [0.08141637900007481, 0.11934347099941078, 1.4057823859993732]
Store Push Time: 0.5039517620007246
Store Pull Time: 1.6037163069913731
Merge Time: 0.0007594150001750677
Split Time: 0.00022141299996292219
Time: 4.571123984000224
