torch.Size([1, 3, 127, 127])
torch.Size([1, 3, 127, 127])
torch.Size([1, 3, 127, 127])
torch.Size([1, 3, 127, 127])
merged size without overlap : 14 14 192
Merged: torch.Size([1, 192, 14, 14])
torch.Size([1, 192, 8, 8])
torch.Size([1, 192, 8, 8])
torch.Size([1, 192, 8, 8])
torch.Size([1, 192, 8, 8])
merged size without overlap : 6 6 256
Merged: torch.Size([1, 256, 6, 6])
torch.Size([1, 1000])
Poll Time: 1.0392662200001723
Layer Times: [0.10667051800010086, 0.1301033070003541, 0.8024923949997174]
Store Push Time: 0.3213390459995935
Store Pull Time: 1.0372775389887465
Merge Time: 0.013396104999628733
Split Time: 0.00022454199915955542
Time: 4.172387548000188
