torch.Size([1, 3, 127, 127])
torch.Size([1, 3, 127, 127])
torch.Size([1, 3, 127, 127])
torch.Size([1, 3, 127, 127])
merged size without overlap : 14 14 192
Merged: torch.Size([1, 192, 14, 14])
torch.Size([1, 192, 8, 8])
torch.Size([1, 192, 8, 8])
torch.Size([1, 192, 8, 8])
torch.Size([1, 192, 8, 8])
merged size without overlap : 6 6 256
Merged: torch.Size([1, 256, 6, 6])
torch.Size([1, 1000])
Poll Time: 0.9946125779997601
Layer Times: [0.11167031900004076, 0.1242758970001887, 0.7586663619995306]
Store Push Time: 0.4183067410003787
Store Pull Time: 0.9921441379892713
Merge Time: 0.0007655519993932103
Split Time: 0.00023872299971117172
Time: 4.255702726999516
