torch.Size([1, 3, 127, 127])
torch.Size([1, 3, 127, 127])
torch.Size([1, 3, 127, 127])
torch.Size([1, 3, 127, 127])
merged size without overlap : 14 14 192
Merged: torch.Size([1, 192, 14, 14])
torch.Size([1, 192, 8, 8])
torch.Size([1, 192, 8, 8])
torch.Size([1, 192, 8, 8])
torch.Size([1, 192, 8, 8])
merged size without overlap : 6 6 256
Merged: torch.Size([1, 256, 6, 6])
torch.Size([1, 1000])
Poll Time: 1.1540937740001027
Layer Times: [0.08878743900004338, 0.08706130599966855, 0.9782450290003908]
Store Push Time: 0.3874807709989909
Store Pull Time: 1.1519018229964786
Merge Time: 0.037387045999821567
Split Time: 0.00030848699952912284
Time: 4.337705462000486
