torch.Size([1, 3, 127, 127])
torch.Size([1, 3, 127, 127])
torch.Size([1, 3, 127, 127])
torch.Size([1, 3, 127, 127])
merged size without overlap : 14 14 192
Merged: torch.Size([1, 192, 14, 14])
torch.Size([1, 192, 8, 8])
torch.Size([1, 192, 8, 8])
torch.Size([1, 192, 8, 8])
torch.Size([1, 192, 8, 8])
merged size without overlap : 6 6 256
Merged: torch.Size([1, 256, 6, 6])
torch.Size([1, 1000])
Poll Time: 1.0252985179995449
Layer Times: [0.13733762900028523, 0.09775977099980082, 0.7902011179994588]
Store Push Time: 0.3878806489992712
Store Pull Time: 1.023788126008185
Merge Time: 0.0007949760001793038
Split Time: 0.0002403270000286284
Time: 4.064504584000133
