torch.Size([1, 3, 127, 127])
torch.Size([1, 3, 127, 127])
torch.Size([1, 3, 127, 127])
torch.Size([1, 3, 127, 127])
merged size without overlap : 14 14 192
Merged: torch.Size([1, 192, 14, 14])
torch.Size([1, 192, 8, 8])
torch.Size([1, 192, 8, 8])
torch.Size([1, 192, 8, 8])
torch.Size([1, 192, 8, 8])
merged size without overlap : 6 6 256
Merged: torch.Size([1, 256, 6, 6])
torch.Size([1, 1000])
Poll Time: 0.9899604980000731
Layer Times: [0.1695826949999173, 0.07569314500051405, 0.7446846579996418]
Store Push Time: 0.45620493599926704
Store Pull Time: 0.9883168710011887
Merge Time: 0.0007447479993061279
Split Time: 0.00021315600042726146
Time: 4.183974128000045
