torch.Size([1, 3, 127, 127])
torch.Size([1, 3, 127, 127])
torch.Size([1, 3, 127, 127])
torch.Size([1, 3, 127, 127])
merged size without overlap : 14 14 192
Merged: torch.Size([1, 192, 14, 14])
torch.Size([1, 192, 8, 8])
torch.Size([1, 192, 8, 8])
torch.Size([1, 192, 8, 8])
torch.Size([1, 192, 8, 8])
merged size without overlap : 6 6 256
Merged: torch.Size([1, 256, 6, 6])
torch.Size([1, 1000])
Poll Time: 1.3012091759992472
Layer Times: [0.27751246799925866, 0.16421273200012365, 0.8594839759998649]
Store Push Time: 0.33860214699961944
Store Pull Time: 1.2991070510024656
Merge Time: 0.0007876799991208827
Split Time: 0.00023446299928764347
Time: 4.272713889999977
