torch.Size([1, 3, 127, 127])
torch.Size([1, 3, 127, 127])
torch.Size([1, 3, 127, 127])
torch.Size([1, 3, 127, 127])
merged size without overlap : 14 14 192
Merged: torch.Size([1, 192, 14, 14])
torch.Size([1, 192, 8, 8])
torch.Size([1, 192, 8, 8])
torch.Size([1, 192, 8, 8])
torch.Size([1, 192, 8, 8])
merged size without overlap : 6 6 256
Merged: torch.Size([1, 256, 6, 6])
torch.Size([1, 1000])
Poll Time: 0.9645399129994985
Layer Times: [0.1136967590000495, 0.13719092199971783, 0.7136522319997312]
Store Push Time: 0.3838987190001717
Store Pull Time: 0.9630531579987291
Merge Time: 0.0008921480002754834
Split Time: 0.00020814700019400334
Time: 3.9511027279995687
