torch.Size([1, 3, 127, 127])
torch.Size([1, 3, 127, 127])
torch.Size([1, 3, 127, 127])
torch.Size([1, 3, 127, 127])
merged size without overlap : 14 14 192
Merged: torch.Size([1, 192, 14, 14])
torch.Size([1, 192, 8, 8])
torch.Size([1, 192, 8, 8])
torch.Size([1, 192, 8, 8])
torch.Size([1, 192, 8, 8])
merged size without overlap : 6 6 256
Merged: torch.Size([1, 256, 6, 6])
torch.Size([1, 1000])
Poll Time: 2.1835588600006304
Layer Times: [0.15383815600034723, 0.16411079200042877, 1.8656099119998544]
Store Push Time: 0.34645853800066106
Store Pull Time: 2.180072788016332
Merge Time: 0.0009243360000255052
Split Time: 0.0002553669992266805
Time: 4.978227063000304
