torch.Size([1, 3, 127, 127])
torch.Size([1, 3, 127, 127])
torch.Size([1, 3, 127, 127])
torch.Size([1, 3, 127, 127])
merged size without overlap : 14 14 192
Merged: torch.Size([1, 192, 14, 14])
torch.Size([1, 192, 8, 8])
torch.Size([1, 192, 8, 8])
torch.Size([1, 192, 8, 8])
torch.Size([1, 192, 8, 8])
merged size without overlap : 6 6 256
Merged: torch.Size([1, 256, 6, 6])
torch.Size([1, 1000])
Poll Time: 1.1542506430005233
Layer Times: [0.10650232900025003, 0.09426484899995557, 0.9534834650003177]
Store Push Time: 0.363699233999796
Store Pull Time: 1.1518630079917784
Merge Time: 0.0008141259995682049
Split Time: 0.00022346900004777126
Time: 4.3790697619997445
