torch.Size([1, 3, 127, 127])
torch.Size([1, 3, 127, 127])
torch.Size([1, 3, 127, 127])
torch.Size([1, 3, 127, 127])
merged size without overlap : 14 14 192
Merged: torch.Size([1, 192, 14, 14])
torch.Size([1, 192, 8, 8])
torch.Size([1, 192, 8, 8])
torch.Size([1, 192, 8, 8])
torch.Size([1, 192, 8, 8])
merged size without overlap : 6 6 256
Merged: torch.Size([1, 256, 6, 6])
torch.Size([1, 1000])
Poll Time: 1.023076970999682
Layer Times: [0.14430973100024858, 0.11037285199927283, 0.7683943880001607]
Store Push Time: 0.7115356460008115
Store Pull Time: 1.0213259410038518
Merge Time: 0.0010848330002772855
Split Time: 0.00023236400011228397
Time: 4.437886233000427
